[2024-05-01T12:28:16.331+0000] {processor.py:161} INFO - Started process (PID=72) to work on /home/airflow/.local/lib/python3.12/site-packages/airflow/example_dags/example_skip_dag.py
[2024-05-01T12:28:16.334+0000] {processor.py:830} INFO - Processing file /home/airflow/.local/lib/python3.12/site-packages/airflow/example_dags/example_skip_dag.py for tasks to queue
[2024-05-01T12:28:16.342+0000] {logging_mixin.py:188} INFO - [2024-05-01T12:28:16.341+0000] {dagbag.py:540} INFO - Filling up the DagBag from /home/airflow/.local/lib/python3.12/site-packages/airflow/example_dags/example_skip_dag.py
[2024-05-01T12:28:16.368+0000] {processor.py:840} INFO - DAG(s) 'example_skip_dag' retrieved from /home/airflow/.local/lib/python3.12/site-packages/airflow/example_dags/example_skip_dag.py
[2024-05-01T12:28:16.399+0000] {logging_mixin.py:188} INFO - [2024-05-01T12:28:16.398+0000] {dag.py:3096} INFO - Sync 1 DAGs
[2024-05-01T12:28:16.451+0000] {logging_mixin.py:188} INFO - [2024-05-01T12:28:16.451+0000] {dag.py:3954} INFO - Setting next_dagrun for example_skip_dag to 2024-04-30 00:00:00+00:00, run_after=2024-05-01 00:00:00+00:00
[2024-05-01T12:28:16.486+0000] {processor.py:183} INFO - Processing /home/airflow/.local/lib/python3.12/site-packages/airflow/example_dags/example_skip_dag.py took 0.163 seconds
[2024-05-01T12:28:46.797+0000] {processor.py:161} INFO - Started process (PID=130) to work on /home/airflow/.local/lib/python3.12/site-packages/airflow/example_dags/example_skip_dag.py
[2024-05-01T12:28:46.799+0000] {processor.py:830} INFO - Processing file /home/airflow/.local/lib/python3.12/site-packages/airflow/example_dags/example_skip_dag.py for tasks to queue
[2024-05-01T12:28:46.801+0000] {logging_mixin.py:188} INFO - [2024-05-01T12:28:46.801+0000] {dagbag.py:540} INFO - Filling up the DagBag from /home/airflow/.local/lib/python3.12/site-packages/airflow/example_dags/example_skip_dag.py
[2024-05-01T12:28:46.808+0000] {processor.py:840} INFO - DAG(s) 'example_skip_dag' retrieved from /home/airflow/.local/lib/python3.12/site-packages/airflow/example_dags/example_skip_dag.py
[2024-05-01T12:28:46.920+0000] {logging_mixin.py:188} INFO - [2024-05-01T12:28:46.920+0000] {dag.py:3096} INFO - Sync 1 DAGs
[2024-05-01T12:28:46.947+0000] {logging_mixin.py:188} INFO - [2024-05-01T12:28:46.947+0000] {dag.py:3954} INFO - Setting next_dagrun for example_skip_dag to 2024-04-30 00:00:00+00:00, run_after=2024-05-01 00:00:00+00:00
[2024-05-01T12:28:46.966+0000] {processor.py:183} INFO - Processing /home/airflow/.local/lib/python3.12/site-packages/airflow/example_dags/example_skip_dag.py took 0.175 seconds
[2024-05-01T12:29:17.525+0000] {processor.py:161} INFO - Started process (PID=188) to work on /home/airflow/.local/lib/python3.12/site-packages/airflow/example_dags/example_skip_dag.py
[2024-05-01T12:29:17.526+0000] {processor.py:830} INFO - Processing file /home/airflow/.local/lib/python3.12/site-packages/airflow/example_dags/example_skip_dag.py for tasks to queue
[2024-05-01T12:29:17.528+0000] {logging_mixin.py:188} INFO - [2024-05-01T12:29:17.528+0000] {dagbag.py:540} INFO - Filling up the DagBag from /home/airflow/.local/lib/python3.12/site-packages/airflow/example_dags/example_skip_dag.py
[2024-05-01T12:29:17.536+0000] {processor.py:840} INFO - DAG(s) 'example_skip_dag' retrieved from /home/airflow/.local/lib/python3.12/site-packages/airflow/example_dags/example_skip_dag.py
[2024-05-01T12:29:17.560+0000] {logging_mixin.py:188} INFO - [2024-05-01T12:29:17.559+0000] {dag.py:3096} INFO - Sync 1 DAGs
[2024-05-01T12:29:17.592+0000] {logging_mixin.py:188} INFO - [2024-05-01T12:29:17.591+0000] {dag.py:3954} INFO - Setting next_dagrun for example_skip_dag to 2024-04-30 00:00:00+00:00, run_after=2024-05-01 00:00:00+00:00
[2024-05-01T12:29:17.623+0000] {processor.py:183} INFO - Processing /home/airflow/.local/lib/python3.12/site-packages/airflow/example_dags/example_skip_dag.py took 0.104 seconds
[2024-05-01T12:29:48.114+0000] {processor.py:161} INFO - Started process (PID=246) to work on /home/airflow/.local/lib/python3.12/site-packages/airflow/example_dags/example_skip_dag.py
[2024-05-01T12:29:48.119+0000] {processor.py:830} INFO - Processing file /home/airflow/.local/lib/python3.12/site-packages/airflow/example_dags/example_skip_dag.py for tasks to queue
[2024-05-01T12:29:48.123+0000] {logging_mixin.py:188} INFO - [2024-05-01T12:29:48.122+0000] {dagbag.py:540} INFO - Filling up the DagBag from /home/airflow/.local/lib/python3.12/site-packages/airflow/example_dags/example_skip_dag.py
[2024-05-01T12:29:48.135+0000] {processor.py:840} INFO - DAG(s) 'example_skip_dag' retrieved from /home/airflow/.local/lib/python3.12/site-packages/airflow/example_dags/example_skip_dag.py
[2024-05-01T12:29:48.170+0000] {logging_mixin.py:188} INFO - [2024-05-01T12:29:48.170+0000] {dag.py:3096} INFO - Sync 1 DAGs
[2024-05-01T12:29:48.267+0000] {logging_mixin.py:188} INFO - [2024-05-01T12:29:48.266+0000] {dag.py:3954} INFO - Setting next_dagrun for example_skip_dag to 2024-04-30 00:00:00+00:00, run_after=2024-05-01 00:00:00+00:00
[2024-05-01T12:29:48.310+0000] {processor.py:183} INFO - Processing /home/airflow/.local/lib/python3.12/site-packages/airflow/example_dags/example_skip_dag.py took 0.205 seconds
[2024-05-01T12:30:18.353+0000] {processor.py:161} INFO - Started process (PID=304) to work on /home/airflow/.local/lib/python3.12/site-packages/airflow/example_dags/example_skip_dag.py
[2024-05-01T12:30:18.357+0000] {processor.py:830} INFO - Processing file /home/airflow/.local/lib/python3.12/site-packages/airflow/example_dags/example_skip_dag.py for tasks to queue
[2024-05-01T12:30:18.360+0000] {logging_mixin.py:188} INFO - [2024-05-01T12:30:18.359+0000] {dagbag.py:540} INFO - Filling up the DagBag from /home/airflow/.local/lib/python3.12/site-packages/airflow/example_dags/example_skip_dag.py
[2024-05-01T12:30:18.368+0000] {processor.py:840} INFO - DAG(s) 'example_skip_dag' retrieved from /home/airflow/.local/lib/python3.12/site-packages/airflow/example_dags/example_skip_dag.py
[2024-05-01T12:30:18.394+0000] {logging_mixin.py:188} INFO - [2024-05-01T12:30:18.394+0000] {dag.py:3096} INFO - Sync 1 DAGs
[2024-05-01T12:30:18.422+0000] {logging_mixin.py:188} INFO - [2024-05-01T12:30:18.422+0000] {dag.py:3954} INFO - Setting next_dagrun for example_skip_dag to 2024-04-30 00:00:00+00:00, run_after=2024-05-01 00:00:00+00:00
[2024-05-01T12:30:18.443+0000] {processor.py:183} INFO - Processing /home/airflow/.local/lib/python3.12/site-packages/airflow/example_dags/example_skip_dag.py took 0.097 seconds
[2024-05-01T12:30:48.756+0000] {processor.py:161} INFO - Started process (PID=362) to work on /home/airflow/.local/lib/python3.12/site-packages/airflow/example_dags/example_skip_dag.py
[2024-05-01T12:30:48.757+0000] {processor.py:830} INFO - Processing file /home/airflow/.local/lib/python3.12/site-packages/airflow/example_dags/example_skip_dag.py for tasks to queue
[2024-05-01T12:30:48.759+0000] {logging_mixin.py:188} INFO - [2024-05-01T12:30:48.759+0000] {dagbag.py:540} INFO - Filling up the DagBag from /home/airflow/.local/lib/python3.12/site-packages/airflow/example_dags/example_skip_dag.py
[2024-05-01T12:30:48.766+0000] {processor.py:840} INFO - DAG(s) 'example_skip_dag' retrieved from /home/airflow/.local/lib/python3.12/site-packages/airflow/example_dags/example_skip_dag.py
[2024-05-01T12:30:48.788+0000] {logging_mixin.py:188} INFO - [2024-05-01T12:30:48.788+0000] {dag.py:3096} INFO - Sync 1 DAGs
[2024-05-01T12:30:48.813+0000] {logging_mixin.py:188} INFO - [2024-05-01T12:30:48.813+0000] {dag.py:3954} INFO - Setting next_dagrun for example_skip_dag to 2024-04-30 00:00:00+00:00, run_after=2024-05-01 00:00:00+00:00
[2024-05-01T12:30:48.833+0000] {processor.py:183} INFO - Processing /home/airflow/.local/lib/python3.12/site-packages/airflow/example_dags/example_skip_dag.py took 0.083 seconds
[2024-05-01T12:31:19.229+0000] {processor.py:161} INFO - Started process (PID=420) to work on /home/airflow/.local/lib/python3.12/site-packages/airflow/example_dags/example_skip_dag.py
[2024-05-01T12:31:19.230+0000] {processor.py:830} INFO - Processing file /home/airflow/.local/lib/python3.12/site-packages/airflow/example_dags/example_skip_dag.py for tasks to queue
[2024-05-01T12:31:19.233+0000] {logging_mixin.py:188} INFO - [2024-05-01T12:31:19.232+0000] {dagbag.py:540} INFO - Filling up the DagBag from /home/airflow/.local/lib/python3.12/site-packages/airflow/example_dags/example_skip_dag.py
[2024-05-01T12:31:19.240+0000] {processor.py:840} INFO - DAG(s) 'example_skip_dag' retrieved from /home/airflow/.local/lib/python3.12/site-packages/airflow/example_dags/example_skip_dag.py
[2024-05-01T12:31:19.262+0000] {logging_mixin.py:188} INFO - [2024-05-01T12:31:19.262+0000] {dag.py:3096} INFO - Sync 1 DAGs
[2024-05-01T12:31:19.287+0000] {logging_mixin.py:188} INFO - [2024-05-01T12:31:19.287+0000] {dag.py:3954} INFO - Setting next_dagrun for example_skip_dag to 2024-04-30 00:00:00+00:00, run_after=2024-05-01 00:00:00+00:00
[2024-05-01T12:31:19.305+0000] {processor.py:183} INFO - Processing /home/airflow/.local/lib/python3.12/site-packages/airflow/example_dags/example_skip_dag.py took 0.083 seconds
[2024-05-01T12:31:50.079+0000] {processor.py:161} INFO - Started process (PID=478) to work on /home/airflow/.local/lib/python3.12/site-packages/airflow/example_dags/example_skip_dag.py
[2024-05-01T12:31:50.080+0000] {processor.py:830} INFO - Processing file /home/airflow/.local/lib/python3.12/site-packages/airflow/example_dags/example_skip_dag.py for tasks to queue
[2024-05-01T12:31:50.082+0000] {logging_mixin.py:188} INFO - [2024-05-01T12:31:50.082+0000] {dagbag.py:540} INFO - Filling up the DagBag from /home/airflow/.local/lib/python3.12/site-packages/airflow/example_dags/example_skip_dag.py
[2024-05-01T12:31:50.089+0000] {processor.py:840} INFO - DAG(s) 'example_skip_dag' retrieved from /home/airflow/.local/lib/python3.12/site-packages/airflow/example_dags/example_skip_dag.py
[2024-05-01T12:31:50.112+0000] {logging_mixin.py:188} INFO - [2024-05-01T12:31:50.112+0000] {dag.py:3096} INFO - Sync 1 DAGs
[2024-05-01T12:31:50.136+0000] {logging_mixin.py:188} INFO - [2024-05-01T12:31:50.135+0000] {dag.py:3954} INFO - Setting next_dagrun for example_skip_dag to 2024-04-30 00:00:00+00:00, run_after=2024-05-01 00:00:00+00:00
[2024-05-01T12:31:50.154+0000] {processor.py:183} INFO - Processing /home/airflow/.local/lib/python3.12/site-packages/airflow/example_dags/example_skip_dag.py took 0.082 seconds
[2024-05-01T12:32:20.333+0000] {processor.py:161} INFO - Started process (PID=536) to work on /home/airflow/.local/lib/python3.12/site-packages/airflow/example_dags/example_skip_dag.py
[2024-05-01T12:32:20.335+0000] {processor.py:830} INFO - Processing file /home/airflow/.local/lib/python3.12/site-packages/airflow/example_dags/example_skip_dag.py for tasks to queue
[2024-05-01T12:32:20.337+0000] {logging_mixin.py:188} INFO - [2024-05-01T12:32:20.336+0000] {dagbag.py:540} INFO - Filling up the DagBag from /home/airflow/.local/lib/python3.12/site-packages/airflow/example_dags/example_skip_dag.py
[2024-05-01T12:32:20.344+0000] {processor.py:840} INFO - DAG(s) 'example_skip_dag' retrieved from /home/airflow/.local/lib/python3.12/site-packages/airflow/example_dags/example_skip_dag.py
[2024-05-01T12:32:20.366+0000] {logging_mixin.py:188} INFO - [2024-05-01T12:32:20.366+0000] {dag.py:3096} INFO - Sync 1 DAGs
[2024-05-01T12:32:20.390+0000] {logging_mixin.py:188} INFO - [2024-05-01T12:32:20.390+0000] {dag.py:3954} INFO - Setting next_dagrun for example_skip_dag to 2024-04-30 00:00:00+00:00, run_after=2024-05-01 00:00:00+00:00
[2024-05-01T12:32:20.408+0000] {processor.py:183} INFO - Processing /home/airflow/.local/lib/python3.12/site-packages/airflow/example_dags/example_skip_dag.py took 0.081 seconds
[2024-05-01T12:32:50.835+0000] {processor.py:161} INFO - Started process (PID=594) to work on /home/airflow/.local/lib/python3.12/site-packages/airflow/example_dags/example_skip_dag.py
[2024-05-01T12:32:50.837+0000] {processor.py:830} INFO - Processing file /home/airflow/.local/lib/python3.12/site-packages/airflow/example_dags/example_skip_dag.py for tasks to queue
[2024-05-01T12:32:50.839+0000] {logging_mixin.py:188} INFO - [2024-05-01T12:32:50.839+0000] {dagbag.py:540} INFO - Filling up the DagBag from /home/airflow/.local/lib/python3.12/site-packages/airflow/example_dags/example_skip_dag.py
[2024-05-01T12:32:50.847+0000] {processor.py:840} INFO - DAG(s) 'example_skip_dag' retrieved from /home/airflow/.local/lib/python3.12/site-packages/airflow/example_dags/example_skip_dag.py
[2024-05-01T12:32:50.869+0000] {logging_mixin.py:188} INFO - [2024-05-01T12:32:50.869+0000] {dag.py:3096} INFO - Sync 1 DAGs
[2024-05-01T12:32:50.894+0000] {logging_mixin.py:188} INFO - [2024-05-01T12:32:50.894+0000] {dag.py:3954} INFO - Setting next_dagrun for example_skip_dag to 2024-04-30 00:00:00+00:00, run_after=2024-05-01 00:00:00+00:00
[2024-05-01T12:32:50.913+0000] {processor.py:183} INFO - Processing /home/airflow/.local/lib/python3.12/site-packages/airflow/example_dags/example_skip_dag.py took 0.084 seconds
[2024-05-01T12:33:21.539+0000] {processor.py:161} INFO - Started process (PID=652) to work on /home/airflow/.local/lib/python3.12/site-packages/airflow/example_dags/example_skip_dag.py
[2024-05-01T12:33:21.540+0000] {processor.py:830} INFO - Processing file /home/airflow/.local/lib/python3.12/site-packages/airflow/example_dags/example_skip_dag.py for tasks to queue
[2024-05-01T12:33:21.543+0000] {logging_mixin.py:188} INFO - [2024-05-01T12:33:21.542+0000] {dagbag.py:540} INFO - Filling up the DagBag from /home/airflow/.local/lib/python3.12/site-packages/airflow/example_dags/example_skip_dag.py
[2024-05-01T12:33:21.550+0000] {processor.py:840} INFO - DAG(s) 'example_skip_dag' retrieved from /home/airflow/.local/lib/python3.12/site-packages/airflow/example_dags/example_skip_dag.py
[2024-05-01T12:33:21.572+0000] {logging_mixin.py:188} INFO - [2024-05-01T12:33:21.572+0000] {dag.py:3096} INFO - Sync 1 DAGs
[2024-05-01T12:33:21.596+0000] {logging_mixin.py:188} INFO - [2024-05-01T12:33:21.596+0000] {dag.py:3954} INFO - Setting next_dagrun for example_skip_dag to 2024-04-30 00:00:00+00:00, run_after=2024-05-01 00:00:00+00:00
[2024-05-01T12:33:21.614+0000] {processor.py:183} INFO - Processing /home/airflow/.local/lib/python3.12/site-packages/airflow/example_dags/example_skip_dag.py took 0.082 seconds
[2024-05-01T12:33:51.809+0000] {processor.py:161} INFO - Started process (PID=710) to work on /home/airflow/.local/lib/python3.12/site-packages/airflow/example_dags/example_skip_dag.py
[2024-05-01T12:33:51.810+0000] {processor.py:830} INFO - Processing file /home/airflow/.local/lib/python3.12/site-packages/airflow/example_dags/example_skip_dag.py for tasks to queue
[2024-05-01T12:33:51.812+0000] {logging_mixin.py:188} INFO - [2024-05-01T12:33:51.812+0000] {dagbag.py:540} INFO - Filling up the DagBag from /home/airflow/.local/lib/python3.12/site-packages/airflow/example_dags/example_skip_dag.py
[2024-05-01T12:33:51.820+0000] {processor.py:840} INFO - DAG(s) 'example_skip_dag' retrieved from /home/airflow/.local/lib/python3.12/site-packages/airflow/example_dags/example_skip_dag.py
[2024-05-01T12:33:51.842+0000] {logging_mixin.py:188} INFO - [2024-05-01T12:33:51.842+0000] {dag.py:3096} INFO - Sync 1 DAGs
[2024-05-01T12:33:51.866+0000] {logging_mixin.py:188} INFO - [2024-05-01T12:33:51.866+0000] {dag.py:3954} INFO - Setting next_dagrun for example_skip_dag to 2024-04-30 00:00:00+00:00, run_after=2024-05-01 00:00:00+00:00
[2024-05-01T12:33:51.886+0000] {processor.py:183} INFO - Processing /home/airflow/.local/lib/python3.12/site-packages/airflow/example_dags/example_skip_dag.py took 0.083 seconds
[2024-05-01T12:34:22.808+0000] {processor.py:161} INFO - Started process (PID=768) to work on /home/airflow/.local/lib/python3.12/site-packages/airflow/example_dags/example_skip_dag.py
[2024-05-01T12:34:22.809+0000] {processor.py:830} INFO - Processing file /home/airflow/.local/lib/python3.12/site-packages/airflow/example_dags/example_skip_dag.py for tasks to queue
[2024-05-01T12:34:22.811+0000] {logging_mixin.py:188} INFO - [2024-05-01T12:34:22.811+0000] {dagbag.py:540} INFO - Filling up the DagBag from /home/airflow/.local/lib/python3.12/site-packages/airflow/example_dags/example_skip_dag.py
[2024-05-01T12:34:22.818+0000] {processor.py:840} INFO - DAG(s) 'example_skip_dag' retrieved from /home/airflow/.local/lib/python3.12/site-packages/airflow/example_dags/example_skip_dag.py
[2024-05-01T12:34:22.841+0000] {logging_mixin.py:188} INFO - [2024-05-01T12:34:22.841+0000] {dag.py:3096} INFO - Sync 1 DAGs
[2024-05-01T12:34:22.865+0000] {logging_mixin.py:188} INFO - [2024-05-01T12:34:22.864+0000] {dag.py:3954} INFO - Setting next_dagrun for example_skip_dag to 2024-04-30 00:00:00+00:00, run_after=2024-05-01 00:00:00+00:00
[2024-05-01T12:34:22.882+0000] {processor.py:183} INFO - Processing /home/airflow/.local/lib/python3.12/site-packages/airflow/example_dags/example_skip_dag.py took 0.081 seconds
[2024-05-01T12:34:53.023+0000] {processor.py:161} INFO - Started process (PID=826) to work on /home/airflow/.local/lib/python3.12/site-packages/airflow/example_dags/example_skip_dag.py
[2024-05-01T12:34:53.025+0000] {processor.py:830} INFO - Processing file /home/airflow/.local/lib/python3.12/site-packages/airflow/example_dags/example_skip_dag.py for tasks to queue
[2024-05-01T12:34:53.027+0000] {logging_mixin.py:188} INFO - [2024-05-01T12:34:53.027+0000] {dagbag.py:540} INFO - Filling up the DagBag from /home/airflow/.local/lib/python3.12/site-packages/airflow/example_dags/example_skip_dag.py
[2024-05-01T12:34:53.035+0000] {processor.py:840} INFO - DAG(s) 'example_skip_dag' retrieved from /home/airflow/.local/lib/python3.12/site-packages/airflow/example_dags/example_skip_dag.py
[2024-05-01T12:34:53.057+0000] {logging_mixin.py:188} INFO - [2024-05-01T12:34:53.057+0000] {dag.py:3096} INFO - Sync 1 DAGs
[2024-05-01T12:34:53.080+0000] {logging_mixin.py:188} INFO - [2024-05-01T12:34:53.080+0000] {dag.py:3954} INFO - Setting next_dagrun for example_skip_dag to 2024-04-30 00:00:00+00:00, run_after=2024-05-01 00:00:00+00:00
[2024-05-01T12:34:53.099+0000] {processor.py:183} INFO - Processing /home/airflow/.local/lib/python3.12/site-packages/airflow/example_dags/example_skip_dag.py took 0.082 seconds
[2024-05-01T12:35:24.483+0000] {processor.py:161} INFO - Started process (PID=884) to work on /home/airflow/.local/lib/python3.12/site-packages/airflow/example_dags/example_skip_dag.py
[2024-05-01T12:35:24.484+0000] {processor.py:830} INFO - Processing file /home/airflow/.local/lib/python3.12/site-packages/airflow/example_dags/example_skip_dag.py for tasks to queue
[2024-05-01T12:35:24.487+0000] {logging_mixin.py:188} INFO - [2024-05-01T12:35:24.486+0000] {dagbag.py:540} INFO - Filling up the DagBag from /home/airflow/.local/lib/python3.12/site-packages/airflow/example_dags/example_skip_dag.py
[2024-05-01T12:35:24.494+0000] {processor.py:840} INFO - DAG(s) 'example_skip_dag' retrieved from /home/airflow/.local/lib/python3.12/site-packages/airflow/example_dags/example_skip_dag.py
[2024-05-01T12:35:24.519+0000] {logging_mixin.py:188} INFO - [2024-05-01T12:35:24.519+0000] {dag.py:3096} INFO - Sync 1 DAGs
[2024-05-01T12:35:24.687+0000] {logging_mixin.py:188} INFO - [2024-05-01T12:35:24.687+0000] {dag.py:3954} INFO - Setting next_dagrun for example_skip_dag to 2024-04-30 00:00:00+00:00, run_after=2024-05-01 00:00:00+00:00
[2024-05-01T12:35:24.708+0000] {processor.py:183} INFO - Processing /home/airflow/.local/lib/python3.12/site-packages/airflow/example_dags/example_skip_dag.py took 0.232 seconds
[2024-05-01T12:35:56.023+0000] {processor.py:161} INFO - Started process (PID=948) to work on /home/airflow/.local/lib/python3.12/site-packages/airflow/example_dags/example_skip_dag.py
[2024-05-01T12:35:56.025+0000] {processor.py:830} INFO - Processing file /home/airflow/.local/lib/python3.12/site-packages/airflow/example_dags/example_skip_dag.py for tasks to queue
[2024-05-01T12:35:56.028+0000] {logging_mixin.py:188} INFO - [2024-05-01T12:35:56.027+0000] {dagbag.py:540} INFO - Filling up the DagBag from /home/airflow/.local/lib/python3.12/site-packages/airflow/example_dags/example_skip_dag.py
[2024-05-01T12:35:56.038+0000] {processor.py:840} INFO - DAG(s) 'example_skip_dag' retrieved from /home/airflow/.local/lib/python3.12/site-packages/airflow/example_dags/example_skip_dag.py
[2024-05-01T12:35:56.070+0000] {logging_mixin.py:188} INFO - [2024-05-01T12:35:56.069+0000] {dag.py:3096} INFO - Sync 1 DAGs
[2024-05-01T12:35:56.254+0000] {logging_mixin.py:188} INFO - [2024-05-01T12:35:56.254+0000] {dag.py:3954} INFO - Setting next_dagrun for example_skip_dag to 2024-04-30 00:00:00+00:00, run_after=2024-05-01 00:00:00+00:00
[2024-05-01T12:35:56.278+0000] {processor.py:183} INFO - Processing /home/airflow/.local/lib/python3.12/site-packages/airflow/example_dags/example_skip_dag.py took 0.263 seconds
[2024-05-01T12:36:26.348+0000] {processor.py:161} INFO - Started process (PID=1006) to work on /home/airflow/.local/lib/python3.12/site-packages/airflow/example_dags/example_skip_dag.py
[2024-05-01T12:36:26.351+0000] {processor.py:830} INFO - Processing file /home/airflow/.local/lib/python3.12/site-packages/airflow/example_dags/example_skip_dag.py for tasks to queue
[2024-05-01T12:36:26.353+0000] {logging_mixin.py:188} INFO - [2024-05-01T12:36:26.353+0000] {dagbag.py:540} INFO - Filling up the DagBag from /home/airflow/.local/lib/python3.12/site-packages/airflow/example_dags/example_skip_dag.py
[2024-05-01T12:36:26.362+0000] {processor.py:840} INFO - DAG(s) 'example_skip_dag' retrieved from /home/airflow/.local/lib/python3.12/site-packages/airflow/example_dags/example_skip_dag.py
[2024-05-01T12:36:26.390+0000] {logging_mixin.py:188} INFO - [2024-05-01T12:36:26.390+0000] {dag.py:3096} INFO - Sync 1 DAGs
[2024-05-01T12:36:26.420+0000] {logging_mixin.py:188} INFO - [2024-05-01T12:36:26.420+0000] {dag.py:3954} INFO - Setting next_dagrun for example_skip_dag to 2024-04-30 00:00:00+00:00, run_after=2024-05-01 00:00:00+00:00
[2024-05-01T12:36:26.580+0000] {processor.py:183} INFO - Processing /home/airflow/.local/lib/python3.12/site-packages/airflow/example_dags/example_skip_dag.py took 0.239 seconds
[2024-05-01T12:36:56.956+0000] {processor.py:161} INFO - Started process (PID=1064) to work on /home/airflow/.local/lib/python3.12/site-packages/airflow/example_dags/example_skip_dag.py
[2024-05-01T12:36:56.957+0000] {processor.py:830} INFO - Processing file /home/airflow/.local/lib/python3.12/site-packages/airflow/example_dags/example_skip_dag.py for tasks to queue
[2024-05-01T12:36:56.960+0000] {logging_mixin.py:188} INFO - [2024-05-01T12:36:56.959+0000] {dagbag.py:540} INFO - Filling up the DagBag from /home/airflow/.local/lib/python3.12/site-packages/airflow/example_dags/example_skip_dag.py
[2024-05-01T12:36:56.967+0000] {processor.py:840} INFO - DAG(s) 'example_skip_dag' retrieved from /home/airflow/.local/lib/python3.12/site-packages/airflow/example_dags/example_skip_dag.py
[2024-05-01T12:36:56.989+0000] {logging_mixin.py:188} INFO - [2024-05-01T12:36:56.989+0000] {dag.py:3096} INFO - Sync 1 DAGs
[2024-05-01T12:36:57.014+0000] {logging_mixin.py:188} INFO - [2024-05-01T12:36:57.014+0000] {dag.py:3954} INFO - Setting next_dagrun for example_skip_dag to 2024-04-30 00:00:00+00:00, run_after=2024-05-01 00:00:00+00:00
[2024-05-01T12:36:57.032+0000] {processor.py:183} INFO - Processing /home/airflow/.local/lib/python3.12/site-packages/airflow/example_dags/example_skip_dag.py took 0.082 seconds
[2024-05-01T12:37:27.301+0000] {processor.py:161} INFO - Started process (PID=1122) to work on /home/airflow/.local/lib/python3.12/site-packages/airflow/example_dags/example_skip_dag.py
[2024-05-01T12:37:27.302+0000] {processor.py:830} INFO - Processing file /home/airflow/.local/lib/python3.12/site-packages/airflow/example_dags/example_skip_dag.py for tasks to queue
[2024-05-01T12:37:27.304+0000] {logging_mixin.py:188} INFO - [2024-05-01T12:37:27.304+0000] {dagbag.py:540} INFO - Filling up the DagBag from /home/airflow/.local/lib/python3.12/site-packages/airflow/example_dags/example_skip_dag.py
[2024-05-01T12:37:27.312+0000] {processor.py:840} INFO - DAG(s) 'example_skip_dag' retrieved from /home/airflow/.local/lib/python3.12/site-packages/airflow/example_dags/example_skip_dag.py
[2024-05-01T12:37:27.333+0000] {logging_mixin.py:188} INFO - [2024-05-01T12:37:27.333+0000] {dag.py:3096} INFO - Sync 1 DAGs
[2024-05-01T12:37:27.358+0000] {logging_mixin.py:188} INFO - [2024-05-01T12:37:27.357+0000] {dag.py:3954} INFO - Setting next_dagrun for example_skip_dag to 2024-04-30 00:00:00+00:00, run_after=2024-05-01 00:00:00+00:00
[2024-05-01T12:37:27.378+0000] {processor.py:183} INFO - Processing /home/airflow/.local/lib/python3.12/site-packages/airflow/example_dags/example_skip_dag.py took 0.084 seconds
[2024-05-01T12:37:58.130+0000] {processor.py:161} INFO - Started process (PID=1180) to work on /home/airflow/.local/lib/python3.12/site-packages/airflow/example_dags/example_skip_dag.py
[2024-05-01T12:37:58.133+0000] {processor.py:830} INFO - Processing file /home/airflow/.local/lib/python3.12/site-packages/airflow/example_dags/example_skip_dag.py for tasks to queue
[2024-05-01T12:37:58.135+0000] {logging_mixin.py:188} INFO - [2024-05-01T12:37:58.135+0000] {dagbag.py:540} INFO - Filling up the DagBag from /home/airflow/.local/lib/python3.12/site-packages/airflow/example_dags/example_skip_dag.py
[2024-05-01T12:37:58.143+0000] {processor.py:840} INFO - DAG(s) 'example_skip_dag' retrieved from /home/airflow/.local/lib/python3.12/site-packages/airflow/example_dags/example_skip_dag.py
[2024-05-01T12:37:58.166+0000] {logging_mixin.py:188} INFO - [2024-05-01T12:37:58.166+0000] {dag.py:3096} INFO - Sync 1 DAGs
[2024-05-01T12:37:58.191+0000] {logging_mixin.py:188} INFO - [2024-05-01T12:37:58.191+0000] {dag.py:3954} INFO - Setting next_dagrun for example_skip_dag to 2024-04-30 00:00:00+00:00, run_after=2024-05-01 00:00:00+00:00
[2024-05-01T12:37:58.209+0000] {processor.py:183} INFO - Processing /home/airflow/.local/lib/python3.12/site-packages/airflow/example_dags/example_skip_dag.py took 0.087 seconds
[2024-05-01T12:38:28.289+0000] {processor.py:161} INFO - Started process (PID=1238) to work on /home/airflow/.local/lib/python3.12/site-packages/airflow/example_dags/example_skip_dag.py
[2024-05-01T12:38:28.291+0000] {processor.py:830} INFO - Processing file /home/airflow/.local/lib/python3.12/site-packages/airflow/example_dags/example_skip_dag.py for tasks to queue
[2024-05-01T12:38:28.294+0000] {logging_mixin.py:188} INFO - [2024-05-01T12:38:28.293+0000] {dagbag.py:540} INFO - Filling up the DagBag from /home/airflow/.local/lib/python3.12/site-packages/airflow/example_dags/example_skip_dag.py
[2024-05-01T12:38:28.301+0000] {processor.py:840} INFO - DAG(s) 'example_skip_dag' retrieved from /home/airflow/.local/lib/python3.12/site-packages/airflow/example_dags/example_skip_dag.py
[2024-05-01T12:38:28.323+0000] {logging_mixin.py:188} INFO - [2024-05-01T12:38:28.323+0000] {dag.py:3096} INFO - Sync 1 DAGs
[2024-05-01T12:38:28.348+0000] {logging_mixin.py:188} INFO - [2024-05-01T12:38:28.348+0000] {dag.py:3954} INFO - Setting next_dagrun for example_skip_dag to 2024-04-30 00:00:00+00:00, run_after=2024-05-01 00:00:00+00:00
[2024-05-01T12:38:28.368+0000] {processor.py:183} INFO - Processing /home/airflow/.local/lib/python3.12/site-packages/airflow/example_dags/example_skip_dag.py took 0.085 seconds
[2024-05-01T12:38:58.896+0000] {processor.py:161} INFO - Started process (PID=1296) to work on /home/airflow/.local/lib/python3.12/site-packages/airflow/example_dags/example_skip_dag.py
[2024-05-01T12:38:58.898+0000] {processor.py:830} INFO - Processing file /home/airflow/.local/lib/python3.12/site-packages/airflow/example_dags/example_skip_dag.py for tasks to queue
[2024-05-01T12:38:58.901+0000] {logging_mixin.py:188} INFO - [2024-05-01T12:38:58.900+0000] {dagbag.py:540} INFO - Filling up the DagBag from /home/airflow/.local/lib/python3.12/site-packages/airflow/example_dags/example_skip_dag.py
[2024-05-01T12:38:58.908+0000] {processor.py:840} INFO - DAG(s) 'example_skip_dag' retrieved from /home/airflow/.local/lib/python3.12/site-packages/airflow/example_dags/example_skip_dag.py
[2024-05-01T12:38:58.931+0000] {logging_mixin.py:188} INFO - [2024-05-01T12:38:58.931+0000] {dag.py:3096} INFO - Sync 1 DAGs
[2024-05-01T12:38:58.957+0000] {logging_mixin.py:188} INFO - [2024-05-01T12:38:58.956+0000] {dag.py:3954} INFO - Setting next_dagrun for example_skip_dag to 2024-04-30 00:00:00+00:00, run_after=2024-05-01 00:00:00+00:00
[2024-05-01T12:38:58.983+0000] {processor.py:183} INFO - Processing /home/airflow/.local/lib/python3.12/site-packages/airflow/example_dags/example_skip_dag.py took 0.094 seconds
[2024-05-01T12:39:29.502+0000] {processor.py:161} INFO - Started process (PID=1353) to work on /home/airflow/.local/lib/python3.12/site-packages/airflow/example_dags/example_skip_dag.py
[2024-05-01T12:39:29.504+0000] {processor.py:830} INFO - Processing file /home/airflow/.local/lib/python3.12/site-packages/airflow/example_dags/example_skip_dag.py for tasks to queue
[2024-05-01T12:39:29.506+0000] {logging_mixin.py:188} INFO - [2024-05-01T12:39:29.506+0000] {dagbag.py:540} INFO - Filling up the DagBag from /home/airflow/.local/lib/python3.12/site-packages/airflow/example_dags/example_skip_dag.py
[2024-05-01T12:39:29.516+0000] {processor.py:840} INFO - DAG(s) 'example_skip_dag' retrieved from /home/airflow/.local/lib/python3.12/site-packages/airflow/example_dags/example_skip_dag.py
[2024-05-01T12:39:29.542+0000] {logging_mixin.py:188} INFO - [2024-05-01T12:39:29.542+0000] {dag.py:3096} INFO - Sync 1 DAGs
[2024-05-01T12:39:29.574+0000] {logging_mixin.py:188} INFO - [2024-05-01T12:39:29.574+0000] {dag.py:3954} INFO - Setting next_dagrun for example_skip_dag to 2024-04-30 00:00:00+00:00, run_after=2024-05-01 00:00:00+00:00
[2024-05-01T12:39:29.595+0000] {processor.py:183} INFO - Processing /home/airflow/.local/lib/python3.12/site-packages/airflow/example_dags/example_skip_dag.py took 0.100 seconds
[2024-05-01T12:39:59.688+0000] {processor.py:161} INFO - Started process (PID=1411) to work on /home/airflow/.local/lib/python3.12/site-packages/airflow/example_dags/example_skip_dag.py
[2024-05-01T12:39:59.690+0000] {processor.py:830} INFO - Processing file /home/airflow/.local/lib/python3.12/site-packages/airflow/example_dags/example_skip_dag.py for tasks to queue
[2024-05-01T12:39:59.693+0000] {logging_mixin.py:188} INFO - [2024-05-01T12:39:59.692+0000] {dagbag.py:540} INFO - Filling up the DagBag from /home/airflow/.local/lib/python3.12/site-packages/airflow/example_dags/example_skip_dag.py
[2024-05-01T12:39:59.701+0000] {processor.py:840} INFO - DAG(s) 'example_skip_dag' retrieved from /home/airflow/.local/lib/python3.12/site-packages/airflow/example_dags/example_skip_dag.py
[2024-05-01T12:39:59.727+0000] {logging_mixin.py:188} INFO - [2024-05-01T12:39:59.727+0000] {dag.py:3096} INFO - Sync 1 DAGs
[2024-05-01T12:39:59.754+0000] {logging_mixin.py:188} INFO - [2024-05-01T12:39:59.753+0000] {dag.py:3954} INFO - Setting next_dagrun for example_skip_dag to 2024-04-30 00:00:00+00:00, run_after=2024-05-01 00:00:00+00:00
[2024-05-01T12:39:59.773+0000] {processor.py:183} INFO - Processing /home/airflow/.local/lib/python3.12/site-packages/airflow/example_dags/example_skip_dag.py took 0.092 seconds
[2024-05-01T12:40:29.858+0000] {processor.py:161} INFO - Started process (PID=1469) to work on /home/airflow/.local/lib/python3.12/site-packages/airflow/example_dags/example_skip_dag.py
[2024-05-01T12:40:29.859+0000] {processor.py:830} INFO - Processing file /home/airflow/.local/lib/python3.12/site-packages/airflow/example_dags/example_skip_dag.py for tasks to queue
[2024-05-01T12:40:29.861+0000] {logging_mixin.py:188} INFO - [2024-05-01T12:40:29.861+0000] {dagbag.py:540} INFO - Filling up the DagBag from /home/airflow/.local/lib/python3.12/site-packages/airflow/example_dags/example_skip_dag.py
[2024-05-01T12:40:29.869+0000] {processor.py:840} INFO - DAG(s) 'example_skip_dag' retrieved from /home/airflow/.local/lib/python3.12/site-packages/airflow/example_dags/example_skip_dag.py
[2024-05-01T12:40:29.892+0000] {logging_mixin.py:188} INFO - [2024-05-01T12:40:29.892+0000] {dag.py:3096} INFO - Sync 1 DAGs
[2024-05-01T12:40:29.916+0000] {logging_mixin.py:188} INFO - [2024-05-01T12:40:29.916+0000] {dag.py:3954} INFO - Setting next_dagrun for example_skip_dag to 2024-04-30 00:00:00+00:00, run_after=2024-05-01 00:00:00+00:00
[2024-05-01T12:40:29.935+0000] {processor.py:183} INFO - Processing /home/airflow/.local/lib/python3.12/site-packages/airflow/example_dags/example_skip_dag.py took 0.084 seconds
[2024-05-01T12:41:00.069+0000] {processor.py:161} INFO - Started process (PID=1527) to work on /home/airflow/.local/lib/python3.12/site-packages/airflow/example_dags/example_skip_dag.py
[2024-05-01T12:41:00.070+0000] {processor.py:830} INFO - Processing file /home/airflow/.local/lib/python3.12/site-packages/airflow/example_dags/example_skip_dag.py for tasks to queue
[2024-05-01T12:41:00.073+0000] {logging_mixin.py:188} INFO - [2024-05-01T12:41:00.072+0000] {dagbag.py:540} INFO - Filling up the DagBag from /home/airflow/.local/lib/python3.12/site-packages/airflow/example_dags/example_skip_dag.py
[2024-05-01T12:41:00.080+0000] {processor.py:840} INFO - DAG(s) 'example_skip_dag' retrieved from /home/airflow/.local/lib/python3.12/site-packages/airflow/example_dags/example_skip_dag.py
[2024-05-01T12:41:00.102+0000] {logging_mixin.py:188} INFO - [2024-05-01T12:41:00.102+0000] {dag.py:3096} INFO - Sync 1 DAGs
[2024-05-01T12:41:00.126+0000] {logging_mixin.py:188} INFO - [2024-05-01T12:41:00.125+0000] {dag.py:3954} INFO - Setting next_dagrun for example_skip_dag to 2024-04-30 00:00:00+00:00, run_after=2024-05-01 00:00:00+00:00
[2024-05-01T12:41:00.144+0000] {processor.py:183} INFO - Processing /home/airflow/.local/lib/python3.12/site-packages/airflow/example_dags/example_skip_dag.py took 0.081 seconds
[2024-05-01T12:41:30.714+0000] {processor.py:161} INFO - Started process (PID=1585) to work on /home/airflow/.local/lib/python3.12/site-packages/airflow/example_dags/example_skip_dag.py
[2024-05-01T12:41:30.715+0000] {processor.py:830} INFO - Processing file /home/airflow/.local/lib/python3.12/site-packages/airflow/example_dags/example_skip_dag.py for tasks to queue
[2024-05-01T12:41:30.717+0000] {logging_mixin.py:188} INFO - [2024-05-01T12:41:30.717+0000] {dagbag.py:540} INFO - Filling up the DagBag from /home/airflow/.local/lib/python3.12/site-packages/airflow/example_dags/example_skip_dag.py
[2024-05-01T12:41:30.725+0000] {processor.py:840} INFO - DAG(s) 'example_skip_dag' retrieved from /home/airflow/.local/lib/python3.12/site-packages/airflow/example_dags/example_skip_dag.py
[2024-05-01T12:41:30.753+0000] {logging_mixin.py:188} INFO - [2024-05-01T12:41:30.753+0000] {dag.py:3096} INFO - Sync 1 DAGs
[2024-05-01T12:41:30.782+0000] {logging_mixin.py:188} INFO - [2024-05-01T12:41:30.782+0000] {dag.py:3954} INFO - Setting next_dagrun for example_skip_dag to 2024-04-30 00:00:00+00:00, run_after=2024-05-01 00:00:00+00:00
[2024-05-01T12:41:30.805+0000] {processor.py:183} INFO - Processing /home/airflow/.local/lib/python3.12/site-packages/airflow/example_dags/example_skip_dag.py took 0.098 seconds
[2024-05-01T12:42:00.919+0000] {processor.py:161} INFO - Started process (PID=1643) to work on /home/airflow/.local/lib/python3.12/site-packages/airflow/example_dags/example_skip_dag.py
[2024-05-01T12:42:00.921+0000] {processor.py:830} INFO - Processing file /home/airflow/.local/lib/python3.12/site-packages/airflow/example_dags/example_skip_dag.py for tasks to queue
[2024-05-01T12:42:00.923+0000] {logging_mixin.py:188} INFO - [2024-05-01T12:42:00.922+0000] {dagbag.py:540} INFO - Filling up the DagBag from /home/airflow/.local/lib/python3.12/site-packages/airflow/example_dags/example_skip_dag.py
[2024-05-01T12:42:00.930+0000] {processor.py:840} INFO - DAG(s) 'example_skip_dag' retrieved from /home/airflow/.local/lib/python3.12/site-packages/airflow/example_dags/example_skip_dag.py
[2024-05-01T12:42:00.952+0000] {logging_mixin.py:188} INFO - [2024-05-01T12:42:00.952+0000] {dag.py:3096} INFO - Sync 1 DAGs
[2024-05-01T12:42:00.977+0000] {logging_mixin.py:188} INFO - [2024-05-01T12:42:00.977+0000] {dag.py:3954} INFO - Setting next_dagrun for example_skip_dag to 2024-04-30 00:00:00+00:00, run_after=2024-05-01 00:00:00+00:00
[2024-05-01T12:42:00.995+0000] {processor.py:183} INFO - Processing /home/airflow/.local/lib/python3.12/site-packages/airflow/example_dags/example_skip_dag.py took 0.082 seconds
[2024-05-01T12:42:31.258+0000] {processor.py:161} INFO - Started process (PID=1701) to work on /home/airflow/.local/lib/python3.12/site-packages/airflow/example_dags/example_skip_dag.py
[2024-05-01T12:42:31.260+0000] {processor.py:830} INFO - Processing file /home/airflow/.local/lib/python3.12/site-packages/airflow/example_dags/example_skip_dag.py for tasks to queue
[2024-05-01T12:42:31.263+0000] {logging_mixin.py:188} INFO - [2024-05-01T12:42:31.263+0000] {dagbag.py:540} INFO - Filling up the DagBag from /home/airflow/.local/lib/python3.12/site-packages/airflow/example_dags/example_skip_dag.py
[2024-05-01T12:42:31.271+0000] {processor.py:840} INFO - DAG(s) 'example_skip_dag' retrieved from /home/airflow/.local/lib/python3.12/site-packages/airflow/example_dags/example_skip_dag.py
[2024-05-01T12:42:31.299+0000] {logging_mixin.py:188} INFO - [2024-05-01T12:42:31.298+0000] {dag.py:3096} INFO - Sync 1 DAGs
[2024-05-01T12:42:31.328+0000] {logging_mixin.py:188} INFO - [2024-05-01T12:42:31.328+0000] {dag.py:3954} INFO - Setting next_dagrun for example_skip_dag to 2024-04-30 00:00:00+00:00, run_after=2024-05-01 00:00:00+00:00
[2024-05-01T12:42:31.350+0000] {processor.py:183} INFO - Processing /home/airflow/.local/lib/python3.12/site-packages/airflow/example_dags/example_skip_dag.py took 0.099 seconds
[2024-05-01T12:43:01.417+0000] {processor.py:161} INFO - Started process (PID=1759) to work on /home/airflow/.local/lib/python3.12/site-packages/airflow/example_dags/example_skip_dag.py
[2024-05-01T12:43:01.419+0000] {processor.py:830} INFO - Processing file /home/airflow/.local/lib/python3.12/site-packages/airflow/example_dags/example_skip_dag.py for tasks to queue
[2024-05-01T12:43:01.421+0000] {logging_mixin.py:188} INFO - [2024-05-01T12:43:01.421+0000] {dagbag.py:540} INFO - Filling up the DagBag from /home/airflow/.local/lib/python3.12/site-packages/airflow/example_dags/example_skip_dag.py
[2024-05-01T12:43:01.429+0000] {processor.py:840} INFO - DAG(s) 'example_skip_dag' retrieved from /home/airflow/.local/lib/python3.12/site-packages/airflow/example_dags/example_skip_dag.py
[2024-05-01T12:43:01.451+0000] {logging_mixin.py:188} INFO - [2024-05-01T12:43:01.451+0000] {dag.py:3096} INFO - Sync 1 DAGs
[2024-05-01T12:43:01.476+0000] {logging_mixin.py:188} INFO - [2024-05-01T12:43:01.476+0000] {dag.py:3954} INFO - Setting next_dagrun for example_skip_dag to 2024-04-30 00:00:00+00:00, run_after=2024-05-01 00:00:00+00:00
[2024-05-01T12:43:01.494+0000] {processor.py:183} INFO - Processing /home/airflow/.local/lib/python3.12/site-packages/airflow/example_dags/example_skip_dag.py took 0.084 seconds
[2024-05-01T12:43:31.791+0000] {processor.py:161} INFO - Started process (PID=1817) to work on /home/airflow/.local/lib/python3.12/site-packages/airflow/example_dags/example_skip_dag.py
[2024-05-01T12:43:31.792+0000] {processor.py:830} INFO - Processing file /home/airflow/.local/lib/python3.12/site-packages/airflow/example_dags/example_skip_dag.py for tasks to queue
[2024-05-01T12:43:31.794+0000] {logging_mixin.py:188} INFO - [2024-05-01T12:43:31.794+0000] {dagbag.py:540} INFO - Filling up the DagBag from /home/airflow/.local/lib/python3.12/site-packages/airflow/example_dags/example_skip_dag.py
[2024-05-01T12:43:31.801+0000] {processor.py:840} INFO - DAG(s) 'example_skip_dag' retrieved from /home/airflow/.local/lib/python3.12/site-packages/airflow/example_dags/example_skip_dag.py
[2024-05-01T12:43:31.824+0000] {logging_mixin.py:188} INFO - [2024-05-01T12:43:31.823+0000] {dag.py:3096} INFO - Sync 1 DAGs
[2024-05-01T12:43:31.859+0000] {logging_mixin.py:188} INFO - [2024-05-01T12:43:31.859+0000] {dag.py:3954} INFO - Setting next_dagrun for example_skip_dag to 2024-04-30 00:00:00+00:00, run_after=2024-05-01 00:00:00+00:00
[2024-05-01T12:43:31.877+0000] {processor.py:183} INFO - Processing /home/airflow/.local/lib/python3.12/site-packages/airflow/example_dags/example_skip_dag.py took 0.092 seconds
[2024-05-01T12:44:02.034+0000] {processor.py:161} INFO - Started process (PID=1875) to work on /home/airflow/.local/lib/python3.12/site-packages/airflow/example_dags/example_skip_dag.py
[2024-05-01T12:44:02.035+0000] {processor.py:830} INFO - Processing file /home/airflow/.local/lib/python3.12/site-packages/airflow/example_dags/example_skip_dag.py for tasks to queue
[2024-05-01T12:44:02.038+0000] {logging_mixin.py:188} INFO - [2024-05-01T12:44:02.037+0000] {dagbag.py:540} INFO - Filling up the DagBag from /home/airflow/.local/lib/python3.12/site-packages/airflow/example_dags/example_skip_dag.py
[2024-05-01T12:44:02.045+0000] {processor.py:840} INFO - DAG(s) 'example_skip_dag' retrieved from /home/airflow/.local/lib/python3.12/site-packages/airflow/example_dags/example_skip_dag.py
[2024-05-01T12:44:02.069+0000] {logging_mixin.py:188} INFO - [2024-05-01T12:44:02.069+0000] {dag.py:3096} INFO - Sync 1 DAGs
[2024-05-01T12:44:02.094+0000] {logging_mixin.py:188} INFO - [2024-05-01T12:44:02.094+0000] {dag.py:3954} INFO - Setting next_dagrun for example_skip_dag to 2024-04-30 00:00:00+00:00, run_after=2024-05-01 00:00:00+00:00
[2024-05-01T12:44:02.120+0000] {processor.py:183} INFO - Processing /home/airflow/.local/lib/python3.12/site-packages/airflow/example_dags/example_skip_dag.py took 0.093 seconds
[2024-05-01T12:44:32.421+0000] {processor.py:161} INFO - Started process (PID=1933) to work on /home/airflow/.local/lib/python3.12/site-packages/airflow/example_dags/example_skip_dag.py
[2024-05-01T12:44:32.423+0000] {processor.py:830} INFO - Processing file /home/airflow/.local/lib/python3.12/site-packages/airflow/example_dags/example_skip_dag.py for tasks to queue
[2024-05-01T12:44:32.427+0000] {logging_mixin.py:188} INFO - [2024-05-01T12:44:32.426+0000] {dagbag.py:540} INFO - Filling up the DagBag from /home/airflow/.local/lib/python3.12/site-packages/airflow/example_dags/example_skip_dag.py
[2024-05-01T12:44:32.435+0000] {processor.py:840} INFO - DAG(s) 'example_skip_dag' retrieved from /home/airflow/.local/lib/python3.12/site-packages/airflow/example_dags/example_skip_dag.py
[2024-05-01T12:44:32.459+0000] {logging_mixin.py:188} INFO - [2024-05-01T12:44:32.459+0000] {dag.py:3096} INFO - Sync 1 DAGs
[2024-05-01T12:44:32.487+0000] {logging_mixin.py:188} INFO - [2024-05-01T12:44:32.487+0000] {dag.py:3954} INFO - Setting next_dagrun for example_skip_dag to 2024-04-30 00:00:00+00:00, run_after=2024-05-01 00:00:00+00:00
[2024-05-01T12:44:32.506+0000] {processor.py:183} INFO - Processing /home/airflow/.local/lib/python3.12/site-packages/airflow/example_dags/example_skip_dag.py took 0.093 seconds
[2024-05-01T12:45:03.243+0000] {processor.py:161} INFO - Started process (PID=1991) to work on /home/airflow/.local/lib/python3.12/site-packages/airflow/example_dags/example_skip_dag.py
[2024-05-01T12:45:03.244+0000] {processor.py:830} INFO - Processing file /home/airflow/.local/lib/python3.12/site-packages/airflow/example_dags/example_skip_dag.py for tasks to queue
[2024-05-01T12:45:03.247+0000] {logging_mixin.py:188} INFO - [2024-05-01T12:45:03.246+0000] {dagbag.py:540} INFO - Filling up the DagBag from /home/airflow/.local/lib/python3.12/site-packages/airflow/example_dags/example_skip_dag.py
[2024-05-01T12:45:03.254+0000] {processor.py:840} INFO - DAG(s) 'example_skip_dag' retrieved from /home/airflow/.local/lib/python3.12/site-packages/airflow/example_dags/example_skip_dag.py
[2024-05-01T12:45:03.277+0000] {logging_mixin.py:188} INFO - [2024-05-01T12:45:03.276+0000] {dag.py:3096} INFO - Sync 1 DAGs
[2024-05-01T12:45:03.300+0000] {logging_mixin.py:188} INFO - [2024-05-01T12:45:03.300+0000] {dag.py:3954} INFO - Setting next_dagrun for example_skip_dag to 2024-04-30 00:00:00+00:00, run_after=2024-05-01 00:00:00+00:00
[2024-05-01T12:45:03.319+0000] {processor.py:183} INFO - Processing /home/airflow/.local/lib/python3.12/site-packages/airflow/example_dags/example_skip_dag.py took 0.082 seconds
[2024-05-01T12:45:33.524+0000] {processor.py:161} INFO - Started process (PID=2049) to work on /home/airflow/.local/lib/python3.12/site-packages/airflow/example_dags/example_skip_dag.py
[2024-05-01T12:45:33.526+0000] {processor.py:830} INFO - Processing file /home/airflow/.local/lib/python3.12/site-packages/airflow/example_dags/example_skip_dag.py for tasks to queue
[2024-05-01T12:45:33.528+0000] {logging_mixin.py:188} INFO - [2024-05-01T12:45:33.528+0000] {dagbag.py:540} INFO - Filling up the DagBag from /home/airflow/.local/lib/python3.12/site-packages/airflow/example_dags/example_skip_dag.py
[2024-05-01T12:45:33.535+0000] {processor.py:840} INFO - DAG(s) 'example_skip_dag' retrieved from /home/airflow/.local/lib/python3.12/site-packages/airflow/example_dags/example_skip_dag.py
[2024-05-01T12:45:33.557+0000] {logging_mixin.py:188} INFO - [2024-05-01T12:45:33.557+0000] {dag.py:3096} INFO - Sync 1 DAGs
[2024-05-01T12:45:33.582+0000] {logging_mixin.py:188} INFO - [2024-05-01T12:45:33.581+0000] {dag.py:3954} INFO - Setting next_dagrun for example_skip_dag to 2024-04-30 00:00:00+00:00, run_after=2024-05-01 00:00:00+00:00
[2024-05-01T12:45:33.600+0000] {processor.py:183} INFO - Processing /home/airflow/.local/lib/python3.12/site-packages/airflow/example_dags/example_skip_dag.py took 0.082 seconds
[2024-05-01T12:46:03.889+0000] {processor.py:161} INFO - Started process (PID=2107) to work on /home/airflow/.local/lib/python3.12/site-packages/airflow/example_dags/example_skip_dag.py
[2024-05-01T12:46:03.890+0000] {processor.py:830} INFO - Processing file /home/airflow/.local/lib/python3.12/site-packages/airflow/example_dags/example_skip_dag.py for tasks to queue
[2024-05-01T12:46:03.893+0000] {logging_mixin.py:188} INFO - [2024-05-01T12:46:03.892+0000] {dagbag.py:540} INFO - Filling up the DagBag from /home/airflow/.local/lib/python3.12/site-packages/airflow/example_dags/example_skip_dag.py
[2024-05-01T12:46:03.900+0000] {processor.py:840} INFO - DAG(s) 'example_skip_dag' retrieved from /home/airflow/.local/lib/python3.12/site-packages/airflow/example_dags/example_skip_dag.py
[2024-05-01T12:46:03.923+0000] {logging_mixin.py:188} INFO - [2024-05-01T12:46:03.922+0000] {dag.py:3096} INFO - Sync 1 DAGs
[2024-05-01T12:46:03.946+0000] {logging_mixin.py:188} INFO - [2024-05-01T12:46:03.946+0000] {dag.py:3954} INFO - Setting next_dagrun for example_skip_dag to 2024-04-30 00:00:00+00:00, run_after=2024-05-01 00:00:00+00:00
[2024-05-01T12:46:03.965+0000] {processor.py:183} INFO - Processing /home/airflow/.local/lib/python3.12/site-packages/airflow/example_dags/example_skip_dag.py took 0.082 seconds
[2024-05-01T12:46:34.302+0000] {processor.py:161} INFO - Started process (PID=2165) to work on /home/airflow/.local/lib/python3.12/site-packages/airflow/example_dags/example_skip_dag.py
[2024-05-01T12:46:34.304+0000] {processor.py:830} INFO - Processing file /home/airflow/.local/lib/python3.12/site-packages/airflow/example_dags/example_skip_dag.py for tasks to queue
[2024-05-01T12:46:34.306+0000] {logging_mixin.py:188} INFO - [2024-05-01T12:46:34.306+0000] {dagbag.py:540} INFO - Filling up the DagBag from /home/airflow/.local/lib/python3.12/site-packages/airflow/example_dags/example_skip_dag.py
[2024-05-01T12:46:34.313+0000] {processor.py:840} INFO - DAG(s) 'example_skip_dag' retrieved from /home/airflow/.local/lib/python3.12/site-packages/airflow/example_dags/example_skip_dag.py
[2024-05-01T12:46:34.336+0000] {logging_mixin.py:188} INFO - [2024-05-01T12:46:34.336+0000] {dag.py:3096} INFO - Sync 1 DAGs
[2024-05-01T12:46:34.360+0000] {logging_mixin.py:188} INFO - [2024-05-01T12:46:34.360+0000] {dag.py:3954} INFO - Setting next_dagrun for example_skip_dag to 2024-04-30 00:00:00+00:00, run_after=2024-05-01 00:00:00+00:00
[2024-05-01T12:46:34.382+0000] {processor.py:183} INFO - Processing /home/airflow/.local/lib/python3.12/site-packages/airflow/example_dags/example_skip_dag.py took 0.086 seconds
[2024-05-01T12:47:04.748+0000] {processor.py:161} INFO - Started process (PID=2223) to work on /home/airflow/.local/lib/python3.12/site-packages/airflow/example_dags/example_skip_dag.py
[2024-05-01T12:47:04.749+0000] {processor.py:830} INFO - Processing file /home/airflow/.local/lib/python3.12/site-packages/airflow/example_dags/example_skip_dag.py for tasks to queue
[2024-05-01T12:47:04.751+0000] {logging_mixin.py:188} INFO - [2024-05-01T12:47:04.751+0000] {dagbag.py:540} INFO - Filling up the DagBag from /home/airflow/.local/lib/python3.12/site-packages/airflow/example_dags/example_skip_dag.py
[2024-05-01T12:47:04.759+0000] {processor.py:840} INFO - DAG(s) 'example_skip_dag' retrieved from /home/airflow/.local/lib/python3.12/site-packages/airflow/example_dags/example_skip_dag.py
[2024-05-01T12:47:04.782+0000] {logging_mixin.py:188} INFO - [2024-05-01T12:47:04.782+0000] {dag.py:3096} INFO - Sync 1 DAGs
[2024-05-01T12:47:04.807+0000] {logging_mixin.py:188} INFO - [2024-05-01T12:47:04.806+0000] {dag.py:3954} INFO - Setting next_dagrun for example_skip_dag to 2024-04-30 00:00:00+00:00, run_after=2024-05-01 00:00:00+00:00
[2024-05-01T12:47:04.826+0000] {processor.py:183} INFO - Processing /home/airflow/.local/lib/python3.12/site-packages/airflow/example_dags/example_skip_dag.py took 0.085 seconds
[2024-05-01T12:47:34.901+0000] {processor.py:161} INFO - Started process (PID=2281) to work on /home/airflow/.local/lib/python3.12/site-packages/airflow/example_dags/example_skip_dag.py
[2024-05-01T12:47:34.902+0000] {processor.py:830} INFO - Processing file /home/airflow/.local/lib/python3.12/site-packages/airflow/example_dags/example_skip_dag.py for tasks to queue
[2024-05-01T12:47:34.904+0000] {logging_mixin.py:188} INFO - [2024-05-01T12:47:34.904+0000] {dagbag.py:540} INFO - Filling up the DagBag from /home/airflow/.local/lib/python3.12/site-packages/airflow/example_dags/example_skip_dag.py
[2024-05-01T12:47:34.911+0000] {processor.py:840} INFO - DAG(s) 'example_skip_dag' retrieved from /home/airflow/.local/lib/python3.12/site-packages/airflow/example_dags/example_skip_dag.py
[2024-05-01T12:47:34.933+0000] {logging_mixin.py:188} INFO - [2024-05-01T12:47:34.933+0000] {dag.py:3096} INFO - Sync 1 DAGs
[2024-05-01T12:47:34.958+0000] {logging_mixin.py:188} INFO - [2024-05-01T12:47:34.958+0000] {dag.py:3954} INFO - Setting next_dagrun for example_skip_dag to 2024-04-30 00:00:00+00:00, run_after=2024-05-01 00:00:00+00:00
[2024-05-01T12:47:34.977+0000] {processor.py:183} INFO - Processing /home/airflow/.local/lib/python3.12/site-packages/airflow/example_dags/example_skip_dag.py took 0.083 seconds
[2024-05-01T12:48:06.038+0000] {processor.py:161} INFO - Started process (PID=2339) to work on /home/airflow/.local/lib/python3.12/site-packages/airflow/example_dags/example_skip_dag.py
[2024-05-01T12:48:06.040+0000] {processor.py:830} INFO - Processing file /home/airflow/.local/lib/python3.12/site-packages/airflow/example_dags/example_skip_dag.py for tasks to queue
[2024-05-01T12:48:06.043+0000] {logging_mixin.py:188} INFO - [2024-05-01T12:48:06.043+0000] {dagbag.py:540} INFO - Filling up the DagBag from /home/airflow/.local/lib/python3.12/site-packages/airflow/example_dags/example_skip_dag.py
[2024-05-01T12:48:06.051+0000] {processor.py:840} INFO - DAG(s) 'example_skip_dag' retrieved from /home/airflow/.local/lib/python3.12/site-packages/airflow/example_dags/example_skip_dag.py
[2024-05-01T12:48:06.081+0000] {logging_mixin.py:188} INFO - [2024-05-01T12:48:06.081+0000] {dag.py:3096} INFO - Sync 1 DAGs
[2024-05-01T12:48:06.108+0000] {logging_mixin.py:188} INFO - [2024-05-01T12:48:06.107+0000] {dag.py:3954} INFO - Setting next_dagrun for example_skip_dag to 2024-04-30 00:00:00+00:00, run_after=2024-05-01 00:00:00+00:00
[2024-05-01T12:48:06.128+0000] {processor.py:183} INFO - Processing /home/airflow/.local/lib/python3.12/site-packages/airflow/example_dags/example_skip_dag.py took 0.099 seconds
[2024-05-01T12:48:36.612+0000] {processor.py:161} INFO - Started process (PID=2397) to work on /home/airflow/.local/lib/python3.12/site-packages/airflow/example_dags/example_skip_dag.py
[2024-05-01T12:48:36.613+0000] {processor.py:830} INFO - Processing file /home/airflow/.local/lib/python3.12/site-packages/airflow/example_dags/example_skip_dag.py for tasks to queue
[2024-05-01T12:48:36.616+0000] {logging_mixin.py:188} INFO - [2024-05-01T12:48:36.615+0000] {dagbag.py:540} INFO - Filling up the DagBag from /home/airflow/.local/lib/python3.12/site-packages/airflow/example_dags/example_skip_dag.py
[2024-05-01T12:48:36.622+0000] {processor.py:840} INFO - DAG(s) 'example_skip_dag' retrieved from /home/airflow/.local/lib/python3.12/site-packages/airflow/example_dags/example_skip_dag.py
[2024-05-01T12:48:36.644+0000] {logging_mixin.py:188} INFO - [2024-05-01T12:48:36.644+0000] {dag.py:3096} INFO - Sync 1 DAGs
[2024-05-01T12:48:36.668+0000] {logging_mixin.py:188} INFO - [2024-05-01T12:48:36.668+0000] {dag.py:3954} INFO - Setting next_dagrun for example_skip_dag to 2024-04-30 00:00:00+00:00, run_after=2024-05-01 00:00:00+00:00
[2024-05-01T12:48:36.686+0000] {processor.py:183} INFO - Processing /home/airflow/.local/lib/python3.12/site-packages/airflow/example_dags/example_skip_dag.py took 0.081 seconds
[2024-05-01T12:49:06.781+0000] {processor.py:161} INFO - Started process (PID=2455) to work on /home/airflow/.local/lib/python3.12/site-packages/airflow/example_dags/example_skip_dag.py
[2024-05-01T12:49:06.782+0000] {processor.py:830} INFO - Processing file /home/airflow/.local/lib/python3.12/site-packages/airflow/example_dags/example_skip_dag.py for tasks to queue
[2024-05-01T12:49:06.784+0000] {logging_mixin.py:188} INFO - [2024-05-01T12:49:06.784+0000] {dagbag.py:540} INFO - Filling up the DagBag from /home/airflow/.local/lib/python3.12/site-packages/airflow/example_dags/example_skip_dag.py
[2024-05-01T12:49:06.792+0000] {processor.py:840} INFO - DAG(s) 'example_skip_dag' retrieved from /home/airflow/.local/lib/python3.12/site-packages/airflow/example_dags/example_skip_dag.py
[2024-05-01T12:49:06.814+0000] {logging_mixin.py:188} INFO - [2024-05-01T12:49:06.814+0000] {dag.py:3096} INFO - Sync 1 DAGs
[2024-05-01T12:49:06.837+0000] {logging_mixin.py:188} INFO - [2024-05-01T12:49:06.837+0000] {dag.py:3954} INFO - Setting next_dagrun for example_skip_dag to 2024-04-30 00:00:00+00:00, run_after=2024-05-01 00:00:00+00:00
[2024-05-01T12:49:06.854+0000] {processor.py:183} INFO - Processing /home/airflow/.local/lib/python3.12/site-packages/airflow/example_dags/example_skip_dag.py took 0.080 seconds
[2024-05-01T12:49:37.513+0000] {processor.py:161} INFO - Started process (PID=2513) to work on /home/airflow/.local/lib/python3.12/site-packages/airflow/example_dags/example_skip_dag.py
[2024-05-01T12:49:37.514+0000] {processor.py:830} INFO - Processing file /home/airflow/.local/lib/python3.12/site-packages/airflow/example_dags/example_skip_dag.py for tasks to queue
[2024-05-01T12:49:37.517+0000] {logging_mixin.py:188} INFO - [2024-05-01T12:49:37.516+0000] {dagbag.py:540} INFO - Filling up the DagBag from /home/airflow/.local/lib/python3.12/site-packages/airflow/example_dags/example_skip_dag.py
[2024-05-01T12:49:37.524+0000] {processor.py:840} INFO - DAG(s) 'example_skip_dag' retrieved from /home/airflow/.local/lib/python3.12/site-packages/airflow/example_dags/example_skip_dag.py
[2024-05-01T12:49:37.549+0000] {logging_mixin.py:188} INFO - [2024-05-01T12:49:37.549+0000] {dag.py:3096} INFO - Sync 1 DAGs
[2024-05-01T12:49:37.574+0000] {logging_mixin.py:188} INFO - [2024-05-01T12:49:37.574+0000] {dag.py:3954} INFO - Setting next_dagrun for example_skip_dag to 2024-04-30 00:00:00+00:00, run_after=2024-05-01 00:00:00+00:00
[2024-05-01T12:49:37.593+0000] {processor.py:183} INFO - Processing /home/airflow/.local/lib/python3.12/site-packages/airflow/example_dags/example_skip_dag.py took 0.088 seconds
[2024-05-01T12:50:07.678+0000] {processor.py:161} INFO - Started process (PID=2571) to work on /home/airflow/.local/lib/python3.12/site-packages/airflow/example_dags/example_skip_dag.py
[2024-05-01T12:50:07.679+0000] {processor.py:830} INFO - Processing file /home/airflow/.local/lib/python3.12/site-packages/airflow/example_dags/example_skip_dag.py for tasks to queue
[2024-05-01T12:50:07.682+0000] {logging_mixin.py:188} INFO - [2024-05-01T12:50:07.681+0000] {dagbag.py:540} INFO - Filling up the DagBag from /home/airflow/.local/lib/python3.12/site-packages/airflow/example_dags/example_skip_dag.py
[2024-05-01T12:50:07.689+0000] {processor.py:840} INFO - DAG(s) 'example_skip_dag' retrieved from /home/airflow/.local/lib/python3.12/site-packages/airflow/example_dags/example_skip_dag.py
[2024-05-01T12:50:07.710+0000] {logging_mixin.py:188} INFO - [2024-05-01T12:50:07.710+0000] {dag.py:3096} INFO - Sync 1 DAGs
[2024-05-01T12:50:07.735+0000] {logging_mixin.py:188} INFO - [2024-05-01T12:50:07.735+0000] {dag.py:3954} INFO - Setting next_dagrun for example_skip_dag to 2024-04-30 00:00:00+00:00, run_after=2024-05-01 00:00:00+00:00
[2024-05-01T12:50:07.753+0000] {processor.py:183} INFO - Processing /home/airflow/.local/lib/python3.12/site-packages/airflow/example_dags/example_skip_dag.py took 0.082 seconds
[2024-05-01T12:50:38.353+0000] {processor.py:161} INFO - Started process (PID=2628) to work on /home/airflow/.local/lib/python3.12/site-packages/airflow/example_dags/example_skip_dag.py
[2024-05-01T12:50:38.354+0000] {processor.py:830} INFO - Processing file /home/airflow/.local/lib/python3.12/site-packages/airflow/example_dags/example_skip_dag.py for tasks to queue
[2024-05-01T12:50:38.356+0000] {logging_mixin.py:188} INFO - [2024-05-01T12:50:38.356+0000] {dagbag.py:540} INFO - Filling up the DagBag from /home/airflow/.local/lib/python3.12/site-packages/airflow/example_dags/example_skip_dag.py
[2024-05-01T12:50:38.363+0000] {processor.py:840} INFO - DAG(s) 'example_skip_dag' retrieved from /home/airflow/.local/lib/python3.12/site-packages/airflow/example_dags/example_skip_dag.py
[2024-05-01T12:50:38.385+0000] {logging_mixin.py:188} INFO - [2024-05-01T12:50:38.385+0000] {dag.py:3096} INFO - Sync 1 DAGs
[2024-05-01T12:50:38.408+0000] {logging_mixin.py:188} INFO - [2024-05-01T12:50:38.408+0000] {dag.py:3954} INFO - Setting next_dagrun for example_skip_dag to 2024-04-30 00:00:00+00:00, run_after=2024-05-01 00:00:00+00:00
[2024-05-01T12:50:38.426+0000] {processor.py:183} INFO - Processing /home/airflow/.local/lib/python3.12/site-packages/airflow/example_dags/example_skip_dag.py took 0.080 seconds
[2024-05-01T12:51:09.713+0000] {processor.py:161} INFO - Started process (PID=2686) to work on /home/airflow/.local/lib/python3.12/site-packages/airflow/example_dags/example_skip_dag.py
[2024-05-01T12:51:09.715+0000] {processor.py:830} INFO - Processing file /home/airflow/.local/lib/python3.12/site-packages/airflow/example_dags/example_skip_dag.py for tasks to queue
[2024-05-01T12:51:09.718+0000] {logging_mixin.py:188} INFO - [2024-05-01T12:51:09.718+0000] {dagbag.py:540} INFO - Filling up the DagBag from /home/airflow/.local/lib/python3.12/site-packages/airflow/example_dags/example_skip_dag.py
[2024-05-01T12:51:09.727+0000] {processor.py:840} INFO - DAG(s) 'example_skip_dag' retrieved from /home/airflow/.local/lib/python3.12/site-packages/airflow/example_dags/example_skip_dag.py
[2024-05-01T12:51:09.753+0000] {logging_mixin.py:188} INFO - [2024-05-01T12:51:09.752+0000] {dag.py:3096} INFO - Sync 1 DAGs
[2024-05-01T12:51:09.778+0000] {logging_mixin.py:188} INFO - [2024-05-01T12:51:09.777+0000] {dag.py:3954} INFO - Setting next_dagrun for example_skip_dag to 2024-04-30 00:00:00+00:00, run_after=2024-05-01 00:00:00+00:00
[2024-05-01T12:51:09.796+0000] {processor.py:183} INFO - Processing /home/airflow/.local/lib/python3.12/site-packages/airflow/example_dags/example_skip_dag.py took 0.091 seconds
[2024-05-01T12:51:40.639+0000] {processor.py:161} INFO - Started process (PID=2744) to work on /home/airflow/.local/lib/python3.12/site-packages/airflow/example_dags/example_skip_dag.py
[2024-05-01T12:51:40.640+0000] {processor.py:830} INFO - Processing file /home/airflow/.local/lib/python3.12/site-packages/airflow/example_dags/example_skip_dag.py for tasks to queue
[2024-05-01T12:51:40.643+0000] {logging_mixin.py:188} INFO - [2024-05-01T12:51:40.642+0000] {dagbag.py:540} INFO - Filling up the DagBag from /home/airflow/.local/lib/python3.12/site-packages/airflow/example_dags/example_skip_dag.py
[2024-05-01T12:51:40.650+0000] {processor.py:840} INFO - DAG(s) 'example_skip_dag' retrieved from /home/airflow/.local/lib/python3.12/site-packages/airflow/example_dags/example_skip_dag.py
[2024-05-01T12:51:40.672+0000] {logging_mixin.py:188} INFO - [2024-05-01T12:51:40.671+0000] {dag.py:3096} INFO - Sync 1 DAGs
[2024-05-01T12:51:40.695+0000] {logging_mixin.py:188} INFO - [2024-05-01T12:51:40.695+0000] {dag.py:3954} INFO - Setting next_dagrun for example_skip_dag to 2024-04-30 00:00:00+00:00, run_after=2024-05-01 00:00:00+00:00
[2024-05-01T12:51:40.714+0000] {processor.py:183} INFO - Processing /home/airflow/.local/lib/python3.12/site-packages/airflow/example_dags/example_skip_dag.py took 0.083 seconds
[2024-05-01T12:52:11.545+0000] {processor.py:161} INFO - Started process (PID=2802) to work on /home/airflow/.local/lib/python3.12/site-packages/airflow/example_dags/example_skip_dag.py
[2024-05-01T12:52:11.546+0000] {processor.py:830} INFO - Processing file /home/airflow/.local/lib/python3.12/site-packages/airflow/example_dags/example_skip_dag.py for tasks to queue
[2024-05-01T12:52:11.549+0000] {logging_mixin.py:188} INFO - [2024-05-01T12:52:11.548+0000] {dagbag.py:540} INFO - Filling up the DagBag from /home/airflow/.local/lib/python3.12/site-packages/airflow/example_dags/example_skip_dag.py
[2024-05-01T12:52:11.557+0000] {processor.py:840} INFO - DAG(s) 'example_skip_dag' retrieved from /home/airflow/.local/lib/python3.12/site-packages/airflow/example_dags/example_skip_dag.py
[2024-05-01T12:52:11.581+0000] {logging_mixin.py:188} INFO - [2024-05-01T12:52:11.580+0000] {dag.py:3096} INFO - Sync 1 DAGs
[2024-05-01T12:52:11.604+0000] {logging_mixin.py:188} INFO - [2024-05-01T12:52:11.603+0000] {dag.py:3954} INFO - Setting next_dagrun for example_skip_dag to 2024-04-30 00:00:00+00:00, run_after=2024-05-01 00:00:00+00:00
[2024-05-01T12:52:11.622+0000] {processor.py:183} INFO - Processing /home/airflow/.local/lib/python3.12/site-packages/airflow/example_dags/example_skip_dag.py took 0.085 seconds
[2024-05-01T12:52:42.534+0000] {processor.py:161} INFO - Started process (PID=2860) to work on /home/airflow/.local/lib/python3.12/site-packages/airflow/example_dags/example_skip_dag.py
[2024-05-01T12:52:42.535+0000] {processor.py:830} INFO - Processing file /home/airflow/.local/lib/python3.12/site-packages/airflow/example_dags/example_skip_dag.py for tasks to queue
[2024-05-01T12:52:42.538+0000] {logging_mixin.py:188} INFO - [2024-05-01T12:52:42.537+0000] {dagbag.py:540} INFO - Filling up the DagBag from /home/airflow/.local/lib/python3.12/site-packages/airflow/example_dags/example_skip_dag.py
[2024-05-01T12:52:42.546+0000] {processor.py:840} INFO - DAG(s) 'example_skip_dag' retrieved from /home/airflow/.local/lib/python3.12/site-packages/airflow/example_dags/example_skip_dag.py
[2024-05-01T12:52:42.569+0000] {logging_mixin.py:188} INFO - [2024-05-01T12:52:42.569+0000] {dag.py:3096} INFO - Sync 1 DAGs
[2024-05-01T12:52:42.592+0000] {logging_mixin.py:188} INFO - [2024-05-01T12:52:42.591+0000] {dag.py:3954} INFO - Setting next_dagrun for example_skip_dag to 2024-04-30 00:00:00+00:00, run_after=2024-05-01 00:00:00+00:00
[2024-05-01T12:52:42.610+0000] {processor.py:183} INFO - Processing /home/airflow/.local/lib/python3.12/site-packages/airflow/example_dags/example_skip_dag.py took 0.083 seconds
[2024-05-01T12:53:13.472+0000] {processor.py:161} INFO - Started process (PID=2918) to work on /home/airflow/.local/lib/python3.12/site-packages/airflow/example_dags/example_skip_dag.py
[2024-05-01T12:53:13.474+0000] {processor.py:830} INFO - Processing file /home/airflow/.local/lib/python3.12/site-packages/airflow/example_dags/example_skip_dag.py for tasks to queue
[2024-05-01T12:53:13.476+0000] {logging_mixin.py:188} INFO - [2024-05-01T12:53:13.476+0000] {dagbag.py:540} INFO - Filling up the DagBag from /home/airflow/.local/lib/python3.12/site-packages/airflow/example_dags/example_skip_dag.py
[2024-05-01T12:53:13.485+0000] {processor.py:840} INFO - DAG(s) 'example_skip_dag' retrieved from /home/airflow/.local/lib/python3.12/site-packages/airflow/example_dags/example_skip_dag.py
[2024-05-01T12:53:13.508+0000] {logging_mixin.py:188} INFO - [2024-05-01T12:53:13.508+0000] {dag.py:3096} INFO - Sync 1 DAGs
[2024-05-01T12:53:13.531+0000] {logging_mixin.py:188} INFO - [2024-05-01T12:53:13.531+0000] {dag.py:3954} INFO - Setting next_dagrun for example_skip_dag to 2024-04-30 00:00:00+00:00, run_after=2024-05-01 00:00:00+00:00
[2024-05-01T12:53:13.549+0000] {processor.py:183} INFO - Processing /home/airflow/.local/lib/python3.12/site-packages/airflow/example_dags/example_skip_dag.py took 0.085 seconds
[2024-05-01T12:53:43.693+0000] {processor.py:161} INFO - Started process (PID=2976) to work on /home/airflow/.local/lib/python3.12/site-packages/airflow/example_dags/example_skip_dag.py
[2024-05-01T12:53:43.694+0000] {processor.py:830} INFO - Processing file /home/airflow/.local/lib/python3.12/site-packages/airflow/example_dags/example_skip_dag.py for tasks to queue
[2024-05-01T12:53:43.697+0000] {logging_mixin.py:188} INFO - [2024-05-01T12:53:43.696+0000] {dagbag.py:540} INFO - Filling up the DagBag from /home/airflow/.local/lib/python3.12/site-packages/airflow/example_dags/example_skip_dag.py
[2024-05-01T12:53:43.706+0000] {processor.py:840} INFO - DAG(s) 'example_skip_dag' retrieved from /home/airflow/.local/lib/python3.12/site-packages/airflow/example_dags/example_skip_dag.py
[2024-05-01T12:53:43.730+0000] {logging_mixin.py:188} INFO - [2024-05-01T12:53:43.730+0000] {dag.py:3096} INFO - Sync 1 DAGs
[2024-05-01T12:53:43.753+0000] {logging_mixin.py:188} INFO - [2024-05-01T12:53:43.753+0000] {dag.py:3954} INFO - Setting next_dagrun for example_skip_dag to 2024-04-30 00:00:00+00:00, run_after=2024-05-01 00:00:00+00:00
[2024-05-01T12:53:43.771+0000] {processor.py:183} INFO - Processing /home/airflow/.local/lib/python3.12/site-packages/airflow/example_dags/example_skip_dag.py took 0.086 seconds
[2024-05-01T12:54:14.613+0000] {processor.py:161} INFO - Started process (PID=3034) to work on /home/airflow/.local/lib/python3.12/site-packages/airflow/example_dags/example_skip_dag.py
[2024-05-01T12:54:14.614+0000] {processor.py:830} INFO - Processing file /home/airflow/.local/lib/python3.12/site-packages/airflow/example_dags/example_skip_dag.py for tasks to queue
[2024-05-01T12:54:14.617+0000] {logging_mixin.py:188} INFO - [2024-05-01T12:54:14.616+0000] {dagbag.py:540} INFO - Filling up the DagBag from /home/airflow/.local/lib/python3.12/site-packages/airflow/example_dags/example_skip_dag.py
[2024-05-01T12:54:14.625+0000] {processor.py:840} INFO - DAG(s) 'example_skip_dag' retrieved from /home/airflow/.local/lib/python3.12/site-packages/airflow/example_dags/example_skip_dag.py
[2024-05-01T12:54:14.647+0000] {logging_mixin.py:188} INFO - [2024-05-01T12:54:14.646+0000] {dag.py:3096} INFO - Sync 1 DAGs
[2024-05-01T12:54:14.671+0000] {logging_mixin.py:188} INFO - [2024-05-01T12:54:14.671+0000] {dag.py:3954} INFO - Setting next_dagrun for example_skip_dag to 2024-04-30 00:00:00+00:00, run_after=2024-05-01 00:00:00+00:00
[2024-05-01T12:54:14.689+0000] {processor.py:183} INFO - Processing /home/airflow/.local/lib/python3.12/site-packages/airflow/example_dags/example_skip_dag.py took 0.084 seconds
[2024-05-01T12:54:45.626+0000] {processor.py:161} INFO - Started process (PID=3092) to work on /home/airflow/.local/lib/python3.12/site-packages/airflow/example_dags/example_skip_dag.py
[2024-05-01T12:54:45.627+0000] {processor.py:830} INFO - Processing file /home/airflow/.local/lib/python3.12/site-packages/airflow/example_dags/example_skip_dag.py for tasks to queue
[2024-05-01T12:54:45.629+0000] {logging_mixin.py:188} INFO - [2024-05-01T12:54:45.629+0000] {dagbag.py:540} INFO - Filling up the DagBag from /home/airflow/.local/lib/python3.12/site-packages/airflow/example_dags/example_skip_dag.py
[2024-05-01T12:54:45.636+0000] {processor.py:840} INFO - DAG(s) 'example_skip_dag' retrieved from /home/airflow/.local/lib/python3.12/site-packages/airflow/example_dags/example_skip_dag.py
[2024-05-01T12:54:45.659+0000] {logging_mixin.py:188} INFO - [2024-05-01T12:54:45.659+0000] {dag.py:3096} INFO - Sync 1 DAGs
[2024-05-01T12:54:45.684+0000] {logging_mixin.py:188} INFO - [2024-05-01T12:54:45.683+0000] {dag.py:3954} INFO - Setting next_dagrun for example_skip_dag to 2024-04-30 00:00:00+00:00, run_after=2024-05-01 00:00:00+00:00
[2024-05-01T12:54:45.702+0000] {processor.py:183} INFO - Processing /home/airflow/.local/lib/python3.12/site-packages/airflow/example_dags/example_skip_dag.py took 0.083 seconds
[2024-05-01T12:55:16.554+0000] {processor.py:161} INFO - Started process (PID=3150) to work on /home/airflow/.local/lib/python3.12/site-packages/airflow/example_dags/example_skip_dag.py
[2024-05-01T12:55:16.557+0000] {processor.py:830} INFO - Processing file /home/airflow/.local/lib/python3.12/site-packages/airflow/example_dags/example_skip_dag.py for tasks to queue
[2024-05-01T12:55:16.560+0000] {logging_mixin.py:188} INFO - [2024-05-01T12:55:16.559+0000] {dagbag.py:540} INFO - Filling up the DagBag from /home/airflow/.local/lib/python3.12/site-packages/airflow/example_dags/example_skip_dag.py
[2024-05-01T12:55:16.568+0000] {processor.py:840} INFO - DAG(s) 'example_skip_dag' retrieved from /home/airflow/.local/lib/python3.12/site-packages/airflow/example_dags/example_skip_dag.py
[2024-05-01T12:55:16.590+0000] {logging_mixin.py:188} INFO - [2024-05-01T12:55:16.590+0000] {dag.py:3096} INFO - Sync 1 DAGs
[2024-05-01T12:55:16.616+0000] {logging_mixin.py:188} INFO - [2024-05-01T12:55:16.616+0000] {dag.py:3954} INFO - Setting next_dagrun for example_skip_dag to 2024-04-30 00:00:00+00:00, run_after=2024-05-01 00:00:00+00:00
[2024-05-01T12:55:16.635+0000] {processor.py:183} INFO - Processing /home/airflow/.local/lib/python3.12/site-packages/airflow/example_dags/example_skip_dag.py took 0.089 seconds
[2024-05-01T12:55:47.455+0000] {processor.py:161} INFO - Started process (PID=3208) to work on /home/airflow/.local/lib/python3.12/site-packages/airflow/example_dags/example_skip_dag.py
[2024-05-01T12:55:47.457+0000] {processor.py:830} INFO - Processing file /home/airflow/.local/lib/python3.12/site-packages/airflow/example_dags/example_skip_dag.py for tasks to queue
[2024-05-01T12:55:47.459+0000] {logging_mixin.py:188} INFO - [2024-05-01T12:55:47.459+0000] {dagbag.py:540} INFO - Filling up the DagBag from /home/airflow/.local/lib/python3.12/site-packages/airflow/example_dags/example_skip_dag.py
[2024-05-01T12:55:47.467+0000] {processor.py:840} INFO - DAG(s) 'example_skip_dag' retrieved from /home/airflow/.local/lib/python3.12/site-packages/airflow/example_dags/example_skip_dag.py
[2024-05-01T12:55:47.489+0000] {logging_mixin.py:188} INFO - [2024-05-01T12:55:47.489+0000] {dag.py:3096} INFO - Sync 1 DAGs
[2024-05-01T12:55:47.513+0000] {logging_mixin.py:188} INFO - [2024-05-01T12:55:47.513+0000] {dag.py:3954} INFO - Setting next_dagrun for example_skip_dag to 2024-04-30 00:00:00+00:00, run_after=2024-05-01 00:00:00+00:00
[2024-05-01T12:55:47.531+0000] {processor.py:183} INFO - Processing /home/airflow/.local/lib/python3.12/site-packages/airflow/example_dags/example_skip_dag.py took 0.083 seconds
[2024-05-01T12:56:18.536+0000] {processor.py:161} INFO - Started process (PID=3266) to work on /home/airflow/.local/lib/python3.12/site-packages/airflow/example_dags/example_skip_dag.py
[2024-05-01T12:56:18.537+0000] {processor.py:830} INFO - Processing file /home/airflow/.local/lib/python3.12/site-packages/airflow/example_dags/example_skip_dag.py for tasks to queue
[2024-05-01T12:56:18.539+0000] {logging_mixin.py:188} INFO - [2024-05-01T12:56:18.539+0000] {dagbag.py:540} INFO - Filling up the DagBag from /home/airflow/.local/lib/python3.12/site-packages/airflow/example_dags/example_skip_dag.py
[2024-05-01T12:56:18.546+0000] {processor.py:840} INFO - DAG(s) 'example_skip_dag' retrieved from /home/airflow/.local/lib/python3.12/site-packages/airflow/example_dags/example_skip_dag.py
[2024-05-01T12:56:18.569+0000] {logging_mixin.py:188} INFO - [2024-05-01T12:56:18.569+0000] {dag.py:3096} INFO - Sync 1 DAGs
[2024-05-01T12:56:18.593+0000] {logging_mixin.py:188} INFO - [2024-05-01T12:56:18.592+0000] {dag.py:3954} INFO - Setting next_dagrun for example_skip_dag to 2024-04-30 00:00:00+00:00, run_after=2024-05-01 00:00:00+00:00
[2024-05-01T12:56:18.612+0000] {processor.py:183} INFO - Processing /home/airflow/.local/lib/python3.12/site-packages/airflow/example_dags/example_skip_dag.py took 0.082 seconds
[2024-05-01T12:56:49.622+0000] {processor.py:161} INFO - Started process (PID=3324) to work on /home/airflow/.local/lib/python3.12/site-packages/airflow/example_dags/example_skip_dag.py
[2024-05-01T12:56:49.625+0000] {processor.py:830} INFO - Processing file /home/airflow/.local/lib/python3.12/site-packages/airflow/example_dags/example_skip_dag.py for tasks to queue
[2024-05-01T12:56:49.627+0000] {logging_mixin.py:188} INFO - [2024-05-01T12:56:49.627+0000] {dagbag.py:540} INFO - Filling up the DagBag from /home/airflow/.local/lib/python3.12/site-packages/airflow/example_dags/example_skip_dag.py
[2024-05-01T12:56:49.635+0000] {processor.py:840} INFO - DAG(s) 'example_skip_dag' retrieved from /home/airflow/.local/lib/python3.12/site-packages/airflow/example_dags/example_skip_dag.py
[2024-05-01T12:56:49.658+0000] {logging_mixin.py:188} INFO - [2024-05-01T12:56:49.658+0000] {dag.py:3096} INFO - Sync 1 DAGs
[2024-05-01T12:56:49.683+0000] {logging_mixin.py:188} INFO - [2024-05-01T12:56:49.682+0000] {dag.py:3954} INFO - Setting next_dagrun for example_skip_dag to 2024-04-30 00:00:00+00:00, run_after=2024-05-01 00:00:00+00:00
[2024-05-01T12:56:49.700+0000] {processor.py:183} INFO - Processing /home/airflow/.local/lib/python3.12/site-packages/airflow/example_dags/example_skip_dag.py took 0.084 seconds
[2024-05-01T12:57:19.832+0000] {processor.py:161} INFO - Started process (PID=3382) to work on /home/airflow/.local/lib/python3.12/site-packages/airflow/example_dags/example_skip_dag.py
[2024-05-01T12:57:19.836+0000] {processor.py:830} INFO - Processing file /home/airflow/.local/lib/python3.12/site-packages/airflow/example_dags/example_skip_dag.py for tasks to queue
[2024-05-01T12:57:19.840+0000] {logging_mixin.py:188} INFO - [2024-05-01T12:57:19.840+0000] {dagbag.py:540} INFO - Filling up the DagBag from /home/airflow/.local/lib/python3.12/site-packages/airflow/example_dags/example_skip_dag.py
[2024-05-01T12:57:19.848+0000] {processor.py:840} INFO - DAG(s) 'example_skip_dag' retrieved from /home/airflow/.local/lib/python3.12/site-packages/airflow/example_dags/example_skip_dag.py
[2024-05-01T12:57:19.873+0000] {logging_mixin.py:188} INFO - [2024-05-01T12:57:19.873+0000] {dag.py:3096} INFO - Sync 1 DAGs
[2024-05-01T12:57:19.899+0000] {logging_mixin.py:188} INFO - [2024-05-01T12:57:19.898+0000] {dag.py:3954} INFO - Setting next_dagrun for example_skip_dag to 2024-04-30 00:00:00+00:00, run_after=2024-05-01 00:00:00+00:00
[2024-05-01T12:57:19.917+0000] {processor.py:183} INFO - Processing /home/airflow/.local/lib/python3.12/site-packages/airflow/example_dags/example_skip_dag.py took 0.094 seconds
[2024-05-01T12:57:50.080+0000] {processor.py:161} INFO - Started process (PID=3440) to work on /home/airflow/.local/lib/python3.12/site-packages/airflow/example_dags/example_skip_dag.py
[2024-05-01T12:57:50.082+0000] {processor.py:830} INFO - Processing file /home/airflow/.local/lib/python3.12/site-packages/airflow/example_dags/example_skip_dag.py for tasks to queue
[2024-05-01T12:57:50.084+0000] {logging_mixin.py:188} INFO - [2024-05-01T12:57:50.084+0000] {dagbag.py:540} INFO - Filling up the DagBag from /home/airflow/.local/lib/python3.12/site-packages/airflow/example_dags/example_skip_dag.py
[2024-05-01T12:57:50.091+0000] {processor.py:840} INFO - DAG(s) 'example_skip_dag' retrieved from /home/airflow/.local/lib/python3.12/site-packages/airflow/example_dags/example_skip_dag.py
[2024-05-01T12:57:50.114+0000] {logging_mixin.py:188} INFO - [2024-05-01T12:57:50.113+0000] {dag.py:3096} INFO - Sync 1 DAGs
[2024-05-01T12:57:50.138+0000] {logging_mixin.py:188} INFO - [2024-05-01T12:57:50.138+0000] {dag.py:3954} INFO - Setting next_dagrun for example_skip_dag to 2024-04-30 00:00:00+00:00, run_after=2024-05-01 00:00:00+00:00
[2024-05-01T12:57:50.157+0000] {processor.py:183} INFO - Processing /home/airflow/.local/lib/python3.12/site-packages/airflow/example_dags/example_skip_dag.py took 0.083 seconds
[2024-05-01T12:58:20.259+0000] {processor.py:161} INFO - Started process (PID=3498) to work on /home/airflow/.local/lib/python3.12/site-packages/airflow/example_dags/example_skip_dag.py
[2024-05-01T12:58:20.261+0000] {processor.py:830} INFO - Processing file /home/airflow/.local/lib/python3.12/site-packages/airflow/example_dags/example_skip_dag.py for tasks to queue
[2024-05-01T12:58:20.263+0000] {logging_mixin.py:188} INFO - [2024-05-01T12:58:20.263+0000] {dagbag.py:540} INFO - Filling up the DagBag from /home/airflow/.local/lib/python3.12/site-packages/airflow/example_dags/example_skip_dag.py
[2024-05-01T12:58:20.270+0000] {processor.py:840} INFO - DAG(s) 'example_skip_dag' retrieved from /home/airflow/.local/lib/python3.12/site-packages/airflow/example_dags/example_skip_dag.py
[2024-05-01T12:58:20.293+0000] {logging_mixin.py:188} INFO - [2024-05-01T12:58:20.293+0000] {dag.py:3096} INFO - Sync 1 DAGs
[2024-05-01T12:58:20.316+0000] {logging_mixin.py:188} INFO - [2024-05-01T12:58:20.316+0000] {dag.py:3954} INFO - Setting next_dagrun for example_skip_dag to 2024-04-30 00:00:00+00:00, run_after=2024-05-01 00:00:00+00:00
[2024-05-01T12:58:20.335+0000] {processor.py:183} INFO - Processing /home/airflow/.local/lib/python3.12/site-packages/airflow/example_dags/example_skip_dag.py took 0.082 seconds
[2024-05-01T12:58:50.572+0000] {processor.py:161} INFO - Started process (PID=3556) to work on /home/airflow/.local/lib/python3.12/site-packages/airflow/example_dags/example_skip_dag.py
[2024-05-01T12:58:50.574+0000] {processor.py:830} INFO - Processing file /home/airflow/.local/lib/python3.12/site-packages/airflow/example_dags/example_skip_dag.py for tasks to queue
[2024-05-01T12:58:50.576+0000] {logging_mixin.py:188} INFO - [2024-05-01T12:58:50.575+0000] {dagbag.py:540} INFO - Filling up the DagBag from /home/airflow/.local/lib/python3.12/site-packages/airflow/example_dags/example_skip_dag.py
[2024-05-01T12:58:50.583+0000] {processor.py:840} INFO - DAG(s) 'example_skip_dag' retrieved from /home/airflow/.local/lib/python3.12/site-packages/airflow/example_dags/example_skip_dag.py
[2024-05-01T12:58:50.605+0000] {logging_mixin.py:188} INFO - [2024-05-01T12:58:50.604+0000] {dag.py:3096} INFO - Sync 1 DAGs
[2024-05-01T12:58:50.629+0000] {logging_mixin.py:188} INFO - [2024-05-01T12:58:50.629+0000] {dag.py:3954} INFO - Setting next_dagrun for example_skip_dag to 2024-04-30 00:00:00+00:00, run_after=2024-05-01 00:00:00+00:00
[2024-05-01T12:58:50.647+0000] {processor.py:183} INFO - Processing /home/airflow/.local/lib/python3.12/site-packages/airflow/example_dags/example_skip_dag.py took 0.082 seconds
[2024-05-01T12:59:20.791+0000] {processor.py:161} INFO - Started process (PID=3614) to work on /home/airflow/.local/lib/python3.12/site-packages/airflow/example_dags/example_skip_dag.py
[2024-05-01T12:59:20.792+0000] {processor.py:830} INFO - Processing file /home/airflow/.local/lib/python3.12/site-packages/airflow/example_dags/example_skip_dag.py for tasks to queue
[2024-05-01T12:59:20.794+0000] {logging_mixin.py:188} INFO - [2024-05-01T12:59:20.794+0000] {dagbag.py:540} INFO - Filling up the DagBag from /home/airflow/.local/lib/python3.12/site-packages/airflow/example_dags/example_skip_dag.py
[2024-05-01T12:59:20.801+0000] {processor.py:840} INFO - DAG(s) 'example_skip_dag' retrieved from /home/airflow/.local/lib/python3.12/site-packages/airflow/example_dags/example_skip_dag.py
[2024-05-01T12:59:20.825+0000] {logging_mixin.py:188} INFO - [2024-05-01T12:59:20.825+0000] {dag.py:3096} INFO - Sync 1 DAGs
[2024-05-01T12:59:20.849+0000] {logging_mixin.py:188} INFO - [2024-05-01T12:59:20.849+0000] {dag.py:3954} INFO - Setting next_dagrun for example_skip_dag to 2024-04-30 00:00:00+00:00, run_after=2024-05-01 00:00:00+00:00
[2024-05-01T12:59:20.869+0000] {processor.py:183} INFO - Processing /home/airflow/.local/lib/python3.12/site-packages/airflow/example_dags/example_skip_dag.py took 0.085 seconds
[2024-05-01T12:59:51.011+0000] {processor.py:161} INFO - Started process (PID=3672) to work on /home/airflow/.local/lib/python3.12/site-packages/airflow/example_dags/example_skip_dag.py
[2024-05-01T12:59:51.013+0000] {processor.py:830} INFO - Processing file /home/airflow/.local/lib/python3.12/site-packages/airflow/example_dags/example_skip_dag.py for tasks to queue
[2024-05-01T12:59:51.015+0000] {logging_mixin.py:188} INFO - [2024-05-01T12:59:51.015+0000] {dagbag.py:540} INFO - Filling up the DagBag from /home/airflow/.local/lib/python3.12/site-packages/airflow/example_dags/example_skip_dag.py
[2024-05-01T12:59:51.023+0000] {processor.py:840} INFO - DAG(s) 'example_skip_dag' retrieved from /home/airflow/.local/lib/python3.12/site-packages/airflow/example_dags/example_skip_dag.py
[2024-05-01T12:59:51.046+0000] {logging_mixin.py:188} INFO - [2024-05-01T12:59:51.046+0000] {dag.py:3096} INFO - Sync 1 DAGs
[2024-05-01T12:59:51.070+0000] {logging_mixin.py:188} INFO - [2024-05-01T12:59:51.070+0000] {dag.py:3954} INFO - Setting next_dagrun for example_skip_dag to 2024-04-30 00:00:00+00:00, run_after=2024-05-01 00:00:00+00:00
[2024-05-01T12:59:51.088+0000] {processor.py:183} INFO - Processing /home/airflow/.local/lib/python3.12/site-packages/airflow/example_dags/example_skip_dag.py took 0.084 seconds
[2024-05-01T13:00:21.293+0000] {processor.py:161} INFO - Started process (PID=3730) to work on /home/airflow/.local/lib/python3.12/site-packages/airflow/example_dags/example_skip_dag.py
[2024-05-01T13:00:21.295+0000] {processor.py:830} INFO - Processing file /home/airflow/.local/lib/python3.12/site-packages/airflow/example_dags/example_skip_dag.py for tasks to queue
[2024-05-01T13:00:21.299+0000] {logging_mixin.py:188} INFO - [2024-05-01T13:00:21.299+0000] {dagbag.py:540} INFO - Filling up the DagBag from /home/airflow/.local/lib/python3.12/site-packages/airflow/example_dags/example_skip_dag.py
[2024-05-01T13:00:21.306+0000] {processor.py:840} INFO - DAG(s) 'example_skip_dag' retrieved from /home/airflow/.local/lib/python3.12/site-packages/airflow/example_dags/example_skip_dag.py
[2024-05-01T13:00:21.327+0000] {logging_mixin.py:188} INFO - [2024-05-01T13:00:21.327+0000] {dag.py:3096} INFO - Sync 1 DAGs
[2024-05-01T13:00:21.351+0000] {logging_mixin.py:188} INFO - [2024-05-01T13:00:21.350+0000] {dag.py:3954} INFO - Setting next_dagrun for example_skip_dag to 2024-04-30 00:00:00+00:00, run_after=2024-05-01 00:00:00+00:00
[2024-05-01T13:00:21.369+0000] {processor.py:183} INFO - Processing /home/airflow/.local/lib/python3.12/site-packages/airflow/example_dags/example_skip_dag.py took 0.083 seconds
[2024-05-01T13:00:51.958+0000] {processor.py:161} INFO - Started process (PID=3788) to work on /home/airflow/.local/lib/python3.12/site-packages/airflow/example_dags/example_skip_dag.py
[2024-05-01T13:00:51.961+0000] {processor.py:830} INFO - Processing file /home/airflow/.local/lib/python3.12/site-packages/airflow/example_dags/example_skip_dag.py for tasks to queue
[2024-05-01T13:00:51.963+0000] {logging_mixin.py:188} INFO - [2024-05-01T13:00:51.963+0000] {dagbag.py:540} INFO - Filling up the DagBag from /home/airflow/.local/lib/python3.12/site-packages/airflow/example_dags/example_skip_dag.py
[2024-05-01T13:00:51.970+0000] {processor.py:840} INFO - DAG(s) 'example_skip_dag' retrieved from /home/airflow/.local/lib/python3.12/site-packages/airflow/example_dags/example_skip_dag.py
[2024-05-01T13:00:51.993+0000] {logging_mixin.py:188} INFO - [2024-05-01T13:00:51.992+0000] {dag.py:3096} INFO - Sync 1 DAGs
[2024-05-01T13:00:52.017+0000] {logging_mixin.py:188} INFO - [2024-05-01T13:00:52.017+0000] {dag.py:3954} INFO - Setting next_dagrun for example_skip_dag to 2024-04-30 00:00:00+00:00, run_after=2024-05-01 00:00:00+00:00
[2024-05-01T13:00:52.036+0000] {processor.py:183} INFO - Processing /home/airflow/.local/lib/python3.12/site-packages/airflow/example_dags/example_skip_dag.py took 0.085 seconds
[2024-05-01T13:01:22.140+0000] {processor.py:161} INFO - Started process (PID=3846) to work on /home/airflow/.local/lib/python3.12/site-packages/airflow/example_dags/example_skip_dag.py
[2024-05-01T13:01:22.141+0000] {processor.py:830} INFO - Processing file /home/airflow/.local/lib/python3.12/site-packages/airflow/example_dags/example_skip_dag.py for tasks to queue
[2024-05-01T13:01:22.143+0000] {logging_mixin.py:188} INFO - [2024-05-01T13:01:22.143+0000] {dagbag.py:540} INFO - Filling up the DagBag from /home/airflow/.local/lib/python3.12/site-packages/airflow/example_dags/example_skip_dag.py
[2024-05-01T13:01:22.150+0000] {processor.py:840} INFO - DAG(s) 'example_skip_dag' retrieved from /home/airflow/.local/lib/python3.12/site-packages/airflow/example_dags/example_skip_dag.py
[2024-05-01T13:01:22.172+0000] {logging_mixin.py:188} INFO - [2024-05-01T13:01:22.172+0000] {dag.py:3096} INFO - Sync 1 DAGs
[2024-05-01T13:01:22.199+0000] {logging_mixin.py:188} INFO - [2024-05-01T13:01:22.199+0000] {dag.py:3954} INFO - Setting next_dagrun for example_skip_dag to 2024-04-30 00:00:00+00:00, run_after=2024-05-01 00:00:00+00:00
[2024-05-01T13:01:22.217+0000] {processor.py:183} INFO - Processing /home/airflow/.local/lib/python3.12/site-packages/airflow/example_dags/example_skip_dag.py took 0.083 seconds
[2024-05-01T13:01:53.143+0000] {processor.py:161} INFO - Started process (PID=3903) to work on /home/airflow/.local/lib/python3.12/site-packages/airflow/example_dags/example_skip_dag.py
[2024-05-01T13:01:53.146+0000] {processor.py:830} INFO - Processing file /home/airflow/.local/lib/python3.12/site-packages/airflow/example_dags/example_skip_dag.py for tasks to queue
[2024-05-01T13:01:53.148+0000] {logging_mixin.py:188} INFO - [2024-05-01T13:01:53.148+0000] {dagbag.py:540} INFO - Filling up the DagBag from /home/airflow/.local/lib/python3.12/site-packages/airflow/example_dags/example_skip_dag.py
[2024-05-01T13:01:53.155+0000] {processor.py:840} INFO - DAG(s) 'example_skip_dag' retrieved from /home/airflow/.local/lib/python3.12/site-packages/airflow/example_dags/example_skip_dag.py
[2024-05-01T13:01:53.187+0000] {logging_mixin.py:188} INFO - [2024-05-01T13:01:53.187+0000] {dag.py:3096} INFO - Sync 1 DAGs
[2024-05-01T13:01:53.220+0000] {logging_mixin.py:188} INFO - [2024-05-01T13:01:53.220+0000] {dag.py:3954} INFO - Setting next_dagrun for example_skip_dag to 2024-04-30 00:00:00+00:00, run_after=2024-05-01 00:00:00+00:00
[2024-05-01T13:01:53.240+0000] {processor.py:183} INFO - Processing /home/airflow/.local/lib/python3.12/site-packages/airflow/example_dags/example_skip_dag.py took 0.103 seconds
[2024-05-01T13:02:23.398+0000] {processor.py:161} INFO - Started process (PID=3961) to work on /home/airflow/.local/lib/python3.12/site-packages/airflow/example_dags/example_skip_dag.py
[2024-05-01T13:02:23.399+0000] {processor.py:830} INFO - Processing file /home/airflow/.local/lib/python3.12/site-packages/airflow/example_dags/example_skip_dag.py for tasks to queue
[2024-05-01T13:02:23.402+0000] {logging_mixin.py:188} INFO - [2024-05-01T13:02:23.402+0000] {dagbag.py:540} INFO - Filling up the DagBag from /home/airflow/.local/lib/python3.12/site-packages/airflow/example_dags/example_skip_dag.py
[2024-05-01T13:02:23.409+0000] {processor.py:840} INFO - DAG(s) 'example_skip_dag' retrieved from /home/airflow/.local/lib/python3.12/site-packages/airflow/example_dags/example_skip_dag.py
[2024-05-01T13:02:23.431+0000] {logging_mixin.py:188} INFO - [2024-05-01T13:02:23.431+0000] {dag.py:3096} INFO - Sync 1 DAGs
[2024-05-01T13:02:23.455+0000] {logging_mixin.py:188} INFO - [2024-05-01T13:02:23.455+0000] {dag.py:3954} INFO - Setting next_dagrun for example_skip_dag to 2024-04-30 00:00:00+00:00, run_after=2024-05-01 00:00:00+00:00
[2024-05-01T13:02:23.474+0000] {processor.py:183} INFO - Processing /home/airflow/.local/lib/python3.12/site-packages/airflow/example_dags/example_skip_dag.py took 0.083 seconds
[2024-05-01T13:02:54.957+0000] {processor.py:161} INFO - Started process (PID=4019) to work on /home/airflow/.local/lib/python3.12/site-packages/airflow/example_dags/example_skip_dag.py
[2024-05-01T13:02:54.962+0000] {processor.py:830} INFO - Processing file /home/airflow/.local/lib/python3.12/site-packages/airflow/example_dags/example_skip_dag.py for tasks to queue
[2024-05-01T13:02:54.973+0000] {logging_mixin.py:188} INFO - [2024-05-01T13:02:54.971+0000] {dagbag.py:540} INFO - Filling up the DagBag from /home/airflow/.local/lib/python3.12/site-packages/airflow/example_dags/example_skip_dag.py
[2024-05-01T13:02:55.010+0000] {processor.py:840} INFO - DAG(s) 'example_skip_dag' retrieved from /home/airflow/.local/lib/python3.12/site-packages/airflow/example_dags/example_skip_dag.py
[2024-05-01T13:02:55.116+0000] {logging_mixin.py:188} INFO - [2024-05-01T13:02:55.115+0000] {dag.py:3096} INFO - Sync 1 DAGs
[2024-05-01T13:02:55.229+0000] {logging_mixin.py:188} INFO - [2024-05-01T13:02:55.228+0000] {dag.py:3954} INFO - Setting next_dagrun for example_skip_dag to 2024-04-30 00:00:00+00:00, run_after=2024-05-01 00:00:00+00:00
[2024-05-01T13:02:55.313+0000] {processor.py:183} INFO - Processing /home/airflow/.local/lib/python3.12/site-packages/airflow/example_dags/example_skip_dag.py took 0.387 seconds
[2024-05-01T13:06:44.569+0000] {processor.py:161} INFO - Started process (PID=4080) to work on /home/airflow/.local/lib/python3.12/site-packages/airflow/example_dags/example_skip_dag.py
[2024-05-01T13:06:44.572+0000] {processor.py:830} INFO - Processing file /home/airflow/.local/lib/python3.12/site-packages/airflow/example_dags/example_skip_dag.py for tasks to queue
[2024-05-01T13:06:44.579+0000] {logging_mixin.py:188} INFO - [2024-05-01T13:06:44.578+0000] {dagbag.py:540} INFO - Filling up the DagBag from /home/airflow/.local/lib/python3.12/site-packages/airflow/example_dags/example_skip_dag.py
[2024-05-01T13:06:44.601+0000] {processor.py:840} INFO - DAG(s) 'example_skip_dag' retrieved from /home/airflow/.local/lib/python3.12/site-packages/airflow/example_dags/example_skip_dag.py
[2024-05-01T13:06:44.657+0000] {logging_mixin.py:188} INFO - [2024-05-01T13:06:44.656+0000] {dag.py:3096} INFO - Sync 1 DAGs
[2024-05-01T13:06:44.716+0000] {logging_mixin.py:188} INFO - [2024-05-01T13:06:44.716+0000] {dag.py:3954} INFO - Setting next_dagrun for example_skip_dag to 2024-04-30 00:00:00+00:00, run_after=2024-05-01 00:00:00+00:00
[2024-05-01T13:06:44.750+0000] {processor.py:183} INFO - Processing /home/airflow/.local/lib/python3.12/site-packages/airflow/example_dags/example_skip_dag.py took 0.190 seconds
[2024-05-01T13:07:14.953+0000] {processor.py:161} INFO - Started process (PID=4138) to work on /home/airflow/.local/lib/python3.12/site-packages/airflow/example_dags/example_skip_dag.py
[2024-05-01T13:07:14.954+0000] {processor.py:830} INFO - Processing file /home/airflow/.local/lib/python3.12/site-packages/airflow/example_dags/example_skip_dag.py for tasks to queue
[2024-05-01T13:07:14.956+0000] {logging_mixin.py:188} INFO - [2024-05-01T13:07:14.956+0000] {dagbag.py:540} INFO - Filling up the DagBag from /home/airflow/.local/lib/python3.12/site-packages/airflow/example_dags/example_skip_dag.py
[2024-05-01T13:07:14.964+0000] {processor.py:840} INFO - DAG(s) 'example_skip_dag' retrieved from /home/airflow/.local/lib/python3.12/site-packages/airflow/example_dags/example_skip_dag.py
[2024-05-01T13:07:14.986+0000] {logging_mixin.py:188} INFO - [2024-05-01T13:07:14.986+0000] {dag.py:3096} INFO - Sync 1 DAGs
[2024-05-01T13:07:15.011+0000] {logging_mixin.py:188} INFO - [2024-05-01T13:07:15.011+0000] {dag.py:3954} INFO - Setting next_dagrun for example_skip_dag to 2024-04-30 00:00:00+00:00, run_after=2024-05-01 00:00:00+00:00
[2024-05-01T13:07:15.030+0000] {processor.py:183} INFO - Processing /home/airflow/.local/lib/python3.12/site-packages/airflow/example_dags/example_skip_dag.py took 0.084 seconds
[2024-05-01T13:07:45.350+0000] {processor.py:161} INFO - Started process (PID=4196) to work on /home/airflow/.local/lib/python3.12/site-packages/airflow/example_dags/example_skip_dag.py
[2024-05-01T13:07:45.351+0000] {processor.py:830} INFO - Processing file /home/airflow/.local/lib/python3.12/site-packages/airflow/example_dags/example_skip_dag.py for tasks to queue
[2024-05-01T13:07:45.353+0000] {logging_mixin.py:188} INFO - [2024-05-01T13:07:45.353+0000] {dagbag.py:540} INFO - Filling up the DagBag from /home/airflow/.local/lib/python3.12/site-packages/airflow/example_dags/example_skip_dag.py
[2024-05-01T13:07:45.361+0000] {processor.py:840} INFO - DAG(s) 'example_skip_dag' retrieved from /home/airflow/.local/lib/python3.12/site-packages/airflow/example_dags/example_skip_dag.py
[2024-05-01T13:07:45.384+0000] {logging_mixin.py:188} INFO - [2024-05-01T13:07:45.384+0000] {dag.py:3096} INFO - Sync 1 DAGs
[2024-05-01T13:07:45.408+0000] {logging_mixin.py:188} INFO - [2024-05-01T13:07:45.408+0000] {dag.py:3954} INFO - Setting next_dagrun for example_skip_dag to 2024-04-30 00:00:00+00:00, run_after=2024-05-01 00:00:00+00:00
[2024-05-01T13:07:45.428+0000] {processor.py:183} INFO - Processing /home/airflow/.local/lib/python3.12/site-packages/airflow/example_dags/example_skip_dag.py took 0.085 seconds
[2024-05-01T13:08:15.593+0000] {processor.py:161} INFO - Started process (PID=4254) to work on /home/airflow/.local/lib/python3.12/site-packages/airflow/example_dags/example_skip_dag.py
[2024-05-01T13:08:15.594+0000] {processor.py:830} INFO - Processing file /home/airflow/.local/lib/python3.12/site-packages/airflow/example_dags/example_skip_dag.py for tasks to queue
[2024-05-01T13:08:15.596+0000] {logging_mixin.py:188} INFO - [2024-05-01T13:08:15.596+0000] {dagbag.py:540} INFO - Filling up the DagBag from /home/airflow/.local/lib/python3.12/site-packages/airflow/example_dags/example_skip_dag.py
[2024-05-01T13:08:15.603+0000] {processor.py:840} INFO - DAG(s) 'example_skip_dag' retrieved from /home/airflow/.local/lib/python3.12/site-packages/airflow/example_dags/example_skip_dag.py
[2024-05-01T13:08:15.626+0000] {logging_mixin.py:188} INFO - [2024-05-01T13:08:15.626+0000] {dag.py:3096} INFO - Sync 1 DAGs
[2024-05-01T13:08:15.650+0000] {logging_mixin.py:188} INFO - [2024-05-01T13:08:15.650+0000] {dag.py:3954} INFO - Setting next_dagrun for example_skip_dag to 2024-04-30 00:00:00+00:00, run_after=2024-05-01 00:00:00+00:00
[2024-05-01T13:08:15.668+0000] {processor.py:183} INFO - Processing /home/airflow/.local/lib/python3.12/site-packages/airflow/example_dags/example_skip_dag.py took 0.081 seconds
[2024-05-01T13:08:46.062+0000] {processor.py:161} INFO - Started process (PID=4312) to work on /home/airflow/.local/lib/python3.12/site-packages/airflow/example_dags/example_skip_dag.py
[2024-05-01T13:08:46.065+0000] {processor.py:830} INFO - Processing file /home/airflow/.local/lib/python3.12/site-packages/airflow/example_dags/example_skip_dag.py for tasks to queue
[2024-05-01T13:08:46.068+0000] {logging_mixin.py:188} INFO - [2024-05-01T13:08:46.067+0000] {dagbag.py:540} INFO - Filling up the DagBag from /home/airflow/.local/lib/python3.12/site-packages/airflow/example_dags/example_skip_dag.py
[2024-05-01T13:08:46.076+0000] {processor.py:840} INFO - DAG(s) 'example_skip_dag' retrieved from /home/airflow/.local/lib/python3.12/site-packages/airflow/example_dags/example_skip_dag.py
[2024-05-01T13:08:46.102+0000] {logging_mixin.py:188} INFO - [2024-05-01T13:08:46.102+0000] {dag.py:3096} INFO - Sync 1 DAGs
[2024-05-01T13:08:46.133+0000] {logging_mixin.py:188} INFO - [2024-05-01T13:08:46.132+0000] {dag.py:3954} INFO - Setting next_dagrun for example_skip_dag to 2024-04-30 00:00:00+00:00, run_after=2024-05-01 00:00:00+00:00
[2024-05-01T13:08:46.155+0000] {processor.py:183} INFO - Processing /home/airflow/.local/lib/python3.12/site-packages/airflow/example_dags/example_skip_dag.py took 0.100 seconds
