[2024-05-01T12:28:16.359+0000] {processor.py:161} INFO - Started process (PID=73) to work on /home/airflow/.local/lib/python3.12/site-packages/airflow/example_dags/example_display_name.py
[2024-05-01T12:28:16.363+0000] {processor.py:830} INFO - Processing file /home/airflow/.local/lib/python3.12/site-packages/airflow/example_dags/example_display_name.py for tasks to queue
[2024-05-01T12:28:16.375+0000] {logging_mixin.py:188} INFO - [2024-05-01T12:28:16.373+0000] {dagbag.py:540} INFO - Filling up the DagBag from /home/airflow/.local/lib/python3.12/site-packages/airflow/example_dags/example_display_name.py
[2024-05-01T12:28:16.399+0000] {processor.py:840} INFO - DAG(s) 'example_display_name' retrieved from /home/airflow/.local/lib/python3.12/site-packages/airflow/example_dags/example_display_name.py
[2024-05-01T12:28:16.426+0000] {logging_mixin.py:188} INFO - [2024-05-01T12:28:16.426+0000] {dag.py:3096} INFO - Sync 1 DAGs
[2024-05-01T12:28:16.457+0000] {logging_mixin.py:188} INFO - [2024-05-01T12:28:16.457+0000] {dag.py:3954} INFO - Setting next_dagrun for example_display_name to None, run_after=None
[2024-05-01T12:28:16.492+0000] {processor.py:183} INFO - Processing /home/airflow/.local/lib/python3.12/site-packages/airflow/example_dags/example_display_name.py took 0.153 seconds
[2024-05-01T12:28:46.817+0000] {processor.py:161} INFO - Started process (PID=131) to work on /home/airflow/.local/lib/python3.12/site-packages/airflow/example_dags/example_display_name.py
[2024-05-01T12:28:46.819+0000] {processor.py:830} INFO - Processing file /home/airflow/.local/lib/python3.12/site-packages/airflow/example_dags/example_display_name.py for tasks to queue
[2024-05-01T12:28:46.821+0000] {logging_mixin.py:188} INFO - [2024-05-01T12:28:46.821+0000] {dagbag.py:540} INFO - Filling up the DagBag from /home/airflow/.local/lib/python3.12/site-packages/airflow/example_dags/example_display_name.py
[2024-05-01T12:28:46.828+0000] {processor.py:840} INFO - DAG(s) 'example_display_name' retrieved from /home/airflow/.local/lib/python3.12/site-packages/airflow/example_dags/example_display_name.py
[2024-05-01T12:28:46.943+0000] {logging_mixin.py:188} INFO - [2024-05-01T12:28:46.943+0000] {dag.py:3096} INFO - Sync 1 DAGs
[2024-05-01T12:28:46.955+0000] {logging_mixin.py:188} INFO - [2024-05-01T12:28:46.955+0000] {dag.py:3954} INFO - Setting next_dagrun for example_display_name to None, run_after=None
[2024-05-01T12:28:46.975+0000] {processor.py:183} INFO - Processing /home/airflow/.local/lib/python3.12/site-packages/airflow/example_dags/example_display_name.py took 0.164 seconds
[2024-05-01T12:29:17.592+0000] {processor.py:161} INFO - Started process (PID=189) to work on /home/airflow/.local/lib/python3.12/site-packages/airflow/example_dags/example_display_name.py
[2024-05-01T12:29:17.594+0000] {processor.py:830} INFO - Processing file /home/airflow/.local/lib/python3.12/site-packages/airflow/example_dags/example_display_name.py for tasks to queue
[2024-05-01T12:29:17.598+0000] {logging_mixin.py:188} INFO - [2024-05-01T12:29:17.597+0000] {dagbag.py:540} INFO - Filling up the DagBag from /home/airflow/.local/lib/python3.12/site-packages/airflow/example_dags/example_display_name.py
[2024-05-01T12:29:17.607+0000] {processor.py:840} INFO - DAG(s) 'example_display_name' retrieved from /home/airflow/.local/lib/python3.12/site-packages/airflow/example_dags/example_display_name.py
[2024-05-01T12:29:17.657+0000] {logging_mixin.py:188} INFO - [2024-05-01T12:29:17.657+0000] {dag.py:3096} INFO - Sync 1 DAGs
[2024-05-01T12:29:17.691+0000] {logging_mixin.py:188} INFO - [2024-05-01T12:29:17.691+0000] {dag.py:3954} INFO - Setting next_dagrun for example_display_name to None, run_after=None
[2024-05-01T12:29:17.714+0000] {processor.py:183} INFO - Processing /home/airflow/.local/lib/python3.12/site-packages/airflow/example_dags/example_display_name.py took 0.131 seconds
[2024-05-01T12:29:48.317+0000] {processor.py:161} INFO - Started process (PID=247) to work on /home/airflow/.local/lib/python3.12/site-packages/airflow/example_dags/example_display_name.py
[2024-05-01T12:29:48.320+0000] {processor.py:830} INFO - Processing file /home/airflow/.local/lib/python3.12/site-packages/airflow/example_dags/example_display_name.py for tasks to queue
[2024-05-01T12:29:48.326+0000] {logging_mixin.py:188} INFO - [2024-05-01T12:29:48.326+0000] {dagbag.py:540} INFO - Filling up the DagBag from /home/airflow/.local/lib/python3.12/site-packages/airflow/example_dags/example_display_name.py
[2024-05-01T12:29:48.344+0000] {processor.py:840} INFO - DAG(s) 'example_display_name' retrieved from /home/airflow/.local/lib/python3.12/site-packages/airflow/example_dags/example_display_name.py
[2024-05-01T12:29:48.389+0000] {logging_mixin.py:188} INFO - [2024-05-01T12:29:48.388+0000] {dag.py:3096} INFO - Sync 1 DAGs
[2024-05-01T12:29:48.419+0000] {logging_mixin.py:188} INFO - [2024-05-01T12:29:48.418+0000] {dag.py:3954} INFO - Setting next_dagrun for example_display_name to None, run_after=None
[2024-05-01T12:29:48.452+0000] {processor.py:183} INFO - Processing /home/airflow/.local/lib/python3.12/site-packages/airflow/example_dags/example_display_name.py took 0.154 seconds
[2024-05-01T12:30:19.551+0000] {processor.py:161} INFO - Started process (PID=305) to work on /home/airflow/.local/lib/python3.12/site-packages/airflow/example_dags/example_display_name.py
[2024-05-01T12:30:19.553+0000] {processor.py:830} INFO - Processing file /home/airflow/.local/lib/python3.12/site-packages/airflow/example_dags/example_display_name.py for tasks to queue
[2024-05-01T12:30:19.555+0000] {logging_mixin.py:188} INFO - [2024-05-01T12:30:19.555+0000] {dagbag.py:540} INFO - Filling up the DagBag from /home/airflow/.local/lib/python3.12/site-packages/airflow/example_dags/example_display_name.py
[2024-05-01T12:30:19.561+0000] {processor.py:840} INFO - DAG(s) 'example_display_name' retrieved from /home/airflow/.local/lib/python3.12/site-packages/airflow/example_dags/example_display_name.py
[2024-05-01T12:30:19.582+0000] {logging_mixin.py:188} INFO - [2024-05-01T12:30:19.582+0000] {dag.py:3096} INFO - Sync 1 DAGs
[2024-05-01T12:30:19.598+0000] {logging_mixin.py:188} INFO - [2024-05-01T12:30:19.597+0000] {dag.py:3954} INFO - Setting next_dagrun for example_display_name to None, run_after=None
[2024-05-01T12:30:19.617+0000] {processor.py:183} INFO - Processing /home/airflow/.local/lib/python3.12/site-packages/airflow/example_dags/example_display_name.py took 0.073 seconds
[2024-05-01T12:30:49.779+0000] {processor.py:161} INFO - Started process (PID=363) to work on /home/airflow/.local/lib/python3.12/site-packages/airflow/example_dags/example_display_name.py
[2024-05-01T12:30:49.780+0000] {processor.py:830} INFO - Processing file /home/airflow/.local/lib/python3.12/site-packages/airflow/example_dags/example_display_name.py for tasks to queue
[2024-05-01T12:30:49.783+0000] {logging_mixin.py:188} INFO - [2024-05-01T12:30:49.782+0000] {dagbag.py:540} INFO - Filling up the DagBag from /home/airflow/.local/lib/python3.12/site-packages/airflow/example_dags/example_display_name.py
[2024-05-01T12:30:49.790+0000] {processor.py:840} INFO - DAG(s) 'example_display_name' retrieved from /home/airflow/.local/lib/python3.12/site-packages/airflow/example_dags/example_display_name.py
[2024-05-01T12:30:49.813+0000] {logging_mixin.py:188} INFO - [2024-05-01T12:30:49.813+0000] {dag.py:3096} INFO - Sync 1 DAGs
[2024-05-01T12:30:49.828+0000] {logging_mixin.py:188} INFO - [2024-05-01T12:30:49.827+0000] {dag.py:3954} INFO - Setting next_dagrun for example_display_name to None, run_after=None
[2024-05-01T12:30:49.847+0000] {processor.py:183} INFO - Processing /home/airflow/.local/lib/python3.12/site-packages/airflow/example_dags/example_display_name.py took 0.076 seconds
[2024-05-01T12:31:20.295+0000] {processor.py:161} INFO - Started process (PID=421) to work on /home/airflow/.local/lib/python3.12/site-packages/airflow/example_dags/example_display_name.py
[2024-05-01T12:31:20.297+0000] {processor.py:830} INFO - Processing file /home/airflow/.local/lib/python3.12/site-packages/airflow/example_dags/example_display_name.py for tasks to queue
[2024-05-01T12:31:20.299+0000] {logging_mixin.py:188} INFO - [2024-05-01T12:31:20.299+0000] {dagbag.py:540} INFO - Filling up the DagBag from /home/airflow/.local/lib/python3.12/site-packages/airflow/example_dags/example_display_name.py
[2024-05-01T12:31:20.307+0000] {processor.py:840} INFO - DAG(s) 'example_display_name' retrieved from /home/airflow/.local/lib/python3.12/site-packages/airflow/example_dags/example_display_name.py
[2024-05-01T12:31:20.331+0000] {logging_mixin.py:188} INFO - [2024-05-01T12:31:20.330+0000] {dag.py:3096} INFO - Sync 1 DAGs
[2024-05-01T12:31:20.345+0000] {logging_mixin.py:188} INFO - [2024-05-01T12:31:20.345+0000] {dag.py:3954} INFO - Setting next_dagrun for example_display_name to None, run_after=None
[2024-05-01T12:31:20.372+0000] {processor.py:183} INFO - Processing /home/airflow/.local/lib/python3.12/site-packages/airflow/example_dags/example_display_name.py took 0.086 seconds
[2024-05-01T12:31:51.128+0000] {processor.py:161} INFO - Started process (PID=479) to work on /home/airflow/.local/lib/python3.12/site-packages/airflow/example_dags/example_display_name.py
[2024-05-01T12:31:51.130+0000] {processor.py:830} INFO - Processing file /home/airflow/.local/lib/python3.12/site-packages/airflow/example_dags/example_display_name.py for tasks to queue
[2024-05-01T12:31:51.133+0000] {logging_mixin.py:188} INFO - [2024-05-01T12:31:51.132+0000] {dagbag.py:540} INFO - Filling up the DagBag from /home/airflow/.local/lib/python3.12/site-packages/airflow/example_dags/example_display_name.py
[2024-05-01T12:31:51.140+0000] {processor.py:840} INFO - DAG(s) 'example_display_name' retrieved from /home/airflow/.local/lib/python3.12/site-packages/airflow/example_dags/example_display_name.py
[2024-05-01T12:31:51.165+0000] {logging_mixin.py:188} INFO - [2024-05-01T12:31:51.164+0000] {dag.py:3096} INFO - Sync 1 DAGs
[2024-05-01T12:31:51.179+0000] {logging_mixin.py:188} INFO - [2024-05-01T12:31:51.179+0000] {dag.py:3954} INFO - Setting next_dagrun for example_display_name to None, run_after=None
[2024-05-01T12:31:51.200+0000] {processor.py:183} INFO - Processing /home/airflow/.local/lib/python3.12/site-packages/airflow/example_dags/example_display_name.py took 0.080 seconds
[2024-05-01T12:32:21.419+0000] {processor.py:161} INFO - Started process (PID=537) to work on /home/airflow/.local/lib/python3.12/site-packages/airflow/example_dags/example_display_name.py
[2024-05-01T12:32:21.421+0000] {processor.py:830} INFO - Processing file /home/airflow/.local/lib/python3.12/site-packages/airflow/example_dags/example_display_name.py for tasks to queue
[2024-05-01T12:32:21.424+0000] {logging_mixin.py:188} INFO - [2024-05-01T12:32:21.423+0000] {dagbag.py:540} INFO - Filling up the DagBag from /home/airflow/.local/lib/python3.12/site-packages/airflow/example_dags/example_display_name.py
[2024-05-01T12:32:21.431+0000] {processor.py:840} INFO - DAG(s) 'example_display_name' retrieved from /home/airflow/.local/lib/python3.12/site-packages/airflow/example_dags/example_display_name.py
[2024-05-01T12:32:21.454+0000] {logging_mixin.py:188} INFO - [2024-05-01T12:32:21.454+0000] {dag.py:3096} INFO - Sync 1 DAGs
[2024-05-01T12:32:21.470+0000] {logging_mixin.py:188} INFO - [2024-05-01T12:32:21.469+0000] {dag.py:3954} INFO - Setting next_dagrun for example_display_name to None, run_after=None
[2024-05-01T12:32:21.488+0000] {processor.py:183} INFO - Processing /home/airflow/.local/lib/python3.12/site-packages/airflow/example_dags/example_display_name.py took 0.077 seconds
[2024-05-01T12:32:51.911+0000] {processor.py:161} INFO - Started process (PID=595) to work on /home/airflow/.local/lib/python3.12/site-packages/airflow/example_dags/example_display_name.py
[2024-05-01T12:32:51.912+0000] {processor.py:830} INFO - Processing file /home/airflow/.local/lib/python3.12/site-packages/airflow/example_dags/example_display_name.py for tasks to queue
[2024-05-01T12:32:51.915+0000] {logging_mixin.py:188} INFO - [2024-05-01T12:32:51.915+0000] {dagbag.py:540} INFO - Filling up the DagBag from /home/airflow/.local/lib/python3.12/site-packages/airflow/example_dags/example_display_name.py
[2024-05-01T12:32:51.923+0000] {processor.py:840} INFO - DAG(s) 'example_display_name' retrieved from /home/airflow/.local/lib/python3.12/site-packages/airflow/example_dags/example_display_name.py
[2024-05-01T12:32:51.946+0000] {logging_mixin.py:188} INFO - [2024-05-01T12:32:51.946+0000] {dag.py:3096} INFO - Sync 1 DAGs
[2024-05-01T12:32:51.960+0000] {logging_mixin.py:188} INFO - [2024-05-01T12:32:51.960+0000] {dag.py:3954} INFO - Setting next_dagrun for example_display_name to None, run_after=None
[2024-05-01T12:32:51.979+0000] {processor.py:183} INFO - Processing /home/airflow/.local/lib/python3.12/site-packages/airflow/example_dags/example_display_name.py took 0.076 seconds
[2024-05-01T12:33:22.615+0000] {processor.py:161} INFO - Started process (PID=653) to work on /home/airflow/.local/lib/python3.12/site-packages/airflow/example_dags/example_display_name.py
[2024-05-01T12:33:22.617+0000] {processor.py:830} INFO - Processing file /home/airflow/.local/lib/python3.12/site-packages/airflow/example_dags/example_display_name.py for tasks to queue
[2024-05-01T12:33:22.619+0000] {logging_mixin.py:188} INFO - [2024-05-01T12:33:22.619+0000] {dagbag.py:540} INFO - Filling up the DagBag from /home/airflow/.local/lib/python3.12/site-packages/airflow/example_dags/example_display_name.py
[2024-05-01T12:33:22.626+0000] {processor.py:840} INFO - DAG(s) 'example_display_name' retrieved from /home/airflow/.local/lib/python3.12/site-packages/airflow/example_dags/example_display_name.py
[2024-05-01T12:33:22.648+0000] {logging_mixin.py:188} INFO - [2024-05-01T12:33:22.647+0000] {dag.py:3096} INFO - Sync 1 DAGs
[2024-05-01T12:33:22.663+0000] {logging_mixin.py:188} INFO - [2024-05-01T12:33:22.663+0000] {dag.py:3954} INFO - Setting next_dagrun for example_display_name to None, run_after=None
[2024-05-01T12:33:22.684+0000] {processor.py:183} INFO - Processing /home/airflow/.local/lib/python3.12/site-packages/airflow/example_dags/example_display_name.py took 0.075 seconds
[2024-05-01T12:33:52.922+0000] {processor.py:161} INFO - Started process (PID=711) to work on /home/airflow/.local/lib/python3.12/site-packages/airflow/example_dags/example_display_name.py
[2024-05-01T12:33:52.924+0000] {processor.py:830} INFO - Processing file /home/airflow/.local/lib/python3.12/site-packages/airflow/example_dags/example_display_name.py for tasks to queue
[2024-05-01T12:33:52.926+0000] {logging_mixin.py:188} INFO - [2024-05-01T12:33:52.926+0000] {dagbag.py:540} INFO - Filling up the DagBag from /home/airflow/.local/lib/python3.12/site-packages/airflow/example_dags/example_display_name.py
[2024-05-01T12:33:52.935+0000] {processor.py:840} INFO - DAG(s) 'example_display_name' retrieved from /home/airflow/.local/lib/python3.12/site-packages/airflow/example_dags/example_display_name.py
[2024-05-01T12:33:52.961+0000] {logging_mixin.py:188} INFO - [2024-05-01T12:33:52.961+0000] {dag.py:3096} INFO - Sync 1 DAGs
[2024-05-01T12:33:52.979+0000] {logging_mixin.py:188} INFO - [2024-05-01T12:33:52.979+0000] {dag.py:3954} INFO - Setting next_dagrun for example_display_name to None, run_after=None
[2024-05-01T12:33:53.010+0000] {processor.py:183} INFO - Processing /home/airflow/.local/lib/python3.12/site-packages/airflow/example_dags/example_display_name.py took 0.096 seconds
[2024-05-01T12:34:23.875+0000] {processor.py:161} INFO - Started process (PID=769) to work on /home/airflow/.local/lib/python3.12/site-packages/airflow/example_dags/example_display_name.py
[2024-05-01T12:34:23.877+0000] {processor.py:830} INFO - Processing file /home/airflow/.local/lib/python3.12/site-packages/airflow/example_dags/example_display_name.py for tasks to queue
[2024-05-01T12:34:23.879+0000] {logging_mixin.py:188} INFO - [2024-05-01T12:34:23.879+0000] {dagbag.py:540} INFO - Filling up the DagBag from /home/airflow/.local/lib/python3.12/site-packages/airflow/example_dags/example_display_name.py
[2024-05-01T12:34:23.886+0000] {processor.py:840} INFO - DAG(s) 'example_display_name' retrieved from /home/airflow/.local/lib/python3.12/site-packages/airflow/example_dags/example_display_name.py
[2024-05-01T12:34:23.910+0000] {logging_mixin.py:188} INFO - [2024-05-01T12:34:23.910+0000] {dag.py:3096} INFO - Sync 1 DAGs
[2024-05-01T12:34:23.924+0000] {logging_mixin.py:188} INFO - [2024-05-01T12:34:23.924+0000] {dag.py:3954} INFO - Setting next_dagrun for example_display_name to None, run_after=None
[2024-05-01T12:34:23.946+0000] {processor.py:183} INFO - Processing /home/airflow/.local/lib/python3.12/site-packages/airflow/example_dags/example_display_name.py took 0.077 seconds
[2024-05-01T12:34:54.057+0000] {processor.py:161} INFO - Started process (PID=827) to work on /home/airflow/.local/lib/python3.12/site-packages/airflow/example_dags/example_display_name.py
[2024-05-01T12:34:54.059+0000] {processor.py:830} INFO - Processing file /home/airflow/.local/lib/python3.12/site-packages/airflow/example_dags/example_display_name.py for tasks to queue
[2024-05-01T12:34:54.061+0000] {logging_mixin.py:188} INFO - [2024-05-01T12:34:54.061+0000] {dagbag.py:540} INFO - Filling up the DagBag from /home/airflow/.local/lib/python3.12/site-packages/airflow/example_dags/example_display_name.py
[2024-05-01T12:34:54.068+0000] {processor.py:840} INFO - DAG(s) 'example_display_name' retrieved from /home/airflow/.local/lib/python3.12/site-packages/airflow/example_dags/example_display_name.py
[2024-05-01T12:34:54.091+0000] {logging_mixin.py:188} INFO - [2024-05-01T12:34:54.091+0000] {dag.py:3096} INFO - Sync 1 DAGs
[2024-05-01T12:34:54.106+0000] {logging_mixin.py:188} INFO - [2024-05-01T12:34:54.106+0000] {dag.py:3954} INFO - Setting next_dagrun for example_display_name to None, run_after=None
[2024-05-01T12:34:54.125+0000] {processor.py:183} INFO - Processing /home/airflow/.local/lib/python3.12/site-packages/airflow/example_dags/example_display_name.py took 0.075 seconds
[2024-05-01T12:35:24.677+0000] {processor.py:161} INFO - Started process (PID=891) to work on /home/airflow/.local/lib/python3.12/site-packages/airflow/example_dags/example_display_name.py
[2024-05-01T12:35:24.679+0000] {processor.py:830} INFO - Processing file /home/airflow/.local/lib/python3.12/site-packages/airflow/example_dags/example_display_name.py for tasks to queue
[2024-05-01T12:35:24.682+0000] {logging_mixin.py:188} INFO - [2024-05-01T12:35:24.681+0000] {dagbag.py:540} INFO - Filling up the DagBag from /home/airflow/.local/lib/python3.12/site-packages/airflow/example_dags/example_display_name.py
[2024-05-01T12:35:24.690+0000] {processor.py:840} INFO - DAG(s) 'example_display_name' retrieved from /home/airflow/.local/lib/python3.12/site-packages/airflow/example_dags/example_display_name.py
[2024-05-01T12:35:24.714+0000] {logging_mixin.py:188} INFO - [2024-05-01T12:35:24.714+0000] {dag.py:3096} INFO - Sync 1 DAGs
[2024-05-01T12:35:24.864+0000] {logging_mixin.py:188} INFO - [2024-05-01T12:35:24.864+0000] {dag.py:3954} INFO - Setting next_dagrun for example_display_name to None, run_after=None
[2024-05-01T12:35:24.888+0000] {processor.py:183} INFO - Processing /home/airflow/.local/lib/python3.12/site-packages/airflow/example_dags/example_display_name.py took 0.219 seconds
[2024-05-01T12:35:56.096+0000] {processor.py:161} INFO - Started process (PID=949) to work on /home/airflow/.local/lib/python3.12/site-packages/airflow/example_dags/example_display_name.py
[2024-05-01T12:35:56.099+0000] {processor.py:830} INFO - Processing file /home/airflow/.local/lib/python3.12/site-packages/airflow/example_dags/example_display_name.py for tasks to queue
[2024-05-01T12:35:56.101+0000] {logging_mixin.py:188} INFO - [2024-05-01T12:35:56.101+0000] {dagbag.py:540} INFO - Filling up the DagBag from /home/airflow/.local/lib/python3.12/site-packages/airflow/example_dags/example_display_name.py
[2024-05-01T12:35:56.109+0000] {processor.py:840} INFO - DAG(s) 'example_display_name' retrieved from /home/airflow/.local/lib/python3.12/site-packages/airflow/example_dags/example_display_name.py
[2024-05-01T12:35:56.137+0000] {logging_mixin.py:188} INFO - [2024-05-01T12:35:56.136+0000] {dag.py:3096} INFO - Sync 1 DAGs
[2024-05-01T12:35:56.156+0000] {logging_mixin.py:188} INFO - [2024-05-01T12:35:56.156+0000] {dag.py:3954} INFO - Setting next_dagrun for example_display_name to None, run_after=None
[2024-05-01T12:35:56.335+0000] {processor.py:183} INFO - Processing /home/airflow/.local/lib/python3.12/site-packages/airflow/example_dags/example_display_name.py took 0.247 seconds
[2024-05-01T12:36:26.446+0000] {processor.py:161} INFO - Started process (PID=1007) to work on /home/airflow/.local/lib/python3.12/site-packages/airflow/example_dags/example_display_name.py
[2024-05-01T12:36:26.447+0000] {processor.py:830} INFO - Processing file /home/airflow/.local/lib/python3.12/site-packages/airflow/example_dags/example_display_name.py for tasks to queue
[2024-05-01T12:36:26.450+0000] {logging_mixin.py:188} INFO - [2024-05-01T12:36:26.450+0000] {dagbag.py:540} INFO - Filling up the DagBag from /home/airflow/.local/lib/python3.12/site-packages/airflow/example_dags/example_display_name.py
[2024-05-01T12:36:26.457+0000] {processor.py:840} INFO - DAG(s) 'example_display_name' retrieved from /home/airflow/.local/lib/python3.12/site-packages/airflow/example_dags/example_display_name.py
[2024-05-01T12:36:26.482+0000] {logging_mixin.py:188} INFO - [2024-05-01T12:36:26.481+0000] {dag.py:3096} INFO - Sync 1 DAGs
[2024-05-01T12:36:26.500+0000] {logging_mixin.py:188} INFO - [2024-05-01T12:36:26.500+0000] {dag.py:3954} INFO - Setting next_dagrun for example_display_name to None, run_after=None
[2024-05-01T12:36:26.525+0000] {processor.py:183} INFO - Processing /home/airflow/.local/lib/python3.12/site-packages/airflow/example_dags/example_display_name.py took 0.087 seconds
[2024-05-01T12:36:57.018+0000] {processor.py:161} INFO - Started process (PID=1065) to work on /home/airflow/.local/lib/python3.12/site-packages/airflow/example_dags/example_display_name.py
[2024-05-01T12:36:57.019+0000] {processor.py:830} INFO - Processing file /home/airflow/.local/lib/python3.12/site-packages/airflow/example_dags/example_display_name.py for tasks to queue
[2024-05-01T12:36:57.021+0000] {logging_mixin.py:188} INFO - [2024-05-01T12:36:57.021+0000] {dagbag.py:540} INFO - Filling up the DagBag from /home/airflow/.local/lib/python3.12/site-packages/airflow/example_dags/example_display_name.py
[2024-05-01T12:36:57.028+0000] {processor.py:840} INFO - DAG(s) 'example_display_name' retrieved from /home/airflow/.local/lib/python3.12/site-packages/airflow/example_dags/example_display_name.py
[2024-05-01T12:36:57.048+0000] {logging_mixin.py:188} INFO - [2024-05-01T12:36:57.048+0000] {dag.py:3096} INFO - Sync 1 DAGs
[2024-05-01T12:36:57.062+0000] {logging_mixin.py:188} INFO - [2024-05-01T12:36:57.062+0000] {dag.py:3954} INFO - Setting next_dagrun for example_display_name to None, run_after=None
[2024-05-01T12:36:57.081+0000] {processor.py:183} INFO - Processing /home/airflow/.local/lib/python3.12/site-packages/airflow/example_dags/example_display_name.py took 0.070 seconds
[2024-05-01T12:37:27.317+0000] {processor.py:161} INFO - Started process (PID=1123) to work on /home/airflow/.local/lib/python3.12/site-packages/airflow/example_dags/example_display_name.py
[2024-05-01T12:37:27.318+0000] {processor.py:830} INFO - Processing file /home/airflow/.local/lib/python3.12/site-packages/airflow/example_dags/example_display_name.py for tasks to queue
[2024-05-01T12:37:27.320+0000] {logging_mixin.py:188} INFO - [2024-05-01T12:37:27.320+0000] {dagbag.py:540} INFO - Filling up the DagBag from /home/airflow/.local/lib/python3.12/site-packages/airflow/example_dags/example_display_name.py
[2024-05-01T12:37:27.327+0000] {processor.py:840} INFO - DAG(s) 'example_display_name' retrieved from /home/airflow/.local/lib/python3.12/site-packages/airflow/example_dags/example_display_name.py
[2024-05-01T12:37:27.347+0000] {logging_mixin.py:188} INFO - [2024-05-01T12:37:27.347+0000] {dag.py:3096} INFO - Sync 1 DAGs
[2024-05-01T12:37:27.362+0000] {logging_mixin.py:188} INFO - [2024-05-01T12:37:27.361+0000] {dag.py:3954} INFO - Setting next_dagrun for example_display_name to None, run_after=None
[2024-05-01T12:37:27.381+0000] {processor.py:183} INFO - Processing /home/airflow/.local/lib/python3.12/site-packages/airflow/example_dags/example_display_name.py took 0.070 seconds
[2024-05-01T12:37:58.177+0000] {processor.py:161} INFO - Started process (PID=1181) to work on /home/airflow/.local/lib/python3.12/site-packages/airflow/example_dags/example_display_name.py
[2024-05-01T12:37:58.179+0000] {processor.py:830} INFO - Processing file /home/airflow/.local/lib/python3.12/site-packages/airflow/example_dags/example_display_name.py for tasks to queue
[2024-05-01T12:37:58.181+0000] {logging_mixin.py:188} INFO - [2024-05-01T12:37:58.181+0000] {dagbag.py:540} INFO - Filling up the DagBag from /home/airflow/.local/lib/python3.12/site-packages/airflow/example_dags/example_display_name.py
[2024-05-01T12:37:58.187+0000] {processor.py:840} INFO - DAG(s) 'example_display_name' retrieved from /home/airflow/.local/lib/python3.12/site-packages/airflow/example_dags/example_display_name.py
[2024-05-01T12:37:58.208+0000] {logging_mixin.py:188} INFO - [2024-05-01T12:37:58.208+0000] {dag.py:3096} INFO - Sync 1 DAGs
[2024-05-01T12:37:58.223+0000] {logging_mixin.py:188} INFO - [2024-05-01T12:37:58.223+0000] {dag.py:3954} INFO - Setting next_dagrun for example_display_name to None, run_after=None
[2024-05-01T12:37:58.242+0000] {processor.py:183} INFO - Processing /home/airflow/.local/lib/python3.12/site-packages/airflow/example_dags/example_display_name.py took 0.072 seconds
[2024-05-01T12:38:28.300+0000] {processor.py:161} INFO - Started process (PID=1239) to work on /home/airflow/.local/lib/python3.12/site-packages/airflow/example_dags/example_display_name.py
[2024-05-01T12:38:28.302+0000] {processor.py:830} INFO - Processing file /home/airflow/.local/lib/python3.12/site-packages/airflow/example_dags/example_display_name.py for tasks to queue
[2024-05-01T12:38:28.304+0000] {logging_mixin.py:188} INFO - [2024-05-01T12:38:28.304+0000] {dagbag.py:540} INFO - Filling up the DagBag from /home/airflow/.local/lib/python3.12/site-packages/airflow/example_dags/example_display_name.py
[2024-05-01T12:38:28.311+0000] {processor.py:840} INFO - DAG(s) 'example_display_name' retrieved from /home/airflow/.local/lib/python3.12/site-packages/airflow/example_dags/example_display_name.py
[2024-05-01T12:38:28.332+0000] {logging_mixin.py:188} INFO - [2024-05-01T12:38:28.332+0000] {dag.py:3096} INFO - Sync 1 DAGs
[2024-05-01T12:38:28.348+0000] {logging_mixin.py:188} INFO - [2024-05-01T12:38:28.347+0000] {dag.py:3954} INFO - Setting next_dagrun for example_display_name to None, run_after=None
[2024-05-01T12:38:28.369+0000] {processor.py:183} INFO - Processing /home/airflow/.local/lib/python3.12/site-packages/airflow/example_dags/example_display_name.py took 0.075 seconds
[2024-05-01T12:38:58.907+0000] {processor.py:161} INFO - Started process (PID=1297) to work on /home/airflow/.local/lib/python3.12/site-packages/airflow/example_dags/example_display_name.py
[2024-05-01T12:38:58.909+0000] {processor.py:830} INFO - Processing file /home/airflow/.local/lib/python3.12/site-packages/airflow/example_dags/example_display_name.py for tasks to queue
[2024-05-01T12:38:58.912+0000] {logging_mixin.py:188} INFO - [2024-05-01T12:38:58.911+0000] {dagbag.py:540} INFO - Filling up the DagBag from /home/airflow/.local/lib/python3.12/site-packages/airflow/example_dags/example_display_name.py
[2024-05-01T12:38:58.920+0000] {processor.py:840} INFO - DAG(s) 'example_display_name' retrieved from /home/airflow/.local/lib/python3.12/site-packages/airflow/example_dags/example_display_name.py
[2024-05-01T12:38:58.941+0000] {logging_mixin.py:188} INFO - [2024-05-01T12:38:58.940+0000] {dag.py:3096} INFO - Sync 1 DAGs
[2024-05-01T12:38:58.956+0000] {logging_mixin.py:188} INFO - [2024-05-01T12:38:58.956+0000] {dag.py:3954} INFO - Setting next_dagrun for example_display_name to None, run_after=None
[2024-05-01T12:38:58.983+0000] {processor.py:183} INFO - Processing /home/airflow/.local/lib/python3.12/site-packages/airflow/example_dags/example_display_name.py took 0.082 seconds
[2024-05-01T12:39:29.572+0000] {processor.py:161} INFO - Started process (PID=1354) to work on /home/airflow/.local/lib/python3.12/site-packages/airflow/example_dags/example_display_name.py
[2024-05-01T12:39:29.574+0000] {processor.py:830} INFO - Processing file /home/airflow/.local/lib/python3.12/site-packages/airflow/example_dags/example_display_name.py for tasks to queue
[2024-05-01T12:39:29.577+0000] {logging_mixin.py:188} INFO - [2024-05-01T12:39:29.576+0000] {dagbag.py:540} INFO - Filling up the DagBag from /home/airflow/.local/lib/python3.12/site-packages/airflow/example_dags/example_display_name.py
[2024-05-01T12:39:29.584+0000] {processor.py:840} INFO - DAG(s) 'example_display_name' retrieved from /home/airflow/.local/lib/python3.12/site-packages/airflow/example_dags/example_display_name.py
[2024-05-01T12:39:29.608+0000] {logging_mixin.py:188} INFO - [2024-05-01T12:39:29.608+0000] {dag.py:3096} INFO - Sync 1 DAGs
[2024-05-01T12:39:29.627+0000] {logging_mixin.py:188} INFO - [2024-05-01T12:39:29.627+0000] {dag.py:3954} INFO - Setting next_dagrun for example_display_name to None, run_after=None
[2024-05-01T12:39:29.649+0000] {processor.py:183} INFO - Processing /home/airflow/.local/lib/python3.12/site-packages/airflow/example_dags/example_display_name.py took 0.084 seconds
[2024-05-01T12:39:59.730+0000] {processor.py:161} INFO - Started process (PID=1412) to work on /home/airflow/.local/lib/python3.12/site-packages/airflow/example_dags/example_display_name.py
[2024-05-01T12:39:59.732+0000] {processor.py:830} INFO - Processing file /home/airflow/.local/lib/python3.12/site-packages/airflow/example_dags/example_display_name.py for tasks to queue
[2024-05-01T12:39:59.734+0000] {logging_mixin.py:188} INFO - [2024-05-01T12:39:59.734+0000] {dagbag.py:540} INFO - Filling up the DagBag from /home/airflow/.local/lib/python3.12/site-packages/airflow/example_dags/example_display_name.py
[2024-05-01T12:39:59.742+0000] {processor.py:840} INFO - DAG(s) 'example_display_name' retrieved from /home/airflow/.local/lib/python3.12/site-packages/airflow/example_dags/example_display_name.py
[2024-05-01T12:39:59.764+0000] {logging_mixin.py:188} INFO - [2024-05-01T12:39:59.764+0000] {dag.py:3096} INFO - Sync 1 DAGs
[2024-05-01T12:39:59.779+0000] {logging_mixin.py:188} INFO - [2024-05-01T12:39:59.779+0000] {dag.py:3954} INFO - Setting next_dagrun for example_display_name to None, run_after=None
[2024-05-01T12:39:59.798+0000] {processor.py:183} INFO - Processing /home/airflow/.local/lib/python3.12/site-packages/airflow/example_dags/example_display_name.py took 0.076 seconds
[2024-05-01T12:40:29.889+0000] {processor.py:161} INFO - Started process (PID=1470) to work on /home/airflow/.local/lib/python3.12/site-packages/airflow/example_dags/example_display_name.py
[2024-05-01T12:40:29.891+0000] {processor.py:830} INFO - Processing file /home/airflow/.local/lib/python3.12/site-packages/airflow/example_dags/example_display_name.py for tasks to queue
[2024-05-01T12:40:29.893+0000] {logging_mixin.py:188} INFO - [2024-05-01T12:40:29.893+0000] {dagbag.py:540} INFO - Filling up the DagBag from /home/airflow/.local/lib/python3.12/site-packages/airflow/example_dags/example_display_name.py
[2024-05-01T12:40:29.900+0000] {processor.py:840} INFO - DAG(s) 'example_display_name' retrieved from /home/airflow/.local/lib/python3.12/site-packages/airflow/example_dags/example_display_name.py
[2024-05-01T12:40:29.921+0000] {logging_mixin.py:188} INFO - [2024-05-01T12:40:29.920+0000] {dag.py:3096} INFO - Sync 1 DAGs
[2024-05-01T12:40:29.935+0000] {logging_mixin.py:188} INFO - [2024-05-01T12:40:29.935+0000] {dag.py:3954} INFO - Setting next_dagrun for example_display_name to None, run_after=None
[2024-05-01T12:40:29.956+0000] {processor.py:183} INFO - Processing /home/airflow/.local/lib/python3.12/site-packages/airflow/example_dags/example_display_name.py took 0.073 seconds
[2024-05-01T12:41:00.108+0000] {processor.py:161} INFO - Started process (PID=1528) to work on /home/airflow/.local/lib/python3.12/site-packages/airflow/example_dags/example_display_name.py
[2024-05-01T12:41:00.110+0000] {processor.py:830} INFO - Processing file /home/airflow/.local/lib/python3.12/site-packages/airflow/example_dags/example_display_name.py for tasks to queue
[2024-05-01T12:41:00.113+0000] {logging_mixin.py:188} INFO - [2024-05-01T12:41:00.112+0000] {dagbag.py:540} INFO - Filling up the DagBag from /home/airflow/.local/lib/python3.12/site-packages/airflow/example_dags/example_display_name.py
[2024-05-01T12:41:00.119+0000] {processor.py:840} INFO - DAG(s) 'example_display_name' retrieved from /home/airflow/.local/lib/python3.12/site-packages/airflow/example_dags/example_display_name.py
[2024-05-01T12:41:00.140+0000] {logging_mixin.py:188} INFO - [2024-05-01T12:41:00.140+0000] {dag.py:3096} INFO - Sync 1 DAGs
[2024-05-01T12:41:00.155+0000] {logging_mixin.py:188} INFO - [2024-05-01T12:41:00.154+0000] {dag.py:3954} INFO - Setting next_dagrun for example_display_name to None, run_after=None
[2024-05-01T12:41:00.173+0000] {processor.py:183} INFO - Processing /home/airflow/.local/lib/python3.12/site-packages/airflow/example_dags/example_display_name.py took 0.072 seconds
[2024-05-01T12:41:30.761+0000] {processor.py:161} INFO - Started process (PID=1586) to work on /home/airflow/.local/lib/python3.12/site-packages/airflow/example_dags/example_display_name.py
[2024-05-01T12:41:30.763+0000] {processor.py:830} INFO - Processing file /home/airflow/.local/lib/python3.12/site-packages/airflow/example_dags/example_display_name.py for tasks to queue
[2024-05-01T12:41:30.765+0000] {logging_mixin.py:188} INFO - [2024-05-01T12:41:30.765+0000] {dagbag.py:540} INFO - Filling up the DagBag from /home/airflow/.local/lib/python3.12/site-packages/airflow/example_dags/example_display_name.py
[2024-05-01T12:41:30.773+0000] {processor.py:840} INFO - DAG(s) 'example_display_name' retrieved from /home/airflow/.local/lib/python3.12/site-packages/airflow/example_dags/example_display_name.py
[2024-05-01T12:41:30.797+0000] {logging_mixin.py:188} INFO - [2024-05-01T12:41:30.797+0000] {dag.py:3096} INFO - Sync 1 DAGs
[2024-05-01T12:41:30.813+0000] {logging_mixin.py:188} INFO - [2024-05-01T12:41:30.813+0000] {dag.py:3954} INFO - Setting next_dagrun for example_display_name to None, run_after=None
[2024-05-01T12:41:30.835+0000] {processor.py:183} INFO - Processing /home/airflow/.local/lib/python3.12/site-packages/airflow/example_dags/example_display_name.py took 0.081 seconds
[2024-05-01T12:42:00.960+0000] {processor.py:161} INFO - Started process (PID=1644) to work on /home/airflow/.local/lib/python3.12/site-packages/airflow/example_dags/example_display_name.py
[2024-05-01T12:42:00.961+0000] {processor.py:830} INFO - Processing file /home/airflow/.local/lib/python3.12/site-packages/airflow/example_dags/example_display_name.py for tasks to queue
[2024-05-01T12:42:00.964+0000] {logging_mixin.py:188} INFO - [2024-05-01T12:42:00.963+0000] {dagbag.py:540} INFO - Filling up the DagBag from /home/airflow/.local/lib/python3.12/site-packages/airflow/example_dags/example_display_name.py
[2024-05-01T12:42:00.971+0000] {processor.py:840} INFO - DAG(s) 'example_display_name' retrieved from /home/airflow/.local/lib/python3.12/site-packages/airflow/example_dags/example_display_name.py
[2024-05-01T12:42:00.990+0000] {logging_mixin.py:188} INFO - [2024-05-01T12:42:00.990+0000] {dag.py:3096} INFO - Sync 1 DAGs
[2024-05-01T12:42:01.006+0000] {logging_mixin.py:188} INFO - [2024-05-01T12:42:01.006+0000] {dag.py:3954} INFO - Setting next_dagrun for example_display_name to None, run_after=None
[2024-05-01T12:42:01.025+0000] {processor.py:183} INFO - Processing /home/airflow/.local/lib/python3.12/site-packages/airflow/example_dags/example_display_name.py took 0.071 seconds
[2024-05-01T12:42:31.303+0000] {processor.py:161} INFO - Started process (PID=1702) to work on /home/airflow/.local/lib/python3.12/site-packages/airflow/example_dags/example_display_name.py
[2024-05-01T12:42:31.305+0000] {processor.py:830} INFO - Processing file /home/airflow/.local/lib/python3.12/site-packages/airflow/example_dags/example_display_name.py for tasks to queue
[2024-05-01T12:42:31.307+0000] {logging_mixin.py:188} INFO - [2024-05-01T12:42:31.307+0000] {dagbag.py:540} INFO - Filling up the DagBag from /home/airflow/.local/lib/python3.12/site-packages/airflow/example_dags/example_display_name.py
[2024-05-01T12:42:31.315+0000] {processor.py:840} INFO - DAG(s) 'example_display_name' retrieved from /home/airflow/.local/lib/python3.12/site-packages/airflow/example_dags/example_display_name.py
[2024-05-01T12:42:31.338+0000] {logging_mixin.py:188} INFO - [2024-05-01T12:42:31.338+0000] {dag.py:3096} INFO - Sync 1 DAGs
[2024-05-01T12:42:31.356+0000] {logging_mixin.py:188} INFO - [2024-05-01T12:42:31.356+0000] {dag.py:3954} INFO - Setting next_dagrun for example_display_name to None, run_after=None
[2024-05-01T12:42:31.378+0000] {processor.py:183} INFO - Processing /home/airflow/.local/lib/python3.12/site-packages/airflow/example_dags/example_display_name.py took 0.083 seconds
[2024-05-01T12:43:01.454+0000] {processor.py:161} INFO - Started process (PID=1760) to work on /home/airflow/.local/lib/python3.12/site-packages/airflow/example_dags/example_display_name.py
[2024-05-01T12:43:01.456+0000] {processor.py:830} INFO - Processing file /home/airflow/.local/lib/python3.12/site-packages/airflow/example_dags/example_display_name.py for tasks to queue
[2024-05-01T12:43:01.458+0000] {logging_mixin.py:188} INFO - [2024-05-01T12:43:01.457+0000] {dagbag.py:540} INFO - Filling up the DagBag from /home/airflow/.local/lib/python3.12/site-packages/airflow/example_dags/example_display_name.py
[2024-05-01T12:43:01.464+0000] {processor.py:840} INFO - DAG(s) 'example_display_name' retrieved from /home/airflow/.local/lib/python3.12/site-packages/airflow/example_dags/example_display_name.py
[2024-05-01T12:43:01.485+0000] {logging_mixin.py:188} INFO - [2024-05-01T12:43:01.484+0000] {dag.py:3096} INFO - Sync 1 DAGs
[2024-05-01T12:43:01.499+0000] {logging_mixin.py:188} INFO - [2024-05-01T12:43:01.499+0000] {dag.py:3954} INFO - Setting next_dagrun for example_display_name to None, run_after=None
[2024-05-01T12:43:01.519+0000] {processor.py:183} INFO - Processing /home/airflow/.local/lib/python3.12/site-packages/airflow/example_dags/example_display_name.py took 0.072 seconds
[2024-05-01T12:43:31.802+0000] {processor.py:161} INFO - Started process (PID=1818) to work on /home/airflow/.local/lib/python3.12/site-packages/airflow/example_dags/example_display_name.py
[2024-05-01T12:43:31.803+0000] {processor.py:830} INFO - Processing file /home/airflow/.local/lib/python3.12/site-packages/airflow/example_dags/example_display_name.py for tasks to queue
[2024-05-01T12:43:31.806+0000] {logging_mixin.py:188} INFO - [2024-05-01T12:43:31.806+0000] {dagbag.py:540} INFO - Filling up the DagBag from /home/airflow/.local/lib/python3.12/site-packages/airflow/example_dags/example_display_name.py
[2024-05-01T12:43:31.812+0000] {processor.py:840} INFO - DAG(s) 'example_display_name' retrieved from /home/airflow/.local/lib/python3.12/site-packages/airflow/example_dags/example_display_name.py
[2024-05-01T12:43:31.843+0000] {logging_mixin.py:188} INFO - [2024-05-01T12:43:31.843+0000] {dag.py:3096} INFO - Sync 1 DAGs
[2024-05-01T12:43:31.858+0000] {logging_mixin.py:188} INFO - [2024-05-01T12:43:31.858+0000] {dag.py:3954} INFO - Setting next_dagrun for example_display_name to None, run_after=None
[2024-05-01T12:43:31.878+0000] {processor.py:183} INFO - Processing /home/airflow/.local/lib/python3.12/site-packages/airflow/example_dags/example_display_name.py took 0.082 seconds
[2024-05-01T12:44:02.070+0000] {processor.py:161} INFO - Started process (PID=1876) to work on /home/airflow/.local/lib/python3.12/site-packages/airflow/example_dags/example_display_name.py
[2024-05-01T12:44:02.071+0000] {processor.py:830} INFO - Processing file /home/airflow/.local/lib/python3.12/site-packages/airflow/example_dags/example_display_name.py for tasks to queue
[2024-05-01T12:44:02.074+0000] {logging_mixin.py:188} INFO - [2024-05-01T12:44:02.073+0000] {dagbag.py:540} INFO - Filling up the DagBag from /home/airflow/.local/lib/python3.12/site-packages/airflow/example_dags/example_display_name.py
[2024-05-01T12:44:02.080+0000] {processor.py:840} INFO - DAG(s) 'example_display_name' retrieved from /home/airflow/.local/lib/python3.12/site-packages/airflow/example_dags/example_display_name.py
[2024-05-01T12:44:02.104+0000] {logging_mixin.py:188} INFO - [2024-05-01T12:44:02.103+0000] {dag.py:3096} INFO - Sync 1 DAGs
[2024-05-01T12:44:02.123+0000] {logging_mixin.py:188} INFO - [2024-05-01T12:44:02.122+0000] {dag.py:3954} INFO - Setting next_dagrun for example_display_name to None, run_after=None
[2024-05-01T12:44:02.146+0000] {processor.py:183} INFO - Processing /home/airflow/.local/lib/python3.12/site-packages/airflow/example_dags/example_display_name.py took 0.083 seconds
[2024-05-01T12:44:32.440+0000] {processor.py:161} INFO - Started process (PID=1934) to work on /home/airflow/.local/lib/python3.12/site-packages/airflow/example_dags/example_display_name.py
[2024-05-01T12:44:32.442+0000] {processor.py:830} INFO - Processing file /home/airflow/.local/lib/python3.12/site-packages/airflow/example_dags/example_display_name.py for tasks to queue
[2024-05-01T12:44:32.444+0000] {logging_mixin.py:188} INFO - [2024-05-01T12:44:32.444+0000] {dagbag.py:540} INFO - Filling up the DagBag from /home/airflow/.local/lib/python3.12/site-packages/airflow/example_dags/example_display_name.py
[2024-05-01T12:44:32.451+0000] {processor.py:840} INFO - DAG(s) 'example_display_name' retrieved from /home/airflow/.local/lib/python3.12/site-packages/airflow/example_dags/example_display_name.py
[2024-05-01T12:44:32.474+0000] {logging_mixin.py:188} INFO - [2024-05-01T12:44:32.474+0000] {dag.py:3096} INFO - Sync 1 DAGs
[2024-05-01T12:44:32.492+0000] {logging_mixin.py:188} INFO - [2024-05-01T12:44:32.491+0000] {dag.py:3954} INFO - Setting next_dagrun for example_display_name to None, run_after=None
[2024-05-01T12:44:32.511+0000] {processor.py:183} INFO - Processing /home/airflow/.local/lib/python3.12/site-packages/airflow/example_dags/example_display_name.py took 0.078 seconds
[2024-05-01T12:45:03.278+0000] {processor.py:161} INFO - Started process (PID=1992) to work on /home/airflow/.local/lib/python3.12/site-packages/airflow/example_dags/example_display_name.py
[2024-05-01T12:45:03.280+0000] {processor.py:830} INFO - Processing file /home/airflow/.local/lib/python3.12/site-packages/airflow/example_dags/example_display_name.py for tasks to queue
[2024-05-01T12:45:03.282+0000] {logging_mixin.py:188} INFO - [2024-05-01T12:45:03.282+0000] {dagbag.py:540} INFO - Filling up the DagBag from /home/airflow/.local/lib/python3.12/site-packages/airflow/example_dags/example_display_name.py
[2024-05-01T12:45:03.289+0000] {processor.py:840} INFO - DAG(s) 'example_display_name' retrieved from /home/airflow/.local/lib/python3.12/site-packages/airflow/example_dags/example_display_name.py
[2024-05-01T12:45:03.309+0000] {logging_mixin.py:188} INFO - [2024-05-01T12:45:03.309+0000] {dag.py:3096} INFO - Sync 1 DAGs
[2024-05-01T12:45:03.324+0000] {logging_mixin.py:188} INFO - [2024-05-01T12:45:03.323+0000] {dag.py:3954} INFO - Setting next_dagrun for example_display_name to None, run_after=None
[2024-05-01T12:45:03.342+0000] {processor.py:183} INFO - Processing /home/airflow/.local/lib/python3.12/site-packages/airflow/example_dags/example_display_name.py took 0.071 seconds
[2024-05-01T12:45:33.536+0000] {processor.py:161} INFO - Started process (PID=2050) to work on /home/airflow/.local/lib/python3.12/site-packages/airflow/example_dags/example_display_name.py
[2024-05-01T12:45:33.538+0000] {processor.py:830} INFO - Processing file /home/airflow/.local/lib/python3.12/site-packages/airflow/example_dags/example_display_name.py for tasks to queue
[2024-05-01T12:45:33.540+0000] {logging_mixin.py:188} INFO - [2024-05-01T12:45:33.540+0000] {dagbag.py:540} INFO - Filling up the DagBag from /home/airflow/.local/lib/python3.12/site-packages/airflow/example_dags/example_display_name.py
[2024-05-01T12:45:33.547+0000] {processor.py:840} INFO - DAG(s) 'example_display_name' retrieved from /home/airflow/.local/lib/python3.12/site-packages/airflow/example_dags/example_display_name.py
[2024-05-01T12:45:33.568+0000] {logging_mixin.py:188} INFO - [2024-05-01T12:45:33.568+0000] {dag.py:3096} INFO - Sync 1 DAGs
[2024-05-01T12:45:33.582+0000] {logging_mixin.py:188} INFO - [2024-05-01T12:45:33.582+0000] {dag.py:3954} INFO - Setting next_dagrun for example_display_name to None, run_after=None
[2024-05-01T12:45:33.601+0000] {processor.py:183} INFO - Processing /home/airflow/.local/lib/python3.12/site-packages/airflow/example_dags/example_display_name.py took 0.071 seconds
[2024-05-01T12:46:03.926+0000] {processor.py:161} INFO - Started process (PID=2108) to work on /home/airflow/.local/lib/python3.12/site-packages/airflow/example_dags/example_display_name.py
[2024-05-01T12:46:03.927+0000] {processor.py:830} INFO - Processing file /home/airflow/.local/lib/python3.12/site-packages/airflow/example_dags/example_display_name.py for tasks to queue
[2024-05-01T12:46:03.929+0000] {logging_mixin.py:188} INFO - [2024-05-01T12:46:03.929+0000] {dagbag.py:540} INFO - Filling up the DagBag from /home/airflow/.local/lib/python3.12/site-packages/airflow/example_dags/example_display_name.py
[2024-05-01T12:46:03.936+0000] {processor.py:840} INFO - DAG(s) 'example_display_name' retrieved from /home/airflow/.local/lib/python3.12/site-packages/airflow/example_dags/example_display_name.py
[2024-05-01T12:46:03.956+0000] {logging_mixin.py:188} INFO - [2024-05-01T12:46:03.956+0000] {dag.py:3096} INFO - Sync 1 DAGs
[2024-05-01T12:46:03.972+0000] {logging_mixin.py:188} INFO - [2024-05-01T12:46:03.972+0000] {dag.py:3954} INFO - Setting next_dagrun for example_display_name to None, run_after=None
[2024-05-01T12:46:03.992+0000] {processor.py:183} INFO - Processing /home/airflow/.local/lib/python3.12/site-packages/airflow/example_dags/example_display_name.py took 0.073 seconds
[2024-05-01T12:46:34.351+0000] {processor.py:161} INFO - Started process (PID=2166) to work on /home/airflow/.local/lib/python3.12/site-packages/airflow/example_dags/example_display_name.py
[2024-05-01T12:46:34.353+0000] {processor.py:830} INFO - Processing file /home/airflow/.local/lib/python3.12/site-packages/airflow/example_dags/example_display_name.py for tasks to queue
[2024-05-01T12:46:34.355+0000] {logging_mixin.py:188} INFO - [2024-05-01T12:46:34.355+0000] {dagbag.py:540} INFO - Filling up the DagBag from /home/airflow/.local/lib/python3.12/site-packages/airflow/example_dags/example_display_name.py
[2024-05-01T12:46:34.362+0000] {processor.py:840} INFO - DAG(s) 'example_display_name' retrieved from /home/airflow/.local/lib/python3.12/site-packages/airflow/example_dags/example_display_name.py
[2024-05-01T12:46:34.384+0000] {logging_mixin.py:188} INFO - [2024-05-01T12:46:34.383+0000] {dag.py:3096} INFO - Sync 1 DAGs
[2024-05-01T12:46:34.399+0000] {logging_mixin.py:188} INFO - [2024-05-01T12:46:34.398+0000] {dag.py:3954} INFO - Setting next_dagrun for example_display_name to None, run_after=None
[2024-05-01T12:46:34.418+0000] {processor.py:183} INFO - Processing /home/airflow/.local/lib/python3.12/site-packages/airflow/example_dags/example_display_name.py took 0.074 seconds
[2024-05-01T12:47:04.789+0000] {processor.py:161} INFO - Started process (PID=2224) to work on /home/airflow/.local/lib/python3.12/site-packages/airflow/example_dags/example_display_name.py
[2024-05-01T12:47:04.791+0000] {processor.py:830} INFO - Processing file /home/airflow/.local/lib/python3.12/site-packages/airflow/example_dags/example_display_name.py for tasks to queue
[2024-05-01T12:47:04.793+0000] {logging_mixin.py:188} INFO - [2024-05-01T12:47:04.793+0000] {dagbag.py:540} INFO - Filling up the DagBag from /home/airflow/.local/lib/python3.12/site-packages/airflow/example_dags/example_display_name.py
[2024-05-01T12:47:04.799+0000] {processor.py:840} INFO - DAG(s) 'example_display_name' retrieved from /home/airflow/.local/lib/python3.12/site-packages/airflow/example_dags/example_display_name.py
[2024-05-01T12:47:04.821+0000] {logging_mixin.py:188} INFO - [2024-05-01T12:47:04.821+0000] {dag.py:3096} INFO - Sync 1 DAGs
[2024-05-01T12:47:04.836+0000] {logging_mixin.py:188} INFO - [2024-05-01T12:47:04.836+0000] {dag.py:3954} INFO - Setting next_dagrun for example_display_name to None, run_after=None
[2024-05-01T12:47:04.856+0000] {processor.py:183} INFO - Processing /home/airflow/.local/lib/python3.12/site-packages/airflow/example_dags/example_display_name.py took 0.073 seconds
[2024-05-01T12:47:34.948+0000] {processor.py:161} INFO - Started process (PID=2282) to work on /home/airflow/.local/lib/python3.12/site-packages/airflow/example_dags/example_display_name.py
[2024-05-01T12:47:34.949+0000] {processor.py:830} INFO - Processing file /home/airflow/.local/lib/python3.12/site-packages/airflow/example_dags/example_display_name.py for tasks to queue
[2024-05-01T12:47:34.952+0000] {logging_mixin.py:188} INFO - [2024-05-01T12:47:34.951+0000] {dagbag.py:540} INFO - Filling up the DagBag from /home/airflow/.local/lib/python3.12/site-packages/airflow/example_dags/example_display_name.py
[2024-05-01T12:47:34.958+0000] {processor.py:840} INFO - DAG(s) 'example_display_name' retrieved from /home/airflow/.local/lib/python3.12/site-packages/airflow/example_dags/example_display_name.py
[2024-05-01T12:47:34.979+0000] {logging_mixin.py:188} INFO - [2024-05-01T12:47:34.979+0000] {dag.py:3096} INFO - Sync 1 DAGs
[2024-05-01T12:47:34.995+0000] {logging_mixin.py:188} INFO - [2024-05-01T12:47:34.994+0000] {dag.py:3954} INFO - Setting next_dagrun for example_display_name to None, run_after=None
[2024-05-01T12:47:35.013+0000] {processor.py:183} INFO - Processing /home/airflow/.local/lib/python3.12/site-packages/airflow/example_dags/example_display_name.py took 0.071 seconds
[2024-05-01T12:48:06.084+0000] {processor.py:161} INFO - Started process (PID=2340) to work on /home/airflow/.local/lib/python3.12/site-packages/airflow/example_dags/example_display_name.py
[2024-05-01T12:48:06.086+0000] {processor.py:830} INFO - Processing file /home/airflow/.local/lib/python3.12/site-packages/airflow/example_dags/example_display_name.py for tasks to queue
[2024-05-01T12:48:06.089+0000] {logging_mixin.py:188} INFO - [2024-05-01T12:48:06.088+0000] {dagbag.py:540} INFO - Filling up the DagBag from /home/airflow/.local/lib/python3.12/site-packages/airflow/example_dags/example_display_name.py
[2024-05-01T12:48:06.096+0000] {processor.py:840} INFO - DAG(s) 'example_display_name' retrieved from /home/airflow/.local/lib/python3.12/site-packages/airflow/example_dags/example_display_name.py
[2024-05-01T12:48:06.118+0000] {logging_mixin.py:188} INFO - [2024-05-01T12:48:06.117+0000] {dag.py:3096} INFO - Sync 1 DAGs
[2024-05-01T12:48:06.133+0000] {logging_mixin.py:188} INFO - [2024-05-01T12:48:06.132+0000] {dag.py:3954} INFO - Setting next_dagrun for example_display_name to None, run_after=None
[2024-05-01T12:48:06.153+0000] {processor.py:183} INFO - Processing /home/airflow/.local/lib/python3.12/site-packages/airflow/example_dags/example_display_name.py took 0.076 seconds
[2024-05-01T12:48:36.623+0000] {processor.py:161} INFO - Started process (PID=2398) to work on /home/airflow/.local/lib/python3.12/site-packages/airflow/example_dags/example_display_name.py
[2024-05-01T12:48:36.624+0000] {processor.py:830} INFO - Processing file /home/airflow/.local/lib/python3.12/site-packages/airflow/example_dags/example_display_name.py for tasks to queue
[2024-05-01T12:48:36.626+0000] {logging_mixin.py:188} INFO - [2024-05-01T12:48:36.626+0000] {dagbag.py:540} INFO - Filling up the DagBag from /home/airflow/.local/lib/python3.12/site-packages/airflow/example_dags/example_display_name.py
[2024-05-01T12:48:36.633+0000] {processor.py:840} INFO - DAG(s) 'example_display_name' retrieved from /home/airflow/.local/lib/python3.12/site-packages/airflow/example_dags/example_display_name.py
[2024-05-01T12:48:36.654+0000] {logging_mixin.py:188} INFO - [2024-05-01T12:48:36.654+0000] {dag.py:3096} INFO - Sync 1 DAGs
[2024-05-01T12:48:36.668+0000] {logging_mixin.py:188} INFO - [2024-05-01T12:48:36.668+0000] {dag.py:3954} INFO - Setting next_dagrun for example_display_name to None, run_after=None
[2024-05-01T12:48:36.687+0000] {processor.py:183} INFO - Processing /home/airflow/.local/lib/python3.12/site-packages/airflow/example_dags/example_display_name.py took 0.071 seconds
[2024-05-01T12:49:06.880+0000] {processor.py:161} INFO - Started process (PID=2456) to work on /home/airflow/.local/lib/python3.12/site-packages/airflow/example_dags/example_display_name.py
[2024-05-01T12:49:06.882+0000] {processor.py:830} INFO - Processing file /home/airflow/.local/lib/python3.12/site-packages/airflow/example_dags/example_display_name.py for tasks to queue
[2024-05-01T12:49:06.884+0000] {logging_mixin.py:188} INFO - [2024-05-01T12:49:06.884+0000] {dagbag.py:540} INFO - Filling up the DagBag from /home/airflow/.local/lib/python3.12/site-packages/airflow/example_dags/example_display_name.py
[2024-05-01T12:49:06.891+0000] {processor.py:840} INFO - DAG(s) 'example_display_name' retrieved from /home/airflow/.local/lib/python3.12/site-packages/airflow/example_dags/example_display_name.py
[2024-05-01T12:49:06.912+0000] {logging_mixin.py:188} INFO - [2024-05-01T12:49:06.912+0000] {dag.py:3096} INFO - Sync 1 DAGs
[2024-05-01T12:49:06.927+0000] {logging_mixin.py:188} INFO - [2024-05-01T12:49:06.927+0000] {dag.py:3954} INFO - Setting next_dagrun for example_display_name to None, run_after=None
[2024-05-01T12:49:06.945+0000] {processor.py:183} INFO - Processing /home/airflow/.local/lib/python3.12/site-packages/airflow/example_dags/example_display_name.py took 0.072 seconds
[2024-05-01T12:49:37.576+0000] {processor.py:161} INFO - Started process (PID=2514) to work on /home/airflow/.local/lib/python3.12/site-packages/airflow/example_dags/example_display_name.py
[2024-05-01T12:49:37.577+0000] {processor.py:830} INFO - Processing file /home/airflow/.local/lib/python3.12/site-packages/airflow/example_dags/example_display_name.py for tasks to queue
[2024-05-01T12:49:37.580+0000] {logging_mixin.py:188} INFO - [2024-05-01T12:49:37.579+0000] {dagbag.py:540} INFO - Filling up the DagBag from /home/airflow/.local/lib/python3.12/site-packages/airflow/example_dags/example_display_name.py
[2024-05-01T12:49:37.586+0000] {processor.py:840} INFO - DAG(s) 'example_display_name' retrieved from /home/airflow/.local/lib/python3.12/site-packages/airflow/example_dags/example_display_name.py
[2024-05-01T12:49:37.608+0000] {logging_mixin.py:188} INFO - [2024-05-01T12:49:37.607+0000] {dag.py:3096} INFO - Sync 1 DAGs
[2024-05-01T12:49:37.623+0000] {logging_mixin.py:188} INFO - [2024-05-01T12:49:37.623+0000] {dag.py:3954} INFO - Setting next_dagrun for example_display_name to None, run_after=None
[2024-05-01T12:49:37.642+0000] {processor.py:183} INFO - Processing /home/airflow/.local/lib/python3.12/site-packages/airflow/example_dags/example_display_name.py took 0.073 seconds
[2024-05-01T12:50:07.699+0000] {processor.py:161} INFO - Started process (PID=2572) to work on /home/airflow/.local/lib/python3.12/site-packages/airflow/example_dags/example_display_name.py
[2024-05-01T12:50:07.700+0000] {processor.py:830} INFO - Processing file /home/airflow/.local/lib/python3.12/site-packages/airflow/example_dags/example_display_name.py for tasks to queue
[2024-05-01T12:50:07.702+0000] {logging_mixin.py:188} INFO - [2024-05-01T12:50:07.702+0000] {dagbag.py:540} INFO - Filling up the DagBag from /home/airflow/.local/lib/python3.12/site-packages/airflow/example_dags/example_display_name.py
[2024-05-01T12:50:07.709+0000] {processor.py:840} INFO - DAG(s) 'example_display_name' retrieved from /home/airflow/.local/lib/python3.12/site-packages/airflow/example_dags/example_display_name.py
[2024-05-01T12:50:07.729+0000] {logging_mixin.py:188} INFO - [2024-05-01T12:50:07.729+0000] {dag.py:3096} INFO - Sync 1 DAGs
[2024-05-01T12:50:07.743+0000] {logging_mixin.py:188} INFO - [2024-05-01T12:50:07.743+0000] {dag.py:3954} INFO - Setting next_dagrun for example_display_name to None, run_after=None
[2024-05-01T12:50:07.763+0000] {processor.py:183} INFO - Processing /home/airflow/.local/lib/python3.12/site-packages/airflow/example_dags/example_display_name.py took 0.070 seconds
[2024-05-01T12:50:38.406+0000] {processor.py:161} INFO - Started process (PID=2629) to work on /home/airflow/.local/lib/python3.12/site-packages/airflow/example_dags/example_display_name.py
[2024-05-01T12:50:38.408+0000] {processor.py:830} INFO - Processing file /home/airflow/.local/lib/python3.12/site-packages/airflow/example_dags/example_display_name.py for tasks to queue
[2024-05-01T12:50:38.410+0000] {logging_mixin.py:188} INFO - [2024-05-01T12:50:38.410+0000] {dagbag.py:540} INFO - Filling up the DagBag from /home/airflow/.local/lib/python3.12/site-packages/airflow/example_dags/example_display_name.py
[2024-05-01T12:50:38.417+0000] {processor.py:840} INFO - DAG(s) 'example_display_name' retrieved from /home/airflow/.local/lib/python3.12/site-packages/airflow/example_dags/example_display_name.py
[2024-05-01T12:50:38.437+0000] {logging_mixin.py:188} INFO - [2024-05-01T12:50:38.437+0000] {dag.py:3096} INFO - Sync 1 DAGs
[2024-05-01T12:50:38.451+0000] {logging_mixin.py:188} INFO - [2024-05-01T12:50:38.451+0000] {dag.py:3954} INFO - Setting next_dagrun for example_display_name to None, run_after=None
[2024-05-01T12:50:38.469+0000] {processor.py:183} INFO - Processing /home/airflow/.local/lib/python3.12/site-packages/airflow/example_dags/example_display_name.py took 0.069 seconds
[2024-05-01T12:51:09.754+0000] {processor.py:161} INFO - Started process (PID=2687) to work on /home/airflow/.local/lib/python3.12/site-packages/airflow/example_dags/example_display_name.py
[2024-05-01T12:51:09.755+0000] {processor.py:830} INFO - Processing file /home/airflow/.local/lib/python3.12/site-packages/airflow/example_dags/example_display_name.py for tasks to queue
[2024-05-01T12:51:09.757+0000] {logging_mixin.py:188} INFO - [2024-05-01T12:51:09.757+0000] {dagbag.py:540} INFO - Filling up the DagBag from /home/airflow/.local/lib/python3.12/site-packages/airflow/example_dags/example_display_name.py
[2024-05-01T12:51:09.764+0000] {processor.py:840} INFO - DAG(s) 'example_display_name' retrieved from /home/airflow/.local/lib/python3.12/site-packages/airflow/example_dags/example_display_name.py
[2024-05-01T12:51:09.785+0000] {logging_mixin.py:188} INFO - [2024-05-01T12:51:09.785+0000] {dag.py:3096} INFO - Sync 1 DAGs
[2024-05-01T12:51:09.800+0000] {logging_mixin.py:188} INFO - [2024-05-01T12:51:09.800+0000] {dag.py:3954} INFO - Setting next_dagrun for example_display_name to None, run_after=None
[2024-05-01T12:51:09.819+0000] {processor.py:183} INFO - Processing /home/airflow/.local/lib/python3.12/site-packages/airflow/example_dags/example_display_name.py took 0.072 seconds
[2024-05-01T12:51:40.724+0000] {processor.py:161} INFO - Started process (PID=2745) to work on /home/airflow/.local/lib/python3.12/site-packages/airflow/example_dags/example_display_name.py
[2024-05-01T12:51:40.725+0000] {processor.py:830} INFO - Processing file /home/airflow/.local/lib/python3.12/site-packages/airflow/example_dags/example_display_name.py for tasks to queue
[2024-05-01T12:51:40.729+0000] {logging_mixin.py:188} INFO - [2024-05-01T12:51:40.728+0000] {dagbag.py:540} INFO - Filling up the DagBag from /home/airflow/.local/lib/python3.12/site-packages/airflow/example_dags/example_display_name.py
[2024-05-01T12:51:40.735+0000] {processor.py:840} INFO - DAG(s) 'example_display_name' retrieved from /home/airflow/.local/lib/python3.12/site-packages/airflow/example_dags/example_display_name.py
[2024-05-01T12:51:40.754+0000] {logging_mixin.py:188} INFO - [2024-05-01T12:51:40.754+0000] {dag.py:3096} INFO - Sync 1 DAGs
[2024-05-01T12:51:40.770+0000] {logging_mixin.py:188} INFO - [2024-05-01T12:51:40.770+0000] {dag.py:3954} INFO - Setting next_dagrun for example_display_name to None, run_after=None
[2024-05-01T12:51:40.789+0000] {processor.py:183} INFO - Processing /home/airflow/.local/lib/python3.12/site-packages/airflow/example_dags/example_display_name.py took 0.073 seconds
[2024-05-01T12:52:11.629+0000] {processor.py:161} INFO - Started process (PID=2803) to work on /home/airflow/.local/lib/python3.12/site-packages/airflow/example_dags/example_display_name.py
[2024-05-01T12:52:11.630+0000] {processor.py:830} INFO - Processing file /home/airflow/.local/lib/python3.12/site-packages/airflow/example_dags/example_display_name.py for tasks to queue
[2024-05-01T12:52:11.633+0000] {logging_mixin.py:188} INFO - [2024-05-01T12:52:11.632+0000] {dagbag.py:540} INFO - Filling up the DagBag from /home/airflow/.local/lib/python3.12/site-packages/airflow/example_dags/example_display_name.py
[2024-05-01T12:52:11.639+0000] {processor.py:840} INFO - DAG(s) 'example_display_name' retrieved from /home/airflow/.local/lib/python3.12/site-packages/airflow/example_dags/example_display_name.py
[2024-05-01T12:52:11.658+0000] {logging_mixin.py:188} INFO - [2024-05-01T12:52:11.657+0000] {dag.py:3096} INFO - Sync 1 DAGs
[2024-05-01T12:52:11.673+0000] {logging_mixin.py:188} INFO - [2024-05-01T12:52:11.673+0000] {dag.py:3954} INFO - Setting next_dagrun for example_display_name to None, run_after=None
[2024-05-01T12:52:11.692+0000] {processor.py:183} INFO - Processing /home/airflow/.local/lib/python3.12/site-packages/airflow/example_dags/example_display_name.py took 0.069 seconds
[2024-05-01T12:52:42.622+0000] {processor.py:161} INFO - Started process (PID=2861) to work on /home/airflow/.local/lib/python3.12/site-packages/airflow/example_dags/example_display_name.py
[2024-05-01T12:52:42.624+0000] {processor.py:830} INFO - Processing file /home/airflow/.local/lib/python3.12/site-packages/airflow/example_dags/example_display_name.py for tasks to queue
[2024-05-01T12:52:42.627+0000] {logging_mixin.py:188} INFO - [2024-05-01T12:52:42.626+0000] {dagbag.py:540} INFO - Filling up the DagBag from /home/airflow/.local/lib/python3.12/site-packages/airflow/example_dags/example_display_name.py
[2024-05-01T12:52:42.634+0000] {processor.py:840} INFO - DAG(s) 'example_display_name' retrieved from /home/airflow/.local/lib/python3.12/site-packages/airflow/example_dags/example_display_name.py
[2024-05-01T12:52:42.654+0000] {logging_mixin.py:188} INFO - [2024-05-01T12:52:42.653+0000] {dag.py:3096} INFO - Sync 1 DAGs
[2024-05-01T12:52:42.668+0000] {logging_mixin.py:188} INFO - [2024-05-01T12:52:42.668+0000] {dag.py:3954} INFO - Setting next_dagrun for example_display_name to None, run_after=None
[2024-05-01T12:52:42.688+0000] {processor.py:183} INFO - Processing /home/airflow/.local/lib/python3.12/site-packages/airflow/example_dags/example_display_name.py took 0.074 seconds
[2024-05-01T12:53:13.558+0000] {processor.py:161} INFO - Started process (PID=2919) to work on /home/airflow/.local/lib/python3.12/site-packages/airflow/example_dags/example_display_name.py
[2024-05-01T12:53:13.560+0000] {processor.py:830} INFO - Processing file /home/airflow/.local/lib/python3.12/site-packages/airflow/example_dags/example_display_name.py for tasks to queue
[2024-05-01T12:53:13.562+0000] {logging_mixin.py:188} INFO - [2024-05-01T12:53:13.562+0000] {dagbag.py:540} INFO - Filling up the DagBag from /home/airflow/.local/lib/python3.12/site-packages/airflow/example_dags/example_display_name.py
[2024-05-01T12:53:13.570+0000] {processor.py:840} INFO - DAG(s) 'example_display_name' retrieved from /home/airflow/.local/lib/python3.12/site-packages/airflow/example_dags/example_display_name.py
[2024-05-01T12:53:13.590+0000] {logging_mixin.py:188} INFO - [2024-05-01T12:53:13.590+0000] {dag.py:3096} INFO - Sync 1 DAGs
[2024-05-01T12:53:13.604+0000] {logging_mixin.py:188} INFO - [2024-05-01T12:53:13.603+0000] {dag.py:3954} INFO - Setting next_dagrun for example_display_name to None, run_after=None
[2024-05-01T12:53:13.623+0000] {processor.py:183} INFO - Processing /home/airflow/.local/lib/python3.12/site-packages/airflow/example_dags/example_display_name.py took 0.070 seconds
[2024-05-01T12:53:43.780+0000] {processor.py:161} INFO - Started process (PID=2977) to work on /home/airflow/.local/lib/python3.12/site-packages/airflow/example_dags/example_display_name.py
[2024-05-01T12:53:43.781+0000] {processor.py:830} INFO - Processing file /home/airflow/.local/lib/python3.12/site-packages/airflow/example_dags/example_display_name.py for tasks to queue
[2024-05-01T12:53:43.783+0000] {logging_mixin.py:188} INFO - [2024-05-01T12:53:43.783+0000] {dagbag.py:540} INFO - Filling up the DagBag from /home/airflow/.local/lib/python3.12/site-packages/airflow/example_dags/example_display_name.py
[2024-05-01T12:53:43.790+0000] {processor.py:840} INFO - DAG(s) 'example_display_name' retrieved from /home/airflow/.local/lib/python3.12/site-packages/airflow/example_dags/example_display_name.py
[2024-05-01T12:53:43.809+0000] {logging_mixin.py:188} INFO - [2024-05-01T12:53:43.809+0000] {dag.py:3096} INFO - Sync 1 DAGs
[2024-05-01T12:53:43.826+0000] {logging_mixin.py:188} INFO - [2024-05-01T12:53:43.826+0000] {dag.py:3954} INFO - Setting next_dagrun for example_display_name to None, run_after=None
[2024-05-01T12:53:43.845+0000] {processor.py:183} INFO - Processing /home/airflow/.local/lib/python3.12/site-packages/airflow/example_dags/example_display_name.py took 0.073 seconds
[2024-05-01T12:54:14.699+0000] {processor.py:161} INFO - Started process (PID=3035) to work on /home/airflow/.local/lib/python3.12/site-packages/airflow/example_dags/example_display_name.py
[2024-05-01T12:54:14.700+0000] {processor.py:830} INFO - Processing file /home/airflow/.local/lib/python3.12/site-packages/airflow/example_dags/example_display_name.py for tasks to queue
[2024-05-01T12:54:14.703+0000] {logging_mixin.py:188} INFO - [2024-05-01T12:54:14.702+0000] {dagbag.py:540} INFO - Filling up the DagBag from /home/airflow/.local/lib/python3.12/site-packages/airflow/example_dags/example_display_name.py
[2024-05-01T12:54:14.709+0000] {processor.py:840} INFO - DAG(s) 'example_display_name' retrieved from /home/airflow/.local/lib/python3.12/site-packages/airflow/example_dags/example_display_name.py
[2024-05-01T12:54:14.729+0000] {logging_mixin.py:188} INFO - [2024-05-01T12:54:14.729+0000] {dag.py:3096} INFO - Sync 1 DAGs
[2024-05-01T12:54:14.743+0000] {logging_mixin.py:188} INFO - [2024-05-01T12:54:14.743+0000] {dag.py:3954} INFO - Setting next_dagrun for example_display_name to None, run_after=None
[2024-05-01T12:54:14.762+0000] {processor.py:183} INFO - Processing /home/airflow/.local/lib/python3.12/site-packages/airflow/example_dags/example_display_name.py took 0.070 seconds
[2024-05-01T12:54:45.658+0000] {processor.py:161} INFO - Started process (PID=3093) to work on /home/airflow/.local/lib/python3.12/site-packages/airflow/example_dags/example_display_name.py
[2024-05-01T12:54:45.660+0000] {processor.py:830} INFO - Processing file /home/airflow/.local/lib/python3.12/site-packages/airflow/example_dags/example_display_name.py for tasks to queue
[2024-05-01T12:54:45.662+0000] {logging_mixin.py:188} INFO - [2024-05-01T12:54:45.662+0000] {dagbag.py:540} INFO - Filling up the DagBag from /home/airflow/.local/lib/python3.12/site-packages/airflow/example_dags/example_display_name.py
[2024-05-01T12:54:45.669+0000] {processor.py:840} INFO - DAG(s) 'example_display_name' retrieved from /home/airflow/.local/lib/python3.12/site-packages/airflow/example_dags/example_display_name.py
[2024-05-01T12:54:45.688+0000] {logging_mixin.py:188} INFO - [2024-05-01T12:54:45.688+0000] {dag.py:3096} INFO - Sync 1 DAGs
[2024-05-01T12:54:45.703+0000] {logging_mixin.py:188} INFO - [2024-05-01T12:54:45.703+0000] {dag.py:3954} INFO - Setting next_dagrun for example_display_name to None, run_after=None
[2024-05-01T12:54:45.722+0000] {processor.py:183} INFO - Processing /home/airflow/.local/lib/python3.12/site-packages/airflow/example_dags/example_display_name.py took 0.070 seconds
[2024-05-01T12:55:16.611+0000] {processor.py:161} INFO - Started process (PID=3151) to work on /home/airflow/.local/lib/python3.12/site-packages/airflow/example_dags/example_display_name.py
[2024-05-01T12:55:16.612+0000] {processor.py:830} INFO - Processing file /home/airflow/.local/lib/python3.12/site-packages/airflow/example_dags/example_display_name.py for tasks to queue
[2024-05-01T12:55:16.614+0000] {logging_mixin.py:188} INFO - [2024-05-01T12:55:16.614+0000] {dagbag.py:540} INFO - Filling up the DagBag from /home/airflow/.local/lib/python3.12/site-packages/airflow/example_dags/example_display_name.py
[2024-05-01T12:55:16.621+0000] {processor.py:840} INFO - DAG(s) 'example_display_name' retrieved from /home/airflow/.local/lib/python3.12/site-packages/airflow/example_dags/example_display_name.py
[2024-05-01T12:55:16.642+0000] {logging_mixin.py:188} INFO - [2024-05-01T12:55:16.642+0000] {dag.py:3096} INFO - Sync 1 DAGs
[2024-05-01T12:55:16.658+0000] {logging_mixin.py:188} INFO - [2024-05-01T12:55:16.658+0000] {dag.py:3954} INFO - Setting next_dagrun for example_display_name to None, run_after=None
[2024-05-01T12:55:16.677+0000] {processor.py:183} INFO - Processing /home/airflow/.local/lib/python3.12/site-packages/airflow/example_dags/example_display_name.py took 0.074 seconds
[2024-05-01T12:55:47.512+0000] {processor.py:161} INFO - Started process (PID=3209) to work on /home/airflow/.local/lib/python3.12/site-packages/airflow/example_dags/example_display_name.py
[2024-05-01T12:55:47.513+0000] {processor.py:830} INFO - Processing file /home/airflow/.local/lib/python3.12/site-packages/airflow/example_dags/example_display_name.py for tasks to queue
[2024-05-01T12:55:47.515+0000] {logging_mixin.py:188} INFO - [2024-05-01T12:55:47.515+0000] {dagbag.py:540} INFO - Filling up the DagBag from /home/airflow/.local/lib/python3.12/site-packages/airflow/example_dags/example_display_name.py
[2024-05-01T12:55:47.522+0000] {processor.py:840} INFO - DAG(s) 'example_display_name' retrieved from /home/airflow/.local/lib/python3.12/site-packages/airflow/example_dags/example_display_name.py
[2024-05-01T12:55:47.542+0000] {logging_mixin.py:188} INFO - [2024-05-01T12:55:47.542+0000] {dag.py:3096} INFO - Sync 1 DAGs
[2024-05-01T12:55:47.557+0000] {logging_mixin.py:188} INFO - [2024-05-01T12:55:47.556+0000] {dag.py:3954} INFO - Setting next_dagrun for example_display_name to None, run_after=None
[2024-05-01T12:55:47.577+0000] {processor.py:183} INFO - Processing /home/airflow/.local/lib/python3.12/site-packages/airflow/example_dags/example_display_name.py took 0.072 seconds
[2024-05-01T12:56:18.610+0000] {processor.py:161} INFO - Started process (PID=3267) to work on /home/airflow/.local/lib/python3.12/site-packages/airflow/example_dags/example_display_name.py
[2024-05-01T12:56:18.612+0000] {processor.py:830} INFO - Processing file /home/airflow/.local/lib/python3.12/site-packages/airflow/example_dags/example_display_name.py for tasks to queue
[2024-05-01T12:56:18.614+0000] {logging_mixin.py:188} INFO - [2024-05-01T12:56:18.614+0000] {dagbag.py:540} INFO - Filling up the DagBag from /home/airflow/.local/lib/python3.12/site-packages/airflow/example_dags/example_display_name.py
[2024-05-01T12:56:18.621+0000] {processor.py:840} INFO - DAG(s) 'example_display_name' retrieved from /home/airflow/.local/lib/python3.12/site-packages/airflow/example_dags/example_display_name.py
[2024-05-01T12:56:18.641+0000] {logging_mixin.py:188} INFO - [2024-05-01T12:56:18.640+0000] {dag.py:3096} INFO - Sync 1 DAGs
[2024-05-01T12:56:18.655+0000] {logging_mixin.py:188} INFO - [2024-05-01T12:56:18.655+0000] {dag.py:3954} INFO - Setting next_dagrun for example_display_name to None, run_after=None
[2024-05-01T12:56:18.674+0000] {processor.py:183} INFO - Processing /home/airflow/.local/lib/python3.12/site-packages/airflow/example_dags/example_display_name.py took 0.071 seconds
[2024-05-01T12:56:49.690+0000] {processor.py:161} INFO - Started process (PID=3325) to work on /home/airflow/.local/lib/python3.12/site-packages/airflow/example_dags/example_display_name.py
[2024-05-01T12:56:49.691+0000] {processor.py:830} INFO - Processing file /home/airflow/.local/lib/python3.12/site-packages/airflow/example_dags/example_display_name.py for tasks to queue
[2024-05-01T12:56:49.693+0000] {logging_mixin.py:188} INFO - [2024-05-01T12:56:49.693+0000] {dagbag.py:540} INFO - Filling up the DagBag from /home/airflow/.local/lib/python3.12/site-packages/airflow/example_dags/example_display_name.py
[2024-05-01T12:56:49.699+0000] {processor.py:840} INFO - DAG(s) 'example_display_name' retrieved from /home/airflow/.local/lib/python3.12/site-packages/airflow/example_dags/example_display_name.py
[2024-05-01T12:56:49.720+0000] {logging_mixin.py:188} INFO - [2024-05-01T12:56:49.720+0000] {dag.py:3096} INFO - Sync 1 DAGs
[2024-05-01T12:56:49.734+0000] {logging_mixin.py:188} INFO - [2024-05-01T12:56:49.734+0000] {dag.py:3954} INFO - Setting next_dagrun for example_display_name to None, run_after=None
[2024-05-01T12:56:49.757+0000] {processor.py:183} INFO - Processing /home/airflow/.local/lib/python3.12/site-packages/airflow/example_dags/example_display_name.py took 0.074 seconds
[2024-05-01T12:57:19.870+0000] {processor.py:161} INFO - Started process (PID=3383) to work on /home/airflow/.local/lib/python3.12/site-packages/airflow/example_dags/example_display_name.py
[2024-05-01T12:57:19.873+0000] {processor.py:830} INFO - Processing file /home/airflow/.local/lib/python3.12/site-packages/airflow/example_dags/example_display_name.py for tasks to queue
[2024-05-01T12:57:19.876+0000] {logging_mixin.py:188} INFO - [2024-05-01T12:57:19.875+0000] {dagbag.py:540} INFO - Filling up the DagBag from /home/airflow/.local/lib/python3.12/site-packages/airflow/example_dags/example_display_name.py
[2024-05-01T12:57:19.882+0000] {processor.py:840} INFO - DAG(s) 'example_display_name' retrieved from /home/airflow/.local/lib/python3.12/site-packages/airflow/example_dags/example_display_name.py
[2024-05-01T12:57:19.904+0000] {logging_mixin.py:188} INFO - [2024-05-01T12:57:19.903+0000] {dag.py:3096} INFO - Sync 1 DAGs
[2024-05-01T12:57:19.918+0000] {logging_mixin.py:188} INFO - [2024-05-01T12:57:19.918+0000] {dag.py:3954} INFO - Setting next_dagrun for example_display_name to None, run_after=None
[2024-05-01T12:57:19.939+0000] {processor.py:183} INFO - Processing /home/airflow/.local/lib/python3.12/site-packages/airflow/example_dags/example_display_name.py took 0.075 seconds
[2024-05-01T12:57:50.136+0000] {processor.py:161} INFO - Started process (PID=3441) to work on /home/airflow/.local/lib/python3.12/site-packages/airflow/example_dags/example_display_name.py
[2024-05-01T12:57:50.138+0000] {processor.py:830} INFO - Processing file /home/airflow/.local/lib/python3.12/site-packages/airflow/example_dags/example_display_name.py for tasks to queue
[2024-05-01T12:57:50.140+0000] {logging_mixin.py:188} INFO - [2024-05-01T12:57:50.140+0000] {dagbag.py:540} INFO - Filling up the DagBag from /home/airflow/.local/lib/python3.12/site-packages/airflow/example_dags/example_display_name.py
[2024-05-01T12:57:50.146+0000] {processor.py:840} INFO - DAG(s) 'example_display_name' retrieved from /home/airflow/.local/lib/python3.12/site-packages/airflow/example_dags/example_display_name.py
[2024-05-01T12:57:50.168+0000] {logging_mixin.py:188} INFO - [2024-05-01T12:57:50.168+0000] {dag.py:3096} INFO - Sync 1 DAGs
[2024-05-01T12:57:50.186+0000] {logging_mixin.py:188} INFO - [2024-05-01T12:57:50.186+0000] {dag.py:3954} INFO - Setting next_dagrun for example_display_name to None, run_after=None
[2024-05-01T12:57:50.320+0000] {processor.py:183} INFO - Processing /home/airflow/.local/lib/python3.12/site-packages/airflow/example_dags/example_display_name.py took 0.190 seconds
[2024-05-01T12:58:20.357+0000] {processor.py:161} INFO - Started process (PID=3499) to work on /home/airflow/.local/lib/python3.12/site-packages/airflow/example_dags/example_display_name.py
[2024-05-01T12:58:20.359+0000] {processor.py:830} INFO - Processing file /home/airflow/.local/lib/python3.12/site-packages/airflow/example_dags/example_display_name.py for tasks to queue
[2024-05-01T12:58:20.361+0000] {logging_mixin.py:188} INFO - [2024-05-01T12:58:20.361+0000] {dagbag.py:540} INFO - Filling up the DagBag from /home/airflow/.local/lib/python3.12/site-packages/airflow/example_dags/example_display_name.py
[2024-05-01T12:58:20.368+0000] {processor.py:840} INFO - DAG(s) 'example_display_name' retrieved from /home/airflow/.local/lib/python3.12/site-packages/airflow/example_dags/example_display_name.py
[2024-05-01T12:58:20.388+0000] {logging_mixin.py:188} INFO - [2024-05-01T12:58:20.388+0000] {dag.py:3096} INFO - Sync 1 DAGs
[2024-05-01T12:58:20.402+0000] {logging_mixin.py:188} INFO - [2024-05-01T12:58:20.402+0000] {dag.py:3954} INFO - Setting next_dagrun for example_display_name to None, run_after=None
[2024-05-01T12:58:20.421+0000] {processor.py:183} INFO - Processing /home/airflow/.local/lib/python3.12/site-packages/airflow/example_dags/example_display_name.py took 0.070 seconds
[2024-05-01T12:58:50.631+0000] {processor.py:161} INFO - Started process (PID=3557) to work on /home/airflow/.local/lib/python3.12/site-packages/airflow/example_dags/example_display_name.py
[2024-05-01T12:58:50.632+0000] {processor.py:830} INFO - Processing file /home/airflow/.local/lib/python3.12/site-packages/airflow/example_dags/example_display_name.py for tasks to queue
[2024-05-01T12:58:50.635+0000] {logging_mixin.py:188} INFO - [2024-05-01T12:58:50.634+0000] {dagbag.py:540} INFO - Filling up the DagBag from /home/airflow/.local/lib/python3.12/site-packages/airflow/example_dags/example_display_name.py
[2024-05-01T12:58:50.641+0000] {processor.py:840} INFO - DAG(s) 'example_display_name' retrieved from /home/airflow/.local/lib/python3.12/site-packages/airflow/example_dags/example_display_name.py
[2024-05-01T12:58:50.661+0000] {logging_mixin.py:188} INFO - [2024-05-01T12:58:50.661+0000] {dag.py:3096} INFO - Sync 1 DAGs
[2024-05-01T12:58:50.676+0000] {logging_mixin.py:188} INFO - [2024-05-01T12:58:50.675+0000] {dag.py:3954} INFO - Setting next_dagrun for example_display_name to None, run_after=None
[2024-05-01T12:58:50.695+0000] {processor.py:183} INFO - Processing /home/airflow/.local/lib/python3.12/site-packages/airflow/example_dags/example_display_name.py took 0.071 seconds
[2024-05-01T12:59:20.850+0000] {processor.py:161} INFO - Started process (PID=3615) to work on /home/airflow/.local/lib/python3.12/site-packages/airflow/example_dags/example_display_name.py
[2024-05-01T12:59:20.852+0000] {processor.py:830} INFO - Processing file /home/airflow/.local/lib/python3.12/site-packages/airflow/example_dags/example_display_name.py for tasks to queue
[2024-05-01T12:59:20.854+0000] {logging_mixin.py:188} INFO - [2024-05-01T12:59:20.854+0000] {dagbag.py:540} INFO - Filling up the DagBag from /home/airflow/.local/lib/python3.12/site-packages/airflow/example_dags/example_display_name.py
[2024-05-01T12:59:20.861+0000] {processor.py:840} INFO - DAG(s) 'example_display_name' retrieved from /home/airflow/.local/lib/python3.12/site-packages/airflow/example_dags/example_display_name.py
[2024-05-01T12:59:20.882+0000] {logging_mixin.py:188} INFO - [2024-05-01T12:59:20.882+0000] {dag.py:3096} INFO - Sync 1 DAGs
[2024-05-01T12:59:20.896+0000] {logging_mixin.py:188} INFO - [2024-05-01T12:59:20.896+0000] {dag.py:3954} INFO - Setting next_dagrun for example_display_name to None, run_after=None
[2024-05-01T12:59:20.916+0000] {processor.py:183} INFO - Processing /home/airflow/.local/lib/python3.12/site-packages/airflow/example_dags/example_display_name.py took 0.072 seconds
[2024-05-01T12:59:51.070+0000] {processor.py:161} INFO - Started process (PID=3673) to work on /home/airflow/.local/lib/python3.12/site-packages/airflow/example_dags/example_display_name.py
[2024-05-01T12:59:51.072+0000] {processor.py:830} INFO - Processing file /home/airflow/.local/lib/python3.12/site-packages/airflow/example_dags/example_display_name.py for tasks to queue
[2024-05-01T12:59:51.074+0000] {logging_mixin.py:188} INFO - [2024-05-01T12:59:51.073+0000] {dagbag.py:540} INFO - Filling up the DagBag from /home/airflow/.local/lib/python3.12/site-packages/airflow/example_dags/example_display_name.py
[2024-05-01T12:59:51.080+0000] {processor.py:840} INFO - DAG(s) 'example_display_name' retrieved from /home/airflow/.local/lib/python3.12/site-packages/airflow/example_dags/example_display_name.py
[2024-05-01T12:59:51.100+0000] {logging_mixin.py:188} INFO - [2024-05-01T12:59:51.100+0000] {dag.py:3096} INFO - Sync 1 DAGs
[2024-05-01T12:59:51.115+0000] {logging_mixin.py:188} INFO - [2024-05-01T12:59:51.115+0000] {dag.py:3954} INFO - Setting next_dagrun for example_display_name to None, run_after=None
[2024-05-01T12:59:51.133+0000] {processor.py:183} INFO - Processing /home/airflow/.local/lib/python3.12/site-packages/airflow/example_dags/example_display_name.py took 0.070 seconds
[2024-05-01T13:00:21.349+0000] {processor.py:161} INFO - Started process (PID=3731) to work on /home/airflow/.local/lib/python3.12/site-packages/airflow/example_dags/example_display_name.py
[2024-05-01T13:00:21.351+0000] {processor.py:830} INFO - Processing file /home/airflow/.local/lib/python3.12/site-packages/airflow/example_dags/example_display_name.py for tasks to queue
[2024-05-01T13:00:21.354+0000] {logging_mixin.py:188} INFO - [2024-05-01T13:00:21.353+0000] {dagbag.py:540} INFO - Filling up the DagBag from /home/airflow/.local/lib/python3.12/site-packages/airflow/example_dags/example_display_name.py
[2024-05-01T13:00:21.360+0000] {processor.py:840} INFO - DAG(s) 'example_display_name' retrieved from /home/airflow/.local/lib/python3.12/site-packages/airflow/example_dags/example_display_name.py
[2024-05-01T13:00:21.381+0000] {logging_mixin.py:188} INFO - [2024-05-01T13:00:21.381+0000] {dag.py:3096} INFO - Sync 1 DAGs
[2024-05-01T13:00:21.395+0000] {logging_mixin.py:188} INFO - [2024-05-01T13:00:21.395+0000] {dag.py:3954} INFO - Setting next_dagrun for example_display_name to None, run_after=None
[2024-05-01T13:00:21.413+0000] {processor.py:183} INFO - Processing /home/airflow/.local/lib/python3.12/site-packages/airflow/example_dags/example_display_name.py took 0.070 seconds
[2024-05-01T13:00:52.019+0000] {processor.py:161} INFO - Started process (PID=3789) to work on /home/airflow/.local/lib/python3.12/site-packages/airflow/example_dags/example_display_name.py
[2024-05-01T13:00:52.021+0000] {processor.py:830} INFO - Processing file /home/airflow/.local/lib/python3.12/site-packages/airflow/example_dags/example_display_name.py for tasks to queue
[2024-05-01T13:00:52.024+0000] {logging_mixin.py:188} INFO - [2024-05-01T13:00:52.024+0000] {dagbag.py:540} INFO - Filling up the DagBag from /home/airflow/.local/lib/python3.12/site-packages/airflow/example_dags/example_display_name.py
[2024-05-01T13:00:52.030+0000] {processor.py:840} INFO - DAG(s) 'example_display_name' retrieved from /home/airflow/.local/lib/python3.12/site-packages/airflow/example_dags/example_display_name.py
[2024-05-01T13:00:52.051+0000] {logging_mixin.py:188} INFO - [2024-05-01T13:00:52.050+0000] {dag.py:3096} INFO - Sync 1 DAGs
[2024-05-01T13:00:52.065+0000] {logging_mixin.py:188} INFO - [2024-05-01T13:00:52.064+0000] {dag.py:3954} INFO - Setting next_dagrun for example_display_name to None, run_after=None
[2024-05-01T13:00:52.083+0000] {processor.py:183} INFO - Processing /home/airflow/.local/lib/python3.12/site-packages/airflow/example_dags/example_display_name.py took 0.071 seconds
[2024-05-01T13:01:22.150+0000] {processor.py:161} INFO - Started process (PID=3847) to work on /home/airflow/.local/lib/python3.12/site-packages/airflow/example_dags/example_display_name.py
[2024-05-01T13:01:22.152+0000] {processor.py:830} INFO - Processing file /home/airflow/.local/lib/python3.12/site-packages/airflow/example_dags/example_display_name.py for tasks to queue
[2024-05-01T13:01:22.154+0000] {logging_mixin.py:188} INFO - [2024-05-01T13:01:22.154+0000] {dagbag.py:540} INFO - Filling up the DagBag from /home/airflow/.local/lib/python3.12/site-packages/airflow/example_dags/example_display_name.py
[2024-05-01T13:01:22.161+0000] {processor.py:840} INFO - DAG(s) 'example_display_name' retrieved from /home/airflow/.local/lib/python3.12/site-packages/airflow/example_dags/example_display_name.py
[2024-05-01T13:01:22.182+0000] {logging_mixin.py:188} INFO - [2024-05-01T13:01:22.182+0000] {dag.py:3096} INFO - Sync 1 DAGs
[2024-05-01T13:01:22.198+0000] {logging_mixin.py:188} INFO - [2024-05-01T13:01:22.197+0000] {dag.py:3954} INFO - Setting next_dagrun for example_display_name to None, run_after=None
[2024-05-01T13:01:22.217+0000] {processor.py:183} INFO - Processing /home/airflow/.local/lib/python3.12/site-packages/airflow/example_dags/example_display_name.py took 0.073 seconds
[2024-05-01T13:01:53.220+0000] {processor.py:161} INFO - Started process (PID=3904) to work on /home/airflow/.local/lib/python3.12/site-packages/airflow/example_dags/example_display_name.py
[2024-05-01T13:01:53.222+0000] {processor.py:830} INFO - Processing file /home/airflow/.local/lib/python3.12/site-packages/airflow/example_dags/example_display_name.py for tasks to queue
[2024-05-01T13:01:53.225+0000] {logging_mixin.py:188} INFO - [2024-05-01T13:01:53.225+0000] {dagbag.py:540} INFO - Filling up the DagBag from /home/airflow/.local/lib/python3.12/site-packages/airflow/example_dags/example_display_name.py
[2024-05-01T13:01:53.232+0000] {processor.py:840} INFO - DAG(s) 'example_display_name' retrieved from /home/airflow/.local/lib/python3.12/site-packages/airflow/example_dags/example_display_name.py
[2024-05-01T13:01:53.253+0000] {logging_mixin.py:188} INFO - [2024-05-01T13:01:53.253+0000] {dag.py:3096} INFO - Sync 1 DAGs
[2024-05-01T13:01:53.272+0000] {logging_mixin.py:188} INFO - [2024-05-01T13:01:53.272+0000] {dag.py:3954} INFO - Setting next_dagrun for example_display_name to None, run_after=None
[2024-05-01T13:01:53.292+0000] {processor.py:183} INFO - Processing /home/airflow/.local/lib/python3.12/site-packages/airflow/example_dags/example_display_name.py took 0.081 seconds
[2024-05-01T13:02:23.456+0000] {processor.py:161} INFO - Started process (PID=3962) to work on /home/airflow/.local/lib/python3.12/site-packages/airflow/example_dags/example_display_name.py
[2024-05-01T13:02:23.457+0000] {processor.py:830} INFO - Processing file /home/airflow/.local/lib/python3.12/site-packages/airflow/example_dags/example_display_name.py for tasks to queue
[2024-05-01T13:02:23.460+0000] {logging_mixin.py:188} INFO - [2024-05-01T13:02:23.459+0000] {dagbag.py:540} INFO - Filling up the DagBag from /home/airflow/.local/lib/python3.12/site-packages/airflow/example_dags/example_display_name.py
[2024-05-01T13:02:23.466+0000] {processor.py:840} INFO - DAG(s) 'example_display_name' retrieved from /home/airflow/.local/lib/python3.12/site-packages/airflow/example_dags/example_display_name.py
[2024-05-01T13:02:23.487+0000] {logging_mixin.py:188} INFO - [2024-05-01T13:02:23.486+0000] {dag.py:3096} INFO - Sync 1 DAGs
[2024-05-01T13:02:23.501+0000] {logging_mixin.py:188} INFO - [2024-05-01T13:02:23.501+0000] {dag.py:3954} INFO - Setting next_dagrun for example_display_name to None, run_after=None
[2024-05-01T13:02:23.519+0000] {processor.py:183} INFO - Processing /home/airflow/.local/lib/python3.12/site-packages/airflow/example_dags/example_display_name.py took 0.070 seconds
[2024-05-01T13:02:55.003+0000] {processor.py:161} INFO - Started process (PID=4020) to work on /home/airflow/.local/lib/python3.12/site-packages/airflow/example_dags/example_display_name.py
[2024-05-01T13:02:55.009+0000] {processor.py:830} INFO - Processing file /home/airflow/.local/lib/python3.12/site-packages/airflow/example_dags/example_display_name.py for tasks to queue
[2024-05-01T13:02:55.020+0000] {logging_mixin.py:188} INFO - [2024-05-01T13:02:55.018+0000] {dagbag.py:540} INFO - Filling up the DagBag from /home/airflow/.local/lib/python3.12/site-packages/airflow/example_dags/example_display_name.py
[2024-05-01T13:02:55.051+0000] {processor.py:840} INFO - DAG(s) 'example_display_name' retrieved from /home/airflow/.local/lib/python3.12/site-packages/airflow/example_dags/example_display_name.py
[2024-05-01T13:02:55.146+0000] {logging_mixin.py:188} INFO - [2024-05-01T13:02:55.145+0000] {dag.py:3096} INFO - Sync 1 DAGs
[2024-05-01T13:02:55.214+0000] {logging_mixin.py:188} INFO - [2024-05-01T13:02:55.213+0000] {dag.py:3954} INFO - Setting next_dagrun for example_display_name to None, run_after=None
[2024-05-01T13:02:55.301+0000] {processor.py:183} INFO - Processing /home/airflow/.local/lib/python3.12/site-packages/airflow/example_dags/example_display_name.py took 0.333 seconds
[2024-05-01T13:06:44.628+0000] {processor.py:161} INFO - Started process (PID=4081) to work on /home/airflow/.local/lib/python3.12/site-packages/airflow/example_dags/example_display_name.py
[2024-05-01T13:06:44.641+0000] {processor.py:830} INFO - Processing file /home/airflow/.local/lib/python3.12/site-packages/airflow/example_dags/example_display_name.py for tasks to queue
[2024-05-01T13:06:44.646+0000] {logging_mixin.py:188} INFO - [2024-05-01T13:06:44.646+0000] {dagbag.py:540} INFO - Filling up the DagBag from /home/airflow/.local/lib/python3.12/site-packages/airflow/example_dags/example_display_name.py
[2024-05-01T13:06:44.659+0000] {processor.py:840} INFO - DAG(s) 'example_display_name' retrieved from /home/airflow/.local/lib/python3.12/site-packages/airflow/example_dags/example_display_name.py
[2024-05-01T13:06:44.709+0000] {logging_mixin.py:188} INFO - [2024-05-01T13:06:44.708+0000] {dag.py:3096} INFO - Sync 1 DAGs
[2024-05-01T13:06:44.739+0000] {logging_mixin.py:188} INFO - [2024-05-01T13:06:44.739+0000] {dag.py:3954} INFO - Setting next_dagrun for example_display_name to None, run_after=None
[2024-05-01T13:06:44.779+0000] {processor.py:183} INFO - Processing /home/airflow/.local/lib/python3.12/site-packages/airflow/example_dags/example_display_name.py took 0.170 seconds
[2024-05-01T13:07:15.015+0000] {processor.py:161} INFO - Started process (PID=4139) to work on /home/airflow/.local/lib/python3.12/site-packages/airflow/example_dags/example_display_name.py
[2024-05-01T13:07:15.016+0000] {processor.py:830} INFO - Processing file /home/airflow/.local/lib/python3.12/site-packages/airflow/example_dags/example_display_name.py for tasks to queue
[2024-05-01T13:07:15.019+0000] {logging_mixin.py:188} INFO - [2024-05-01T13:07:15.018+0000] {dagbag.py:540} INFO - Filling up the DagBag from /home/airflow/.local/lib/python3.12/site-packages/airflow/example_dags/example_display_name.py
[2024-05-01T13:07:15.025+0000] {processor.py:840} INFO - DAG(s) 'example_display_name' retrieved from /home/airflow/.local/lib/python3.12/site-packages/airflow/example_dags/example_display_name.py
[2024-05-01T13:07:15.047+0000] {logging_mixin.py:188} INFO - [2024-05-01T13:07:15.047+0000] {dag.py:3096} INFO - Sync 1 DAGs
[2024-05-01T13:07:15.062+0000] {logging_mixin.py:188} INFO - [2024-05-01T13:07:15.062+0000] {dag.py:3954} INFO - Setting next_dagrun for example_display_name to None, run_after=None
[2024-05-01T13:07:15.082+0000] {processor.py:183} INFO - Processing /home/airflow/.local/lib/python3.12/site-packages/airflow/example_dags/example_display_name.py took 0.074 seconds
[2024-05-01T13:07:45.401+0000] {processor.py:161} INFO - Started process (PID=4197) to work on /home/airflow/.local/lib/python3.12/site-packages/airflow/example_dags/example_display_name.py
[2024-05-01T13:07:45.403+0000] {processor.py:830} INFO - Processing file /home/airflow/.local/lib/python3.12/site-packages/airflow/example_dags/example_display_name.py for tasks to queue
[2024-05-01T13:07:45.405+0000] {logging_mixin.py:188} INFO - [2024-05-01T13:07:45.405+0000] {dagbag.py:540} INFO - Filling up the DagBag from /home/airflow/.local/lib/python3.12/site-packages/airflow/example_dags/example_display_name.py
[2024-05-01T13:07:45.412+0000] {processor.py:840} INFO - DAG(s) 'example_display_name' retrieved from /home/airflow/.local/lib/python3.12/site-packages/airflow/example_dags/example_display_name.py
[2024-05-01T13:07:45.433+0000] {logging_mixin.py:188} INFO - [2024-05-01T13:07:45.433+0000] {dag.py:3096} INFO - Sync 1 DAGs
[2024-05-01T13:07:45.449+0000] {logging_mixin.py:188} INFO - [2024-05-01T13:07:45.449+0000] {dag.py:3954} INFO - Setting next_dagrun for example_display_name to None, run_after=None
[2024-05-01T13:07:45.468+0000] {processor.py:183} INFO - Processing /home/airflow/.local/lib/python3.12/site-packages/airflow/example_dags/example_display_name.py took 0.074 seconds
[2024-05-01T13:08:15.641+0000] {processor.py:161} INFO - Started process (PID=4255) to work on /home/airflow/.local/lib/python3.12/site-packages/airflow/example_dags/example_display_name.py
[2024-05-01T13:08:15.643+0000] {processor.py:830} INFO - Processing file /home/airflow/.local/lib/python3.12/site-packages/airflow/example_dags/example_display_name.py for tasks to queue
[2024-05-01T13:08:15.645+0000] {logging_mixin.py:188} INFO - [2024-05-01T13:08:15.645+0000] {dagbag.py:540} INFO - Filling up the DagBag from /home/airflow/.local/lib/python3.12/site-packages/airflow/example_dags/example_display_name.py
[2024-05-01T13:08:15.651+0000] {processor.py:840} INFO - DAG(s) 'example_display_name' retrieved from /home/airflow/.local/lib/python3.12/site-packages/airflow/example_dags/example_display_name.py
[2024-05-01T13:08:15.673+0000] {logging_mixin.py:188} INFO - [2024-05-01T13:08:15.673+0000] {dag.py:3096} INFO - Sync 1 DAGs
[2024-05-01T13:08:15.688+0000] {logging_mixin.py:188} INFO - [2024-05-01T13:08:15.688+0000] {dag.py:3954} INFO - Setting next_dagrun for example_display_name to None, run_after=None
[2024-05-01T13:08:15.706+0000] {processor.py:183} INFO - Processing /home/airflow/.local/lib/python3.12/site-packages/airflow/example_dags/example_display_name.py took 0.071 seconds
[2024-05-01T13:08:46.078+0000] {processor.py:161} INFO - Started process (PID=4313) to work on /home/airflow/.local/lib/python3.12/site-packages/airflow/example_dags/example_display_name.py
[2024-05-01T13:08:46.079+0000] {processor.py:830} INFO - Processing file /home/airflow/.local/lib/python3.12/site-packages/airflow/example_dags/example_display_name.py for tasks to queue
[2024-05-01T13:08:46.082+0000] {logging_mixin.py:188} INFO - [2024-05-01T13:08:46.082+0000] {dagbag.py:540} INFO - Filling up the DagBag from /home/airflow/.local/lib/python3.12/site-packages/airflow/example_dags/example_display_name.py
[2024-05-01T13:08:46.090+0000] {processor.py:840} INFO - DAG(s) 'example_display_name' retrieved from /home/airflow/.local/lib/python3.12/site-packages/airflow/example_dags/example_display_name.py
[2024-05-01T13:08:46.116+0000] {logging_mixin.py:188} INFO - [2024-05-01T13:08:46.115+0000] {dag.py:3096} INFO - Sync 1 DAGs
[2024-05-01T13:08:46.134+0000] {logging_mixin.py:188} INFO - [2024-05-01T13:08:46.133+0000] {dag.py:3954} INFO - Setting next_dagrun for example_display_name to None, run_after=None
[2024-05-01T13:08:46.156+0000] {processor.py:183} INFO - Processing /home/airflow/.local/lib/python3.12/site-packages/airflow/example_dags/example_display_name.py took 0.086 seconds
