[2024-05-01T12:28:12.680+0000] {processor.py:161} INFO - Started process (PID=42) to work on /home/airflow/.local/lib/python3.12/site-packages/airflow/example_dags/example_sensors.py
[2024-05-01T12:28:12.682+0000] {processor.py:830} INFO - Processing file /home/airflow/.local/lib/python3.12/site-packages/airflow/example_dags/example_sensors.py for tasks to queue
[2024-05-01T12:28:12.684+0000] {logging_mixin.py:188} INFO - [2024-05-01T12:28:12.684+0000] {dagbag.py:540} INFO - Filling up the DagBag from /home/airflow/.local/lib/python3.12/site-packages/airflow/example_dags/example_sensors.py
[2024-05-01T12:28:12.698+0000] {processor.py:840} INFO - DAG(s) 'example_sensors' retrieved from /home/airflow/.local/lib/python3.12/site-packages/airflow/example_dags/example_sensors.py
[2024-05-01T12:28:12.711+0000] {logging_mixin.py:188} INFO - [2024-05-01T12:28:12.710+0000] {dag.py:3096} INFO - Sync 1 DAGs
[2024-05-01T12:28:12.728+0000] {logging_mixin.py:188} INFO - [2024-05-01T12:28:12.728+0000] {dag.py:3954} INFO - Setting next_dagrun for example_sensors to None, run_after=None
[2024-05-01T12:28:12.748+0000] {processor.py:183} INFO - Processing /home/airflow/.local/lib/python3.12/site-packages/airflow/example_dags/example_sensors.py took 0.074 seconds
[2024-05-01T12:28:43.339+0000] {processor.py:161} INFO - Started process (PID=100) to work on /home/airflow/.local/lib/python3.12/site-packages/airflow/example_dags/example_sensors.py
[2024-05-01T12:28:43.341+0000] {processor.py:830} INFO - Processing file /home/airflow/.local/lib/python3.12/site-packages/airflow/example_dags/example_sensors.py for tasks to queue
[2024-05-01T12:28:43.343+0000] {logging_mixin.py:188} INFO - [2024-05-01T12:28:43.343+0000] {dagbag.py:540} INFO - Filling up the DagBag from /home/airflow/.local/lib/python3.12/site-packages/airflow/example_dags/example_sensors.py
[2024-05-01T12:28:43.353+0000] {processor.py:840} INFO - DAG(s) 'example_sensors' retrieved from /home/airflow/.local/lib/python3.12/site-packages/airflow/example_dags/example_sensors.py
[2024-05-01T12:28:43.469+0000] {logging_mixin.py:188} INFO - [2024-05-01T12:28:43.469+0000] {dag.py:3096} INFO - Sync 1 DAGs
[2024-05-01T12:28:43.482+0000] {logging_mixin.py:188} INFO - [2024-05-01T12:28:43.482+0000] {dag.py:3954} INFO - Setting next_dagrun for example_sensors to None, run_after=None
[2024-05-01T12:28:43.502+0000] {processor.py:183} INFO - Processing /home/airflow/.local/lib/python3.12/site-packages/airflow/example_dags/example_sensors.py took 0.169 seconds
[2024-05-01T12:29:13.626+0000] {processor.py:161} INFO - Started process (PID=158) to work on /home/airflow/.local/lib/python3.12/site-packages/airflow/example_dags/example_sensors.py
[2024-05-01T12:29:13.627+0000] {processor.py:830} INFO - Processing file /home/airflow/.local/lib/python3.12/site-packages/airflow/example_dags/example_sensors.py for tasks to queue
[2024-05-01T12:29:13.630+0000] {logging_mixin.py:188} INFO - [2024-05-01T12:29:13.629+0000] {dagbag.py:540} INFO - Filling up the DagBag from /home/airflow/.local/lib/python3.12/site-packages/airflow/example_dags/example_sensors.py
[2024-05-01T12:29:13.642+0000] {processor.py:840} INFO - DAG(s) 'example_sensors' retrieved from /home/airflow/.local/lib/python3.12/site-packages/airflow/example_dags/example_sensors.py
[2024-05-01T12:29:13.672+0000] {logging_mixin.py:188} INFO - [2024-05-01T12:29:13.672+0000] {dag.py:3096} INFO - Sync 1 DAGs
[2024-05-01T12:29:13.688+0000] {logging_mixin.py:188} INFO - [2024-05-01T12:29:13.688+0000] {dag.py:3954} INFO - Setting next_dagrun for example_sensors to None, run_after=None
[2024-05-01T12:29:13.708+0000] {processor.py:183} INFO - Processing /home/airflow/.local/lib/python3.12/site-packages/airflow/example_dags/example_sensors.py took 0.089 seconds
[2024-05-01T12:29:44.020+0000] {processor.py:161} INFO - Started process (PID=216) to work on /home/airflow/.local/lib/python3.12/site-packages/airflow/example_dags/example_sensors.py
[2024-05-01T12:29:44.022+0000] {processor.py:830} INFO - Processing file /home/airflow/.local/lib/python3.12/site-packages/airflow/example_dags/example_sensors.py for tasks to queue
[2024-05-01T12:29:44.024+0000] {logging_mixin.py:188} INFO - [2024-05-01T12:29:44.024+0000] {dagbag.py:540} INFO - Filling up the DagBag from /home/airflow/.local/lib/python3.12/site-packages/airflow/example_dags/example_sensors.py
[2024-05-01T12:29:44.035+0000] {processor.py:840} INFO - DAG(s) 'example_sensors' retrieved from /home/airflow/.local/lib/python3.12/site-packages/airflow/example_dags/example_sensors.py
[2024-05-01T12:29:44.065+0000] {logging_mixin.py:188} INFO - [2024-05-01T12:29:44.064+0000] {dag.py:3096} INFO - Sync 1 DAGs
[2024-05-01T12:29:44.079+0000] {logging_mixin.py:188} INFO - [2024-05-01T12:29:44.079+0000] {dag.py:3954} INFO - Setting next_dagrun for example_sensors to None, run_after=None
[2024-05-01T12:29:44.099+0000] {processor.py:183} INFO - Processing /home/airflow/.local/lib/python3.12/site-packages/airflow/example_dags/example_sensors.py took 0.086 seconds
[2024-05-01T12:30:14.476+0000] {processor.py:161} INFO - Started process (PID=274) to work on /home/airflow/.local/lib/python3.12/site-packages/airflow/example_dags/example_sensors.py
[2024-05-01T12:30:14.477+0000] {processor.py:830} INFO - Processing file /home/airflow/.local/lib/python3.12/site-packages/airflow/example_dags/example_sensors.py for tasks to queue
[2024-05-01T12:30:14.480+0000] {logging_mixin.py:188} INFO - [2024-05-01T12:30:14.479+0000] {dagbag.py:540} INFO - Filling up the DagBag from /home/airflow/.local/lib/python3.12/site-packages/airflow/example_dags/example_sensors.py
[2024-05-01T12:30:14.490+0000] {processor.py:840} INFO - DAG(s) 'example_sensors' retrieved from /home/airflow/.local/lib/python3.12/site-packages/airflow/example_dags/example_sensors.py
[2024-05-01T12:30:14.518+0000] {logging_mixin.py:188} INFO - [2024-05-01T12:30:14.518+0000] {dag.py:3096} INFO - Sync 1 DAGs
[2024-05-01T12:30:14.533+0000] {logging_mixin.py:188} INFO - [2024-05-01T12:30:14.532+0000] {dag.py:3954} INFO - Setting next_dagrun for example_sensors to None, run_after=None
[2024-05-01T12:30:14.551+0000] {processor.py:183} INFO - Processing /home/airflow/.local/lib/python3.12/site-packages/airflow/example_dags/example_sensors.py took 0.082 seconds
[2024-05-01T12:30:45.015+0000] {processor.py:161} INFO - Started process (PID=332) to work on /home/airflow/.local/lib/python3.12/site-packages/airflow/example_dags/example_sensors.py
[2024-05-01T12:30:45.017+0000] {processor.py:830} INFO - Processing file /home/airflow/.local/lib/python3.12/site-packages/airflow/example_dags/example_sensors.py for tasks to queue
[2024-05-01T12:30:45.020+0000] {logging_mixin.py:188} INFO - [2024-05-01T12:30:45.019+0000] {dagbag.py:540} INFO - Filling up the DagBag from /home/airflow/.local/lib/python3.12/site-packages/airflow/example_dags/example_sensors.py
[2024-05-01T12:30:45.032+0000] {processor.py:840} INFO - DAG(s) 'example_sensors' retrieved from /home/airflow/.local/lib/python3.12/site-packages/airflow/example_dags/example_sensors.py
[2024-05-01T12:30:45.066+0000] {logging_mixin.py:188} INFO - [2024-05-01T12:30:45.066+0000] {dag.py:3096} INFO - Sync 1 DAGs
[2024-05-01T12:30:45.084+0000] {logging_mixin.py:188} INFO - [2024-05-01T12:30:45.083+0000] {dag.py:3954} INFO - Setting next_dagrun for example_sensors to None, run_after=None
[2024-05-01T12:30:45.108+0000] {processor.py:183} INFO - Processing /home/airflow/.local/lib/python3.12/site-packages/airflow/example_dags/example_sensors.py took 0.101 seconds
[2024-05-01T12:31:16.259+0000] {processor.py:161} INFO - Started process (PID=390) to work on /home/airflow/.local/lib/python3.12/site-packages/airflow/example_dags/example_sensors.py
[2024-05-01T12:31:16.262+0000] {processor.py:830} INFO - Processing file /home/airflow/.local/lib/python3.12/site-packages/airflow/example_dags/example_sensors.py for tasks to queue
[2024-05-01T12:31:16.266+0000] {logging_mixin.py:188} INFO - [2024-05-01T12:31:16.265+0000] {dagbag.py:540} INFO - Filling up the DagBag from /home/airflow/.local/lib/python3.12/site-packages/airflow/example_dags/example_sensors.py
[2024-05-01T12:31:16.295+0000] {processor.py:840} INFO - DAG(s) 'example_sensors' retrieved from /home/airflow/.local/lib/python3.12/site-packages/airflow/example_dags/example_sensors.py
[2024-05-01T12:31:16.358+0000] {logging_mixin.py:188} INFO - [2024-05-01T12:31:16.357+0000] {dag.py:3096} INFO - Sync 1 DAGs
[2024-05-01T12:31:16.418+0000] {logging_mixin.py:188} INFO - [2024-05-01T12:31:16.417+0000] {dag.py:3954} INFO - Setting next_dagrun for example_sensors to None, run_after=None
[2024-05-01T12:31:16.456+0000] {processor.py:183} INFO - Processing /home/airflow/.local/lib/python3.12/site-packages/airflow/example_dags/example_sensors.py took 0.207 seconds
[2024-05-01T12:31:47.324+0000] {processor.py:161} INFO - Started process (PID=448) to work on /home/airflow/.local/lib/python3.12/site-packages/airflow/example_dags/example_sensors.py
[2024-05-01T12:31:47.325+0000] {processor.py:830} INFO - Processing file /home/airflow/.local/lib/python3.12/site-packages/airflow/example_dags/example_sensors.py for tasks to queue
[2024-05-01T12:31:47.328+0000] {logging_mixin.py:188} INFO - [2024-05-01T12:31:47.327+0000] {dagbag.py:540} INFO - Filling up the DagBag from /home/airflow/.local/lib/python3.12/site-packages/airflow/example_dags/example_sensors.py
[2024-05-01T12:31:47.339+0000] {processor.py:840} INFO - DAG(s) 'example_sensors' retrieved from /home/airflow/.local/lib/python3.12/site-packages/airflow/example_dags/example_sensors.py
[2024-05-01T12:31:47.369+0000] {logging_mixin.py:188} INFO - [2024-05-01T12:31:47.369+0000] {dag.py:3096} INFO - Sync 1 DAGs
[2024-05-01T12:31:47.384+0000] {logging_mixin.py:188} INFO - [2024-05-01T12:31:47.384+0000] {dag.py:3954} INFO - Setting next_dagrun for example_sensors to None, run_after=None
[2024-05-01T12:31:47.403+0000] {processor.py:183} INFO - Processing /home/airflow/.local/lib/python3.12/site-packages/airflow/example_dags/example_sensors.py took 0.087 seconds
[2024-05-01T12:32:17.565+0000] {processor.py:161} INFO - Started process (PID=506) to work on /home/airflow/.local/lib/python3.12/site-packages/airflow/example_dags/example_sensors.py
[2024-05-01T12:32:17.566+0000] {processor.py:830} INFO - Processing file /home/airflow/.local/lib/python3.12/site-packages/airflow/example_dags/example_sensors.py for tasks to queue
[2024-05-01T12:32:17.569+0000] {logging_mixin.py:188} INFO - [2024-05-01T12:32:17.568+0000] {dagbag.py:540} INFO - Filling up the DagBag from /home/airflow/.local/lib/python3.12/site-packages/airflow/example_dags/example_sensors.py
[2024-05-01T12:32:17.580+0000] {processor.py:840} INFO - DAG(s) 'example_sensors' retrieved from /home/airflow/.local/lib/python3.12/site-packages/airflow/example_dags/example_sensors.py
[2024-05-01T12:32:17.606+0000] {logging_mixin.py:188} INFO - [2024-05-01T12:32:17.606+0000] {dag.py:3096} INFO - Sync 1 DAGs
[2024-05-01T12:32:17.621+0000] {logging_mixin.py:188} INFO - [2024-05-01T12:32:17.620+0000] {dag.py:3954} INFO - Setting next_dagrun for example_sensors to None, run_after=None
[2024-05-01T12:32:17.641+0000] {processor.py:183} INFO - Processing /home/airflow/.local/lib/python3.12/site-packages/airflow/example_dags/example_sensors.py took 0.083 seconds
[2024-05-01T12:32:47.753+0000] {processor.py:161} INFO - Started process (PID=564) to work on /home/airflow/.local/lib/python3.12/site-packages/airflow/example_dags/example_sensors.py
[2024-05-01T12:32:47.755+0000] {processor.py:830} INFO - Processing file /home/airflow/.local/lib/python3.12/site-packages/airflow/example_dags/example_sensors.py for tasks to queue
[2024-05-01T12:32:47.757+0000] {logging_mixin.py:188} INFO - [2024-05-01T12:32:47.757+0000] {dagbag.py:540} INFO - Filling up the DagBag from /home/airflow/.local/lib/python3.12/site-packages/airflow/example_dags/example_sensors.py
[2024-05-01T12:32:47.767+0000] {processor.py:840} INFO - DAG(s) 'example_sensors' retrieved from /home/airflow/.local/lib/python3.12/site-packages/airflow/example_dags/example_sensors.py
[2024-05-01T12:32:47.794+0000] {logging_mixin.py:188} INFO - [2024-05-01T12:32:47.793+0000] {dag.py:3096} INFO - Sync 1 DAGs
[2024-05-01T12:32:47.808+0000] {logging_mixin.py:188} INFO - [2024-05-01T12:32:47.808+0000] {dag.py:3954} INFO - Setting next_dagrun for example_sensors to None, run_after=None
[2024-05-01T12:32:47.828+0000] {processor.py:183} INFO - Processing /home/airflow/.local/lib/python3.12/site-packages/airflow/example_dags/example_sensors.py took 0.080 seconds
[2024-05-01T12:33:18.120+0000] {processor.py:161} INFO - Started process (PID=622) to work on /home/airflow/.local/lib/python3.12/site-packages/airflow/example_dags/example_sensors.py
[2024-05-01T12:33:18.121+0000] {processor.py:830} INFO - Processing file /home/airflow/.local/lib/python3.12/site-packages/airflow/example_dags/example_sensors.py for tasks to queue
[2024-05-01T12:33:18.125+0000] {logging_mixin.py:188} INFO - [2024-05-01T12:33:18.124+0000] {dagbag.py:540} INFO - Filling up the DagBag from /home/airflow/.local/lib/python3.12/site-packages/airflow/example_dags/example_sensors.py
[2024-05-01T12:33:18.135+0000] {processor.py:840} INFO - DAG(s) 'example_sensors' retrieved from /home/airflow/.local/lib/python3.12/site-packages/airflow/example_dags/example_sensors.py
[2024-05-01T12:33:18.161+0000] {logging_mixin.py:188} INFO - [2024-05-01T12:33:18.161+0000] {dag.py:3096} INFO - Sync 1 DAGs
[2024-05-01T12:33:18.176+0000] {logging_mixin.py:188} INFO - [2024-05-01T12:33:18.176+0000] {dag.py:3954} INFO - Setting next_dagrun for example_sensors to None, run_after=None
[2024-05-01T12:33:18.195+0000] {processor.py:183} INFO - Processing /home/airflow/.local/lib/python3.12/site-packages/airflow/example_dags/example_sensors.py took 0.081 seconds
[2024-05-01T12:33:49.078+0000] {processor.py:161} INFO - Started process (PID=680) to work on /home/airflow/.local/lib/python3.12/site-packages/airflow/example_dags/example_sensors.py
[2024-05-01T12:33:49.081+0000] {processor.py:830} INFO - Processing file /home/airflow/.local/lib/python3.12/site-packages/airflow/example_dags/example_sensors.py for tasks to queue
[2024-05-01T12:33:49.085+0000] {logging_mixin.py:188} INFO - [2024-05-01T12:33:49.084+0000] {dagbag.py:540} INFO - Filling up the DagBag from /home/airflow/.local/lib/python3.12/site-packages/airflow/example_dags/example_sensors.py
[2024-05-01T12:33:49.098+0000] {processor.py:840} INFO - DAG(s) 'example_sensors' retrieved from /home/airflow/.local/lib/python3.12/site-packages/airflow/example_dags/example_sensors.py
[2024-05-01T12:33:49.131+0000] {logging_mixin.py:188} INFO - [2024-05-01T12:33:49.130+0000] {dag.py:3096} INFO - Sync 1 DAGs
[2024-05-01T12:33:49.147+0000] {logging_mixin.py:188} INFO - [2024-05-01T12:33:49.147+0000] {dag.py:3954} INFO - Setting next_dagrun for example_sensors to None, run_after=None
[2024-05-01T12:33:49.168+0000] {processor.py:183} INFO - Processing /home/airflow/.local/lib/python3.12/site-packages/airflow/example_dags/example_sensors.py took 0.098 seconds
[2024-05-01T12:34:19.310+0000] {processor.py:161} INFO - Started process (PID=738) to work on /home/airflow/.local/lib/python3.12/site-packages/airflow/example_dags/example_sensors.py
[2024-05-01T12:34:19.311+0000] {processor.py:830} INFO - Processing file /home/airflow/.local/lib/python3.12/site-packages/airflow/example_dags/example_sensors.py for tasks to queue
[2024-05-01T12:34:19.314+0000] {logging_mixin.py:188} INFO - [2024-05-01T12:34:19.313+0000] {dagbag.py:540} INFO - Filling up the DagBag from /home/airflow/.local/lib/python3.12/site-packages/airflow/example_dags/example_sensors.py
[2024-05-01T12:34:19.326+0000] {processor.py:840} INFO - DAG(s) 'example_sensors' retrieved from /home/airflow/.local/lib/python3.12/site-packages/airflow/example_dags/example_sensors.py
[2024-05-01T12:34:19.355+0000] {logging_mixin.py:188} INFO - [2024-05-01T12:34:19.355+0000] {dag.py:3096} INFO - Sync 1 DAGs
[2024-05-01T12:34:19.369+0000] {logging_mixin.py:188} INFO - [2024-05-01T12:34:19.369+0000] {dag.py:3954} INFO - Setting next_dagrun for example_sensors to None, run_after=None
[2024-05-01T12:34:19.389+0000] {processor.py:183} INFO - Processing /home/airflow/.local/lib/python3.12/site-packages/airflow/example_dags/example_sensors.py took 0.087 seconds
[2024-05-01T12:34:50.289+0000] {processor.py:161} INFO - Started process (PID=796) to work on /home/airflow/.local/lib/python3.12/site-packages/airflow/example_dags/example_sensors.py
[2024-05-01T12:34:50.291+0000] {processor.py:830} INFO - Processing file /home/airflow/.local/lib/python3.12/site-packages/airflow/example_dags/example_sensors.py for tasks to queue
[2024-05-01T12:34:50.294+0000] {logging_mixin.py:188} INFO - [2024-05-01T12:34:50.293+0000] {dagbag.py:540} INFO - Filling up the DagBag from /home/airflow/.local/lib/python3.12/site-packages/airflow/example_dags/example_sensors.py
[2024-05-01T12:34:50.306+0000] {processor.py:840} INFO - DAG(s) 'example_sensors' retrieved from /home/airflow/.local/lib/python3.12/site-packages/airflow/example_dags/example_sensors.py
[2024-05-01T12:34:50.333+0000] {logging_mixin.py:188} INFO - [2024-05-01T12:34:50.333+0000] {dag.py:3096} INFO - Sync 1 DAGs
[2024-05-01T12:34:50.348+0000] {logging_mixin.py:188} INFO - [2024-05-01T12:34:50.348+0000] {dag.py:3954} INFO - Setting next_dagrun for example_sensors to None, run_after=None
[2024-05-01T12:34:50.367+0000] {processor.py:183} INFO - Processing /home/airflow/.local/lib/python3.12/site-packages/airflow/example_dags/example_sensors.py took 0.085 seconds
[2024-05-01T12:35:20.559+0000] {processor.py:161} INFO - Started process (PID=854) to work on /home/airflow/.local/lib/python3.12/site-packages/airflow/example_dags/example_sensors.py
[2024-05-01T12:35:20.560+0000] {processor.py:830} INFO - Processing file /home/airflow/.local/lib/python3.12/site-packages/airflow/example_dags/example_sensors.py for tasks to queue
[2024-05-01T12:35:20.562+0000] {logging_mixin.py:188} INFO - [2024-05-01T12:35:20.562+0000] {dagbag.py:540} INFO - Filling up the DagBag from /home/airflow/.local/lib/python3.12/site-packages/airflow/example_dags/example_sensors.py
[2024-05-01T12:35:20.573+0000] {processor.py:840} INFO - DAG(s) 'example_sensors' retrieved from /home/airflow/.local/lib/python3.12/site-packages/airflow/example_dags/example_sensors.py
[2024-05-01T12:35:20.600+0000] {logging_mixin.py:188} INFO - [2024-05-01T12:35:20.600+0000] {dag.py:3096} INFO - Sync 1 DAGs
[2024-05-01T12:35:20.615+0000] {logging_mixin.py:188} INFO - [2024-05-01T12:35:20.615+0000] {dag.py:3954} INFO - Setting next_dagrun for example_sensors to None, run_after=None
[2024-05-01T12:35:20.634+0000] {processor.py:183} INFO - Processing /home/airflow/.local/lib/python3.12/site-packages/airflow/example_dags/example_sensors.py took 0.082 seconds
[2024-05-01T12:35:50.774+0000] {processor.py:161} INFO - Started process (PID=912) to work on /home/airflow/.local/lib/python3.12/site-packages/airflow/example_dags/example_sensors.py
[2024-05-01T12:35:50.776+0000] {processor.py:830} INFO - Processing file /home/airflow/.local/lib/python3.12/site-packages/airflow/example_dags/example_sensors.py for tasks to queue
[2024-05-01T12:35:50.778+0000] {logging_mixin.py:188} INFO - [2024-05-01T12:35:50.778+0000] {dagbag.py:540} INFO - Filling up the DagBag from /home/airflow/.local/lib/python3.12/site-packages/airflow/example_dags/example_sensors.py
[2024-05-01T12:35:50.790+0000] {processor.py:840} INFO - DAG(s) 'example_sensors' retrieved from /home/airflow/.local/lib/python3.12/site-packages/airflow/example_dags/example_sensors.py
[2024-05-01T12:35:50.820+0000] {logging_mixin.py:188} INFO - [2024-05-01T12:35:50.820+0000] {dag.py:3096} INFO - Sync 1 DAGs
[2024-05-01T12:35:50.835+0000] {logging_mixin.py:188} INFO - [2024-05-01T12:35:50.835+0000] {dag.py:3954} INFO - Setting next_dagrun for example_sensors to None, run_after=None
[2024-05-01T12:35:50.853+0000] {processor.py:183} INFO - Processing /home/airflow/.local/lib/python3.12/site-packages/airflow/example_dags/example_sensors.py took 0.087 seconds
[2024-05-01T12:36:21.790+0000] {processor.py:161} INFO - Started process (PID=970) to work on /home/airflow/.local/lib/python3.12/site-packages/airflow/example_dags/example_sensors.py
[2024-05-01T12:36:21.792+0000] {processor.py:830} INFO - Processing file /home/airflow/.local/lib/python3.12/site-packages/airflow/example_dags/example_sensors.py for tasks to queue
[2024-05-01T12:36:21.795+0000] {logging_mixin.py:188} INFO - [2024-05-01T12:36:21.795+0000] {dagbag.py:540} INFO - Filling up the DagBag from /home/airflow/.local/lib/python3.12/site-packages/airflow/example_dags/example_sensors.py
[2024-05-01T12:36:21.809+0000] {processor.py:840} INFO - DAG(s) 'example_sensors' retrieved from /home/airflow/.local/lib/python3.12/site-packages/airflow/example_dags/example_sensors.py
[2024-05-01T12:36:21.839+0000] {logging_mixin.py:188} INFO - [2024-05-01T12:36:21.839+0000] {dag.py:3096} INFO - Sync 1 DAGs
[2024-05-01T12:36:21.855+0000] {logging_mixin.py:188} INFO - [2024-05-01T12:36:21.854+0000] {dag.py:3954} INFO - Setting next_dagrun for example_sensors to None, run_after=None
[2024-05-01T12:36:21.875+0000] {processor.py:183} INFO - Processing /home/airflow/.local/lib/python3.12/site-packages/airflow/example_dags/example_sensors.py took 0.096 seconds
[2024-05-01T12:36:52.234+0000] {processor.py:161} INFO - Started process (PID=1028) to work on /home/airflow/.local/lib/python3.12/site-packages/airflow/example_dags/example_sensors.py
[2024-05-01T12:36:52.235+0000] {processor.py:830} INFO - Processing file /home/airflow/.local/lib/python3.12/site-packages/airflow/example_dags/example_sensors.py for tasks to queue
[2024-05-01T12:36:52.238+0000] {logging_mixin.py:188} INFO - [2024-05-01T12:36:52.238+0000] {dagbag.py:540} INFO - Filling up the DagBag from /home/airflow/.local/lib/python3.12/site-packages/airflow/example_dags/example_sensors.py
[2024-05-01T12:36:52.248+0000] {processor.py:840} INFO - DAG(s) 'example_sensors' retrieved from /home/airflow/.local/lib/python3.12/site-packages/airflow/example_dags/example_sensors.py
[2024-05-01T12:36:52.274+0000] {logging_mixin.py:188} INFO - [2024-05-01T12:36:52.274+0000] {dag.py:3096} INFO - Sync 1 DAGs
[2024-05-01T12:36:52.289+0000] {logging_mixin.py:188} INFO - [2024-05-01T12:36:52.288+0000] {dag.py:3954} INFO - Setting next_dagrun for example_sensors to None, run_after=None
[2024-05-01T12:36:52.308+0000] {processor.py:183} INFO - Processing /home/airflow/.local/lib/python3.12/site-packages/airflow/example_dags/example_sensors.py took 0.081 seconds
[2024-05-01T12:37:23.262+0000] {processor.py:161} INFO - Started process (PID=1086) to work on /home/airflow/.local/lib/python3.12/site-packages/airflow/example_dags/example_sensors.py
[2024-05-01T12:37:23.264+0000] {processor.py:830} INFO - Processing file /home/airflow/.local/lib/python3.12/site-packages/airflow/example_dags/example_sensors.py for tasks to queue
[2024-05-01T12:37:23.266+0000] {logging_mixin.py:188} INFO - [2024-05-01T12:37:23.266+0000] {dagbag.py:540} INFO - Filling up the DagBag from /home/airflow/.local/lib/python3.12/site-packages/airflow/example_dags/example_sensors.py
[2024-05-01T12:37:23.278+0000] {processor.py:840} INFO - DAG(s) 'example_sensors' retrieved from /home/airflow/.local/lib/python3.12/site-packages/airflow/example_dags/example_sensors.py
[2024-05-01T12:37:23.309+0000] {logging_mixin.py:188} INFO - [2024-05-01T12:37:23.309+0000] {dag.py:3096} INFO - Sync 1 DAGs
[2024-05-01T12:37:23.324+0000] {logging_mixin.py:188} INFO - [2024-05-01T12:37:23.324+0000] {dag.py:3954} INFO - Setting next_dagrun for example_sensors to None, run_after=None
[2024-05-01T12:37:23.343+0000] {processor.py:183} INFO - Processing /home/airflow/.local/lib/python3.12/site-packages/airflow/example_dags/example_sensors.py took 0.088 seconds
[2024-05-01T12:37:53.599+0000] {processor.py:161} INFO - Started process (PID=1144) to work on /home/airflow/.local/lib/python3.12/site-packages/airflow/example_dags/example_sensors.py
[2024-05-01T12:37:53.602+0000] {processor.py:830} INFO - Processing file /home/airflow/.local/lib/python3.12/site-packages/airflow/example_dags/example_sensors.py for tasks to queue
[2024-05-01T12:37:53.605+0000] {logging_mixin.py:188} INFO - [2024-05-01T12:37:53.604+0000] {dagbag.py:540} INFO - Filling up the DagBag from /home/airflow/.local/lib/python3.12/site-packages/airflow/example_dags/example_sensors.py
[2024-05-01T12:37:53.617+0000] {processor.py:840} INFO - DAG(s) 'example_sensors' retrieved from /home/airflow/.local/lib/python3.12/site-packages/airflow/example_dags/example_sensors.py
[2024-05-01T12:37:53.648+0000] {logging_mixin.py:188} INFO - [2024-05-01T12:37:53.648+0000] {dag.py:3096} INFO - Sync 1 DAGs
[2024-05-01T12:37:53.665+0000] {logging_mixin.py:188} INFO - [2024-05-01T12:37:53.665+0000] {dag.py:3954} INFO - Setting next_dagrun for example_sensors to None, run_after=None
[2024-05-01T12:37:53.685+0000] {processor.py:183} INFO - Processing /home/airflow/.local/lib/python3.12/site-packages/airflow/example_dags/example_sensors.py took 0.093 seconds
[2024-05-01T12:38:24.044+0000] {processor.py:161} INFO - Started process (PID=1202) to work on /home/airflow/.local/lib/python3.12/site-packages/airflow/example_dags/example_sensors.py
[2024-05-01T12:38:24.046+0000] {processor.py:830} INFO - Processing file /home/airflow/.local/lib/python3.12/site-packages/airflow/example_dags/example_sensors.py for tasks to queue
[2024-05-01T12:38:24.049+0000] {logging_mixin.py:188} INFO - [2024-05-01T12:38:24.048+0000] {dagbag.py:540} INFO - Filling up the DagBag from /home/airflow/.local/lib/python3.12/site-packages/airflow/example_dags/example_sensors.py
[2024-05-01T12:38:24.061+0000] {processor.py:840} INFO - DAG(s) 'example_sensors' retrieved from /home/airflow/.local/lib/python3.12/site-packages/airflow/example_dags/example_sensors.py
[2024-05-01T12:38:24.092+0000] {logging_mixin.py:188} INFO - [2024-05-01T12:38:24.091+0000] {dag.py:3096} INFO - Sync 1 DAGs
[2024-05-01T12:38:24.108+0000] {logging_mixin.py:188} INFO - [2024-05-01T12:38:24.108+0000] {dag.py:3954} INFO - Setting next_dagrun for example_sensors to None, run_after=None
[2024-05-01T12:38:24.127+0000] {processor.py:183} INFO - Processing /home/airflow/.local/lib/python3.12/site-packages/airflow/example_dags/example_sensors.py took 0.090 seconds
[2024-05-01T12:38:54.983+0000] {processor.py:161} INFO - Started process (PID=1266) to work on /home/airflow/.local/lib/python3.12/site-packages/airflow/example_dags/example_sensors.py
[2024-05-01T12:38:54.985+0000] {processor.py:830} INFO - Processing file /home/airflow/.local/lib/python3.12/site-packages/airflow/example_dags/example_sensors.py for tasks to queue
[2024-05-01T12:38:54.987+0000] {logging_mixin.py:188} INFO - [2024-05-01T12:38:54.987+0000] {dagbag.py:540} INFO - Filling up the DagBag from /home/airflow/.local/lib/python3.12/site-packages/airflow/example_dags/example_sensors.py
[2024-05-01T12:38:54.999+0000] {processor.py:840} INFO - DAG(s) 'example_sensors' retrieved from /home/airflow/.local/lib/python3.12/site-packages/airflow/example_dags/example_sensors.py
[2024-05-01T12:38:55.027+0000] {logging_mixin.py:188} INFO - [2024-05-01T12:38:55.027+0000] {dag.py:3096} INFO - Sync 1 DAGs
[2024-05-01T12:38:55.041+0000] {logging_mixin.py:188} INFO - [2024-05-01T12:38:55.041+0000] {dag.py:3954} INFO - Setting next_dagrun for example_sensors to None, run_after=None
[2024-05-01T12:38:55.060+0000] {processor.py:183} INFO - Processing /home/airflow/.local/lib/python3.12/site-packages/airflow/example_dags/example_sensors.py took 0.084 seconds
[2024-05-01T12:39:25.144+0000] {processor.py:161} INFO - Started process (PID=1323) to work on /home/airflow/.local/lib/python3.12/site-packages/airflow/example_dags/example_sensors.py
[2024-05-01T12:39:25.146+0000] {processor.py:830} INFO - Processing file /home/airflow/.local/lib/python3.12/site-packages/airflow/example_dags/example_sensors.py for tasks to queue
[2024-05-01T12:39:25.149+0000] {logging_mixin.py:188} INFO - [2024-05-01T12:39:25.148+0000] {dagbag.py:540} INFO - Filling up the DagBag from /home/airflow/.local/lib/python3.12/site-packages/airflow/example_dags/example_sensors.py
[2024-05-01T12:39:25.160+0000] {processor.py:840} INFO - DAG(s) 'example_sensors' retrieved from /home/airflow/.local/lib/python3.12/site-packages/airflow/example_dags/example_sensors.py
[2024-05-01T12:39:25.190+0000] {logging_mixin.py:188} INFO - [2024-05-01T12:39:25.189+0000] {dag.py:3096} INFO - Sync 1 DAGs
[2024-05-01T12:39:25.205+0000] {logging_mixin.py:188} INFO - [2024-05-01T12:39:25.205+0000] {dag.py:3954} INFO - Setting next_dagrun for example_sensors to None, run_after=None
[2024-05-01T12:39:25.225+0000] {processor.py:183} INFO - Processing /home/airflow/.local/lib/python3.12/site-packages/airflow/example_dags/example_sensors.py took 0.087 seconds
[2024-05-01T12:39:55.726+0000] {processor.py:161} INFO - Started process (PID=1381) to work on /home/airflow/.local/lib/python3.12/site-packages/airflow/example_dags/example_sensors.py
[2024-05-01T12:39:55.729+0000] {processor.py:830} INFO - Processing file /home/airflow/.local/lib/python3.12/site-packages/airflow/example_dags/example_sensors.py for tasks to queue
[2024-05-01T12:39:55.732+0000] {logging_mixin.py:188} INFO - [2024-05-01T12:39:55.731+0000] {dagbag.py:540} INFO - Filling up the DagBag from /home/airflow/.local/lib/python3.12/site-packages/airflow/example_dags/example_sensors.py
[2024-05-01T12:39:55.747+0000] {processor.py:840} INFO - DAG(s) 'example_sensors' retrieved from /home/airflow/.local/lib/python3.12/site-packages/airflow/example_dags/example_sensors.py
[2024-05-01T12:39:55.781+0000] {logging_mixin.py:188} INFO - [2024-05-01T12:39:55.780+0000] {dag.py:3096} INFO - Sync 1 DAGs
[2024-05-01T12:39:55.800+0000] {logging_mixin.py:188} INFO - [2024-05-01T12:39:55.800+0000] {dag.py:3954} INFO - Setting next_dagrun for example_sensors to None, run_after=None
[2024-05-01T12:39:55.824+0000] {processor.py:183} INFO - Processing /home/airflow/.local/lib/python3.12/site-packages/airflow/example_dags/example_sensors.py took 0.105 seconds
[2024-05-01T12:40:26.036+0000] {processor.py:161} INFO - Started process (PID=1439) to work on /home/airflow/.local/lib/python3.12/site-packages/airflow/example_dags/example_sensors.py
[2024-05-01T12:40:26.037+0000] {processor.py:830} INFO - Processing file /home/airflow/.local/lib/python3.12/site-packages/airflow/example_dags/example_sensors.py for tasks to queue
[2024-05-01T12:40:26.040+0000] {logging_mixin.py:188} INFO - [2024-05-01T12:40:26.040+0000] {dagbag.py:540} INFO - Filling up the DagBag from /home/airflow/.local/lib/python3.12/site-packages/airflow/example_dags/example_sensors.py
[2024-05-01T12:40:26.052+0000] {processor.py:840} INFO - DAG(s) 'example_sensors' retrieved from /home/airflow/.local/lib/python3.12/site-packages/airflow/example_dags/example_sensors.py
[2024-05-01T12:40:26.085+0000] {logging_mixin.py:188} INFO - [2024-05-01T12:40:26.085+0000] {dag.py:3096} INFO - Sync 1 DAGs
[2024-05-01T12:40:26.107+0000] {logging_mixin.py:188} INFO - [2024-05-01T12:40:26.107+0000] {dag.py:3954} INFO - Setting next_dagrun for example_sensors to None, run_after=None
[2024-05-01T12:40:26.127+0000] {processor.py:183} INFO - Processing /home/airflow/.local/lib/python3.12/site-packages/airflow/example_dags/example_sensors.py took 0.098 seconds
[2024-05-01T12:40:56.340+0000] {processor.py:161} INFO - Started process (PID=1497) to work on /home/airflow/.local/lib/python3.12/site-packages/airflow/example_dags/example_sensors.py
[2024-05-01T12:40:56.341+0000] {processor.py:830} INFO - Processing file /home/airflow/.local/lib/python3.12/site-packages/airflow/example_dags/example_sensors.py for tasks to queue
[2024-05-01T12:40:56.344+0000] {logging_mixin.py:188} INFO - [2024-05-01T12:40:56.343+0000] {dagbag.py:540} INFO - Filling up the DagBag from /home/airflow/.local/lib/python3.12/site-packages/airflow/example_dags/example_sensors.py
[2024-05-01T12:40:56.354+0000] {processor.py:840} INFO - DAG(s) 'example_sensors' retrieved from /home/airflow/.local/lib/python3.12/site-packages/airflow/example_dags/example_sensors.py
[2024-05-01T12:40:56.383+0000] {logging_mixin.py:188} INFO - [2024-05-01T12:40:56.382+0000] {dag.py:3096} INFO - Sync 1 DAGs
[2024-05-01T12:40:56.397+0000] {logging_mixin.py:188} INFO - [2024-05-01T12:40:56.397+0000] {dag.py:3954} INFO - Setting next_dagrun for example_sensors to None, run_after=None
[2024-05-01T12:40:56.417+0000] {processor.py:183} INFO - Processing /home/airflow/.local/lib/python3.12/site-packages/airflow/example_dags/example_sensors.py took 0.084 seconds
[2024-05-01T12:41:26.489+0000] {processor.py:161} INFO - Started process (PID=1555) to work on /home/airflow/.local/lib/python3.12/site-packages/airflow/example_dags/example_sensors.py
[2024-05-01T12:41:26.490+0000] {processor.py:830} INFO - Processing file /home/airflow/.local/lib/python3.12/site-packages/airflow/example_dags/example_sensors.py for tasks to queue
[2024-05-01T12:41:26.492+0000] {logging_mixin.py:188} INFO - [2024-05-01T12:41:26.492+0000] {dagbag.py:540} INFO - Filling up the DagBag from /home/airflow/.local/lib/python3.12/site-packages/airflow/example_dags/example_sensors.py
[2024-05-01T12:41:26.502+0000] {processor.py:840} INFO - DAG(s) 'example_sensors' retrieved from /home/airflow/.local/lib/python3.12/site-packages/airflow/example_dags/example_sensors.py
[2024-05-01T12:41:26.530+0000] {logging_mixin.py:188} INFO - [2024-05-01T12:41:26.530+0000] {dag.py:3096} INFO - Sync 1 DAGs
[2024-05-01T12:41:26.545+0000] {logging_mixin.py:188} INFO - [2024-05-01T12:41:26.545+0000] {dag.py:3954} INFO - Setting next_dagrun for example_sensors to None, run_after=None
[2024-05-01T12:41:26.565+0000] {processor.py:183} INFO - Processing /home/airflow/.local/lib/python3.12/site-packages/airflow/example_dags/example_sensors.py took 0.083 seconds
[2024-05-01T12:41:57.131+0000] {processor.py:161} INFO - Started process (PID=1613) to work on /home/airflow/.local/lib/python3.12/site-packages/airflow/example_dags/example_sensors.py
[2024-05-01T12:41:57.132+0000] {processor.py:830} INFO - Processing file /home/airflow/.local/lib/python3.12/site-packages/airflow/example_dags/example_sensors.py for tasks to queue
[2024-05-01T12:41:57.135+0000] {logging_mixin.py:188} INFO - [2024-05-01T12:41:57.135+0000] {dagbag.py:540} INFO - Filling up the DagBag from /home/airflow/.local/lib/python3.12/site-packages/airflow/example_dags/example_sensors.py
[2024-05-01T12:41:57.146+0000] {processor.py:840} INFO - DAG(s) 'example_sensors' retrieved from /home/airflow/.local/lib/python3.12/site-packages/airflow/example_dags/example_sensors.py
[2024-05-01T12:41:57.173+0000] {logging_mixin.py:188} INFO - [2024-05-01T12:41:57.172+0000] {dag.py:3096} INFO - Sync 1 DAGs
[2024-05-01T12:41:57.187+0000] {logging_mixin.py:188} INFO - [2024-05-01T12:41:57.187+0000] {dag.py:3954} INFO - Setting next_dagrun for example_sensors to None, run_after=None
[2024-05-01T12:41:57.206+0000] {processor.py:183} INFO - Processing /home/airflow/.local/lib/python3.12/site-packages/airflow/example_dags/example_sensors.py took 0.082 seconds
[2024-05-01T12:42:27.397+0000] {processor.py:161} INFO - Started process (PID=1671) to work on /home/airflow/.local/lib/python3.12/site-packages/airflow/example_dags/example_sensors.py
[2024-05-01T12:42:27.398+0000] {processor.py:830} INFO - Processing file /home/airflow/.local/lib/python3.12/site-packages/airflow/example_dags/example_sensors.py for tasks to queue
[2024-05-01T12:42:27.401+0000] {logging_mixin.py:188} INFO - [2024-05-01T12:42:27.400+0000] {dagbag.py:540} INFO - Filling up the DagBag from /home/airflow/.local/lib/python3.12/site-packages/airflow/example_dags/example_sensors.py
[2024-05-01T12:42:27.412+0000] {processor.py:840} INFO - DAG(s) 'example_sensors' retrieved from /home/airflow/.local/lib/python3.12/site-packages/airflow/example_dags/example_sensors.py
[2024-05-01T12:42:27.440+0000] {logging_mixin.py:188} INFO - [2024-05-01T12:42:27.439+0000] {dag.py:3096} INFO - Sync 1 DAGs
[2024-05-01T12:42:27.455+0000] {logging_mixin.py:188} INFO - [2024-05-01T12:42:27.455+0000] {dag.py:3954} INFO - Setting next_dagrun for example_sensors to None, run_after=None
[2024-05-01T12:42:27.474+0000] {processor.py:183} INFO - Processing /home/airflow/.local/lib/python3.12/site-packages/airflow/example_dags/example_sensors.py took 0.085 seconds
[2024-05-01T12:42:57.616+0000] {processor.py:161} INFO - Started process (PID=1729) to work on /home/airflow/.local/lib/python3.12/site-packages/airflow/example_dags/example_sensors.py
[2024-05-01T12:42:57.617+0000] {processor.py:830} INFO - Processing file /home/airflow/.local/lib/python3.12/site-packages/airflow/example_dags/example_sensors.py for tasks to queue
[2024-05-01T12:42:57.620+0000] {logging_mixin.py:188} INFO - [2024-05-01T12:42:57.620+0000] {dagbag.py:540} INFO - Filling up the DagBag from /home/airflow/.local/lib/python3.12/site-packages/airflow/example_dags/example_sensors.py
[2024-05-01T12:42:57.630+0000] {processor.py:840} INFO - DAG(s) 'example_sensors' retrieved from /home/airflow/.local/lib/python3.12/site-packages/airflow/example_dags/example_sensors.py
[2024-05-01T12:42:57.658+0000] {logging_mixin.py:188} INFO - [2024-05-01T12:42:57.658+0000] {dag.py:3096} INFO - Sync 1 DAGs
[2024-05-01T12:42:57.672+0000] {logging_mixin.py:188} INFO - [2024-05-01T12:42:57.672+0000] {dag.py:3954} INFO - Setting next_dagrun for example_sensors to None, run_after=None
[2024-05-01T12:42:57.691+0000] {processor.py:183} INFO - Processing /home/airflow/.local/lib/python3.12/site-packages/airflow/example_dags/example_sensors.py took 0.082 seconds
[2024-05-01T12:43:28.032+0000] {processor.py:161} INFO - Started process (PID=1787) to work on /home/airflow/.local/lib/python3.12/site-packages/airflow/example_dags/example_sensors.py
[2024-05-01T12:43:28.034+0000] {processor.py:830} INFO - Processing file /home/airflow/.local/lib/python3.12/site-packages/airflow/example_dags/example_sensors.py for tasks to queue
[2024-05-01T12:43:28.036+0000] {logging_mixin.py:188} INFO - [2024-05-01T12:43:28.035+0000] {dagbag.py:540} INFO - Filling up the DagBag from /home/airflow/.local/lib/python3.12/site-packages/airflow/example_dags/example_sensors.py
[2024-05-01T12:43:28.045+0000] {processor.py:840} INFO - DAG(s) 'example_sensors' retrieved from /home/airflow/.local/lib/python3.12/site-packages/airflow/example_dags/example_sensors.py
[2024-05-01T12:43:28.073+0000] {logging_mixin.py:188} INFO - [2024-05-01T12:43:28.073+0000] {dag.py:3096} INFO - Sync 1 DAGs
[2024-05-01T12:43:28.088+0000] {logging_mixin.py:188} INFO - [2024-05-01T12:43:28.087+0000] {dag.py:3954} INFO - Setting next_dagrun for example_sensors to None, run_after=None
[2024-05-01T12:43:28.106+0000] {processor.py:183} INFO - Processing /home/airflow/.local/lib/python3.12/site-packages/airflow/example_dags/example_sensors.py took 0.080 seconds
[2024-05-01T12:43:58.269+0000] {processor.py:161} INFO - Started process (PID=1845) to work on /home/airflow/.local/lib/python3.12/site-packages/airflow/example_dags/example_sensors.py
[2024-05-01T12:43:58.271+0000] {processor.py:830} INFO - Processing file /home/airflow/.local/lib/python3.12/site-packages/airflow/example_dags/example_sensors.py for tasks to queue
[2024-05-01T12:43:58.275+0000] {logging_mixin.py:188} INFO - [2024-05-01T12:43:58.274+0000] {dagbag.py:540} INFO - Filling up the DagBag from /home/airflow/.local/lib/python3.12/site-packages/airflow/example_dags/example_sensors.py
[2024-05-01T12:43:58.291+0000] {processor.py:840} INFO - DAG(s) 'example_sensors' retrieved from /home/airflow/.local/lib/python3.12/site-packages/airflow/example_dags/example_sensors.py
[2024-05-01T12:43:58.338+0000] {logging_mixin.py:188} INFO - [2024-05-01T12:43:58.338+0000] {dag.py:3096} INFO - Sync 1 DAGs
[2024-05-01T12:43:58.365+0000] {logging_mixin.py:188} INFO - [2024-05-01T12:43:58.364+0000] {dag.py:3954} INFO - Setting next_dagrun for example_sensors to None, run_after=None
[2024-05-01T12:43:58.386+0000] {processor.py:183} INFO - Processing /home/airflow/.local/lib/python3.12/site-packages/airflow/example_dags/example_sensors.py took 0.126 seconds
[2024-05-01T12:44:28.671+0000] {processor.py:161} INFO - Started process (PID=1903) to work on /home/airflow/.local/lib/python3.12/site-packages/airflow/example_dags/example_sensors.py
[2024-05-01T12:44:28.673+0000] {processor.py:830} INFO - Processing file /home/airflow/.local/lib/python3.12/site-packages/airflow/example_dags/example_sensors.py for tasks to queue
[2024-05-01T12:44:28.675+0000] {logging_mixin.py:188} INFO - [2024-05-01T12:44:28.675+0000] {dagbag.py:540} INFO - Filling up the DagBag from /home/airflow/.local/lib/python3.12/site-packages/airflow/example_dags/example_sensors.py
[2024-05-01T12:44:28.685+0000] {processor.py:840} INFO - DAG(s) 'example_sensors' retrieved from /home/airflow/.local/lib/python3.12/site-packages/airflow/example_dags/example_sensors.py
[2024-05-01T12:44:28.713+0000] {logging_mixin.py:188} INFO - [2024-05-01T12:44:28.713+0000] {dag.py:3096} INFO - Sync 1 DAGs
[2024-05-01T12:44:28.727+0000] {logging_mixin.py:188} INFO - [2024-05-01T12:44:28.727+0000] {dag.py:3954} INFO - Setting next_dagrun for example_sensors to None, run_after=None
[2024-05-01T12:44:28.746+0000] {processor.py:183} INFO - Processing /home/airflow/.local/lib/python3.12/site-packages/airflow/example_dags/example_sensors.py took 0.081 seconds
[2024-05-01T12:44:59.620+0000] {processor.py:161} INFO - Started process (PID=1961) to work on /home/airflow/.local/lib/python3.12/site-packages/airflow/example_dags/example_sensors.py
[2024-05-01T12:44:59.621+0000] {processor.py:830} INFO - Processing file /home/airflow/.local/lib/python3.12/site-packages/airflow/example_dags/example_sensors.py for tasks to queue
[2024-05-01T12:44:59.624+0000] {logging_mixin.py:188} INFO - [2024-05-01T12:44:59.624+0000] {dagbag.py:540} INFO - Filling up the DagBag from /home/airflow/.local/lib/python3.12/site-packages/airflow/example_dags/example_sensors.py
[2024-05-01T12:44:59.635+0000] {processor.py:840} INFO - DAG(s) 'example_sensors' retrieved from /home/airflow/.local/lib/python3.12/site-packages/airflow/example_dags/example_sensors.py
[2024-05-01T12:44:59.662+0000] {logging_mixin.py:188} INFO - [2024-05-01T12:44:59.662+0000] {dag.py:3096} INFO - Sync 1 DAGs
[2024-05-01T12:44:59.677+0000] {logging_mixin.py:188} INFO - [2024-05-01T12:44:59.677+0000] {dag.py:3954} INFO - Setting next_dagrun for example_sensors to None, run_after=None
[2024-05-01T12:44:59.695+0000] {processor.py:183} INFO - Processing /home/airflow/.local/lib/python3.12/site-packages/airflow/example_dags/example_sensors.py took 0.082 seconds
[2024-05-01T12:45:29.879+0000] {processor.py:161} INFO - Started process (PID=2019) to work on /home/airflow/.local/lib/python3.12/site-packages/airflow/example_dags/example_sensors.py
[2024-05-01T12:45:29.880+0000] {processor.py:830} INFO - Processing file /home/airflow/.local/lib/python3.12/site-packages/airflow/example_dags/example_sensors.py for tasks to queue
[2024-05-01T12:45:29.882+0000] {logging_mixin.py:188} INFO - [2024-05-01T12:45:29.882+0000] {dagbag.py:540} INFO - Filling up the DagBag from /home/airflow/.local/lib/python3.12/site-packages/airflow/example_dags/example_sensors.py
[2024-05-01T12:45:29.892+0000] {processor.py:840} INFO - DAG(s) 'example_sensors' retrieved from /home/airflow/.local/lib/python3.12/site-packages/airflow/example_dags/example_sensors.py
[2024-05-01T12:45:29.920+0000] {logging_mixin.py:188} INFO - [2024-05-01T12:45:29.920+0000] {dag.py:3096} INFO - Sync 1 DAGs
[2024-05-01T12:45:29.935+0000] {logging_mixin.py:188} INFO - [2024-05-01T12:45:29.934+0000] {dag.py:3954} INFO - Setting next_dagrun for example_sensors to None, run_after=None
[2024-05-01T12:45:29.954+0000] {processor.py:183} INFO - Processing /home/airflow/.local/lib/python3.12/site-packages/airflow/example_dags/example_sensors.py took 0.082 seconds
[2024-05-01T12:46:00.028+0000] {processor.py:161} INFO - Started process (PID=2077) to work on /home/airflow/.local/lib/python3.12/site-packages/airflow/example_dags/example_sensors.py
[2024-05-01T12:46:00.029+0000] {processor.py:830} INFO - Processing file /home/airflow/.local/lib/python3.12/site-packages/airflow/example_dags/example_sensors.py for tasks to queue
[2024-05-01T12:46:00.032+0000] {logging_mixin.py:188} INFO - [2024-05-01T12:46:00.032+0000] {dagbag.py:540} INFO - Filling up the DagBag from /home/airflow/.local/lib/python3.12/site-packages/airflow/example_dags/example_sensors.py
[2024-05-01T12:46:00.045+0000] {processor.py:840} INFO - DAG(s) 'example_sensors' retrieved from /home/airflow/.local/lib/python3.12/site-packages/airflow/example_dags/example_sensors.py
[2024-05-01T12:46:00.079+0000] {logging_mixin.py:188} INFO - [2024-05-01T12:46:00.079+0000] {dag.py:3096} INFO - Sync 1 DAGs
[2024-05-01T12:46:00.097+0000] {logging_mixin.py:188} INFO - [2024-05-01T12:46:00.097+0000] {dag.py:3954} INFO - Setting next_dagrun for example_sensors to None, run_after=None
[2024-05-01T12:46:00.122+0000] {processor.py:183} INFO - Processing /home/airflow/.local/lib/python3.12/site-packages/airflow/example_dags/example_sensors.py took 0.103 seconds
[2024-05-01T12:46:30.467+0000] {processor.py:161} INFO - Started process (PID=2135) to work on /home/airflow/.local/lib/python3.12/site-packages/airflow/example_dags/example_sensors.py
[2024-05-01T12:46:30.469+0000] {processor.py:830} INFO - Processing file /home/airflow/.local/lib/python3.12/site-packages/airflow/example_dags/example_sensors.py for tasks to queue
[2024-05-01T12:46:30.471+0000] {logging_mixin.py:188} INFO - [2024-05-01T12:46:30.471+0000] {dagbag.py:540} INFO - Filling up the DagBag from /home/airflow/.local/lib/python3.12/site-packages/airflow/example_dags/example_sensors.py
[2024-05-01T12:46:30.482+0000] {processor.py:840} INFO - DAG(s) 'example_sensors' retrieved from /home/airflow/.local/lib/python3.12/site-packages/airflow/example_dags/example_sensors.py
[2024-05-01T12:46:30.510+0000] {logging_mixin.py:188} INFO - [2024-05-01T12:46:30.510+0000] {dag.py:3096} INFO - Sync 1 DAGs
[2024-05-01T12:46:30.525+0000] {logging_mixin.py:188} INFO - [2024-05-01T12:46:30.525+0000] {dag.py:3954} INFO - Setting next_dagrun for example_sensors to None, run_after=None
[2024-05-01T12:46:30.545+0000] {processor.py:183} INFO - Processing /home/airflow/.local/lib/python3.12/site-packages/airflow/example_dags/example_sensors.py took 0.085 seconds
[2024-05-01T12:47:00.975+0000] {processor.py:161} INFO - Started process (PID=2193) to work on /home/airflow/.local/lib/python3.12/site-packages/airflow/example_dags/example_sensors.py
[2024-05-01T12:47:00.977+0000] {processor.py:830} INFO - Processing file /home/airflow/.local/lib/python3.12/site-packages/airflow/example_dags/example_sensors.py for tasks to queue
[2024-05-01T12:47:00.979+0000] {logging_mixin.py:188} INFO - [2024-05-01T12:47:00.979+0000] {dagbag.py:540} INFO - Filling up the DagBag from /home/airflow/.local/lib/python3.12/site-packages/airflow/example_dags/example_sensors.py
[2024-05-01T12:47:00.989+0000] {processor.py:840} INFO - DAG(s) 'example_sensors' retrieved from /home/airflow/.local/lib/python3.12/site-packages/airflow/example_dags/example_sensors.py
[2024-05-01T12:47:01.016+0000] {logging_mixin.py:188} INFO - [2024-05-01T12:47:01.016+0000] {dag.py:3096} INFO - Sync 1 DAGs
[2024-05-01T12:47:01.030+0000] {logging_mixin.py:188} INFO - [2024-05-01T12:47:01.030+0000] {dag.py:3954} INFO - Setting next_dagrun for example_sensors to None, run_after=None
[2024-05-01T12:47:01.050+0000] {processor.py:183} INFO - Processing /home/airflow/.local/lib/python3.12/site-packages/airflow/example_dags/example_sensors.py took 0.082 seconds
[2024-05-01T12:47:31.154+0000] {processor.py:161} INFO - Started process (PID=2251) to work on /home/airflow/.local/lib/python3.12/site-packages/airflow/example_dags/example_sensors.py
[2024-05-01T12:47:31.155+0000] {processor.py:830} INFO - Processing file /home/airflow/.local/lib/python3.12/site-packages/airflow/example_dags/example_sensors.py for tasks to queue
[2024-05-01T12:47:31.157+0000] {logging_mixin.py:188} INFO - [2024-05-01T12:47:31.157+0000] {dagbag.py:540} INFO - Filling up the DagBag from /home/airflow/.local/lib/python3.12/site-packages/airflow/example_dags/example_sensors.py
[2024-05-01T12:47:31.168+0000] {processor.py:840} INFO - DAG(s) 'example_sensors' retrieved from /home/airflow/.local/lib/python3.12/site-packages/airflow/example_dags/example_sensors.py
[2024-05-01T12:47:31.195+0000] {logging_mixin.py:188} INFO - [2024-05-01T12:47:31.195+0000] {dag.py:3096} INFO - Sync 1 DAGs
[2024-05-01T12:47:31.209+0000] {logging_mixin.py:188} INFO - [2024-05-01T12:47:31.209+0000] {dag.py:3954} INFO - Setting next_dagrun for example_sensors to None, run_after=None
[2024-05-01T12:47:31.229+0000] {processor.py:183} INFO - Processing /home/airflow/.local/lib/python3.12/site-packages/airflow/example_dags/example_sensors.py took 0.081 seconds
[2024-05-01T12:48:01.615+0000] {processor.py:161} INFO - Started process (PID=2309) to work on /home/airflow/.local/lib/python3.12/site-packages/airflow/example_dags/example_sensors.py
[2024-05-01T12:48:01.616+0000] {processor.py:830} INFO - Processing file /home/airflow/.local/lib/python3.12/site-packages/airflow/example_dags/example_sensors.py for tasks to queue
[2024-05-01T12:48:01.619+0000] {logging_mixin.py:188} INFO - [2024-05-01T12:48:01.618+0000] {dagbag.py:540} INFO - Filling up the DagBag from /home/airflow/.local/lib/python3.12/site-packages/airflow/example_dags/example_sensors.py
[2024-05-01T12:48:01.629+0000] {processor.py:840} INFO - DAG(s) 'example_sensors' retrieved from /home/airflow/.local/lib/python3.12/site-packages/airflow/example_dags/example_sensors.py
[2024-05-01T12:48:01.657+0000] {logging_mixin.py:188} INFO - [2024-05-01T12:48:01.657+0000] {dag.py:3096} INFO - Sync 1 DAGs
[2024-05-01T12:48:01.672+0000] {logging_mixin.py:188} INFO - [2024-05-01T12:48:01.672+0000] {dag.py:3954} INFO - Setting next_dagrun for example_sensors to None, run_after=None
[2024-05-01T12:48:01.691+0000] {processor.py:183} INFO - Processing /home/airflow/.local/lib/python3.12/site-packages/airflow/example_dags/example_sensors.py took 0.082 seconds
[2024-05-01T12:48:31.807+0000] {processor.py:161} INFO - Started process (PID=2367) to work on /home/airflow/.local/lib/python3.12/site-packages/airflow/example_dags/example_sensors.py
[2024-05-01T12:48:31.808+0000] {processor.py:830} INFO - Processing file /home/airflow/.local/lib/python3.12/site-packages/airflow/example_dags/example_sensors.py for tasks to queue
[2024-05-01T12:48:31.811+0000] {logging_mixin.py:188} INFO - [2024-05-01T12:48:31.810+0000] {dagbag.py:540} INFO - Filling up the DagBag from /home/airflow/.local/lib/python3.12/site-packages/airflow/example_dags/example_sensors.py
[2024-05-01T12:48:31.821+0000] {processor.py:840} INFO - DAG(s) 'example_sensors' retrieved from /home/airflow/.local/lib/python3.12/site-packages/airflow/example_dags/example_sensors.py
[2024-05-01T12:48:31.848+0000] {logging_mixin.py:188} INFO - [2024-05-01T12:48:31.847+0000] {dag.py:3096} INFO - Sync 1 DAGs
[2024-05-01T12:48:31.862+0000] {logging_mixin.py:188} INFO - [2024-05-01T12:48:31.862+0000] {dag.py:3954} INFO - Setting next_dagrun for example_sensors to None, run_after=None
[2024-05-01T12:48:31.881+0000] {processor.py:183} INFO - Processing /home/airflow/.local/lib/python3.12/site-packages/airflow/example_dags/example_sensors.py took 0.081 seconds
[2024-05-01T12:49:01.915+0000] {processor.py:161} INFO - Started process (PID=2424) to work on /home/airflow/.local/lib/python3.12/site-packages/airflow/example_dags/example_sensors.py
[2024-05-01T12:49:01.917+0000] {processor.py:830} INFO - Processing file /home/airflow/.local/lib/python3.12/site-packages/airflow/example_dags/example_sensors.py for tasks to queue
[2024-05-01T12:49:01.919+0000] {logging_mixin.py:188} INFO - [2024-05-01T12:49:01.919+0000] {dagbag.py:540} INFO - Filling up the DagBag from /home/airflow/.local/lib/python3.12/site-packages/airflow/example_dags/example_sensors.py
[2024-05-01T12:49:01.931+0000] {processor.py:840} INFO - DAG(s) 'example_sensors' retrieved from /home/airflow/.local/lib/python3.12/site-packages/airflow/example_dags/example_sensors.py
[2024-05-01T12:49:01.959+0000] {logging_mixin.py:188} INFO - [2024-05-01T12:49:01.958+0000] {dag.py:3096} INFO - Sync 1 DAGs
[2024-05-01T12:49:01.973+0000] {logging_mixin.py:188} INFO - [2024-05-01T12:49:01.973+0000] {dag.py:3954} INFO - Setting next_dagrun for example_sensors to None, run_after=None
[2024-05-01T12:49:01.992+0000] {processor.py:183} INFO - Processing /home/airflow/.local/lib/python3.12/site-packages/airflow/example_dags/example_sensors.py took 0.084 seconds
[2024-05-01T12:49:32.114+0000] {processor.py:161} INFO - Started process (PID=2482) to work on /home/airflow/.local/lib/python3.12/site-packages/airflow/example_dags/example_sensors.py
[2024-05-01T12:49:32.116+0000] {processor.py:830} INFO - Processing file /home/airflow/.local/lib/python3.12/site-packages/airflow/example_dags/example_sensors.py for tasks to queue
[2024-05-01T12:49:32.118+0000] {logging_mixin.py:188} INFO - [2024-05-01T12:49:32.118+0000] {dagbag.py:540} INFO - Filling up the DagBag from /home/airflow/.local/lib/python3.12/site-packages/airflow/example_dags/example_sensors.py
[2024-05-01T12:49:32.130+0000] {processor.py:840} INFO - DAG(s) 'example_sensors' retrieved from /home/airflow/.local/lib/python3.12/site-packages/airflow/example_dags/example_sensors.py
[2024-05-01T12:49:32.159+0000] {logging_mixin.py:188} INFO - [2024-05-01T12:49:32.159+0000] {dag.py:3096} INFO - Sync 1 DAGs
[2024-05-01T12:49:32.174+0000] {logging_mixin.py:188} INFO - [2024-05-01T12:49:32.174+0000] {dag.py:3954} INFO - Setting next_dagrun for example_sensors to None, run_after=None
[2024-05-01T12:49:32.192+0000] {processor.py:183} INFO - Processing /home/airflow/.local/lib/python3.12/site-packages/airflow/example_dags/example_sensors.py took 0.085 seconds
[2024-05-01T12:50:02.879+0000] {processor.py:161} INFO - Started process (PID=2541) to work on /home/airflow/.local/lib/python3.12/site-packages/airflow/example_dags/example_sensors.py
[2024-05-01T12:50:02.881+0000] {processor.py:830} INFO - Processing file /home/airflow/.local/lib/python3.12/site-packages/airflow/example_dags/example_sensors.py for tasks to queue
[2024-05-01T12:50:02.883+0000] {logging_mixin.py:188} INFO - [2024-05-01T12:50:02.883+0000] {dagbag.py:540} INFO - Filling up the DagBag from /home/airflow/.local/lib/python3.12/site-packages/airflow/example_dags/example_sensors.py
[2024-05-01T12:50:02.893+0000] {processor.py:840} INFO - DAG(s) 'example_sensors' retrieved from /home/airflow/.local/lib/python3.12/site-packages/airflow/example_dags/example_sensors.py
[2024-05-01T12:50:02.924+0000] {logging_mixin.py:188} INFO - [2024-05-01T12:50:02.924+0000] {dag.py:3096} INFO - Sync 1 DAGs
[2024-05-01T12:50:02.941+0000] {logging_mixin.py:188} INFO - [2024-05-01T12:50:02.940+0000] {dag.py:3954} INFO - Setting next_dagrun for example_sensors to None, run_after=None
[2024-05-01T12:50:02.961+0000] {processor.py:183} INFO - Processing /home/airflow/.local/lib/python3.12/site-packages/airflow/example_dags/example_sensors.py took 0.088 seconds
[2024-05-01T12:50:33.032+0000] {processor.py:161} INFO - Started process (PID=2598) to work on /home/airflow/.local/lib/python3.12/site-packages/airflow/example_dags/example_sensors.py
[2024-05-01T12:50:33.033+0000] {processor.py:830} INFO - Processing file /home/airflow/.local/lib/python3.12/site-packages/airflow/example_dags/example_sensors.py for tasks to queue
[2024-05-01T12:50:33.035+0000] {logging_mixin.py:188} INFO - [2024-05-01T12:50:33.035+0000] {dagbag.py:540} INFO - Filling up the DagBag from /home/airflow/.local/lib/python3.12/site-packages/airflow/example_dags/example_sensors.py
[2024-05-01T12:50:33.045+0000] {processor.py:840} INFO - DAG(s) 'example_sensors' retrieved from /home/airflow/.local/lib/python3.12/site-packages/airflow/example_dags/example_sensors.py
[2024-05-01T12:50:33.071+0000] {logging_mixin.py:188} INFO - [2024-05-01T12:50:33.071+0000] {dag.py:3096} INFO - Sync 1 DAGs
[2024-05-01T12:50:33.084+0000] {logging_mixin.py:188} INFO - [2024-05-01T12:50:33.084+0000] {dag.py:3954} INFO - Setting next_dagrun for example_sensors to None, run_after=None
[2024-05-01T12:50:33.103+0000] {processor.py:183} INFO - Processing /home/airflow/.local/lib/python3.12/site-packages/airflow/example_dags/example_sensors.py took 0.077 seconds
[2024-05-01T12:51:03.654+0000] {processor.py:161} INFO - Started process (PID=2656) to work on /home/airflow/.local/lib/python3.12/site-packages/airflow/example_dags/example_sensors.py
[2024-05-01T12:51:03.655+0000] {processor.py:830} INFO - Processing file /home/airflow/.local/lib/python3.12/site-packages/airflow/example_dags/example_sensors.py for tasks to queue
[2024-05-01T12:51:03.659+0000] {logging_mixin.py:188} INFO - [2024-05-01T12:51:03.658+0000] {dagbag.py:540} INFO - Filling up the DagBag from /home/airflow/.local/lib/python3.12/site-packages/airflow/example_dags/example_sensors.py
[2024-05-01T12:51:03.669+0000] {processor.py:840} INFO - DAG(s) 'example_sensors' retrieved from /home/airflow/.local/lib/python3.12/site-packages/airflow/example_dags/example_sensors.py
[2024-05-01T12:51:03.696+0000] {logging_mixin.py:188} INFO - [2024-05-01T12:51:03.696+0000] {dag.py:3096} INFO - Sync 1 DAGs
[2024-05-01T12:51:03.711+0000] {logging_mixin.py:188} INFO - [2024-05-01T12:51:03.711+0000] {dag.py:3954} INFO - Setting next_dagrun for example_sensors to None, run_after=None
[2024-05-01T12:51:03.729+0000] {processor.py:183} INFO - Processing /home/airflow/.local/lib/python3.12/site-packages/airflow/example_dags/example_sensors.py took 0.081 seconds
[2024-05-01T12:51:34.009+0000] {processor.py:161} INFO - Started process (PID=2714) to work on /home/airflow/.local/lib/python3.12/site-packages/airflow/example_dags/example_sensors.py
[2024-05-01T12:51:34.010+0000] {processor.py:830} INFO - Processing file /home/airflow/.local/lib/python3.12/site-packages/airflow/example_dags/example_sensors.py for tasks to queue
[2024-05-01T12:51:34.012+0000] {logging_mixin.py:188} INFO - [2024-05-01T12:51:34.012+0000] {dagbag.py:540} INFO - Filling up the DagBag from /home/airflow/.local/lib/python3.12/site-packages/airflow/example_dags/example_sensors.py
[2024-05-01T12:51:34.023+0000] {processor.py:840} INFO - DAG(s) 'example_sensors' retrieved from /home/airflow/.local/lib/python3.12/site-packages/airflow/example_dags/example_sensors.py
[2024-05-01T12:51:34.050+0000] {logging_mixin.py:188} INFO - [2024-05-01T12:51:34.050+0000] {dag.py:3096} INFO - Sync 1 DAGs
[2024-05-01T12:51:34.065+0000] {logging_mixin.py:188} INFO - [2024-05-01T12:51:34.064+0000] {dag.py:3954} INFO - Setting next_dagrun for example_sensors to None, run_after=None
[2024-05-01T12:51:34.084+0000] {processor.py:183} INFO - Processing /home/airflow/.local/lib/python3.12/site-packages/airflow/example_dags/example_sensors.py took 0.082 seconds
[2024-05-01T12:52:04.926+0000] {processor.py:161} INFO - Started process (PID=2772) to work on /home/airflow/.local/lib/python3.12/site-packages/airflow/example_dags/example_sensors.py
[2024-05-01T12:52:04.928+0000] {processor.py:830} INFO - Processing file /home/airflow/.local/lib/python3.12/site-packages/airflow/example_dags/example_sensors.py for tasks to queue
[2024-05-01T12:52:04.930+0000] {logging_mixin.py:188} INFO - [2024-05-01T12:52:04.930+0000] {dagbag.py:540} INFO - Filling up the DagBag from /home/airflow/.local/lib/python3.12/site-packages/airflow/example_dags/example_sensors.py
[2024-05-01T12:52:04.940+0000] {processor.py:840} INFO - DAG(s) 'example_sensors' retrieved from /home/airflow/.local/lib/python3.12/site-packages/airflow/example_dags/example_sensors.py
[2024-05-01T12:52:04.965+0000] {logging_mixin.py:188} INFO - [2024-05-01T12:52:04.965+0000] {dag.py:3096} INFO - Sync 1 DAGs
[2024-05-01T12:52:04.979+0000] {logging_mixin.py:188} INFO - [2024-05-01T12:52:04.979+0000] {dag.py:3954} INFO - Setting next_dagrun for example_sensors to None, run_after=None
[2024-05-01T12:52:04.997+0000] {processor.py:183} INFO - Processing /home/airflow/.local/lib/python3.12/site-packages/airflow/example_dags/example_sensors.py took 0.077 seconds
[2024-05-01T12:52:35.878+0000] {processor.py:161} INFO - Started process (PID=2830) to work on /home/airflow/.local/lib/python3.12/site-packages/airflow/example_dags/example_sensors.py
[2024-05-01T12:52:35.880+0000] {processor.py:830} INFO - Processing file /home/airflow/.local/lib/python3.12/site-packages/airflow/example_dags/example_sensors.py for tasks to queue
[2024-05-01T12:52:35.882+0000] {logging_mixin.py:188} INFO - [2024-05-01T12:52:35.881+0000] {dagbag.py:540} INFO - Filling up the DagBag from /home/airflow/.local/lib/python3.12/site-packages/airflow/example_dags/example_sensors.py
[2024-05-01T12:52:35.892+0000] {processor.py:840} INFO - DAG(s) 'example_sensors' retrieved from /home/airflow/.local/lib/python3.12/site-packages/airflow/example_dags/example_sensors.py
[2024-05-01T12:52:35.920+0000] {logging_mixin.py:188} INFO - [2024-05-01T12:52:35.919+0000] {dag.py:3096} INFO - Sync 1 DAGs
[2024-05-01T12:52:35.936+0000] {logging_mixin.py:188} INFO - [2024-05-01T12:52:35.935+0000] {dag.py:3954} INFO - Setting next_dagrun for example_sensors to None, run_after=None
[2024-05-01T12:52:35.954+0000] {processor.py:183} INFO - Processing /home/airflow/.local/lib/python3.12/site-packages/airflow/example_dags/example_sensors.py took 0.083 seconds
[2024-05-01T12:53:06.834+0000] {processor.py:161} INFO - Started process (PID=2888) to work on /home/airflow/.local/lib/python3.12/site-packages/airflow/example_dags/example_sensors.py
[2024-05-01T12:53:06.835+0000] {processor.py:830} INFO - Processing file /home/airflow/.local/lib/python3.12/site-packages/airflow/example_dags/example_sensors.py for tasks to queue
[2024-05-01T12:53:06.838+0000] {logging_mixin.py:188} INFO - [2024-05-01T12:53:06.837+0000] {dagbag.py:540} INFO - Filling up the DagBag from /home/airflow/.local/lib/python3.12/site-packages/airflow/example_dags/example_sensors.py
[2024-05-01T12:53:06.848+0000] {processor.py:840} INFO - DAG(s) 'example_sensors' retrieved from /home/airflow/.local/lib/python3.12/site-packages/airflow/example_dags/example_sensors.py
[2024-05-01T12:53:06.874+0000] {logging_mixin.py:188} INFO - [2024-05-01T12:53:06.873+0000] {dag.py:3096} INFO - Sync 1 DAGs
[2024-05-01T12:53:06.889+0000] {logging_mixin.py:188} INFO - [2024-05-01T12:53:06.889+0000] {dag.py:3954} INFO - Setting next_dagrun for example_sensors to None, run_after=None
[2024-05-01T12:53:06.906+0000] {processor.py:183} INFO - Processing /home/airflow/.local/lib/python3.12/site-packages/airflow/example_dags/example_sensors.py took 0.078 seconds
[2024-05-01T12:53:36.989+0000] {processor.py:161} INFO - Started process (PID=2946) to work on /home/airflow/.local/lib/python3.12/site-packages/airflow/example_dags/example_sensors.py
[2024-05-01T12:53:36.990+0000] {processor.py:830} INFO - Processing file /home/airflow/.local/lib/python3.12/site-packages/airflow/example_dags/example_sensors.py for tasks to queue
[2024-05-01T12:53:36.993+0000] {logging_mixin.py:188} INFO - [2024-05-01T12:53:36.992+0000] {dagbag.py:540} INFO - Filling up the DagBag from /home/airflow/.local/lib/python3.12/site-packages/airflow/example_dags/example_sensors.py
[2024-05-01T12:53:37.003+0000] {processor.py:840} INFO - DAG(s) 'example_sensors' retrieved from /home/airflow/.local/lib/python3.12/site-packages/airflow/example_dags/example_sensors.py
[2024-05-01T12:53:37.030+0000] {logging_mixin.py:188} INFO - [2024-05-01T12:53:37.030+0000] {dag.py:3096} INFO - Sync 1 DAGs
[2024-05-01T12:53:37.045+0000] {logging_mixin.py:188} INFO - [2024-05-01T12:53:37.045+0000] {dag.py:3954} INFO - Setting next_dagrun for example_sensors to None, run_after=None
[2024-05-01T12:53:37.065+0000] {processor.py:183} INFO - Processing /home/airflow/.local/lib/python3.12/site-packages/airflow/example_dags/example_sensors.py took 0.083 seconds
[2024-05-01T12:54:07.982+0000] {processor.py:161} INFO - Started process (PID=3004) to work on /home/airflow/.local/lib/python3.12/site-packages/airflow/example_dags/example_sensors.py
[2024-05-01T12:54:07.984+0000] {processor.py:830} INFO - Processing file /home/airflow/.local/lib/python3.12/site-packages/airflow/example_dags/example_sensors.py for tasks to queue
[2024-05-01T12:54:07.986+0000] {logging_mixin.py:188} INFO - [2024-05-01T12:54:07.985+0000] {dagbag.py:540} INFO - Filling up the DagBag from /home/airflow/.local/lib/python3.12/site-packages/airflow/example_dags/example_sensors.py
[2024-05-01T12:54:07.996+0000] {processor.py:840} INFO - DAG(s) 'example_sensors' retrieved from /home/airflow/.local/lib/python3.12/site-packages/airflow/example_dags/example_sensors.py
[2024-05-01T12:54:08.023+0000] {logging_mixin.py:188} INFO - [2024-05-01T12:54:08.023+0000] {dag.py:3096} INFO - Sync 1 DAGs
[2024-05-01T12:54:08.038+0000] {logging_mixin.py:188} INFO - [2024-05-01T12:54:08.037+0000] {dag.py:3954} INFO - Setting next_dagrun for example_sensors to None, run_after=None
[2024-05-01T12:54:08.056+0000] {processor.py:183} INFO - Processing /home/airflow/.local/lib/python3.12/site-packages/airflow/example_dags/example_sensors.py took 0.080 seconds
[2024-05-01T12:54:38.975+0000] {processor.py:161} INFO - Started process (PID=3062) to work on /home/airflow/.local/lib/python3.12/site-packages/airflow/example_dags/example_sensors.py
[2024-05-01T12:54:38.977+0000] {processor.py:830} INFO - Processing file /home/airflow/.local/lib/python3.12/site-packages/airflow/example_dags/example_sensors.py for tasks to queue
[2024-05-01T12:54:38.982+0000] {logging_mixin.py:188} INFO - [2024-05-01T12:54:38.982+0000] {dagbag.py:540} INFO - Filling up the DagBag from /home/airflow/.local/lib/python3.12/site-packages/airflow/example_dags/example_sensors.py
[2024-05-01T12:54:38.996+0000] {processor.py:840} INFO - DAG(s) 'example_sensors' retrieved from /home/airflow/.local/lib/python3.12/site-packages/airflow/example_dags/example_sensors.py
[2024-05-01T12:54:39.067+0000] {logging_mixin.py:188} INFO - [2024-05-01T12:54:39.067+0000] {dag.py:3096} INFO - Sync 1 DAGs
[2024-05-01T12:54:39.081+0000] {logging_mixin.py:188} INFO - [2024-05-01T12:54:39.081+0000] {dag.py:3954} INFO - Setting next_dagrun for example_sensors to None, run_after=None
[2024-05-01T12:54:39.099+0000] {processor.py:183} INFO - Processing /home/airflow/.local/lib/python3.12/site-packages/airflow/example_dags/example_sensors.py took 0.131 seconds
[2024-05-01T12:55:09.901+0000] {processor.py:161} INFO - Started process (PID=3120) to work on /home/airflow/.local/lib/python3.12/site-packages/airflow/example_dags/example_sensors.py
[2024-05-01T12:55:09.902+0000] {processor.py:830} INFO - Processing file /home/airflow/.local/lib/python3.12/site-packages/airflow/example_dags/example_sensors.py for tasks to queue
[2024-05-01T12:55:09.904+0000] {logging_mixin.py:188} INFO - [2024-05-01T12:55:09.903+0000] {dagbag.py:540} INFO - Filling up the DagBag from /home/airflow/.local/lib/python3.12/site-packages/airflow/example_dags/example_sensors.py
[2024-05-01T12:55:09.914+0000] {processor.py:840} INFO - DAG(s) 'example_sensors' retrieved from /home/airflow/.local/lib/python3.12/site-packages/airflow/example_dags/example_sensors.py
[2024-05-01T12:55:09.941+0000] {logging_mixin.py:188} INFO - [2024-05-01T12:55:09.941+0000] {dag.py:3096} INFO - Sync 1 DAGs
[2024-05-01T12:55:09.956+0000] {logging_mixin.py:188} INFO - [2024-05-01T12:55:09.956+0000] {dag.py:3954} INFO - Setting next_dagrun for example_sensors to None, run_after=None
[2024-05-01T12:55:09.976+0000] {processor.py:183} INFO - Processing /home/airflow/.local/lib/python3.12/site-packages/airflow/example_dags/example_sensors.py took 0.082 seconds
[2024-05-01T12:55:40.848+0000] {processor.py:161} INFO - Started process (PID=3178) to work on /home/airflow/.local/lib/python3.12/site-packages/airflow/example_dags/example_sensors.py
[2024-05-01T12:55:40.849+0000] {processor.py:830} INFO - Processing file /home/airflow/.local/lib/python3.12/site-packages/airflow/example_dags/example_sensors.py for tasks to queue
[2024-05-01T12:55:40.851+0000] {logging_mixin.py:188} INFO - [2024-05-01T12:55:40.851+0000] {dagbag.py:540} INFO - Filling up the DagBag from /home/airflow/.local/lib/python3.12/site-packages/airflow/example_dags/example_sensors.py
[2024-05-01T12:55:40.861+0000] {processor.py:840} INFO - DAG(s) 'example_sensors' retrieved from /home/airflow/.local/lib/python3.12/site-packages/airflow/example_dags/example_sensors.py
[2024-05-01T12:55:40.887+0000] {logging_mixin.py:188} INFO - [2024-05-01T12:55:40.886+0000] {dag.py:3096} INFO - Sync 1 DAGs
[2024-05-01T12:55:40.900+0000] {logging_mixin.py:188} INFO - [2024-05-01T12:55:40.900+0000] {dag.py:3954} INFO - Setting next_dagrun for example_sensors to None, run_after=None
[2024-05-01T12:55:40.918+0000] {processor.py:183} INFO - Processing /home/airflow/.local/lib/python3.12/site-packages/airflow/example_dags/example_sensors.py took 0.076 seconds
[2024-05-01T12:56:11.760+0000] {processor.py:161} INFO - Started process (PID=3236) to work on /home/airflow/.local/lib/python3.12/site-packages/airflow/example_dags/example_sensors.py
[2024-05-01T12:56:11.762+0000] {processor.py:830} INFO - Processing file /home/airflow/.local/lib/python3.12/site-packages/airflow/example_dags/example_sensors.py for tasks to queue
[2024-05-01T12:56:11.764+0000] {logging_mixin.py:188} INFO - [2024-05-01T12:56:11.764+0000] {dagbag.py:540} INFO - Filling up the DagBag from /home/airflow/.local/lib/python3.12/site-packages/airflow/example_dags/example_sensors.py
[2024-05-01T12:56:11.775+0000] {processor.py:840} INFO - DAG(s) 'example_sensors' retrieved from /home/airflow/.local/lib/python3.12/site-packages/airflow/example_dags/example_sensors.py
[2024-05-01T12:56:11.803+0000] {logging_mixin.py:188} INFO - [2024-05-01T12:56:11.803+0000] {dag.py:3096} INFO - Sync 1 DAGs
[2024-05-01T12:56:11.818+0000] {logging_mixin.py:188} INFO - [2024-05-01T12:56:11.818+0000] {dag.py:3954} INFO - Setting next_dagrun for example_sensors to None, run_after=None
[2024-05-01T12:56:11.839+0000] {processor.py:183} INFO - Processing /home/airflow/.local/lib/python3.12/site-packages/airflow/example_dags/example_sensors.py took 0.085 seconds
[2024-05-01T12:56:41.955+0000] {processor.py:161} INFO - Started process (PID=3294) to work on /home/airflow/.local/lib/python3.12/site-packages/airflow/example_dags/example_sensors.py
[2024-05-01T12:56:41.956+0000] {processor.py:830} INFO - Processing file /home/airflow/.local/lib/python3.12/site-packages/airflow/example_dags/example_sensors.py for tasks to queue
[2024-05-01T12:56:41.958+0000] {logging_mixin.py:188} INFO - [2024-05-01T12:56:41.958+0000] {dagbag.py:540} INFO - Filling up the DagBag from /home/airflow/.local/lib/python3.12/site-packages/airflow/example_dags/example_sensors.py
[2024-05-01T12:56:41.968+0000] {processor.py:840} INFO - DAG(s) 'example_sensors' retrieved from /home/airflow/.local/lib/python3.12/site-packages/airflow/example_dags/example_sensors.py
[2024-05-01T12:56:41.996+0000] {logging_mixin.py:188} INFO - [2024-05-01T12:56:41.996+0000] {dag.py:3096} INFO - Sync 1 DAGs
[2024-05-01T12:56:42.010+0000] {logging_mixin.py:188} INFO - [2024-05-01T12:56:42.010+0000] {dag.py:3954} INFO - Setting next_dagrun for example_sensors to None, run_after=None
[2024-05-01T12:56:42.030+0000] {processor.py:183} INFO - Processing /home/airflow/.local/lib/python3.12/site-packages/airflow/example_dags/example_sensors.py took 0.081 seconds
[2024-05-01T12:57:13.008+0000] {processor.py:161} INFO - Started process (PID=3352) to work on /home/airflow/.local/lib/python3.12/site-packages/airflow/example_dags/example_sensors.py
[2024-05-01T12:57:13.010+0000] {processor.py:830} INFO - Processing file /home/airflow/.local/lib/python3.12/site-packages/airflow/example_dags/example_sensors.py for tasks to queue
[2024-05-01T12:57:13.012+0000] {logging_mixin.py:188} INFO - [2024-05-01T12:57:13.011+0000] {dagbag.py:540} INFO - Filling up the DagBag from /home/airflow/.local/lib/python3.12/site-packages/airflow/example_dags/example_sensors.py
[2024-05-01T12:57:13.022+0000] {processor.py:840} INFO - DAG(s) 'example_sensors' retrieved from /home/airflow/.local/lib/python3.12/site-packages/airflow/example_dags/example_sensors.py
[2024-05-01T12:57:13.048+0000] {logging_mixin.py:188} INFO - [2024-05-01T12:57:13.048+0000] {dag.py:3096} INFO - Sync 1 DAGs
[2024-05-01T12:57:13.062+0000] {logging_mixin.py:188} INFO - [2024-05-01T12:57:13.062+0000] {dag.py:3954} INFO - Setting next_dagrun for example_sensors to None, run_after=None
[2024-05-01T12:57:13.081+0000] {processor.py:183} INFO - Processing /home/airflow/.local/lib/python3.12/site-packages/airflow/example_dags/example_sensors.py took 0.080 seconds
[2024-05-01T12:57:43.255+0000] {processor.py:161} INFO - Started process (PID=3410) to work on /home/airflow/.local/lib/python3.12/site-packages/airflow/example_dags/example_sensors.py
[2024-05-01T12:57:43.258+0000] {processor.py:830} INFO - Processing file /home/airflow/.local/lib/python3.12/site-packages/airflow/example_dags/example_sensors.py for tasks to queue
[2024-05-01T12:57:43.260+0000] {logging_mixin.py:188} INFO - [2024-05-01T12:57:43.259+0000] {dagbag.py:540} INFO - Filling up the DagBag from /home/airflow/.local/lib/python3.12/site-packages/airflow/example_dags/example_sensors.py
[2024-05-01T12:57:43.270+0000] {processor.py:840} INFO - DAG(s) 'example_sensors' retrieved from /home/airflow/.local/lib/python3.12/site-packages/airflow/example_dags/example_sensors.py
[2024-05-01T12:57:43.299+0000] {logging_mixin.py:188} INFO - [2024-05-01T12:57:43.298+0000] {dag.py:3096} INFO - Sync 1 DAGs
[2024-05-01T12:57:43.313+0000] {logging_mixin.py:188} INFO - [2024-05-01T12:57:43.313+0000] {dag.py:3954} INFO - Setting next_dagrun for example_sensors to None, run_after=None
[2024-05-01T12:57:43.333+0000] {processor.py:183} INFO - Processing /home/airflow/.local/lib/python3.12/site-packages/airflow/example_dags/example_sensors.py took 0.084 seconds
[2024-05-01T12:58:13.560+0000] {processor.py:161} INFO - Started process (PID=3468) to work on /home/airflow/.local/lib/python3.12/site-packages/airflow/example_dags/example_sensors.py
[2024-05-01T12:58:13.561+0000] {processor.py:830} INFO - Processing file /home/airflow/.local/lib/python3.12/site-packages/airflow/example_dags/example_sensors.py for tasks to queue
[2024-05-01T12:58:13.563+0000] {logging_mixin.py:188} INFO - [2024-05-01T12:58:13.563+0000] {dagbag.py:540} INFO - Filling up the DagBag from /home/airflow/.local/lib/python3.12/site-packages/airflow/example_dags/example_sensors.py
[2024-05-01T12:58:13.573+0000] {processor.py:840} INFO - DAG(s) 'example_sensors' retrieved from /home/airflow/.local/lib/python3.12/site-packages/airflow/example_dags/example_sensors.py
[2024-05-01T12:58:13.601+0000] {logging_mixin.py:188} INFO - [2024-05-01T12:58:13.601+0000] {dag.py:3096} INFO - Sync 1 DAGs
[2024-05-01T12:58:13.616+0000] {logging_mixin.py:188} INFO - [2024-05-01T12:58:13.615+0000] {dag.py:3954} INFO - Setting next_dagrun for example_sensors to None, run_after=None
[2024-05-01T12:58:13.634+0000] {processor.py:183} INFO - Processing /home/airflow/.local/lib/python3.12/site-packages/airflow/example_dags/example_sensors.py took 0.081 seconds
[2024-05-01T12:58:43.772+0000] {processor.py:161} INFO - Started process (PID=3526) to work on /home/airflow/.local/lib/python3.12/site-packages/airflow/example_dags/example_sensors.py
[2024-05-01T12:58:43.773+0000] {processor.py:830} INFO - Processing file /home/airflow/.local/lib/python3.12/site-packages/airflow/example_dags/example_sensors.py for tasks to queue
[2024-05-01T12:58:43.775+0000] {logging_mixin.py:188} INFO - [2024-05-01T12:58:43.775+0000] {dagbag.py:540} INFO - Filling up the DagBag from /home/airflow/.local/lib/python3.12/site-packages/airflow/example_dags/example_sensors.py
[2024-05-01T12:58:43.786+0000] {processor.py:840} INFO - DAG(s) 'example_sensors' retrieved from /home/airflow/.local/lib/python3.12/site-packages/airflow/example_dags/example_sensors.py
[2024-05-01T12:58:43.812+0000] {logging_mixin.py:188} INFO - [2024-05-01T12:58:43.812+0000] {dag.py:3096} INFO - Sync 1 DAGs
[2024-05-01T12:58:43.826+0000] {logging_mixin.py:188} INFO - [2024-05-01T12:58:43.826+0000] {dag.py:3954} INFO - Setting next_dagrun for example_sensors to None, run_after=None
[2024-05-01T12:58:43.847+0000] {processor.py:183} INFO - Processing /home/airflow/.local/lib/python3.12/site-packages/airflow/example_dags/example_sensors.py took 0.081 seconds
[2024-05-01T12:59:13.900+0000] {processor.py:161} INFO - Started process (PID=3584) to work on /home/airflow/.local/lib/python3.12/site-packages/airflow/example_dags/example_sensors.py
[2024-05-01T12:59:13.901+0000] {processor.py:830} INFO - Processing file /home/airflow/.local/lib/python3.12/site-packages/airflow/example_dags/example_sensors.py for tasks to queue
[2024-05-01T12:59:13.903+0000] {logging_mixin.py:188} INFO - [2024-05-01T12:59:13.903+0000] {dagbag.py:540} INFO - Filling up the DagBag from /home/airflow/.local/lib/python3.12/site-packages/airflow/example_dags/example_sensors.py
[2024-05-01T12:59:13.913+0000] {processor.py:840} INFO - DAG(s) 'example_sensors' retrieved from /home/airflow/.local/lib/python3.12/site-packages/airflow/example_dags/example_sensors.py
[2024-05-01T12:59:13.941+0000] {logging_mixin.py:188} INFO - [2024-05-01T12:59:13.940+0000] {dag.py:3096} INFO - Sync 1 DAGs
[2024-05-01T12:59:13.955+0000] {logging_mixin.py:188} INFO - [2024-05-01T12:59:13.955+0000] {dag.py:3954} INFO - Setting next_dagrun for example_sensors to None, run_after=None
[2024-05-01T12:59:13.972+0000] {processor.py:183} INFO - Processing /home/airflow/.local/lib/python3.12/site-packages/airflow/example_dags/example_sensors.py took 0.079 seconds
[2024-05-01T12:59:44.104+0000] {processor.py:161} INFO - Started process (PID=3641) to work on /home/airflow/.local/lib/python3.12/site-packages/airflow/example_dags/example_sensors.py
[2024-05-01T12:59:44.106+0000] {processor.py:830} INFO - Processing file /home/airflow/.local/lib/python3.12/site-packages/airflow/example_dags/example_sensors.py for tasks to queue
[2024-05-01T12:59:44.108+0000] {logging_mixin.py:188} INFO - [2024-05-01T12:59:44.108+0000] {dagbag.py:540} INFO - Filling up the DagBag from /home/airflow/.local/lib/python3.12/site-packages/airflow/example_dags/example_sensors.py
[2024-05-01T12:59:44.120+0000] {processor.py:840} INFO - DAG(s) 'example_sensors' retrieved from /home/airflow/.local/lib/python3.12/site-packages/airflow/example_dags/example_sensors.py
[2024-05-01T12:59:44.147+0000] {logging_mixin.py:188} INFO - [2024-05-01T12:59:44.146+0000] {dag.py:3096} INFO - Sync 1 DAGs
[2024-05-01T12:59:44.140+0000] {logging_mixin.py:188} INFO - [2024-05-01T12:59:44.140+0000] {dag.py:3954} INFO - Setting next_dagrun for example_sensors to None, run_after=None
[2024-05-01T12:59:44.160+0000] {processor.py:183} INFO - Processing /home/airflow/.local/lib/python3.12/site-packages/airflow/example_dags/example_sensors.py took 0.084 seconds
[2024-05-01T13:00:14.237+0000] {processor.py:161} INFO - Started process (PID=3699) to work on /home/airflow/.local/lib/python3.12/site-packages/airflow/example_dags/example_sensors.py
[2024-05-01T13:00:14.238+0000] {processor.py:830} INFO - Processing file /home/airflow/.local/lib/python3.12/site-packages/airflow/example_dags/example_sensors.py for tasks to queue
[2024-05-01T13:00:14.241+0000] {logging_mixin.py:188} INFO - [2024-05-01T13:00:14.241+0000] {dagbag.py:540} INFO - Filling up the DagBag from /home/airflow/.local/lib/python3.12/site-packages/airflow/example_dags/example_sensors.py
[2024-05-01T13:00:14.252+0000] {processor.py:840} INFO - DAG(s) 'example_sensors' retrieved from /home/airflow/.local/lib/python3.12/site-packages/airflow/example_dags/example_sensors.py
[2024-05-01T13:00:14.279+0000] {logging_mixin.py:188} INFO - [2024-05-01T13:00:14.278+0000] {dag.py:3096} INFO - Sync 1 DAGs
[2024-05-01T13:00:14.292+0000] {logging_mixin.py:188} INFO - [2024-05-01T13:00:14.292+0000] {dag.py:3954} INFO - Setting next_dagrun for example_sensors to None, run_after=None
[2024-05-01T13:00:14.312+0000] {processor.py:183} INFO - Processing /home/airflow/.local/lib/python3.12/site-packages/airflow/example_dags/example_sensors.py took 0.082 seconds
[2024-05-01T13:00:44.924+0000] {processor.py:161} INFO - Started process (PID=3757) to work on /home/airflow/.local/lib/python3.12/site-packages/airflow/example_dags/example_sensors.py
[2024-05-01T13:00:44.927+0000] {processor.py:830} INFO - Processing file /home/airflow/.local/lib/python3.12/site-packages/airflow/example_dags/example_sensors.py for tasks to queue
[2024-05-01T13:00:44.934+0000] {logging_mixin.py:188} INFO - [2024-05-01T13:00:44.934+0000] {dagbag.py:540} INFO - Filling up the DagBag from /home/airflow/.local/lib/python3.12/site-packages/airflow/example_dags/example_sensors.py
[2024-05-01T13:00:44.964+0000] {processor.py:840} INFO - DAG(s) 'example_sensors' retrieved from /home/airflow/.local/lib/python3.12/site-packages/airflow/example_dags/example_sensors.py
[2024-05-01T13:00:45.007+0000] {logging_mixin.py:188} INFO - [2024-05-01T13:00:45.007+0000] {dag.py:3096} INFO - Sync 1 DAGs
[2024-05-01T13:00:45.030+0000] {logging_mixin.py:188} INFO - [2024-05-01T13:00:45.029+0000] {dag.py:3954} INFO - Setting next_dagrun for example_sensors to None, run_after=None
[2024-05-01T13:00:45.053+0000] {processor.py:183} INFO - Processing /home/airflow/.local/lib/python3.12/site-packages/airflow/example_dags/example_sensors.py took 0.140 seconds
[2024-05-01T13:01:15.264+0000] {processor.py:161} INFO - Started process (PID=3815) to work on /home/airflow/.local/lib/python3.12/site-packages/airflow/example_dags/example_sensors.py
[2024-05-01T13:01:15.266+0000] {processor.py:830} INFO - Processing file /home/airflow/.local/lib/python3.12/site-packages/airflow/example_dags/example_sensors.py for tasks to queue
[2024-05-01T13:01:15.268+0000] {logging_mixin.py:188} INFO - [2024-05-01T13:01:15.268+0000] {dagbag.py:540} INFO - Filling up the DagBag from /home/airflow/.local/lib/python3.12/site-packages/airflow/example_dags/example_sensors.py
[2024-05-01T13:01:15.280+0000] {processor.py:840} INFO - DAG(s) 'example_sensors' retrieved from /home/airflow/.local/lib/python3.12/site-packages/airflow/example_dags/example_sensors.py
[2024-05-01T13:01:15.308+0000] {logging_mixin.py:188} INFO - [2024-05-01T13:01:15.308+0000] {dag.py:3096} INFO - Sync 1 DAGs
[2024-05-01T13:01:15.322+0000] {logging_mixin.py:188} INFO - [2024-05-01T13:01:15.322+0000] {dag.py:3954} INFO - Setting next_dagrun for example_sensors to None, run_after=None
[2024-05-01T13:01:15.342+0000] {processor.py:183} INFO - Processing /home/airflow/.local/lib/python3.12/site-packages/airflow/example_dags/example_sensors.py took 0.085 seconds
[2024-05-01T13:01:46.353+0000] {processor.py:161} INFO - Started process (PID=3872) to work on /home/airflow/.local/lib/python3.12/site-packages/airflow/example_dags/example_sensors.py
[2024-05-01T13:01:46.355+0000] {processor.py:830} INFO - Processing file /home/airflow/.local/lib/python3.12/site-packages/airflow/example_dags/example_sensors.py for tasks to queue
[2024-05-01T13:01:46.357+0000] {logging_mixin.py:188} INFO - [2024-05-01T13:01:46.357+0000] {dagbag.py:540} INFO - Filling up the DagBag from /home/airflow/.local/lib/python3.12/site-packages/airflow/example_dags/example_sensors.py
[2024-05-01T13:01:46.368+0000] {processor.py:840} INFO - DAG(s) 'example_sensors' retrieved from /home/airflow/.local/lib/python3.12/site-packages/airflow/example_dags/example_sensors.py
[2024-05-01T13:01:46.396+0000] {logging_mixin.py:188} INFO - [2024-05-01T13:01:46.395+0000] {dag.py:3096} INFO - Sync 1 DAGs
[2024-05-01T13:01:46.410+0000] {logging_mixin.py:188} INFO - [2024-05-01T13:01:46.410+0000] {dag.py:3954} INFO - Setting next_dagrun for example_sensors to None, run_after=None
[2024-05-01T13:01:46.434+0000] {processor.py:183} INFO - Processing /home/airflow/.local/lib/python3.12/site-packages/airflow/example_dags/example_sensors.py took 0.088 seconds
[2024-05-01T13:02:17.423+0000] {processor.py:161} INFO - Started process (PID=3931) to work on /home/airflow/.local/lib/python3.12/site-packages/airflow/example_dags/example_sensors.py
[2024-05-01T13:02:17.425+0000] {processor.py:830} INFO - Processing file /home/airflow/.local/lib/python3.12/site-packages/airflow/example_dags/example_sensors.py for tasks to queue
[2024-05-01T13:02:17.427+0000] {logging_mixin.py:188} INFO - [2024-05-01T13:02:17.427+0000] {dagbag.py:540} INFO - Filling up the DagBag from /home/airflow/.local/lib/python3.12/site-packages/airflow/example_dags/example_sensors.py
[2024-05-01T13:02:17.439+0000] {processor.py:840} INFO - DAG(s) 'example_sensors' retrieved from /home/airflow/.local/lib/python3.12/site-packages/airflow/example_dags/example_sensors.py
[2024-05-01T13:02:17.469+0000] {logging_mixin.py:188} INFO - [2024-05-01T13:02:17.469+0000] {dag.py:3096} INFO - Sync 1 DAGs
[2024-05-01T13:02:17.486+0000] {logging_mixin.py:188} INFO - [2024-05-01T13:02:17.486+0000] {dag.py:3954} INFO - Setting next_dagrun for example_sensors to None, run_after=None
[2024-05-01T13:02:17.507+0000] {processor.py:183} INFO - Processing /home/airflow/.local/lib/python3.12/site-packages/airflow/example_dags/example_sensors.py took 0.091 seconds
[2024-05-01T13:02:47.644+0000] {processor.py:161} INFO - Started process (PID=3989) to work on /home/airflow/.local/lib/python3.12/site-packages/airflow/example_dags/example_sensors.py
[2024-05-01T13:02:47.647+0000] {processor.py:830} INFO - Processing file /home/airflow/.local/lib/python3.12/site-packages/airflow/example_dags/example_sensors.py for tasks to queue
[2024-05-01T13:02:47.649+0000] {logging_mixin.py:188} INFO - [2024-05-01T13:02:47.649+0000] {dagbag.py:540} INFO - Filling up the DagBag from /home/airflow/.local/lib/python3.12/site-packages/airflow/example_dags/example_sensors.py
[2024-05-01T13:02:47.662+0000] {processor.py:840} INFO - DAG(s) 'example_sensors' retrieved from /home/airflow/.local/lib/python3.12/site-packages/airflow/example_dags/example_sensors.py
[2024-05-01T13:02:47.695+0000] {logging_mixin.py:188} INFO - [2024-05-01T13:02:47.695+0000] {dag.py:3096} INFO - Sync 1 DAGs
[2024-05-01T13:02:47.712+0000] {logging_mixin.py:188} INFO - [2024-05-01T13:02:47.712+0000] {dag.py:3954} INFO - Setting next_dagrun for example_sensors to None, run_after=None
[2024-05-01T13:02:47.736+0000] {processor.py:183} INFO - Processing /home/airflow/.local/lib/python3.12/site-packages/airflow/example_dags/example_sensors.py took 0.099 seconds
[2024-05-01T13:06:40.235+0000] {processor.py:161} INFO - Started process (PID=4050) to work on /home/airflow/.local/lib/python3.12/site-packages/airflow/example_dags/example_sensors.py
[2024-05-01T13:06:40.237+0000] {processor.py:830} INFO - Processing file /home/airflow/.local/lib/python3.12/site-packages/airflow/example_dags/example_sensors.py for tasks to queue
[2024-05-01T13:06:40.241+0000] {logging_mixin.py:188} INFO - [2024-05-01T13:06:40.240+0000] {dagbag.py:540} INFO - Filling up the DagBag from /home/airflow/.local/lib/python3.12/site-packages/airflow/example_dags/example_sensors.py
[2024-05-01T13:06:40.253+0000] {processor.py:840} INFO - DAG(s) 'example_sensors' retrieved from /home/airflow/.local/lib/python3.12/site-packages/airflow/example_dags/example_sensors.py
[2024-05-01T13:06:40.287+0000] {logging_mixin.py:188} INFO - [2024-05-01T13:06:40.286+0000] {dag.py:3096} INFO - Sync 1 DAGs
[2024-05-01T13:06:40.303+0000] {logging_mixin.py:188} INFO - [2024-05-01T13:06:40.303+0000] {dag.py:3954} INFO - Setting next_dagrun for example_sensors to None, run_after=None
[2024-05-01T13:06:40.371+0000] {processor.py:183} INFO - Processing /home/airflow/.local/lib/python3.12/site-packages/airflow/example_dags/example_sensors.py took 0.144 seconds
[2024-05-01T13:07:10.769+0000] {processor.py:161} INFO - Started process (PID=4102) to work on /home/airflow/.local/lib/python3.12/site-packages/airflow/example_dags/example_sensors.py
[2024-05-01T13:07:10.771+0000] {processor.py:830} INFO - Processing file /home/airflow/.local/lib/python3.12/site-packages/airflow/example_dags/example_sensors.py for tasks to queue
[2024-05-01T13:07:10.773+0000] {logging_mixin.py:188} INFO - [2024-05-01T13:07:10.773+0000] {dagbag.py:540} INFO - Filling up the DagBag from /home/airflow/.local/lib/python3.12/site-packages/airflow/example_dags/example_sensors.py
[2024-05-01T13:07:10.784+0000] {processor.py:840} INFO - DAG(s) 'example_sensors' retrieved from /home/airflow/.local/lib/python3.12/site-packages/airflow/example_dags/example_sensors.py
[2024-05-01T13:07:10.813+0000] {logging_mixin.py:188} INFO - [2024-05-01T13:07:10.813+0000] {dag.py:3096} INFO - Sync 1 DAGs
[2024-05-01T13:07:10.828+0000] {logging_mixin.py:188} INFO - [2024-05-01T13:07:10.828+0000] {dag.py:3954} INFO - Setting next_dagrun for example_sensors to None, run_after=None
[2024-05-01T13:07:10.847+0000] {processor.py:183} INFO - Processing /home/airflow/.local/lib/python3.12/site-packages/airflow/example_dags/example_sensors.py took 0.085 seconds
[2024-05-01T13:07:41.258+0000] {processor.py:161} INFO - Started process (PID=4160) to work on /home/airflow/.local/lib/python3.12/site-packages/airflow/example_dags/example_sensors.py
[2024-05-01T13:07:41.260+0000] {processor.py:830} INFO - Processing file /home/airflow/.local/lib/python3.12/site-packages/airflow/example_dags/example_sensors.py for tasks to queue
[2024-05-01T13:07:41.264+0000] {logging_mixin.py:188} INFO - [2024-05-01T13:07:41.263+0000] {dagbag.py:540} INFO - Filling up the DagBag from /home/airflow/.local/lib/python3.12/site-packages/airflow/example_dags/example_sensors.py
[2024-05-01T13:07:41.276+0000] {processor.py:840} INFO - DAG(s) 'example_sensors' retrieved from /home/airflow/.local/lib/python3.12/site-packages/airflow/example_dags/example_sensors.py
[2024-05-01T13:07:41.311+0000] {logging_mixin.py:188} INFO - [2024-05-01T13:07:41.310+0000] {dag.py:3096} INFO - Sync 1 DAGs
[2024-05-01T13:07:41.327+0000] {logging_mixin.py:188} INFO - [2024-05-01T13:07:41.327+0000] {dag.py:3954} INFO - Setting next_dagrun for example_sensors to None, run_after=None
[2024-05-01T13:07:41.351+0000] {processor.py:183} INFO - Processing /home/airflow/.local/lib/python3.12/site-packages/airflow/example_dags/example_sensors.py took 0.099 seconds
[2024-05-01T13:08:11.456+0000] {processor.py:161} INFO - Started process (PID=4218) to work on /home/airflow/.local/lib/python3.12/site-packages/airflow/example_dags/example_sensors.py
[2024-05-01T13:08:11.457+0000] {processor.py:830} INFO - Processing file /home/airflow/.local/lib/python3.12/site-packages/airflow/example_dags/example_sensors.py for tasks to queue
[2024-05-01T13:08:11.460+0000] {logging_mixin.py:188} INFO - [2024-05-01T13:08:11.459+0000] {dagbag.py:540} INFO - Filling up the DagBag from /home/airflow/.local/lib/python3.12/site-packages/airflow/example_dags/example_sensors.py
[2024-05-01T13:08:11.471+0000] {processor.py:840} INFO - DAG(s) 'example_sensors' retrieved from /home/airflow/.local/lib/python3.12/site-packages/airflow/example_dags/example_sensors.py
[2024-05-01T13:08:11.500+0000] {logging_mixin.py:188} INFO - [2024-05-01T13:08:11.500+0000] {dag.py:3096} INFO - Sync 1 DAGs
[2024-05-01T13:08:11.516+0000] {logging_mixin.py:188} INFO - [2024-05-01T13:08:11.515+0000] {dag.py:3954} INFO - Setting next_dagrun for example_sensors to None, run_after=None
[2024-05-01T13:08:11.535+0000] {processor.py:183} INFO - Processing /home/airflow/.local/lib/python3.12/site-packages/airflow/example_dags/example_sensors.py took 0.086 seconds
[2024-05-01T13:08:41.776+0000] {processor.py:161} INFO - Started process (PID=4276) to work on /home/airflow/.local/lib/python3.12/site-packages/airflow/example_dags/example_sensors.py
[2024-05-01T13:08:41.777+0000] {processor.py:830} INFO - Processing file /home/airflow/.local/lib/python3.12/site-packages/airflow/example_dags/example_sensors.py for tasks to queue
[2024-05-01T13:08:41.780+0000] {logging_mixin.py:188} INFO - [2024-05-01T13:08:41.780+0000] {dagbag.py:540} INFO - Filling up the DagBag from /home/airflow/.local/lib/python3.12/site-packages/airflow/example_dags/example_sensors.py
[2024-05-01T13:08:41.790+0000] {processor.py:840} INFO - DAG(s) 'example_sensors' retrieved from /home/airflow/.local/lib/python3.12/site-packages/airflow/example_dags/example_sensors.py
[2024-05-01T13:08:41.818+0000] {logging_mixin.py:188} INFO - [2024-05-01T13:08:41.817+0000] {dag.py:3096} INFO - Sync 1 DAGs
[2024-05-01T13:08:41.832+0000] {logging_mixin.py:188} INFO - [2024-05-01T13:08:41.832+0000] {dag.py:3954} INFO - Setting next_dagrun for example_sensors to None, run_after=None
[2024-05-01T13:08:41.852+0000] {processor.py:183} INFO - Processing /home/airflow/.local/lib/python3.12/site-packages/airflow/example_dags/example_sensors.py took 0.083 seconds
