[2024-05-01T12:28:16.963+0000] {processor.py:161} INFO - Started process (PID=78) to work on /home/airflow/.local/lib/python3.12/site-packages/airflow/example_dags/example_task_group.py
[2024-05-01T12:28:16.965+0000] {processor.py:830} INFO - Processing file /home/airflow/.local/lib/python3.12/site-packages/airflow/example_dags/example_task_group.py for tasks to queue
[2024-05-01T12:28:16.967+0000] {logging_mixin.py:188} INFO - [2024-05-01T12:28:16.967+0000] {dagbag.py:540} INFO - Filling up the DagBag from /home/airflow/.local/lib/python3.12/site-packages/airflow/example_dags/example_task_group.py
[2024-05-01T12:28:16.977+0000] {processor.py:840} INFO - DAG(s) 'example_task_group' retrieved from /home/airflow/.local/lib/python3.12/site-packages/airflow/example_dags/example_task_group.py
[2024-05-01T12:28:16.993+0000] {logging_mixin.py:188} INFO - [2024-05-01T12:28:16.993+0000] {dag.py:3096} INFO - Sync 1 DAGs
[2024-05-01T12:28:17.019+0000] {logging_mixin.py:188} INFO - [2024-05-01T12:28:17.019+0000] {dag.py:3954} INFO - Setting next_dagrun for example_task_group to 2024-04-30 00:00:00+00:00, run_after=2024-05-01 00:00:00+00:00
[2024-05-01T12:28:17.039+0000] {processor.py:183} INFO - Processing /home/airflow/.local/lib/python3.12/site-packages/airflow/example_dags/example_task_group.py took 0.083 seconds
[2024-05-01T12:28:47.368+0000] {processor.py:161} INFO - Started process (PID=136) to work on /home/airflow/.local/lib/python3.12/site-packages/airflow/example_dags/example_task_group.py
[2024-05-01T12:28:47.370+0000] {processor.py:830} INFO - Processing file /home/airflow/.local/lib/python3.12/site-packages/airflow/example_dags/example_task_group.py for tasks to queue
[2024-05-01T12:28:47.372+0000] {logging_mixin.py:188} INFO - [2024-05-01T12:28:47.372+0000] {dagbag.py:540} INFO - Filling up the DagBag from /home/airflow/.local/lib/python3.12/site-packages/airflow/example_dags/example_task_group.py
[2024-05-01T12:28:47.380+0000] {processor.py:840} INFO - DAG(s) 'example_task_group' retrieved from /home/airflow/.local/lib/python3.12/site-packages/airflow/example_dags/example_task_group.py
[2024-05-01T12:28:47.494+0000] {logging_mixin.py:188} INFO - [2024-05-01T12:28:47.494+0000] {dag.py:3096} INFO - Sync 1 DAGs
[2024-05-01T12:28:47.516+0000] {logging_mixin.py:188} INFO - [2024-05-01T12:28:47.516+0000] {dag.py:3954} INFO - Setting next_dagrun for example_task_group to 2024-04-30 00:00:00+00:00, run_after=2024-05-01 00:00:00+00:00
[2024-05-01T12:28:47.535+0000] {processor.py:183} INFO - Processing /home/airflow/.local/lib/python3.12/site-packages/airflow/example_dags/example_task_group.py took 0.174 seconds
[2024-05-01T12:29:17.896+0000] {processor.py:161} INFO - Started process (PID=194) to work on /home/airflow/.local/lib/python3.12/site-packages/airflow/example_dags/example_task_group.py
[2024-05-01T12:29:17.897+0000] {processor.py:830} INFO - Processing file /home/airflow/.local/lib/python3.12/site-packages/airflow/example_dags/example_task_group.py for tasks to queue
[2024-05-01T12:29:17.900+0000] {logging_mixin.py:188} INFO - [2024-05-01T12:29:17.899+0000] {dagbag.py:540} INFO - Filling up the DagBag from /home/airflow/.local/lib/python3.12/site-packages/airflow/example_dags/example_task_group.py
[2024-05-01T12:29:17.908+0000] {processor.py:840} INFO - DAG(s) 'example_task_group' retrieved from /home/airflow/.local/lib/python3.12/site-packages/airflow/example_dags/example_task_group.py
[2024-05-01T12:29:17.932+0000] {logging_mixin.py:188} INFO - [2024-05-01T12:29:17.932+0000] {dag.py:3096} INFO - Sync 1 DAGs
[2024-05-01T12:29:17.960+0000] {logging_mixin.py:188} INFO - [2024-05-01T12:29:17.959+0000] {dag.py:3954} INFO - Setting next_dagrun for example_task_group to 2024-04-30 00:00:00+00:00, run_after=2024-05-01 00:00:00+00:00
[2024-05-01T12:29:17.981+0000] {processor.py:183} INFO - Processing /home/airflow/.local/lib/python3.12/site-packages/airflow/example_dags/example_task_group.py took 0.092 seconds
[2024-05-01T12:29:48.704+0000] {processor.py:161} INFO - Started process (PID=252) to work on /home/airflow/.local/lib/python3.12/site-packages/airflow/example_dags/example_task_group.py
[2024-05-01T12:29:48.706+0000] {processor.py:830} INFO - Processing file /home/airflow/.local/lib/python3.12/site-packages/airflow/example_dags/example_task_group.py for tasks to queue
[2024-05-01T12:29:48.708+0000] {logging_mixin.py:188} INFO - [2024-05-01T12:29:48.708+0000] {dagbag.py:540} INFO - Filling up the DagBag from /home/airflow/.local/lib/python3.12/site-packages/airflow/example_dags/example_task_group.py
[2024-05-01T12:29:48.718+0000] {processor.py:840} INFO - DAG(s) 'example_task_group' retrieved from /home/airflow/.local/lib/python3.12/site-packages/airflow/example_dags/example_task_group.py
[2024-05-01T12:29:48.742+0000] {logging_mixin.py:188} INFO - [2024-05-01T12:29:48.742+0000] {dag.py:3096} INFO - Sync 1 DAGs
[2024-05-01T12:29:48.767+0000] {logging_mixin.py:188} INFO - [2024-05-01T12:29:48.767+0000] {dag.py:3954} INFO - Setting next_dagrun for example_task_group to 2024-04-30 00:00:00+00:00, run_after=2024-05-01 00:00:00+00:00
[2024-05-01T12:29:48.786+0000] {processor.py:183} INFO - Processing /home/airflow/.local/lib/python3.12/site-packages/airflow/example_dags/example_task_group.py took 0.090 seconds
[2024-05-01T12:30:19.878+0000] {processor.py:161} INFO - Started process (PID=310) to work on /home/airflow/.local/lib/python3.12/site-packages/airflow/example_dags/example_task_group.py
[2024-05-01T12:30:19.880+0000] {processor.py:830} INFO - Processing file /home/airflow/.local/lib/python3.12/site-packages/airflow/example_dags/example_task_group.py for tasks to queue
[2024-05-01T12:30:19.882+0000] {logging_mixin.py:188} INFO - [2024-05-01T12:30:19.882+0000] {dagbag.py:540} INFO - Filling up the DagBag from /home/airflow/.local/lib/python3.12/site-packages/airflow/example_dags/example_task_group.py
[2024-05-01T12:30:19.894+0000] {processor.py:840} INFO - DAG(s) 'example_task_group' retrieved from /home/airflow/.local/lib/python3.12/site-packages/airflow/example_dags/example_task_group.py
[2024-05-01T12:30:19.922+0000] {logging_mixin.py:188} INFO - [2024-05-01T12:30:19.922+0000] {dag.py:3096} INFO - Sync 1 DAGs
[2024-05-01T12:30:19.949+0000] {logging_mixin.py:188} INFO - [2024-05-01T12:30:19.949+0000] {dag.py:3954} INFO - Setting next_dagrun for example_task_group to 2024-04-30 00:00:00+00:00, run_after=2024-05-01 00:00:00+00:00
[2024-05-01T12:30:19.968+0000] {processor.py:183} INFO - Processing /home/airflow/.local/lib/python3.12/site-packages/airflow/example_dags/example_task_group.py took 0.097 seconds
[2024-05-01T12:30:50.067+0000] {processor.py:161} INFO - Started process (PID=368) to work on /home/airflow/.local/lib/python3.12/site-packages/airflow/example_dags/example_task_group.py
[2024-05-01T12:30:50.069+0000] {processor.py:830} INFO - Processing file /home/airflow/.local/lib/python3.12/site-packages/airflow/example_dags/example_task_group.py for tasks to queue
[2024-05-01T12:30:50.071+0000] {logging_mixin.py:188} INFO - [2024-05-01T12:30:50.071+0000] {dagbag.py:540} INFO - Filling up the DagBag from /home/airflow/.local/lib/python3.12/site-packages/airflow/example_dags/example_task_group.py
[2024-05-01T12:30:50.079+0000] {processor.py:840} INFO - DAG(s) 'example_task_group' retrieved from /home/airflow/.local/lib/python3.12/site-packages/airflow/example_dags/example_task_group.py
[2024-05-01T12:30:50.101+0000] {logging_mixin.py:188} INFO - [2024-05-01T12:30:50.101+0000] {dag.py:3096} INFO - Sync 1 DAGs
[2024-05-01T12:30:50.125+0000] {logging_mixin.py:188} INFO - [2024-05-01T12:30:50.125+0000] {dag.py:3954} INFO - Setting next_dagrun for example_task_group to 2024-04-30 00:00:00+00:00, run_after=2024-05-01 00:00:00+00:00
[2024-05-01T12:30:50.145+0000] {processor.py:183} INFO - Processing /home/airflow/.local/lib/python3.12/site-packages/airflow/example_dags/example_task_group.py took 0.083 seconds
[2024-05-01T12:31:20.520+0000] {processor.py:161} INFO - Started process (PID=426) to work on /home/airflow/.local/lib/python3.12/site-packages/airflow/example_dags/example_task_group.py
[2024-05-01T12:31:20.522+0000] {processor.py:830} INFO - Processing file /home/airflow/.local/lib/python3.12/site-packages/airflow/example_dags/example_task_group.py for tasks to queue
[2024-05-01T12:31:20.524+0000] {logging_mixin.py:188} INFO - [2024-05-01T12:31:20.524+0000] {dagbag.py:540} INFO - Filling up the DagBag from /home/airflow/.local/lib/python3.12/site-packages/airflow/example_dags/example_task_group.py
[2024-05-01T12:31:20.532+0000] {processor.py:840} INFO - DAG(s) 'example_task_group' retrieved from /home/airflow/.local/lib/python3.12/site-packages/airflow/example_dags/example_task_group.py
[2024-05-01T12:31:20.555+0000] {logging_mixin.py:188} INFO - [2024-05-01T12:31:20.555+0000] {dag.py:3096} INFO - Sync 1 DAGs
[2024-05-01T12:31:20.579+0000] {logging_mixin.py:188} INFO - [2024-05-01T12:31:20.579+0000] {dag.py:3954} INFO - Setting next_dagrun for example_task_group to 2024-04-30 00:00:00+00:00, run_after=2024-05-01 00:00:00+00:00
[2024-05-01T12:31:20.599+0000] {processor.py:183} INFO - Processing /home/airflow/.local/lib/python3.12/site-packages/airflow/example_dags/example_task_group.py took 0.085 seconds
[2024-05-01T12:31:51.338+0000] {processor.py:161} INFO - Started process (PID=484) to work on /home/airflow/.local/lib/python3.12/site-packages/airflow/example_dags/example_task_group.py
[2024-05-01T12:31:51.340+0000] {processor.py:830} INFO - Processing file /home/airflow/.local/lib/python3.12/site-packages/airflow/example_dags/example_task_group.py for tasks to queue
[2024-05-01T12:31:51.342+0000] {logging_mixin.py:188} INFO - [2024-05-01T12:31:51.342+0000] {dagbag.py:540} INFO - Filling up the DagBag from /home/airflow/.local/lib/python3.12/site-packages/airflow/example_dags/example_task_group.py
[2024-05-01T12:31:51.351+0000] {processor.py:840} INFO - DAG(s) 'example_task_group' retrieved from /home/airflow/.local/lib/python3.12/site-packages/airflow/example_dags/example_task_group.py
[2024-05-01T12:31:51.373+0000] {logging_mixin.py:188} INFO - [2024-05-01T12:31:51.373+0000] {dag.py:3096} INFO - Sync 1 DAGs
[2024-05-01T12:31:51.397+0000] {logging_mixin.py:188} INFO - [2024-05-01T12:31:51.397+0000] {dag.py:3954} INFO - Setting next_dagrun for example_task_group to 2024-04-30 00:00:00+00:00, run_after=2024-05-01 00:00:00+00:00
[2024-05-01T12:31:51.416+0000] {processor.py:183} INFO - Processing /home/airflow/.local/lib/python3.12/site-packages/airflow/example_dags/example_task_group.py took 0.084 seconds
[2024-05-01T12:32:21.627+0000] {processor.py:161} INFO - Started process (PID=542) to work on /home/airflow/.local/lib/python3.12/site-packages/airflow/example_dags/example_task_group.py
[2024-05-01T12:32:21.629+0000] {processor.py:830} INFO - Processing file /home/airflow/.local/lib/python3.12/site-packages/airflow/example_dags/example_task_group.py for tasks to queue
[2024-05-01T12:32:21.632+0000] {logging_mixin.py:188} INFO - [2024-05-01T12:32:21.631+0000] {dagbag.py:540} INFO - Filling up the DagBag from /home/airflow/.local/lib/python3.12/site-packages/airflow/example_dags/example_task_group.py
[2024-05-01T12:32:21.640+0000] {processor.py:840} INFO - DAG(s) 'example_task_group' retrieved from /home/airflow/.local/lib/python3.12/site-packages/airflow/example_dags/example_task_group.py
[2024-05-01T12:32:21.662+0000] {logging_mixin.py:188} INFO - [2024-05-01T12:32:21.662+0000] {dag.py:3096} INFO - Sync 1 DAGs
[2024-05-01T12:32:21.685+0000] {logging_mixin.py:188} INFO - [2024-05-01T12:32:21.685+0000] {dag.py:3954} INFO - Setting next_dagrun for example_task_group to 2024-04-30 00:00:00+00:00, run_after=2024-05-01 00:00:00+00:00
[2024-05-01T12:32:21.705+0000] {processor.py:183} INFO - Processing /home/airflow/.local/lib/python3.12/site-packages/airflow/example_dags/example_task_group.py took 0.084 seconds
[2024-05-01T12:32:52.202+0000] {processor.py:161} INFO - Started process (PID=600) to work on /home/airflow/.local/lib/python3.12/site-packages/airflow/example_dags/example_task_group.py
[2024-05-01T12:32:52.203+0000] {processor.py:830} INFO - Processing file /home/airflow/.local/lib/python3.12/site-packages/airflow/example_dags/example_task_group.py for tasks to queue
[2024-05-01T12:32:52.206+0000] {logging_mixin.py:188} INFO - [2024-05-01T12:32:52.206+0000] {dagbag.py:540} INFO - Filling up the DagBag from /home/airflow/.local/lib/python3.12/site-packages/airflow/example_dags/example_task_group.py
[2024-05-01T12:32:52.214+0000] {processor.py:840} INFO - DAG(s) 'example_task_group' retrieved from /home/airflow/.local/lib/python3.12/site-packages/airflow/example_dags/example_task_group.py
[2024-05-01T12:32:52.236+0000] {logging_mixin.py:188} INFO - [2024-05-01T12:32:52.236+0000] {dag.py:3096} INFO - Sync 1 DAGs
[2024-05-01T12:32:52.259+0000] {logging_mixin.py:188} INFO - [2024-05-01T12:32:52.259+0000] {dag.py:3954} INFO - Setting next_dagrun for example_task_group to 2024-04-30 00:00:00+00:00, run_after=2024-05-01 00:00:00+00:00
[2024-05-01T12:32:52.278+0000] {processor.py:183} INFO - Processing /home/airflow/.local/lib/python3.12/site-packages/airflow/example_dags/example_task_group.py took 0.082 seconds
[2024-05-01T12:33:22.854+0000] {processor.py:161} INFO - Started process (PID=658) to work on /home/airflow/.local/lib/python3.12/site-packages/airflow/example_dags/example_task_group.py
[2024-05-01T12:33:22.856+0000] {processor.py:830} INFO - Processing file /home/airflow/.local/lib/python3.12/site-packages/airflow/example_dags/example_task_group.py for tasks to queue
[2024-05-01T12:33:22.859+0000] {logging_mixin.py:188} INFO - [2024-05-01T12:33:22.859+0000] {dagbag.py:540} INFO - Filling up the DagBag from /home/airflow/.local/lib/python3.12/site-packages/airflow/example_dags/example_task_group.py
[2024-05-01T12:33:22.869+0000] {processor.py:840} INFO - DAG(s) 'example_task_group' retrieved from /home/airflow/.local/lib/python3.12/site-packages/airflow/example_dags/example_task_group.py
[2024-05-01T12:33:22.900+0000] {logging_mixin.py:188} INFO - [2024-05-01T12:33:22.900+0000] {dag.py:3096} INFO - Sync 1 DAGs
[2024-05-01T12:33:22.930+0000] {logging_mixin.py:188} INFO - [2024-05-01T12:33:22.930+0000] {dag.py:3954} INFO - Setting next_dagrun for example_task_group to 2024-04-30 00:00:00+00:00, run_after=2024-05-01 00:00:00+00:00
[2024-05-01T12:33:22.954+0000] {processor.py:183} INFO - Processing /home/airflow/.local/lib/python3.12/site-packages/airflow/example_dags/example_task_group.py took 0.108 seconds
[2024-05-01T12:33:53.196+0000] {processor.py:161} INFO - Started process (PID=716) to work on /home/airflow/.local/lib/python3.12/site-packages/airflow/example_dags/example_task_group.py
[2024-05-01T12:33:53.198+0000] {processor.py:830} INFO - Processing file /home/airflow/.local/lib/python3.12/site-packages/airflow/example_dags/example_task_group.py for tasks to queue
[2024-05-01T12:33:53.200+0000] {logging_mixin.py:188} INFO - [2024-05-01T12:33:53.200+0000] {dagbag.py:540} INFO - Filling up the DagBag from /home/airflow/.local/lib/python3.12/site-packages/airflow/example_dags/example_task_group.py
[2024-05-01T12:33:53.208+0000] {processor.py:840} INFO - DAG(s) 'example_task_group' retrieved from /home/airflow/.local/lib/python3.12/site-packages/airflow/example_dags/example_task_group.py
[2024-05-01T12:33:53.231+0000] {logging_mixin.py:188} INFO - [2024-05-01T12:33:53.231+0000] {dag.py:3096} INFO - Sync 1 DAGs
[2024-05-01T12:33:53.256+0000] {logging_mixin.py:188} INFO - [2024-05-01T12:33:53.256+0000] {dag.py:3954} INFO - Setting next_dagrun for example_task_group to 2024-04-30 00:00:00+00:00, run_after=2024-05-01 00:00:00+00:00
[2024-05-01T12:33:53.276+0000] {processor.py:183} INFO - Processing /home/airflow/.local/lib/python3.12/site-packages/airflow/example_dags/example_task_group.py took 0.086 seconds
[2024-05-01T12:34:24.196+0000] {processor.py:161} INFO - Started process (PID=774) to work on /home/airflow/.local/lib/python3.12/site-packages/airflow/example_dags/example_task_group.py
[2024-05-01T12:34:24.198+0000] {processor.py:830} INFO - Processing file /home/airflow/.local/lib/python3.12/site-packages/airflow/example_dags/example_task_group.py for tasks to queue
[2024-05-01T12:34:24.201+0000] {logging_mixin.py:188} INFO - [2024-05-01T12:34:24.200+0000] {dagbag.py:540} INFO - Filling up the DagBag from /home/airflow/.local/lib/python3.12/site-packages/airflow/example_dags/example_task_group.py
[2024-05-01T12:34:24.212+0000] {processor.py:840} INFO - DAG(s) 'example_task_group' retrieved from /home/airflow/.local/lib/python3.12/site-packages/airflow/example_dags/example_task_group.py
[2024-05-01T12:34:24.241+0000] {logging_mixin.py:188} INFO - [2024-05-01T12:34:24.241+0000] {dag.py:3096} INFO - Sync 1 DAGs
[2024-05-01T12:34:24.270+0000] {logging_mixin.py:188} INFO - [2024-05-01T12:34:24.270+0000] {dag.py:3954} INFO - Setting next_dagrun for example_task_group to 2024-04-30 00:00:00+00:00, run_after=2024-05-01 00:00:00+00:00
[2024-05-01T12:34:24.295+0000] {processor.py:183} INFO - Processing /home/airflow/.local/lib/python3.12/site-packages/airflow/example_dags/example_task_group.py took 0.106 seconds
[2024-05-01T12:34:54.348+0000] {processor.py:161} INFO - Started process (PID=832) to work on /home/airflow/.local/lib/python3.12/site-packages/airflow/example_dags/example_task_group.py
[2024-05-01T12:34:54.350+0000] {processor.py:830} INFO - Processing file /home/airflow/.local/lib/python3.12/site-packages/airflow/example_dags/example_task_group.py for tasks to queue
[2024-05-01T12:34:54.352+0000] {logging_mixin.py:188} INFO - [2024-05-01T12:34:54.351+0000] {dagbag.py:540} INFO - Filling up the DagBag from /home/airflow/.local/lib/python3.12/site-packages/airflow/example_dags/example_task_group.py
[2024-05-01T12:34:54.360+0000] {processor.py:840} INFO - DAG(s) 'example_task_group' retrieved from /home/airflow/.local/lib/python3.12/site-packages/airflow/example_dags/example_task_group.py
[2024-05-01T12:34:54.384+0000] {logging_mixin.py:188} INFO - [2024-05-01T12:34:54.383+0000] {dag.py:3096} INFO - Sync 1 DAGs
[2024-05-01T12:34:54.408+0000] {logging_mixin.py:188} INFO - [2024-05-01T12:34:54.408+0000] {dag.py:3954} INFO - Setting next_dagrun for example_task_group to 2024-04-30 00:00:00+00:00, run_after=2024-05-01 00:00:00+00:00
[2024-05-01T12:34:54.427+0000] {processor.py:183} INFO - Processing /home/airflow/.local/lib/python3.12/site-packages/airflow/example_dags/example_task_group.py took 0.086 seconds
[2024-05-01T12:35:25.261+0000] {processor.py:161} INFO - Started process (PID=896) to work on /home/airflow/.local/lib/python3.12/site-packages/airflow/example_dags/example_task_group.py
[2024-05-01T12:35:25.263+0000] {processor.py:830} INFO - Processing file /home/airflow/.local/lib/python3.12/site-packages/airflow/example_dags/example_task_group.py for tasks to queue
[2024-05-01T12:35:25.265+0000] {logging_mixin.py:188} INFO - [2024-05-01T12:35:25.265+0000] {dagbag.py:540} INFO - Filling up the DagBag from /home/airflow/.local/lib/python3.12/site-packages/airflow/example_dags/example_task_group.py
[2024-05-01T12:35:25.273+0000] {processor.py:840} INFO - DAG(s) 'example_task_group' retrieved from /home/airflow/.local/lib/python3.12/site-packages/airflow/example_dags/example_task_group.py
[2024-05-01T12:35:25.296+0000] {logging_mixin.py:188} INFO - [2024-05-01T12:35:25.296+0000] {dag.py:3096} INFO - Sync 1 DAGs
[2024-05-01T12:35:25.320+0000] {logging_mixin.py:188} INFO - [2024-05-01T12:35:25.320+0000] {dag.py:3954} INFO - Setting next_dagrun for example_task_group to 2024-04-30 00:00:00+00:00, run_after=2024-05-01 00:00:00+00:00
[2024-05-01T12:35:25.339+0000] {processor.py:183} INFO - Processing /home/airflow/.local/lib/python3.12/site-packages/airflow/example_dags/example_task_group.py took 0.085 seconds
[2024-05-01T12:35:56.860+0000] {processor.py:161} INFO - Started process (PID=954) to work on /home/airflow/.local/lib/python3.12/site-packages/airflow/example_dags/example_task_group.py
[2024-05-01T12:35:56.862+0000] {processor.py:830} INFO - Processing file /home/airflow/.local/lib/python3.12/site-packages/airflow/example_dags/example_task_group.py for tasks to queue
[2024-05-01T12:35:56.865+0000] {logging_mixin.py:188} INFO - [2024-05-01T12:35:56.865+0000] {dagbag.py:540} INFO - Filling up the DagBag from /home/airflow/.local/lib/python3.12/site-packages/airflow/example_dags/example_task_group.py
[2024-05-01T12:35:56.876+0000] {processor.py:840} INFO - DAG(s) 'example_task_group' retrieved from /home/airflow/.local/lib/python3.12/site-packages/airflow/example_dags/example_task_group.py
[2024-05-01T12:35:56.908+0000] {logging_mixin.py:188} INFO - [2024-05-01T12:35:56.907+0000] {dag.py:3096} INFO - Sync 1 DAGs
[2024-05-01T12:35:57.087+0000] {logging_mixin.py:188} INFO - [2024-05-01T12:35:57.087+0000] {dag.py:3954} INFO - Setting next_dagrun for example_task_group to 2024-04-30 00:00:00+00:00, run_after=2024-05-01 00:00:00+00:00
[2024-05-01T12:35:57.110+0000] {processor.py:183} INFO - Processing /home/airflow/.local/lib/python3.12/site-packages/airflow/example_dags/example_task_group.py took 0.257 seconds
[2024-05-01T12:36:27.379+0000] {processor.py:161} INFO - Started process (PID=1012) to work on /home/airflow/.local/lib/python3.12/site-packages/airflow/example_dags/example_task_group.py
[2024-05-01T12:36:27.380+0000] {processor.py:830} INFO - Processing file /home/airflow/.local/lib/python3.12/site-packages/airflow/example_dags/example_task_group.py for tasks to queue
[2024-05-01T12:36:27.383+0000] {logging_mixin.py:188} INFO - [2024-05-01T12:36:27.382+0000] {dagbag.py:540} INFO - Filling up the DagBag from /home/airflow/.local/lib/python3.12/site-packages/airflow/example_dags/example_task_group.py
[2024-05-01T12:36:27.391+0000] {processor.py:840} INFO - DAG(s) 'example_task_group' retrieved from /home/airflow/.local/lib/python3.12/site-packages/airflow/example_dags/example_task_group.py
[2024-05-01T12:36:27.413+0000] {logging_mixin.py:188} INFO - [2024-05-01T12:36:27.413+0000] {dag.py:3096} INFO - Sync 1 DAGs
[2024-05-01T12:36:27.574+0000] {logging_mixin.py:188} INFO - [2024-05-01T12:36:27.574+0000] {dag.py:3954} INFO - Setting next_dagrun for example_task_group to 2024-04-30 00:00:00+00:00, run_after=2024-05-01 00:00:00+00:00
[2024-05-01T12:36:27.602+0000] {processor.py:183} INFO - Processing /home/airflow/.local/lib/python3.12/site-packages/airflow/example_dags/example_task_group.py took 0.230 seconds
[2024-05-01T12:36:58.179+0000] {processor.py:161} INFO - Started process (PID=1070) to work on /home/airflow/.local/lib/python3.12/site-packages/airflow/example_dags/example_task_group.py
[2024-05-01T12:36:58.180+0000] {processor.py:830} INFO - Processing file /home/airflow/.local/lib/python3.12/site-packages/airflow/example_dags/example_task_group.py for tasks to queue
[2024-05-01T12:36:58.183+0000] {logging_mixin.py:188} INFO - [2024-05-01T12:36:58.182+0000] {dagbag.py:540} INFO - Filling up the DagBag from /home/airflow/.local/lib/python3.12/site-packages/airflow/example_dags/example_task_group.py
[2024-05-01T12:36:58.192+0000] {processor.py:840} INFO - DAG(s) 'example_task_group' retrieved from /home/airflow/.local/lib/python3.12/site-packages/airflow/example_dags/example_task_group.py
[2024-05-01T12:36:58.216+0000] {logging_mixin.py:188} INFO - [2024-05-01T12:36:58.216+0000] {dag.py:3096} INFO - Sync 1 DAGs
[2024-05-01T12:36:58.240+0000] {logging_mixin.py:188} INFO - [2024-05-01T12:36:58.240+0000] {dag.py:3954} INFO - Setting next_dagrun for example_task_group to 2024-04-30 00:00:00+00:00, run_after=2024-05-01 00:00:00+00:00
[2024-05-01T12:36:58.259+0000] {processor.py:183} INFO - Processing /home/airflow/.local/lib/python3.12/site-packages/airflow/example_dags/example_task_group.py took 0.088 seconds
[2024-05-01T12:37:28.521+0000] {processor.py:161} INFO - Started process (PID=1128) to work on /home/airflow/.local/lib/python3.12/site-packages/airflow/example_dags/example_task_group.py
[2024-05-01T12:37:28.522+0000] {processor.py:830} INFO - Processing file /home/airflow/.local/lib/python3.12/site-packages/airflow/example_dags/example_task_group.py for tasks to queue
[2024-05-01T12:37:28.524+0000] {logging_mixin.py:188} INFO - [2024-05-01T12:37:28.524+0000] {dagbag.py:540} INFO - Filling up the DagBag from /home/airflow/.local/lib/python3.12/site-packages/airflow/example_dags/example_task_group.py
[2024-05-01T12:37:28.532+0000] {processor.py:840} INFO - DAG(s) 'example_task_group' retrieved from /home/airflow/.local/lib/python3.12/site-packages/airflow/example_dags/example_task_group.py
[2024-05-01T12:37:28.556+0000] {logging_mixin.py:188} INFO - [2024-05-01T12:37:28.555+0000] {dag.py:3096} INFO - Sync 1 DAGs
[2024-05-01T12:37:28.582+0000] {logging_mixin.py:188} INFO - [2024-05-01T12:37:28.581+0000] {dag.py:3954} INFO - Setting next_dagrun for example_task_group to 2024-04-30 00:00:00+00:00, run_after=2024-05-01 00:00:00+00:00
[2024-05-01T12:37:28.602+0000] {processor.py:183} INFO - Processing /home/airflow/.local/lib/python3.12/site-packages/airflow/example_dags/example_task_group.py took 0.088 seconds
[2024-05-01T12:37:59.463+0000] {processor.py:161} INFO - Started process (PID=1186) to work on /home/airflow/.local/lib/python3.12/site-packages/airflow/example_dags/example_task_group.py
[2024-05-01T12:37:59.465+0000] {processor.py:830} INFO - Processing file /home/airflow/.local/lib/python3.12/site-packages/airflow/example_dags/example_task_group.py for tasks to queue
[2024-05-01T12:37:59.467+0000] {logging_mixin.py:188} INFO - [2024-05-01T12:37:59.467+0000] {dagbag.py:540} INFO - Filling up the DagBag from /home/airflow/.local/lib/python3.12/site-packages/airflow/example_dags/example_task_group.py
[2024-05-01T12:37:59.475+0000] {processor.py:840} INFO - DAG(s) 'example_task_group' retrieved from /home/airflow/.local/lib/python3.12/site-packages/airflow/example_dags/example_task_group.py
[2024-05-01T12:37:59.549+0000] {logging_mixin.py:188} INFO - [2024-05-01T12:37:59.549+0000] {dag.py:3096} INFO - Sync 1 DAGs
[2024-05-01T12:37:59.574+0000] {logging_mixin.py:188} INFO - [2024-05-01T12:37:59.574+0000] {dag.py:3954} INFO - Setting next_dagrun for example_task_group to 2024-04-30 00:00:00+00:00, run_after=2024-05-01 00:00:00+00:00
[2024-05-01T12:37:59.604+0000] {processor.py:183} INFO - Processing /home/airflow/.local/lib/python3.12/site-packages/airflow/example_dags/example_task_group.py took 0.148 seconds
[2024-05-01T12:38:29.720+0000] {processor.py:161} INFO - Started process (PID=1244) to work on /home/airflow/.local/lib/python3.12/site-packages/airflow/example_dags/example_task_group.py
[2024-05-01T12:38:29.721+0000] {processor.py:830} INFO - Processing file /home/airflow/.local/lib/python3.12/site-packages/airflow/example_dags/example_task_group.py for tasks to queue
[2024-05-01T12:38:29.724+0000] {logging_mixin.py:188} INFO - [2024-05-01T12:38:29.723+0000] {dagbag.py:540} INFO - Filling up the DagBag from /home/airflow/.local/lib/python3.12/site-packages/airflow/example_dags/example_task_group.py
[2024-05-01T12:38:29.732+0000] {processor.py:840} INFO - DAG(s) 'example_task_group' retrieved from /home/airflow/.local/lib/python3.12/site-packages/airflow/example_dags/example_task_group.py
[2024-05-01T12:38:29.758+0000] {logging_mixin.py:188} INFO - [2024-05-01T12:38:29.757+0000] {dag.py:3096} INFO - Sync 1 DAGs
[2024-05-01T12:38:29.784+0000] {logging_mixin.py:188} INFO - [2024-05-01T12:38:29.784+0000] {dag.py:3954} INFO - Setting next_dagrun for example_task_group to 2024-04-30 00:00:00+00:00, run_after=2024-05-01 00:00:00+00:00
[2024-05-01T12:38:29.805+0000] {processor.py:183} INFO - Processing /home/airflow/.local/lib/python3.12/site-packages/airflow/example_dags/example_task_group.py took 0.092 seconds
[2024-05-01T12:39:00.201+0000] {processor.py:161} INFO - Started process (PID=1302) to work on /home/airflow/.local/lib/python3.12/site-packages/airflow/example_dags/example_task_group.py
[2024-05-01T12:39:00.202+0000] {processor.py:830} INFO - Processing file /home/airflow/.local/lib/python3.12/site-packages/airflow/example_dags/example_task_group.py for tasks to queue
[2024-05-01T12:39:00.205+0000] {logging_mixin.py:188} INFO - [2024-05-01T12:39:00.204+0000] {dagbag.py:540} INFO - Filling up the DagBag from /home/airflow/.local/lib/python3.12/site-packages/airflow/example_dags/example_task_group.py
[2024-05-01T12:39:00.214+0000] {processor.py:840} INFO - DAG(s) 'example_task_group' retrieved from /home/airflow/.local/lib/python3.12/site-packages/airflow/example_dags/example_task_group.py
[2024-05-01T12:39:00.236+0000] {logging_mixin.py:188} INFO - [2024-05-01T12:39:00.236+0000] {dag.py:3096} INFO - Sync 1 DAGs
[2024-05-01T12:39:00.260+0000] {logging_mixin.py:188} INFO - [2024-05-01T12:39:00.260+0000] {dag.py:3954} INFO - Setting next_dagrun for example_task_group to 2024-04-30 00:00:00+00:00, run_after=2024-05-01 00:00:00+00:00
[2024-05-01T12:39:00.279+0000] {processor.py:183} INFO - Processing /home/airflow/.local/lib/python3.12/site-packages/airflow/example_dags/example_task_group.py took 0.086 seconds
[2024-05-01T12:39:30.810+0000] {processor.py:161} INFO - Started process (PID=1359) to work on /home/airflow/.local/lib/python3.12/site-packages/airflow/example_dags/example_task_group.py
[2024-05-01T12:39:30.812+0000] {processor.py:830} INFO - Processing file /home/airflow/.local/lib/python3.12/site-packages/airflow/example_dags/example_task_group.py for tasks to queue
[2024-05-01T12:39:30.815+0000] {logging_mixin.py:188} INFO - [2024-05-01T12:39:30.814+0000] {dagbag.py:540} INFO - Filling up the DagBag from /home/airflow/.local/lib/python3.12/site-packages/airflow/example_dags/example_task_group.py
[2024-05-01T12:39:30.824+0000] {processor.py:840} INFO - DAG(s) 'example_task_group' retrieved from /home/airflow/.local/lib/python3.12/site-packages/airflow/example_dags/example_task_group.py
[2024-05-01T12:39:30.847+0000] {logging_mixin.py:188} INFO - [2024-05-01T12:39:30.847+0000] {dag.py:3096} INFO - Sync 1 DAGs
[2024-05-01T12:39:30.872+0000] {logging_mixin.py:188} INFO - [2024-05-01T12:39:30.871+0000] {dag.py:3954} INFO - Setting next_dagrun for example_task_group to 2024-04-30 00:00:00+00:00, run_after=2024-05-01 00:00:00+00:00
[2024-05-01T12:39:30.890+0000] {processor.py:183} INFO - Processing /home/airflow/.local/lib/python3.12/site-packages/airflow/example_dags/example_task_group.py took 0.087 seconds
[2024-05-01T12:40:00.954+0000] {processor.py:161} INFO - Started process (PID=1417) to work on /home/airflow/.local/lib/python3.12/site-packages/airflow/example_dags/example_task_group.py
[2024-05-01T12:40:00.956+0000] {processor.py:830} INFO - Processing file /home/airflow/.local/lib/python3.12/site-packages/airflow/example_dags/example_task_group.py for tasks to queue
[2024-05-01T12:40:00.975+0000] {logging_mixin.py:188} INFO - [2024-05-01T12:40:00.975+0000] {dagbag.py:540} INFO - Filling up the DagBag from /home/airflow/.local/lib/python3.12/site-packages/airflow/example_dags/example_task_group.py
[2024-05-01T12:40:00.987+0000] {processor.py:840} INFO - DAG(s) 'example_task_group' retrieved from /home/airflow/.local/lib/python3.12/site-packages/airflow/example_dags/example_task_group.py
[2024-05-01T12:40:01.019+0000] {logging_mixin.py:188} INFO - [2024-05-01T12:40:01.018+0000] {dag.py:3096} INFO - Sync 1 DAGs
[2024-05-01T12:40:01.057+0000] {logging_mixin.py:188} INFO - [2024-05-01T12:40:01.056+0000] {dag.py:3954} INFO - Setting next_dagrun for example_task_group to 2024-04-30 00:00:00+00:00, run_after=2024-05-01 00:00:00+00:00
[2024-05-01T12:40:01.078+0000] {processor.py:183} INFO - Processing /home/airflow/.local/lib/python3.12/site-packages/airflow/example_dags/example_task_group.py took 0.132 seconds
[2024-05-01T12:40:31.193+0000] {processor.py:161} INFO - Started process (PID=1475) to work on /home/airflow/.local/lib/python3.12/site-packages/airflow/example_dags/example_task_group.py
[2024-05-01T12:40:31.195+0000] {processor.py:830} INFO - Processing file /home/airflow/.local/lib/python3.12/site-packages/airflow/example_dags/example_task_group.py for tasks to queue
[2024-05-01T12:40:31.197+0000] {logging_mixin.py:188} INFO - [2024-05-01T12:40:31.197+0000] {dagbag.py:540} INFO - Filling up the DagBag from /home/airflow/.local/lib/python3.12/site-packages/airflow/example_dags/example_task_group.py
[2024-05-01T12:40:31.206+0000] {processor.py:840} INFO - DAG(s) 'example_task_group' retrieved from /home/airflow/.local/lib/python3.12/site-packages/airflow/example_dags/example_task_group.py
[2024-05-01T12:40:31.229+0000] {logging_mixin.py:188} INFO - [2024-05-01T12:40:31.229+0000] {dag.py:3096} INFO - Sync 1 DAGs
[2024-05-01T12:40:31.255+0000] {logging_mixin.py:188} INFO - [2024-05-01T12:40:31.255+0000] {dag.py:3954} INFO - Setting next_dagrun for example_task_group to 2024-04-30 00:00:00+00:00, run_after=2024-05-01 00:00:00+00:00
[2024-05-01T12:40:31.275+0000] {processor.py:183} INFO - Processing /home/airflow/.local/lib/python3.12/site-packages/airflow/example_dags/example_task_group.py took 0.089 seconds
[2024-05-01T12:41:01.323+0000] {processor.py:161} INFO - Started process (PID=1533) to work on /home/airflow/.local/lib/python3.12/site-packages/airflow/example_dags/example_task_group.py
[2024-05-01T12:41:01.324+0000] {processor.py:830} INFO - Processing file /home/airflow/.local/lib/python3.12/site-packages/airflow/example_dags/example_task_group.py for tasks to queue
[2024-05-01T12:41:01.327+0000] {logging_mixin.py:188} INFO - [2024-05-01T12:41:01.326+0000] {dagbag.py:540} INFO - Filling up the DagBag from /home/airflow/.local/lib/python3.12/site-packages/airflow/example_dags/example_task_group.py
[2024-05-01T12:41:01.336+0000] {processor.py:840} INFO - DAG(s) 'example_task_group' retrieved from /home/airflow/.local/lib/python3.12/site-packages/airflow/example_dags/example_task_group.py
[2024-05-01T12:41:01.361+0000] {logging_mixin.py:188} INFO - [2024-05-01T12:41:01.360+0000] {dag.py:3096} INFO - Sync 1 DAGs
[2024-05-01T12:41:01.385+0000] {logging_mixin.py:188} INFO - [2024-05-01T12:41:01.385+0000] {dag.py:3954} INFO - Setting next_dagrun for example_task_group to 2024-04-30 00:00:00+00:00, run_after=2024-05-01 00:00:00+00:00
[2024-05-01T12:41:01.403+0000] {processor.py:183} INFO - Processing /home/airflow/.local/lib/python3.12/site-packages/airflow/example_dags/example_task_group.py took 0.088 seconds
[2024-05-01T12:41:32.025+0000] {processor.py:161} INFO - Started process (PID=1591) to work on /home/airflow/.local/lib/python3.12/site-packages/airflow/example_dags/example_task_group.py
[2024-05-01T12:41:32.027+0000] {processor.py:830} INFO - Processing file /home/airflow/.local/lib/python3.12/site-packages/airflow/example_dags/example_task_group.py for tasks to queue
[2024-05-01T12:41:32.030+0000] {logging_mixin.py:188} INFO - [2024-05-01T12:41:32.029+0000] {dagbag.py:540} INFO - Filling up the DagBag from /home/airflow/.local/lib/python3.12/site-packages/airflow/example_dags/example_task_group.py
[2024-05-01T12:41:32.039+0000] {processor.py:840} INFO - DAG(s) 'example_task_group' retrieved from /home/airflow/.local/lib/python3.12/site-packages/airflow/example_dags/example_task_group.py
[2024-05-01T12:41:32.067+0000] {logging_mixin.py:188} INFO - [2024-05-01T12:41:32.066+0000] {dag.py:3096} INFO - Sync 1 DAGs
[2024-05-01T12:41:32.092+0000] {logging_mixin.py:188} INFO - [2024-05-01T12:41:32.091+0000] {dag.py:3954} INFO - Setting next_dagrun for example_task_group to 2024-04-30 00:00:00+00:00, run_after=2024-05-01 00:00:00+00:00
[2024-05-01T12:41:32.112+0000] {processor.py:183} INFO - Processing /home/airflow/.local/lib/python3.12/site-packages/airflow/example_dags/example_task_group.py took 0.093 seconds
[2024-05-01T12:42:02.184+0000] {processor.py:161} INFO - Started process (PID=1649) to work on /home/airflow/.local/lib/python3.12/site-packages/airflow/example_dags/example_task_group.py
[2024-05-01T12:42:02.188+0000] {processor.py:830} INFO - Processing file /home/airflow/.local/lib/python3.12/site-packages/airflow/example_dags/example_task_group.py for tasks to queue
[2024-05-01T12:42:02.192+0000] {logging_mixin.py:188} INFO - [2024-05-01T12:42:02.191+0000] {dagbag.py:540} INFO - Filling up the DagBag from /home/airflow/.local/lib/python3.12/site-packages/airflow/example_dags/example_task_group.py
[2024-05-01T12:42:02.208+0000] {processor.py:840} INFO - DAG(s) 'example_task_group' retrieved from /home/airflow/.local/lib/python3.12/site-packages/airflow/example_dags/example_task_group.py
[2024-05-01T12:42:02.247+0000] {logging_mixin.py:188} INFO - [2024-05-01T12:42:02.246+0000] {dag.py:3096} INFO - Sync 1 DAGs
[2024-05-01T12:42:02.279+0000] {logging_mixin.py:188} INFO - [2024-05-01T12:42:02.279+0000] {dag.py:3954} INFO - Setting next_dagrun for example_task_group to 2024-04-30 00:00:00+00:00, run_after=2024-05-01 00:00:00+00:00
[2024-05-01T12:42:02.299+0000] {processor.py:183} INFO - Processing /home/airflow/.local/lib/python3.12/site-packages/airflow/example_dags/example_task_group.py took 0.128 seconds
[2024-05-01T12:42:32.542+0000] {processor.py:161} INFO - Started process (PID=1707) to work on /home/airflow/.local/lib/python3.12/site-packages/airflow/example_dags/example_task_group.py
[2024-05-01T12:42:32.543+0000] {processor.py:830} INFO - Processing file /home/airflow/.local/lib/python3.12/site-packages/airflow/example_dags/example_task_group.py for tasks to queue
[2024-05-01T12:42:32.546+0000] {logging_mixin.py:188} INFO - [2024-05-01T12:42:32.545+0000] {dagbag.py:540} INFO - Filling up the DagBag from /home/airflow/.local/lib/python3.12/site-packages/airflow/example_dags/example_task_group.py
[2024-05-01T12:42:32.555+0000] {processor.py:840} INFO - DAG(s) 'example_task_group' retrieved from /home/airflow/.local/lib/python3.12/site-packages/airflow/example_dags/example_task_group.py
[2024-05-01T12:42:32.580+0000] {logging_mixin.py:188} INFO - [2024-05-01T12:42:32.579+0000] {dag.py:3096} INFO - Sync 1 DAGs
[2024-05-01T12:42:32.623+0000] {logging_mixin.py:188} INFO - [2024-05-01T12:42:32.622+0000] {dag.py:3954} INFO - Setting next_dagrun for example_task_group to 2024-04-30 00:00:00+00:00, run_after=2024-05-01 00:00:00+00:00
[2024-05-01T12:42:32.644+0000] {processor.py:183} INFO - Processing /home/airflow/.local/lib/python3.12/site-packages/airflow/example_dags/example_task_group.py took 0.110 seconds
[2024-05-01T12:43:02.771+0000] {processor.py:161} INFO - Started process (PID=1765) to work on /home/airflow/.local/lib/python3.12/site-packages/airflow/example_dags/example_task_group.py
[2024-05-01T12:43:02.773+0000] {processor.py:830} INFO - Processing file /home/airflow/.local/lib/python3.12/site-packages/airflow/example_dags/example_task_group.py for tasks to queue
[2024-05-01T12:43:02.775+0000] {logging_mixin.py:188} INFO - [2024-05-01T12:43:02.775+0000] {dagbag.py:540} INFO - Filling up the DagBag from /home/airflow/.local/lib/python3.12/site-packages/airflow/example_dags/example_task_group.py
[2024-05-01T12:43:02.785+0000] {processor.py:840} INFO - DAG(s) 'example_task_group' retrieved from /home/airflow/.local/lib/python3.12/site-packages/airflow/example_dags/example_task_group.py
[2024-05-01T12:43:02.813+0000] {logging_mixin.py:188} INFO - [2024-05-01T12:43:02.813+0000] {dag.py:3096} INFO - Sync 1 DAGs
[2024-05-01T12:43:02.844+0000] {logging_mixin.py:188} INFO - [2024-05-01T12:43:02.844+0000] {dag.py:3954} INFO - Setting next_dagrun for example_task_group to 2024-04-30 00:00:00+00:00, run_after=2024-05-01 00:00:00+00:00
[2024-05-01T12:43:03.003+0000] {processor.py:183} INFO - Processing /home/airflow/.local/lib/python3.12/site-packages/airflow/example_dags/example_task_group.py took 0.240 seconds
[2024-05-01T12:43:33.132+0000] {processor.py:161} INFO - Started process (PID=1823) to work on /home/airflow/.local/lib/python3.12/site-packages/airflow/example_dags/example_task_group.py
[2024-05-01T12:43:33.133+0000] {processor.py:830} INFO - Processing file /home/airflow/.local/lib/python3.12/site-packages/airflow/example_dags/example_task_group.py for tasks to queue
[2024-05-01T12:43:33.136+0000] {logging_mixin.py:188} INFO - [2024-05-01T12:43:33.135+0000] {dagbag.py:540} INFO - Filling up the DagBag from /home/airflow/.local/lib/python3.12/site-packages/airflow/example_dags/example_task_group.py
[2024-05-01T12:43:33.144+0000] {processor.py:840} INFO - DAG(s) 'example_task_group' retrieved from /home/airflow/.local/lib/python3.12/site-packages/airflow/example_dags/example_task_group.py
[2024-05-01T12:43:33.174+0000] {logging_mixin.py:188} INFO - [2024-05-01T12:43:33.174+0000] {dag.py:3096} INFO - Sync 1 DAGs
[2024-05-01T12:43:33.203+0000] {logging_mixin.py:188} INFO - [2024-05-01T12:43:33.202+0000] {dag.py:3954} INFO - Setting next_dagrun for example_task_group to 2024-04-30 00:00:00+00:00, run_after=2024-05-01 00:00:00+00:00
[2024-05-01T12:43:33.224+0000] {processor.py:183} INFO - Processing /home/airflow/.local/lib/python3.12/site-packages/airflow/example_dags/example_task_group.py took 0.098 seconds
[2024-05-01T12:44:03.376+0000] {processor.py:161} INFO - Started process (PID=1881) to work on /home/airflow/.local/lib/python3.12/site-packages/airflow/example_dags/example_task_group.py
[2024-05-01T12:44:03.378+0000] {processor.py:830} INFO - Processing file /home/airflow/.local/lib/python3.12/site-packages/airflow/example_dags/example_task_group.py for tasks to queue
[2024-05-01T12:44:03.381+0000] {logging_mixin.py:188} INFO - [2024-05-01T12:44:03.380+0000] {dagbag.py:540} INFO - Filling up the DagBag from /home/airflow/.local/lib/python3.12/site-packages/airflow/example_dags/example_task_group.py
[2024-05-01T12:44:03.389+0000] {processor.py:840} INFO - DAG(s) 'example_task_group' retrieved from /home/airflow/.local/lib/python3.12/site-packages/airflow/example_dags/example_task_group.py
[2024-05-01T12:44:03.414+0000] {logging_mixin.py:188} INFO - [2024-05-01T12:44:03.413+0000] {dag.py:3096} INFO - Sync 1 DAGs
[2024-05-01T12:44:03.439+0000] {logging_mixin.py:188} INFO - [2024-05-01T12:44:03.439+0000] {dag.py:3954} INFO - Setting next_dagrun for example_task_group to 2024-04-30 00:00:00+00:00, run_after=2024-05-01 00:00:00+00:00
[2024-05-01T12:44:03.460+0000] {processor.py:183} INFO - Processing /home/airflow/.local/lib/python3.12/site-packages/airflow/example_dags/example_task_group.py took 0.091 seconds
[2024-05-01T12:44:33.756+0000] {processor.py:161} INFO - Started process (PID=1939) to work on /home/airflow/.local/lib/python3.12/site-packages/airflow/example_dags/example_task_group.py
[2024-05-01T12:44:33.757+0000] {processor.py:830} INFO - Processing file /home/airflow/.local/lib/python3.12/site-packages/airflow/example_dags/example_task_group.py for tasks to queue
[2024-05-01T12:44:33.761+0000] {logging_mixin.py:188} INFO - [2024-05-01T12:44:33.760+0000] {dagbag.py:540} INFO - Filling up the DagBag from /home/airflow/.local/lib/python3.12/site-packages/airflow/example_dags/example_task_group.py
[2024-05-01T12:44:33.769+0000] {processor.py:840} INFO - DAG(s) 'example_task_group' retrieved from /home/airflow/.local/lib/python3.12/site-packages/airflow/example_dags/example_task_group.py
[2024-05-01T12:44:33.791+0000] {logging_mixin.py:188} INFO - [2024-05-01T12:44:33.791+0000] {dag.py:3096} INFO - Sync 1 DAGs
[2024-05-01T12:44:33.817+0000] {logging_mixin.py:188} INFO - [2024-05-01T12:44:33.816+0000] {dag.py:3954} INFO - Setting next_dagrun for example_task_group to 2024-04-30 00:00:00+00:00, run_after=2024-05-01 00:00:00+00:00
[2024-05-01T12:44:33.837+0000] {processor.py:183} INFO - Processing /home/airflow/.local/lib/python3.12/site-packages/airflow/example_dags/example_task_group.py took 0.088 seconds
[2024-05-01T12:45:04.563+0000] {processor.py:161} INFO - Started process (PID=1997) to work on /home/airflow/.local/lib/python3.12/site-packages/airflow/example_dags/example_task_group.py
[2024-05-01T12:45:04.564+0000] {processor.py:830} INFO - Processing file /home/airflow/.local/lib/python3.12/site-packages/airflow/example_dags/example_task_group.py for tasks to queue
[2024-05-01T12:45:04.567+0000] {logging_mixin.py:188} INFO - [2024-05-01T12:45:04.566+0000] {dagbag.py:540} INFO - Filling up the DagBag from /home/airflow/.local/lib/python3.12/site-packages/airflow/example_dags/example_task_group.py
[2024-05-01T12:45:04.575+0000] {processor.py:840} INFO - DAG(s) 'example_task_group' retrieved from /home/airflow/.local/lib/python3.12/site-packages/airflow/example_dags/example_task_group.py
[2024-05-01T12:45:04.598+0000] {logging_mixin.py:188} INFO - [2024-05-01T12:45:04.598+0000] {dag.py:3096} INFO - Sync 1 DAGs
[2024-05-01T12:45:04.625+0000] {logging_mixin.py:188} INFO - [2024-05-01T12:45:04.624+0000] {dag.py:3954} INFO - Setting next_dagrun for example_task_group to 2024-04-30 00:00:00+00:00, run_after=2024-05-01 00:00:00+00:00
[2024-05-01T12:45:04.643+0000] {processor.py:183} INFO - Processing /home/airflow/.local/lib/python3.12/site-packages/airflow/example_dags/example_task_group.py took 0.087 seconds
[2024-05-01T12:45:34.851+0000] {processor.py:161} INFO - Started process (PID=2055) to work on /home/airflow/.local/lib/python3.12/site-packages/airflow/example_dags/example_task_group.py
[2024-05-01T12:45:34.852+0000] {processor.py:830} INFO - Processing file /home/airflow/.local/lib/python3.12/site-packages/airflow/example_dags/example_task_group.py for tasks to queue
[2024-05-01T12:45:34.856+0000] {logging_mixin.py:188} INFO - [2024-05-01T12:45:34.855+0000] {dagbag.py:540} INFO - Filling up the DagBag from /home/airflow/.local/lib/python3.12/site-packages/airflow/example_dags/example_task_group.py
[2024-05-01T12:45:34.865+0000] {processor.py:840} INFO - DAG(s) 'example_task_group' retrieved from /home/airflow/.local/lib/python3.12/site-packages/airflow/example_dags/example_task_group.py
[2024-05-01T12:45:34.889+0000] {logging_mixin.py:188} INFO - [2024-05-01T12:45:34.889+0000] {dag.py:3096} INFO - Sync 1 DAGs
[2024-05-01T12:45:34.919+0000] {logging_mixin.py:188} INFO - [2024-05-01T12:45:34.919+0000] {dag.py:3954} INFO - Setting next_dagrun for example_task_group to 2024-04-30 00:00:00+00:00, run_after=2024-05-01 00:00:00+00:00
[2024-05-01T12:45:34.940+0000] {processor.py:183} INFO - Processing /home/airflow/.local/lib/python3.12/site-packages/airflow/example_dags/example_task_group.py took 0.095 seconds
[2024-05-01T12:46:05.213+0000] {processor.py:161} INFO - Started process (PID=2113) to work on /home/airflow/.local/lib/python3.12/site-packages/airflow/example_dags/example_task_group.py
[2024-05-01T12:46:05.215+0000] {processor.py:830} INFO - Processing file /home/airflow/.local/lib/python3.12/site-packages/airflow/example_dags/example_task_group.py for tasks to queue
[2024-05-01T12:46:05.217+0000] {logging_mixin.py:188} INFO - [2024-05-01T12:46:05.217+0000] {dagbag.py:540} INFO - Filling up the DagBag from /home/airflow/.local/lib/python3.12/site-packages/airflow/example_dags/example_task_group.py
[2024-05-01T12:46:05.225+0000] {processor.py:840} INFO - DAG(s) 'example_task_group' retrieved from /home/airflow/.local/lib/python3.12/site-packages/airflow/example_dags/example_task_group.py
[2024-05-01T12:46:05.249+0000] {logging_mixin.py:188} INFO - [2024-05-01T12:46:05.248+0000] {dag.py:3096} INFO - Sync 1 DAGs
[2024-05-01T12:46:05.273+0000] {logging_mixin.py:188} INFO - [2024-05-01T12:46:05.273+0000] {dag.py:3954} INFO - Setting next_dagrun for example_task_group to 2024-04-30 00:00:00+00:00, run_after=2024-05-01 00:00:00+00:00
[2024-05-01T12:46:05.294+0000] {processor.py:183} INFO - Processing /home/airflow/.local/lib/python3.12/site-packages/airflow/example_dags/example_task_group.py took 0.087 seconds
[2024-05-01T12:46:35.620+0000] {processor.py:161} INFO - Started process (PID=2171) to work on /home/airflow/.local/lib/python3.12/site-packages/airflow/example_dags/example_task_group.py
[2024-05-01T12:46:35.622+0000] {processor.py:830} INFO - Processing file /home/airflow/.local/lib/python3.12/site-packages/airflow/example_dags/example_task_group.py for tasks to queue
[2024-05-01T12:46:35.624+0000] {logging_mixin.py:188} INFO - [2024-05-01T12:46:35.624+0000] {dagbag.py:540} INFO - Filling up the DagBag from /home/airflow/.local/lib/python3.12/site-packages/airflow/example_dags/example_task_group.py
[2024-05-01T12:46:35.632+0000] {processor.py:840} INFO - DAG(s) 'example_task_group' retrieved from /home/airflow/.local/lib/python3.12/site-packages/airflow/example_dags/example_task_group.py
[2024-05-01T12:46:35.654+0000] {logging_mixin.py:188} INFO - [2024-05-01T12:46:35.653+0000] {dag.py:3096} INFO - Sync 1 DAGs
[2024-05-01T12:46:35.678+0000] {logging_mixin.py:188} INFO - [2024-05-01T12:46:35.678+0000] {dag.py:3954} INFO - Setting next_dagrun for example_task_group to 2024-04-30 00:00:00+00:00, run_after=2024-05-01 00:00:00+00:00
[2024-05-01T12:46:35.697+0000] {processor.py:183} INFO - Processing /home/airflow/.local/lib/python3.12/site-packages/airflow/example_dags/example_task_group.py took 0.083 seconds
[2024-05-01T12:47:06.074+0000] {processor.py:161} INFO - Started process (PID=2229) to work on /home/airflow/.local/lib/python3.12/site-packages/airflow/example_dags/example_task_group.py
[2024-05-01T12:47:06.076+0000] {processor.py:830} INFO - Processing file /home/airflow/.local/lib/python3.12/site-packages/airflow/example_dags/example_task_group.py for tasks to queue
[2024-05-01T12:47:06.078+0000] {logging_mixin.py:188} INFO - [2024-05-01T12:47:06.078+0000] {dagbag.py:540} INFO - Filling up the DagBag from /home/airflow/.local/lib/python3.12/site-packages/airflow/example_dags/example_task_group.py
[2024-05-01T12:47:06.086+0000] {processor.py:840} INFO - DAG(s) 'example_task_group' retrieved from /home/airflow/.local/lib/python3.12/site-packages/airflow/example_dags/example_task_group.py
[2024-05-01T12:47:06.110+0000] {logging_mixin.py:188} INFO - [2024-05-01T12:47:06.109+0000] {dag.py:3096} INFO - Sync 1 DAGs
[2024-05-01T12:47:06.135+0000] {logging_mixin.py:188} INFO - [2024-05-01T12:47:06.135+0000] {dag.py:3954} INFO - Setting next_dagrun for example_task_group to 2024-04-30 00:00:00+00:00, run_after=2024-05-01 00:00:00+00:00
[2024-05-01T12:47:06.154+0000] {processor.py:183} INFO - Processing /home/airflow/.local/lib/python3.12/site-packages/airflow/example_dags/example_task_group.py took 0.087 seconds
[2024-05-01T12:47:36.255+0000] {processor.py:161} INFO - Started process (PID=2287) to work on /home/airflow/.local/lib/python3.12/site-packages/airflow/example_dags/example_task_group.py
[2024-05-01T12:47:36.258+0000] {processor.py:830} INFO - Processing file /home/airflow/.local/lib/python3.12/site-packages/airflow/example_dags/example_task_group.py for tasks to queue
[2024-05-01T12:47:36.263+0000] {logging_mixin.py:188} INFO - [2024-05-01T12:47:36.262+0000] {dagbag.py:540} INFO - Filling up the DagBag from /home/airflow/.local/lib/python3.12/site-packages/airflow/example_dags/example_task_group.py
[2024-05-01T12:47:36.275+0000] {processor.py:840} INFO - DAG(s) 'example_task_group' retrieved from /home/airflow/.local/lib/python3.12/site-packages/airflow/example_dags/example_task_group.py
[2024-05-01T12:47:36.304+0000] {logging_mixin.py:188} INFO - [2024-05-01T12:47:36.304+0000] {dag.py:3096} INFO - Sync 1 DAGs
[2024-05-01T12:47:36.338+0000] {logging_mixin.py:188} INFO - [2024-05-01T12:47:36.338+0000] {dag.py:3954} INFO - Setting next_dagrun for example_task_group to 2024-04-30 00:00:00+00:00, run_after=2024-05-01 00:00:00+00:00
[2024-05-01T12:47:36.359+0000] {processor.py:183} INFO - Processing /home/airflow/.local/lib/python3.12/site-packages/airflow/example_dags/example_task_group.py took 0.117 seconds
[2024-05-01T12:48:06.396+0000] {processor.py:161} INFO - Started process (PID=2345) to work on /home/airflow/.local/lib/python3.12/site-packages/airflow/example_dags/example_task_group.py
[2024-05-01T12:48:06.398+0000] {processor.py:830} INFO - Processing file /home/airflow/.local/lib/python3.12/site-packages/airflow/example_dags/example_task_group.py for tasks to queue
[2024-05-01T12:48:06.401+0000] {logging_mixin.py:188} INFO - [2024-05-01T12:48:06.400+0000] {dagbag.py:540} INFO - Filling up the DagBag from /home/airflow/.local/lib/python3.12/site-packages/airflow/example_dags/example_task_group.py
[2024-05-01T12:48:06.410+0000] {processor.py:840} INFO - DAG(s) 'example_task_group' retrieved from /home/airflow/.local/lib/python3.12/site-packages/airflow/example_dags/example_task_group.py
[2024-05-01T12:48:06.438+0000] {logging_mixin.py:188} INFO - [2024-05-01T12:48:06.437+0000] {dag.py:3096} INFO - Sync 1 DAGs
[2024-05-01T12:48:06.466+0000] {logging_mixin.py:188} INFO - [2024-05-01T12:48:06.466+0000] {dag.py:3954} INFO - Setting next_dagrun for example_task_group to 2024-04-30 00:00:00+00:00, run_after=2024-05-01 00:00:00+00:00
[2024-05-01T12:48:06.486+0000] {processor.py:183} INFO - Processing /home/airflow/.local/lib/python3.12/site-packages/airflow/example_dags/example_task_group.py took 0.097 seconds
[2024-05-01T12:48:37.010+0000] {processor.py:161} INFO - Started process (PID=2403) to work on /home/airflow/.local/lib/python3.12/site-packages/airflow/example_dags/example_task_group.py
[2024-05-01T12:48:37.012+0000] {processor.py:830} INFO - Processing file /home/airflow/.local/lib/python3.12/site-packages/airflow/example_dags/example_task_group.py for tasks to queue
[2024-05-01T12:48:37.014+0000] {logging_mixin.py:188} INFO - [2024-05-01T12:48:37.014+0000] {dagbag.py:540} INFO - Filling up the DagBag from /home/airflow/.local/lib/python3.12/site-packages/airflow/example_dags/example_task_group.py
[2024-05-01T12:48:37.022+0000] {processor.py:840} INFO - DAG(s) 'example_task_group' retrieved from /home/airflow/.local/lib/python3.12/site-packages/airflow/example_dags/example_task_group.py
[2024-05-01T12:48:37.044+0000] {logging_mixin.py:188} INFO - [2024-05-01T12:48:37.044+0000] {dag.py:3096} INFO - Sync 1 DAGs
[2024-05-01T12:48:37.068+0000] {logging_mixin.py:188} INFO - [2024-05-01T12:48:37.068+0000] {dag.py:3954} INFO - Setting next_dagrun for example_task_group to 2024-04-30 00:00:00+00:00, run_after=2024-05-01 00:00:00+00:00
[2024-05-01T12:48:37.086+0000] {processor.py:183} INFO - Processing /home/airflow/.local/lib/python3.12/site-packages/airflow/example_dags/example_task_group.py took 0.083 seconds
[2024-05-01T12:49:07.217+0000] {processor.py:161} INFO - Started process (PID=2461) to work on /home/airflow/.local/lib/python3.12/site-packages/airflow/example_dags/example_task_group.py
[2024-05-01T12:49:07.218+0000] {processor.py:830} INFO - Processing file /home/airflow/.local/lib/python3.12/site-packages/airflow/example_dags/example_task_group.py for tasks to queue
[2024-05-01T12:49:07.221+0000] {logging_mixin.py:188} INFO - [2024-05-01T12:49:07.220+0000] {dagbag.py:540} INFO - Filling up the DagBag from /home/airflow/.local/lib/python3.12/site-packages/airflow/example_dags/example_task_group.py
[2024-05-01T12:49:07.229+0000] {processor.py:840} INFO - DAG(s) 'example_task_group' retrieved from /home/airflow/.local/lib/python3.12/site-packages/airflow/example_dags/example_task_group.py
[2024-05-01T12:49:07.250+0000] {logging_mixin.py:188} INFO - [2024-05-01T12:49:07.250+0000] {dag.py:3096} INFO - Sync 1 DAGs
[2024-05-01T12:49:07.275+0000] {logging_mixin.py:188} INFO - [2024-05-01T12:49:07.274+0000] {dag.py:3954} INFO - Setting next_dagrun for example_task_group to 2024-04-30 00:00:00+00:00, run_after=2024-05-01 00:00:00+00:00
[2024-05-01T12:49:07.293+0000] {processor.py:183} INFO - Processing /home/airflow/.local/lib/python3.12/site-packages/airflow/example_dags/example_task_group.py took 0.082 seconds
[2024-05-01T12:49:37.817+0000] {processor.py:161} INFO - Started process (PID=2519) to work on /home/airflow/.local/lib/python3.12/site-packages/airflow/example_dags/example_task_group.py
[2024-05-01T12:49:37.818+0000] {processor.py:830} INFO - Processing file /home/airflow/.local/lib/python3.12/site-packages/airflow/example_dags/example_task_group.py for tasks to queue
[2024-05-01T12:49:37.821+0000] {logging_mixin.py:188} INFO - [2024-05-01T12:49:37.820+0000] {dagbag.py:540} INFO - Filling up the DagBag from /home/airflow/.local/lib/python3.12/site-packages/airflow/example_dags/example_task_group.py
[2024-05-01T12:49:37.829+0000] {processor.py:840} INFO - DAG(s) 'example_task_group' retrieved from /home/airflow/.local/lib/python3.12/site-packages/airflow/example_dags/example_task_group.py
[2024-05-01T12:49:37.854+0000] {logging_mixin.py:188} INFO - [2024-05-01T12:49:37.853+0000] {dag.py:3096} INFO - Sync 1 DAGs
[2024-05-01T12:49:37.880+0000] {logging_mixin.py:188} INFO - [2024-05-01T12:49:37.880+0000] {dag.py:3954} INFO - Setting next_dagrun for example_task_group to 2024-04-30 00:00:00+00:00, run_after=2024-05-01 00:00:00+00:00
[2024-05-01T12:49:37.898+0000] {processor.py:183} INFO - Processing /home/airflow/.local/lib/python3.12/site-packages/airflow/example_dags/example_task_group.py took 0.089 seconds
[2024-05-01T12:50:07.975+0000] {processor.py:161} INFO - Started process (PID=2577) to work on /home/airflow/.local/lib/python3.12/site-packages/airflow/example_dags/example_task_group.py
[2024-05-01T12:50:07.977+0000] {processor.py:830} INFO - Processing file /home/airflow/.local/lib/python3.12/site-packages/airflow/example_dags/example_task_group.py for tasks to queue
[2024-05-01T12:50:07.979+0000] {logging_mixin.py:188} INFO - [2024-05-01T12:50:07.979+0000] {dagbag.py:540} INFO - Filling up the DagBag from /home/airflow/.local/lib/python3.12/site-packages/airflow/example_dags/example_task_group.py
[2024-05-01T12:50:07.987+0000] {processor.py:840} INFO - DAG(s) 'example_task_group' retrieved from /home/airflow/.local/lib/python3.12/site-packages/airflow/example_dags/example_task_group.py
[2024-05-01T12:50:08.009+0000] {logging_mixin.py:188} INFO - [2024-05-01T12:50:08.009+0000] {dag.py:3096} INFO - Sync 1 DAGs
[2024-05-01T12:50:08.034+0000] {logging_mixin.py:188} INFO - [2024-05-01T12:50:08.033+0000] {dag.py:3954} INFO - Setting next_dagrun for example_task_group to 2024-04-30 00:00:00+00:00, run_after=2024-05-01 00:00:00+00:00
[2024-05-01T12:50:08.052+0000] {processor.py:183} INFO - Processing /home/airflow/.local/lib/python3.12/site-packages/airflow/example_dags/example_task_group.py took 0.084 seconds
[2024-05-01T12:50:38.643+0000] {processor.py:161} INFO - Started process (PID=2634) to work on /home/airflow/.local/lib/python3.12/site-packages/airflow/example_dags/example_task_group.py
[2024-05-01T12:50:38.645+0000] {processor.py:830} INFO - Processing file /home/airflow/.local/lib/python3.12/site-packages/airflow/example_dags/example_task_group.py for tasks to queue
[2024-05-01T12:50:38.647+0000] {logging_mixin.py:188} INFO - [2024-05-01T12:50:38.646+0000] {dagbag.py:540} INFO - Filling up the DagBag from /home/airflow/.local/lib/python3.12/site-packages/airflow/example_dags/example_task_group.py
[2024-05-01T12:50:38.655+0000] {processor.py:840} INFO - DAG(s) 'example_task_group' retrieved from /home/airflow/.local/lib/python3.12/site-packages/airflow/example_dags/example_task_group.py
[2024-05-01T12:50:38.677+0000] {logging_mixin.py:188} INFO - [2024-05-01T12:50:38.677+0000] {dag.py:3096} INFO - Sync 1 DAGs
[2024-05-01T12:50:38.701+0000] {logging_mixin.py:188} INFO - [2024-05-01T12:50:38.700+0000] {dag.py:3954} INFO - Setting next_dagrun for example_task_group to 2024-04-30 00:00:00+00:00, run_after=2024-05-01 00:00:00+00:00
[2024-05-01T12:50:38.718+0000] {processor.py:183} INFO - Processing /home/airflow/.local/lib/python3.12/site-packages/airflow/example_dags/example_task_group.py took 0.082 seconds
[2024-05-01T12:51:10.016+0000] {processor.py:161} INFO - Started process (PID=2692) to work on /home/airflow/.local/lib/python3.12/site-packages/airflow/example_dags/example_task_group.py
[2024-05-01T12:51:10.017+0000] {processor.py:830} INFO - Processing file /home/airflow/.local/lib/python3.12/site-packages/airflow/example_dags/example_task_group.py for tasks to queue
[2024-05-01T12:51:10.020+0000] {logging_mixin.py:188} INFO - [2024-05-01T12:51:10.019+0000] {dagbag.py:540} INFO - Filling up the DagBag from /home/airflow/.local/lib/python3.12/site-packages/airflow/example_dags/example_task_group.py
[2024-05-01T12:51:10.028+0000] {processor.py:840} INFO - DAG(s) 'example_task_group' retrieved from /home/airflow/.local/lib/python3.12/site-packages/airflow/example_dags/example_task_group.py
[2024-05-01T12:51:10.050+0000] {logging_mixin.py:188} INFO - [2024-05-01T12:51:10.050+0000] {dag.py:3096} INFO - Sync 1 DAGs
[2024-05-01T12:51:10.074+0000] {logging_mixin.py:188} INFO - [2024-05-01T12:51:10.074+0000] {dag.py:3954} INFO - Setting next_dagrun for example_task_group to 2024-04-30 00:00:00+00:00, run_after=2024-05-01 00:00:00+00:00
[2024-05-01T12:51:10.093+0000] {processor.py:183} INFO - Processing /home/airflow/.local/lib/python3.12/site-packages/airflow/example_dags/example_task_group.py took 0.083 seconds
[2024-05-01T12:51:40.944+0000] {processor.py:161} INFO - Started process (PID=2750) to work on /home/airflow/.local/lib/python3.12/site-packages/airflow/example_dags/example_task_group.py
[2024-05-01T12:51:40.945+0000] {processor.py:830} INFO - Processing file /home/airflow/.local/lib/python3.12/site-packages/airflow/example_dags/example_task_group.py for tasks to queue
[2024-05-01T12:51:40.948+0000] {logging_mixin.py:188} INFO - [2024-05-01T12:51:40.948+0000] {dagbag.py:540} INFO - Filling up the DagBag from /home/airflow/.local/lib/python3.12/site-packages/airflow/example_dags/example_task_group.py
[2024-05-01T12:51:40.956+0000] {processor.py:840} INFO - DAG(s) 'example_task_group' retrieved from /home/airflow/.local/lib/python3.12/site-packages/airflow/example_dags/example_task_group.py
[2024-05-01T12:51:40.979+0000] {logging_mixin.py:188} INFO - [2024-05-01T12:51:40.979+0000] {dag.py:3096} INFO - Sync 1 DAGs
[2024-05-01T12:51:41.003+0000] {logging_mixin.py:188} INFO - [2024-05-01T12:51:41.003+0000] {dag.py:3954} INFO - Setting next_dagrun for example_task_group to 2024-04-30 00:00:00+00:00, run_after=2024-05-01 00:00:00+00:00
[2024-05-01T12:51:41.021+0000] {processor.py:183} INFO - Processing /home/airflow/.local/lib/python3.12/site-packages/airflow/example_dags/example_task_group.py took 0.083 seconds
[2024-05-01T12:52:11.849+0000] {processor.py:161} INFO - Started process (PID=2808) to work on /home/airflow/.local/lib/python3.12/site-packages/airflow/example_dags/example_task_group.py
[2024-05-01T12:52:11.850+0000] {processor.py:830} INFO - Processing file /home/airflow/.local/lib/python3.12/site-packages/airflow/example_dags/example_task_group.py for tasks to queue
[2024-05-01T12:52:11.853+0000] {logging_mixin.py:188} INFO - [2024-05-01T12:52:11.852+0000] {dagbag.py:540} INFO - Filling up the DagBag from /home/airflow/.local/lib/python3.12/site-packages/airflow/example_dags/example_task_group.py
[2024-05-01T12:52:11.860+0000] {processor.py:840} INFO - DAG(s) 'example_task_group' retrieved from /home/airflow/.local/lib/python3.12/site-packages/airflow/example_dags/example_task_group.py
[2024-05-01T12:52:11.883+0000] {logging_mixin.py:188} INFO - [2024-05-01T12:52:11.883+0000] {dag.py:3096} INFO - Sync 1 DAGs
[2024-05-01T12:52:11.906+0000] {logging_mixin.py:188} INFO - [2024-05-01T12:52:11.906+0000] {dag.py:3954} INFO - Setting next_dagrun for example_task_group to 2024-04-30 00:00:00+00:00, run_after=2024-05-01 00:00:00+00:00
[2024-05-01T12:52:11.925+0000] {processor.py:183} INFO - Processing /home/airflow/.local/lib/python3.12/site-packages/airflow/example_dags/example_task_group.py took 0.082 seconds
[2024-05-01T12:52:42.842+0000] {processor.py:161} INFO - Started process (PID=2866) to work on /home/airflow/.local/lib/python3.12/site-packages/airflow/example_dags/example_task_group.py
[2024-05-01T12:52:42.843+0000] {processor.py:830} INFO - Processing file /home/airflow/.local/lib/python3.12/site-packages/airflow/example_dags/example_task_group.py for tasks to queue
[2024-05-01T12:52:42.845+0000] {logging_mixin.py:188} INFO - [2024-05-01T12:52:42.845+0000] {dagbag.py:540} INFO - Filling up the DagBag from /home/airflow/.local/lib/python3.12/site-packages/airflow/example_dags/example_task_group.py
[2024-05-01T12:52:42.853+0000] {processor.py:840} INFO - DAG(s) 'example_task_group' retrieved from /home/airflow/.local/lib/python3.12/site-packages/airflow/example_dags/example_task_group.py
[2024-05-01T12:52:42.878+0000] {logging_mixin.py:188} INFO - [2024-05-01T12:52:42.877+0000] {dag.py:3096} INFO - Sync 1 DAGs
[2024-05-01T12:52:42.900+0000] {logging_mixin.py:188} INFO - [2024-05-01T12:52:42.900+0000] {dag.py:3954} INFO - Setting next_dagrun for example_task_group to 2024-04-30 00:00:00+00:00, run_after=2024-05-01 00:00:00+00:00
[2024-05-01T12:52:42.919+0000] {processor.py:183} INFO - Processing /home/airflow/.local/lib/python3.12/site-packages/airflow/example_dags/example_task_group.py took 0.084 seconds
[2024-05-01T12:53:13.773+0000] {processor.py:161} INFO - Started process (PID=2924) to work on /home/airflow/.local/lib/python3.12/site-packages/airflow/example_dags/example_task_group.py
[2024-05-01T12:53:13.775+0000] {processor.py:830} INFO - Processing file /home/airflow/.local/lib/python3.12/site-packages/airflow/example_dags/example_task_group.py for tasks to queue
[2024-05-01T12:53:13.777+0000] {logging_mixin.py:188} INFO - [2024-05-01T12:53:13.777+0000] {dagbag.py:540} INFO - Filling up the DagBag from /home/airflow/.local/lib/python3.12/site-packages/airflow/example_dags/example_task_group.py
[2024-05-01T12:53:13.785+0000] {processor.py:840} INFO - DAG(s) 'example_task_group' retrieved from /home/airflow/.local/lib/python3.12/site-packages/airflow/example_dags/example_task_group.py
[2024-05-01T12:53:13.808+0000] {logging_mixin.py:188} INFO - [2024-05-01T12:53:13.808+0000] {dag.py:3096} INFO - Sync 1 DAGs
[2024-05-01T12:53:13.832+0000] {logging_mixin.py:188} INFO - [2024-05-01T12:53:13.832+0000] {dag.py:3954} INFO - Setting next_dagrun for example_task_group to 2024-04-30 00:00:00+00:00, run_after=2024-05-01 00:00:00+00:00
[2024-05-01T12:53:13.849+0000] {processor.py:183} INFO - Processing /home/airflow/.local/lib/python3.12/site-packages/airflow/example_dags/example_task_group.py took 0.083 seconds
[2024-05-01T12:53:44.004+0000] {processor.py:161} INFO - Started process (PID=2982) to work on /home/airflow/.local/lib/python3.12/site-packages/airflow/example_dags/example_task_group.py
[2024-05-01T12:53:44.005+0000] {processor.py:830} INFO - Processing file /home/airflow/.local/lib/python3.12/site-packages/airflow/example_dags/example_task_group.py for tasks to queue
[2024-05-01T12:53:44.008+0000] {logging_mixin.py:188} INFO - [2024-05-01T12:53:44.007+0000] {dagbag.py:540} INFO - Filling up the DagBag from /home/airflow/.local/lib/python3.12/site-packages/airflow/example_dags/example_task_group.py
[2024-05-01T12:53:44.016+0000] {processor.py:840} INFO - DAG(s) 'example_task_group' retrieved from /home/airflow/.local/lib/python3.12/site-packages/airflow/example_dags/example_task_group.py
[2024-05-01T12:53:44.038+0000] {logging_mixin.py:188} INFO - [2024-05-01T12:53:44.038+0000] {dag.py:3096} INFO - Sync 1 DAGs
[2024-05-01T12:53:44.062+0000] {logging_mixin.py:188} INFO - [2024-05-01T12:53:44.061+0000] {dag.py:3954} INFO - Setting next_dagrun for example_task_group to 2024-04-30 00:00:00+00:00, run_after=2024-05-01 00:00:00+00:00
[2024-05-01T12:53:44.079+0000] {processor.py:183} INFO - Processing /home/airflow/.local/lib/python3.12/site-packages/airflow/example_dags/example_task_group.py took 0.081 seconds
[2024-05-01T12:54:14.908+0000] {processor.py:161} INFO - Started process (PID=3040) to work on /home/airflow/.local/lib/python3.12/site-packages/airflow/example_dags/example_task_group.py
[2024-05-01T12:54:14.910+0000] {processor.py:830} INFO - Processing file /home/airflow/.local/lib/python3.12/site-packages/airflow/example_dags/example_task_group.py for tasks to queue
[2024-05-01T12:54:14.912+0000] {logging_mixin.py:188} INFO - [2024-05-01T12:54:14.912+0000] {dagbag.py:540} INFO - Filling up the DagBag from /home/airflow/.local/lib/python3.12/site-packages/airflow/example_dags/example_task_group.py
[2024-05-01T12:54:14.920+0000] {processor.py:840} INFO - DAG(s) 'example_task_group' retrieved from /home/airflow/.local/lib/python3.12/site-packages/airflow/example_dags/example_task_group.py
[2024-05-01T12:54:14.943+0000] {logging_mixin.py:188} INFO - [2024-05-01T12:54:14.943+0000] {dag.py:3096} INFO - Sync 1 DAGs
[2024-05-01T12:54:14.966+0000] {logging_mixin.py:188} INFO - [2024-05-01T12:54:14.966+0000] {dag.py:3954} INFO - Setting next_dagrun for example_task_group to 2024-04-30 00:00:00+00:00, run_after=2024-05-01 00:00:00+00:00
[2024-05-01T12:54:14.984+0000] {processor.py:183} INFO - Processing /home/airflow/.local/lib/python3.12/site-packages/airflow/example_dags/example_task_group.py took 0.082 seconds
[2024-05-01T12:54:45.924+0000] {processor.py:161} INFO - Started process (PID=3098) to work on /home/airflow/.local/lib/python3.12/site-packages/airflow/example_dags/example_task_group.py
[2024-05-01T12:54:45.925+0000] {processor.py:830} INFO - Processing file /home/airflow/.local/lib/python3.12/site-packages/airflow/example_dags/example_task_group.py for tasks to queue
[2024-05-01T12:54:45.928+0000] {logging_mixin.py:188} INFO - [2024-05-01T12:54:45.927+0000] {dagbag.py:540} INFO - Filling up the DagBag from /home/airflow/.local/lib/python3.12/site-packages/airflow/example_dags/example_task_group.py
[2024-05-01T12:54:45.936+0000] {processor.py:840} INFO - DAG(s) 'example_task_group' retrieved from /home/airflow/.local/lib/python3.12/site-packages/airflow/example_dags/example_task_group.py
[2024-05-01T12:54:45.958+0000] {logging_mixin.py:188} INFO - [2024-05-01T12:54:45.957+0000] {dag.py:3096} INFO - Sync 1 DAGs
[2024-05-01T12:54:45.981+0000] {logging_mixin.py:188} INFO - [2024-05-01T12:54:45.981+0000] {dag.py:3954} INFO - Setting next_dagrun for example_task_group to 2024-04-30 00:00:00+00:00, run_after=2024-05-01 00:00:00+00:00
[2024-05-01T12:54:46.000+0000] {processor.py:183} INFO - Processing /home/airflow/.local/lib/python3.12/site-packages/airflow/example_dags/example_task_group.py took 0.082 seconds
[2024-05-01T12:55:16.857+0000] {processor.py:161} INFO - Started process (PID=3156) to work on /home/airflow/.local/lib/python3.12/site-packages/airflow/example_dags/example_task_group.py
[2024-05-01T12:55:16.859+0000] {processor.py:830} INFO - Processing file /home/airflow/.local/lib/python3.12/site-packages/airflow/example_dags/example_task_group.py for tasks to queue
[2024-05-01T12:55:16.861+0000] {logging_mixin.py:188} INFO - [2024-05-01T12:55:16.861+0000] {dagbag.py:540} INFO - Filling up the DagBag from /home/airflow/.local/lib/python3.12/site-packages/airflow/example_dags/example_task_group.py
[2024-05-01T12:55:16.869+0000] {processor.py:840} INFO - DAG(s) 'example_task_group' retrieved from /home/airflow/.local/lib/python3.12/site-packages/airflow/example_dags/example_task_group.py
[2024-05-01T12:55:16.891+0000] {logging_mixin.py:188} INFO - [2024-05-01T12:55:16.891+0000] {dag.py:3096} INFO - Sync 1 DAGs
[2024-05-01T12:55:16.914+0000] {logging_mixin.py:188} INFO - [2024-05-01T12:55:16.914+0000] {dag.py:3954} INFO - Setting next_dagrun for example_task_group to 2024-04-30 00:00:00+00:00, run_after=2024-05-01 00:00:00+00:00
[2024-05-01T12:55:16.933+0000] {processor.py:183} INFO - Processing /home/airflow/.local/lib/python3.12/site-packages/airflow/example_dags/example_task_group.py took 0.082 seconds
[2024-05-01T12:55:47.751+0000] {processor.py:161} INFO - Started process (PID=3214) to work on /home/airflow/.local/lib/python3.12/site-packages/airflow/example_dags/example_task_group.py
[2024-05-01T12:55:47.752+0000] {processor.py:830} INFO - Processing file /home/airflow/.local/lib/python3.12/site-packages/airflow/example_dags/example_task_group.py for tasks to queue
[2024-05-01T12:55:47.754+0000] {logging_mixin.py:188} INFO - [2024-05-01T12:55:47.754+0000] {dagbag.py:540} INFO - Filling up the DagBag from /home/airflow/.local/lib/python3.12/site-packages/airflow/example_dags/example_task_group.py
[2024-05-01T12:55:47.762+0000] {processor.py:840} INFO - DAG(s) 'example_task_group' retrieved from /home/airflow/.local/lib/python3.12/site-packages/airflow/example_dags/example_task_group.py
[2024-05-01T12:55:47.784+0000] {logging_mixin.py:188} INFO - [2024-05-01T12:55:47.784+0000] {dag.py:3096} INFO - Sync 1 DAGs
[2024-05-01T12:55:47.808+0000] {logging_mixin.py:188} INFO - [2024-05-01T12:55:47.808+0000] {dag.py:3954} INFO - Setting next_dagrun for example_task_group to 2024-04-30 00:00:00+00:00, run_after=2024-05-01 00:00:00+00:00
[2024-05-01T12:55:47.827+0000] {processor.py:183} INFO - Processing /home/airflow/.local/lib/python3.12/site-packages/airflow/example_dags/example_task_group.py took 0.083 seconds
[2024-05-01T12:56:18.833+0000] {processor.py:161} INFO - Started process (PID=3272) to work on /home/airflow/.local/lib/python3.12/site-packages/airflow/example_dags/example_task_group.py
[2024-05-01T12:56:18.835+0000] {processor.py:830} INFO - Processing file /home/airflow/.local/lib/python3.12/site-packages/airflow/example_dags/example_task_group.py for tasks to queue
[2024-05-01T12:56:18.837+0000] {logging_mixin.py:188} INFO - [2024-05-01T12:56:18.836+0000] {dagbag.py:540} INFO - Filling up the DagBag from /home/airflow/.local/lib/python3.12/site-packages/airflow/example_dags/example_task_group.py
[2024-05-01T12:56:18.845+0000] {processor.py:840} INFO - DAG(s) 'example_task_group' retrieved from /home/airflow/.local/lib/python3.12/site-packages/airflow/example_dags/example_task_group.py
[2024-05-01T12:56:18.868+0000] {logging_mixin.py:188} INFO - [2024-05-01T12:56:18.868+0000] {dag.py:3096} INFO - Sync 1 DAGs
[2024-05-01T12:56:18.892+0000] {logging_mixin.py:188} INFO - [2024-05-01T12:56:18.891+0000] {dag.py:3954} INFO - Setting next_dagrun for example_task_group to 2024-04-30 00:00:00+00:00, run_after=2024-05-01 00:00:00+00:00
[2024-05-01T12:56:18.911+0000] {processor.py:183} INFO - Processing /home/airflow/.local/lib/python3.12/site-packages/airflow/example_dags/example_task_group.py took 0.084 seconds
[2024-05-01T12:56:49.964+0000] {processor.py:161} INFO - Started process (PID=3330) to work on /home/airflow/.local/lib/python3.12/site-packages/airflow/example_dags/example_task_group.py
[2024-05-01T12:56:49.965+0000] {processor.py:830} INFO - Processing file /home/airflow/.local/lib/python3.12/site-packages/airflow/example_dags/example_task_group.py for tasks to queue
[2024-05-01T12:56:49.968+0000] {logging_mixin.py:188} INFO - [2024-05-01T12:56:49.968+0000] {dagbag.py:540} INFO - Filling up the DagBag from /home/airflow/.local/lib/python3.12/site-packages/airflow/example_dags/example_task_group.py
[2024-05-01T12:56:49.978+0000] {processor.py:840} INFO - DAG(s) 'example_task_group' retrieved from /home/airflow/.local/lib/python3.12/site-packages/airflow/example_dags/example_task_group.py
[2024-05-01T12:56:50.006+0000] {logging_mixin.py:188} INFO - [2024-05-01T12:56:50.005+0000] {dag.py:3096} INFO - Sync 1 DAGs
[2024-05-01T12:56:50.036+0000] {logging_mixin.py:188} INFO - [2024-05-01T12:56:50.036+0000] {dag.py:3954} INFO - Setting next_dagrun for example_task_group to 2024-04-30 00:00:00+00:00, run_after=2024-05-01 00:00:00+00:00
[2024-05-01T12:56:50.060+0000] {processor.py:183} INFO - Processing /home/airflow/.local/lib/python3.12/site-packages/airflow/example_dags/example_task_group.py took 0.104 seconds
[2024-05-01T12:57:20.173+0000] {processor.py:161} INFO - Started process (PID=3388) to work on /home/airflow/.local/lib/python3.12/site-packages/airflow/example_dags/example_task_group.py
[2024-05-01T12:57:20.177+0000] {processor.py:830} INFO - Processing file /home/airflow/.local/lib/python3.12/site-packages/airflow/example_dags/example_task_group.py for tasks to queue
[2024-05-01T12:57:20.180+0000] {logging_mixin.py:188} INFO - [2024-05-01T12:57:20.180+0000] {dagbag.py:540} INFO - Filling up the DagBag from /home/airflow/.local/lib/python3.12/site-packages/airflow/example_dags/example_task_group.py
[2024-05-01T12:57:20.191+0000] {processor.py:840} INFO - DAG(s) 'example_task_group' retrieved from /home/airflow/.local/lib/python3.12/site-packages/airflow/example_dags/example_task_group.py
[2024-05-01T12:57:20.218+0000] {logging_mixin.py:188} INFO - [2024-05-01T12:57:20.218+0000] {dag.py:3096} INFO - Sync 1 DAGs
[2024-05-01T12:57:20.242+0000] {logging_mixin.py:188} INFO - [2024-05-01T12:57:20.242+0000] {dag.py:3954} INFO - Setting next_dagrun for example_task_group to 2024-04-30 00:00:00+00:00, run_after=2024-05-01 00:00:00+00:00
[2024-05-01T12:57:20.263+0000] {processor.py:183} INFO - Processing /home/airflow/.local/lib/python3.12/site-packages/airflow/example_dags/example_task_group.py took 0.098 seconds
[2024-05-01T12:57:50.514+0000] {processor.py:161} INFO - Started process (PID=3446) to work on /home/airflow/.local/lib/python3.12/site-packages/airflow/example_dags/example_task_group.py
[2024-05-01T12:57:50.516+0000] {processor.py:830} INFO - Processing file /home/airflow/.local/lib/python3.12/site-packages/airflow/example_dags/example_task_group.py for tasks to queue
[2024-05-01T12:57:50.519+0000] {logging_mixin.py:188} INFO - [2024-05-01T12:57:50.518+0000] {dagbag.py:540} INFO - Filling up the DagBag from /home/airflow/.local/lib/python3.12/site-packages/airflow/example_dags/example_task_group.py
[2024-05-01T12:57:50.527+0000] {processor.py:840} INFO - DAG(s) 'example_task_group' retrieved from /home/airflow/.local/lib/python3.12/site-packages/airflow/example_dags/example_task_group.py
[2024-05-01T12:57:50.550+0000] {logging_mixin.py:188} INFO - [2024-05-01T12:57:50.550+0000] {dag.py:3096} INFO - Sync 1 DAGs
[2024-05-01T12:57:50.582+0000] {logging_mixin.py:188} INFO - [2024-05-01T12:57:50.582+0000] {dag.py:3954} INFO - Setting next_dagrun for example_task_group to 2024-04-30 00:00:00+00:00, run_after=2024-05-01 00:00:00+00:00
[2024-05-01T12:57:50.602+0000] {processor.py:183} INFO - Processing /home/airflow/.local/lib/python3.12/site-packages/airflow/example_dags/example_task_group.py took 0.096 seconds
[2024-05-01T12:58:20.733+0000] {processor.py:161} INFO - Started process (PID=3504) to work on /home/airflow/.local/lib/python3.12/site-packages/airflow/example_dags/example_task_group.py
[2024-05-01T12:58:20.735+0000] {processor.py:830} INFO - Processing file /home/airflow/.local/lib/python3.12/site-packages/airflow/example_dags/example_task_group.py for tasks to queue
[2024-05-01T12:58:20.737+0000] {logging_mixin.py:188} INFO - [2024-05-01T12:58:20.737+0000] {dagbag.py:540} INFO - Filling up the DagBag from /home/airflow/.local/lib/python3.12/site-packages/airflow/example_dags/example_task_group.py
[2024-05-01T12:58:20.745+0000] {processor.py:840} INFO - DAG(s) 'example_task_group' retrieved from /home/airflow/.local/lib/python3.12/site-packages/airflow/example_dags/example_task_group.py
[2024-05-01T12:58:20.768+0000] {logging_mixin.py:188} INFO - [2024-05-01T12:58:20.768+0000] {dag.py:3096} INFO - Sync 1 DAGs
[2024-05-01T12:58:20.790+0000] {logging_mixin.py:188} INFO - [2024-05-01T12:58:20.790+0000] {dag.py:3954} INFO - Setting next_dagrun for example_task_group to 2024-04-30 00:00:00+00:00, run_after=2024-05-01 00:00:00+00:00
[2024-05-01T12:58:20.807+0000] {processor.py:183} INFO - Processing /home/airflow/.local/lib/python3.12/site-packages/airflow/example_dags/example_task_group.py took 0.080 seconds
[2024-05-01T12:58:50.870+0000] {processor.py:161} INFO - Started process (PID=3562) to work on /home/airflow/.local/lib/python3.12/site-packages/airflow/example_dags/example_task_group.py
[2024-05-01T12:58:50.872+0000] {processor.py:830} INFO - Processing file /home/airflow/.local/lib/python3.12/site-packages/airflow/example_dags/example_task_group.py for tasks to queue
[2024-05-01T12:58:50.874+0000] {logging_mixin.py:188} INFO - [2024-05-01T12:58:50.874+0000] {dagbag.py:540} INFO - Filling up the DagBag from /home/airflow/.local/lib/python3.12/site-packages/airflow/example_dags/example_task_group.py
[2024-05-01T12:58:50.882+0000] {processor.py:840} INFO - DAG(s) 'example_task_group' retrieved from /home/airflow/.local/lib/python3.12/site-packages/airflow/example_dags/example_task_group.py
[2024-05-01T12:58:50.904+0000] {logging_mixin.py:188} INFO - [2024-05-01T12:58:50.904+0000] {dag.py:3096} INFO - Sync 1 DAGs
[2024-05-01T12:58:50.928+0000] {logging_mixin.py:188} INFO - [2024-05-01T12:58:50.928+0000] {dag.py:3954} INFO - Setting next_dagrun for example_task_group to 2024-04-30 00:00:00+00:00, run_after=2024-05-01 00:00:00+00:00
[2024-05-01T12:58:50.945+0000] {processor.py:183} INFO - Processing /home/airflow/.local/lib/python3.12/site-packages/airflow/example_dags/example_task_group.py took 0.080 seconds
[2024-05-01T12:59:21.096+0000] {processor.py:161} INFO - Started process (PID=3620) to work on /home/airflow/.local/lib/python3.12/site-packages/airflow/example_dags/example_task_group.py
[2024-05-01T12:59:21.098+0000] {processor.py:830} INFO - Processing file /home/airflow/.local/lib/python3.12/site-packages/airflow/example_dags/example_task_group.py for tasks to queue
[2024-05-01T12:59:21.100+0000] {logging_mixin.py:188} INFO - [2024-05-01T12:59:21.100+0000] {dagbag.py:540} INFO - Filling up the DagBag from /home/airflow/.local/lib/python3.12/site-packages/airflow/example_dags/example_task_group.py
[2024-05-01T12:59:21.108+0000] {processor.py:840} INFO - DAG(s) 'example_task_group' retrieved from /home/airflow/.local/lib/python3.12/site-packages/airflow/example_dags/example_task_group.py
[2024-05-01T12:59:21.130+0000] {logging_mixin.py:188} INFO - [2024-05-01T12:59:21.130+0000] {dag.py:3096} INFO - Sync 1 DAGs
[2024-05-01T12:59:21.153+0000] {logging_mixin.py:188} INFO - [2024-05-01T12:59:21.153+0000] {dag.py:3954} INFO - Setting next_dagrun for example_task_group to 2024-04-30 00:00:00+00:00, run_after=2024-05-01 00:00:00+00:00
[2024-05-01T12:59:21.171+0000] {processor.py:183} INFO - Processing /home/airflow/.local/lib/python3.12/site-packages/airflow/example_dags/example_task_group.py took 0.081 seconds
[2024-05-01T12:59:51.307+0000] {processor.py:161} INFO - Started process (PID=3678) to work on /home/airflow/.local/lib/python3.12/site-packages/airflow/example_dags/example_task_group.py
[2024-05-01T12:59:51.308+0000] {processor.py:830} INFO - Processing file /home/airflow/.local/lib/python3.12/site-packages/airflow/example_dags/example_task_group.py for tasks to queue
[2024-05-01T12:59:51.311+0000] {logging_mixin.py:188} INFO - [2024-05-01T12:59:51.310+0000] {dagbag.py:540} INFO - Filling up the DagBag from /home/airflow/.local/lib/python3.12/site-packages/airflow/example_dags/example_task_group.py
[2024-05-01T12:59:51.319+0000] {processor.py:840} INFO - DAG(s) 'example_task_group' retrieved from /home/airflow/.local/lib/python3.12/site-packages/airflow/example_dags/example_task_group.py
[2024-05-01T12:59:51.341+0000] {logging_mixin.py:188} INFO - [2024-05-01T12:59:51.341+0000] {dag.py:3096} INFO - Sync 1 DAGs
[2024-05-01T12:59:51.365+0000] {logging_mixin.py:188} INFO - [2024-05-01T12:59:51.365+0000] {dag.py:3954} INFO - Setting next_dagrun for example_task_group to 2024-04-30 00:00:00+00:00, run_after=2024-05-01 00:00:00+00:00
[2024-05-01T12:59:51.383+0000] {processor.py:183} INFO - Processing /home/airflow/.local/lib/python3.12/site-packages/airflow/example_dags/example_task_group.py took 0.082 seconds
[2024-05-01T13:00:21.588+0000] {processor.py:161} INFO - Started process (PID=3736) to work on /home/airflow/.local/lib/python3.12/site-packages/airflow/example_dags/example_task_group.py
[2024-05-01T13:00:21.590+0000] {processor.py:830} INFO - Processing file /home/airflow/.local/lib/python3.12/site-packages/airflow/example_dags/example_task_group.py for tasks to queue
[2024-05-01T13:00:21.592+0000] {logging_mixin.py:188} INFO - [2024-05-01T13:00:21.592+0000] {dagbag.py:540} INFO - Filling up the DagBag from /home/airflow/.local/lib/python3.12/site-packages/airflow/example_dags/example_task_group.py
[2024-05-01T13:00:21.600+0000] {processor.py:840} INFO - DAG(s) 'example_task_group' retrieved from /home/airflow/.local/lib/python3.12/site-packages/airflow/example_dags/example_task_group.py
[2024-05-01T13:00:21.623+0000] {logging_mixin.py:188} INFO - [2024-05-01T13:00:21.623+0000] {dag.py:3096} INFO - Sync 1 DAGs
[2024-05-01T13:00:21.646+0000] {logging_mixin.py:188} INFO - [2024-05-01T13:00:21.646+0000] {dag.py:3954} INFO - Setting next_dagrun for example_task_group to 2024-04-30 00:00:00+00:00, run_after=2024-05-01 00:00:00+00:00
[2024-05-01T13:00:21.664+0000] {processor.py:183} INFO - Processing /home/airflow/.local/lib/python3.12/site-packages/airflow/example_dags/example_task_group.py took 0.082 seconds
[2024-05-01T13:00:52.258+0000] {processor.py:161} INFO - Started process (PID=3794) to work on /home/airflow/.local/lib/python3.12/site-packages/airflow/example_dags/example_task_group.py
[2024-05-01T13:00:52.260+0000] {processor.py:830} INFO - Processing file /home/airflow/.local/lib/python3.12/site-packages/airflow/example_dags/example_task_group.py for tasks to queue
[2024-05-01T13:00:52.262+0000] {logging_mixin.py:188} INFO - [2024-05-01T13:00:52.262+0000] {dagbag.py:540} INFO - Filling up the DagBag from /home/airflow/.local/lib/python3.12/site-packages/airflow/example_dags/example_task_group.py
[2024-05-01T13:00:52.270+0000] {processor.py:840} INFO - DAG(s) 'example_task_group' retrieved from /home/airflow/.local/lib/python3.12/site-packages/airflow/example_dags/example_task_group.py
[2024-05-01T13:00:52.293+0000] {logging_mixin.py:188} INFO - [2024-05-01T13:00:52.293+0000] {dag.py:3096} INFO - Sync 1 DAGs
[2024-05-01T13:00:52.317+0000] {logging_mixin.py:188} INFO - [2024-05-01T13:00:52.317+0000] {dag.py:3954} INFO - Setting next_dagrun for example_task_group to 2024-04-30 00:00:00+00:00, run_after=2024-05-01 00:00:00+00:00
[2024-05-01T13:00:52.336+0000] {processor.py:183} INFO - Processing /home/airflow/.local/lib/python3.12/site-packages/airflow/example_dags/example_task_group.py took 0.084 seconds
[2024-05-01T13:01:22.436+0000] {processor.py:161} INFO - Started process (PID=3852) to work on /home/airflow/.local/lib/python3.12/site-packages/airflow/example_dags/example_task_group.py
[2024-05-01T13:01:22.438+0000] {processor.py:830} INFO - Processing file /home/airflow/.local/lib/python3.12/site-packages/airflow/example_dags/example_task_group.py for tasks to queue
[2024-05-01T13:01:22.440+0000] {logging_mixin.py:188} INFO - [2024-05-01T13:01:22.440+0000] {dagbag.py:540} INFO - Filling up the DagBag from /home/airflow/.local/lib/python3.12/site-packages/airflow/example_dags/example_task_group.py
[2024-05-01T13:01:22.449+0000] {processor.py:840} INFO - DAG(s) 'example_task_group' retrieved from /home/airflow/.local/lib/python3.12/site-packages/airflow/example_dags/example_task_group.py
[2024-05-01T13:01:22.470+0000] {logging_mixin.py:188} INFO - [2024-05-01T13:01:22.470+0000] {dag.py:3096} INFO - Sync 1 DAGs
[2024-05-01T13:01:22.494+0000] {logging_mixin.py:188} INFO - [2024-05-01T13:01:22.494+0000] {dag.py:3954} INFO - Setting next_dagrun for example_task_group to 2024-04-30 00:00:00+00:00, run_after=2024-05-01 00:00:00+00:00
[2024-05-01T13:01:22.513+0000] {processor.py:183} INFO - Processing /home/airflow/.local/lib/python3.12/site-packages/airflow/example_dags/example_task_group.py took 0.083 seconds
[2024-05-01T13:01:53.481+0000] {processor.py:161} INFO - Started process (PID=3909) to work on /home/airflow/.local/lib/python3.12/site-packages/airflow/example_dags/example_task_group.py
[2024-05-01T13:01:53.482+0000] {processor.py:830} INFO - Processing file /home/airflow/.local/lib/python3.12/site-packages/airflow/example_dags/example_task_group.py for tasks to queue
[2024-05-01T13:01:53.485+0000] {logging_mixin.py:188} INFO - [2024-05-01T13:01:53.484+0000] {dagbag.py:540} INFO - Filling up the DagBag from /home/airflow/.local/lib/python3.12/site-packages/airflow/example_dags/example_task_group.py
[2024-05-01T13:01:53.493+0000] {processor.py:840} INFO - DAG(s) 'example_task_group' retrieved from /home/airflow/.local/lib/python3.12/site-packages/airflow/example_dags/example_task_group.py
[2024-05-01T13:01:53.516+0000] {logging_mixin.py:188} INFO - [2024-05-01T13:01:53.516+0000] {dag.py:3096} INFO - Sync 1 DAGs
[2024-05-01T13:01:53.540+0000] {logging_mixin.py:188} INFO - [2024-05-01T13:01:53.540+0000] {dag.py:3954} INFO - Setting next_dagrun for example_task_group to 2024-04-30 00:00:00+00:00, run_after=2024-05-01 00:00:00+00:00
[2024-05-01T13:01:53.558+0000] {processor.py:183} INFO - Processing /home/airflow/.local/lib/python3.12/site-packages/airflow/example_dags/example_task_group.py took 0.084 seconds
[2024-05-01T13:02:23.698+0000] {processor.py:161} INFO - Started process (PID=3967) to work on /home/airflow/.local/lib/python3.12/site-packages/airflow/example_dags/example_task_group.py
[2024-05-01T13:02:23.699+0000] {processor.py:830} INFO - Processing file /home/airflow/.local/lib/python3.12/site-packages/airflow/example_dags/example_task_group.py for tasks to queue
[2024-05-01T13:02:23.701+0000] {logging_mixin.py:188} INFO - [2024-05-01T13:02:23.701+0000] {dagbag.py:540} INFO - Filling up the DagBag from /home/airflow/.local/lib/python3.12/site-packages/airflow/example_dags/example_task_group.py
[2024-05-01T13:02:23.710+0000] {processor.py:840} INFO - DAG(s) 'example_task_group' retrieved from /home/airflow/.local/lib/python3.12/site-packages/airflow/example_dags/example_task_group.py
[2024-05-01T13:02:23.733+0000] {logging_mixin.py:188} INFO - [2024-05-01T13:02:23.733+0000] {dag.py:3096} INFO - Sync 1 DAGs
[2024-05-01T13:02:23.758+0000] {logging_mixin.py:188} INFO - [2024-05-01T13:02:23.758+0000] {dag.py:3954} INFO - Setting next_dagrun for example_task_group to 2024-04-30 00:00:00+00:00, run_after=2024-05-01 00:00:00+00:00
[2024-05-01T13:02:23.776+0000] {processor.py:183} INFO - Processing /home/airflow/.local/lib/python3.12/site-packages/airflow/example_dags/example_task_group.py took 0.085 seconds
[2024-05-01T13:02:56.836+0000] {processor.py:161} INFO - Started process (PID=4031) to work on /home/airflow/.local/lib/python3.12/site-packages/airflow/example_dags/example_task_group.py
[2024-05-01T13:02:56.844+0000] {processor.py:830} INFO - Processing file /home/airflow/.local/lib/python3.12/site-packages/airflow/example_dags/example_task_group.py for tasks to queue
[2024-05-01T13:02:56.857+0000] {logging_mixin.py:188} INFO - [2024-05-01T13:02:56.855+0000] {dagbag.py:540} INFO - Filling up the DagBag from /home/airflow/.local/lib/python3.12/site-packages/airflow/example_dags/example_task_group.py
[2024-05-01T13:02:56.904+0000] {processor.py:840} INFO - DAG(s) 'example_task_group' retrieved from /home/airflow/.local/lib/python3.12/site-packages/airflow/example_dags/example_task_group.py
[2024-05-01T13:02:57.032+0000] {logging_mixin.py:188} INFO - [2024-05-01T13:02:57.031+0000] {dag.py:3096} INFO - Sync 1 DAGs
[2024-05-01T13:02:57.174+0000] {logging_mixin.py:188} INFO - [2024-05-01T13:02:57.173+0000] {dag.py:3954} INFO - Setting next_dagrun for example_task_group to 2024-04-30 00:00:00+00:00, run_after=2024-05-01 00:00:00+00:00
[2024-05-01T13:02:57.299+0000] {processor.py:183} INFO - Processing /home/airflow/.local/lib/python3.12/site-packages/airflow/example_dags/example_task_group.py took 0.498 seconds
[2024-05-01T13:06:45.215+0000] {processor.py:161} INFO - Started process (PID=4086) to work on /home/airflow/.local/lib/python3.12/site-packages/airflow/example_dags/example_task_group.py
[2024-05-01T13:06:45.219+0000] {processor.py:830} INFO - Processing file /home/airflow/.local/lib/python3.12/site-packages/airflow/example_dags/example_task_group.py for tasks to queue
[2024-05-01T13:06:45.225+0000] {logging_mixin.py:188} INFO - [2024-05-01T13:06:45.224+0000] {dagbag.py:540} INFO - Filling up the DagBag from /home/airflow/.local/lib/python3.12/site-packages/airflow/example_dags/example_task_group.py
[2024-05-01T13:06:45.245+0000] {processor.py:840} INFO - DAG(s) 'example_task_group' retrieved from /home/airflow/.local/lib/python3.12/site-packages/airflow/example_dags/example_task_group.py
[2024-05-01T13:06:45.298+0000] {logging_mixin.py:188} INFO - [2024-05-01T13:06:45.297+0000] {dag.py:3096} INFO - Sync 1 DAGs
[2024-05-01T13:06:45.343+0000] {logging_mixin.py:188} INFO - [2024-05-01T13:06:45.343+0000] {dag.py:3954} INFO - Setting next_dagrun for example_task_group to 2024-04-30 00:00:00+00:00, run_after=2024-05-01 00:00:00+00:00
[2024-05-01T13:06:45.377+0000] {processor.py:183} INFO - Processing /home/airflow/.local/lib/python3.12/site-packages/airflow/example_dags/example_task_group.py took 0.179 seconds
[2024-05-01T13:07:15.499+0000] {processor.py:161} INFO - Started process (PID=4144) to work on /home/airflow/.local/lib/python3.12/site-packages/airflow/example_dags/example_task_group.py
[2024-05-01T13:07:15.501+0000] {processor.py:830} INFO - Processing file /home/airflow/.local/lib/python3.12/site-packages/airflow/example_dags/example_task_group.py for tasks to queue
[2024-05-01T13:07:15.503+0000] {logging_mixin.py:188} INFO - [2024-05-01T13:07:15.503+0000] {dagbag.py:540} INFO - Filling up the DagBag from /home/airflow/.local/lib/python3.12/site-packages/airflow/example_dags/example_task_group.py
[2024-05-01T13:07:15.513+0000] {processor.py:840} INFO - DAG(s) 'example_task_group' retrieved from /home/airflow/.local/lib/python3.12/site-packages/airflow/example_dags/example_task_group.py
[2024-05-01T13:07:15.539+0000] {logging_mixin.py:188} INFO - [2024-05-01T13:07:15.539+0000] {dag.py:3096} INFO - Sync 1 DAGs
[2024-05-01T13:07:15.568+0000] {logging_mixin.py:188} INFO - [2024-05-01T13:07:15.568+0000] {dag.py:3954} INFO - Setting next_dagrun for example_task_group to 2024-04-30 00:00:00+00:00, run_after=2024-05-01 00:00:00+00:00
[2024-05-01T13:07:15.589+0000] {processor.py:183} INFO - Processing /home/airflow/.local/lib/python3.12/site-packages/airflow/example_dags/example_task_group.py took 0.097 seconds
[2024-05-01T13:07:45.656+0000] {processor.py:161} INFO - Started process (PID=4202) to work on /home/airflow/.local/lib/python3.12/site-packages/airflow/example_dags/example_task_group.py
[2024-05-01T13:07:45.658+0000] {processor.py:830} INFO - Processing file /home/airflow/.local/lib/python3.12/site-packages/airflow/example_dags/example_task_group.py for tasks to queue
[2024-05-01T13:07:45.661+0000] {logging_mixin.py:188} INFO - [2024-05-01T13:07:45.660+0000] {dagbag.py:540} INFO - Filling up the DagBag from /home/airflow/.local/lib/python3.12/site-packages/airflow/example_dags/example_task_group.py
[2024-05-01T13:07:45.669+0000] {processor.py:840} INFO - DAG(s) 'example_task_group' retrieved from /home/airflow/.local/lib/python3.12/site-packages/airflow/example_dags/example_task_group.py
[2024-05-01T13:07:45.695+0000] {logging_mixin.py:188} INFO - [2024-05-01T13:07:45.695+0000] {dag.py:3096} INFO - Sync 1 DAGs
[2024-05-01T13:07:45.726+0000] {logging_mixin.py:188} INFO - [2024-05-01T13:07:45.725+0000] {dag.py:3954} INFO - Setting next_dagrun for example_task_group to 2024-04-30 00:00:00+00:00, run_after=2024-05-01 00:00:00+00:00
[2024-05-01T13:07:45.753+0000] {processor.py:183} INFO - Processing /home/airflow/.local/lib/python3.12/site-packages/airflow/example_dags/example_task_group.py took 0.104 seconds
[2024-05-01T13:08:16.071+0000] {processor.py:161} INFO - Started process (PID=4260) to work on /home/airflow/.local/lib/python3.12/site-packages/airflow/example_dags/example_task_group.py
[2024-05-01T13:08:16.072+0000] {processor.py:830} INFO - Processing file /home/airflow/.local/lib/python3.12/site-packages/airflow/example_dags/example_task_group.py for tasks to queue
[2024-05-01T13:08:16.075+0000] {logging_mixin.py:188} INFO - [2024-05-01T13:08:16.075+0000] {dagbag.py:540} INFO - Filling up the DagBag from /home/airflow/.local/lib/python3.12/site-packages/airflow/example_dags/example_task_group.py
[2024-05-01T13:08:16.083+0000] {processor.py:840} INFO - DAG(s) 'example_task_group' retrieved from /home/airflow/.local/lib/python3.12/site-packages/airflow/example_dags/example_task_group.py
[2024-05-01T13:08:16.105+0000] {logging_mixin.py:188} INFO - [2024-05-01T13:08:16.105+0000] {dag.py:3096} INFO - Sync 1 DAGs
[2024-05-01T13:08:16.130+0000] {logging_mixin.py:188} INFO - [2024-05-01T13:08:16.130+0000] {dag.py:3954} INFO - Setting next_dagrun for example_task_group to 2024-04-30 00:00:00+00:00, run_after=2024-05-01 00:00:00+00:00
[2024-05-01T13:08:16.149+0000] {processor.py:183} INFO - Processing /home/airflow/.local/lib/python3.12/site-packages/airflow/example_dags/example_task_group.py took 0.085 seconds
[2024-05-01T13:08:46.468+0000] {processor.py:161} INFO - Started process (PID=4318) to work on /home/airflow/.local/lib/python3.12/site-packages/airflow/example_dags/example_task_group.py
[2024-05-01T13:08:46.471+0000] {processor.py:830} INFO - Processing file /home/airflow/.local/lib/python3.12/site-packages/airflow/example_dags/example_task_group.py for tasks to queue
[2024-05-01T13:08:46.473+0000] {logging_mixin.py:188} INFO - [2024-05-01T13:08:46.473+0000] {dagbag.py:540} INFO - Filling up the DagBag from /home/airflow/.local/lib/python3.12/site-packages/airflow/example_dags/example_task_group.py
[2024-05-01T13:08:46.483+0000] {processor.py:840} INFO - DAG(s) 'example_task_group' retrieved from /home/airflow/.local/lib/python3.12/site-packages/airflow/example_dags/example_task_group.py
[2024-05-01T13:08:46.509+0000] {logging_mixin.py:188} INFO - [2024-05-01T13:08:46.509+0000] {dag.py:3096} INFO - Sync 1 DAGs
[2024-05-01T13:08:46.541+0000] {logging_mixin.py:188} INFO - [2024-05-01T13:08:46.541+0000] {dag.py:3954} INFO - Setting next_dagrun for example_task_group to 2024-04-30 00:00:00+00:00, run_after=2024-05-01 00:00:00+00:00
[2024-05-01T13:08:46.561+0000] {processor.py:183} INFO - Processing /home/airflow/.local/lib/python3.12/site-packages/airflow/example_dags/example_task_group.py took 0.100 seconds
