[2024-05-01T12:28:14.310+0000] {processor.py:161} INFO - Started process (PID=52) to work on /home/airflow/.local/lib/python3.12/site-packages/airflow/example_dags/example_complex.py
[2024-05-01T12:28:14.313+0000] {processor.py:830} INFO - Processing file /home/airflow/.local/lib/python3.12/site-packages/airflow/example_dags/example_complex.py for tasks to queue
[2024-05-01T12:28:14.318+0000] {logging_mixin.py:188} INFO - [2024-05-01T12:28:14.317+0000] {dagbag.py:540} INFO - Filling up the DagBag from /home/airflow/.local/lib/python3.12/site-packages/airflow/example_dags/example_complex.py
[2024-05-01T12:28:14.343+0000] {processor.py:840} INFO - DAG(s) 'example_complex' retrieved from /home/airflow/.local/lib/python3.12/site-packages/airflow/example_dags/example_complex.py
[2024-05-01T12:28:14.363+0000] {logging_mixin.py:188} INFO - [2024-05-01T12:28:14.362+0000] {dag.py:3096} INFO - Sync 1 DAGs
[2024-05-01T12:28:14.402+0000] {logging_mixin.py:188} INFO - [2024-05-01T12:28:14.402+0000] {dag.py:3954} INFO - Setting next_dagrun for example_complex to None, run_after=None
[2024-05-01T12:28:14.434+0000] {processor.py:183} INFO - Processing /home/airflow/.local/lib/python3.12/site-packages/airflow/example_dags/example_complex.py took 0.139 seconds
[2024-05-01T12:28:44.508+0000] {processor.py:161} INFO - Started process (PID=110) to work on /home/airflow/.local/lib/python3.12/site-packages/airflow/example_dags/example_complex.py
[2024-05-01T12:28:44.510+0000] {processor.py:830} INFO - Processing file /home/airflow/.local/lib/python3.12/site-packages/airflow/example_dags/example_complex.py for tasks to queue
[2024-05-01T12:28:44.512+0000] {logging_mixin.py:188} INFO - [2024-05-01T12:28:44.512+0000] {dagbag.py:540} INFO - Filling up the DagBag from /home/airflow/.local/lib/python3.12/site-packages/airflow/example_dags/example_complex.py
[2024-05-01T12:28:44.524+0000] {processor.py:840} INFO - DAG(s) 'example_complex' retrieved from /home/airflow/.local/lib/python3.12/site-packages/airflow/example_dags/example_complex.py
[2024-05-01T12:28:44.646+0000] {logging_mixin.py:188} INFO - [2024-05-01T12:28:44.646+0000] {dag.py:3096} INFO - Sync 1 DAGs
[2024-05-01T12:28:44.659+0000] {logging_mixin.py:188} INFO - [2024-05-01T12:28:44.658+0000] {dag.py:3954} INFO - Setting next_dagrun for example_complex to None, run_after=None
[2024-05-01T12:28:44.678+0000] {processor.py:183} INFO - Processing /home/airflow/.local/lib/python3.12/site-packages/airflow/example_dags/example_complex.py took 0.177 seconds
[2024-05-01T12:29:15.427+0000] {processor.py:161} INFO - Started process (PID=168) to work on /home/airflow/.local/lib/python3.12/site-packages/airflow/example_dags/example_complex.py
[2024-05-01T12:29:15.428+0000] {processor.py:830} INFO - Processing file /home/airflow/.local/lib/python3.12/site-packages/airflow/example_dags/example_complex.py for tasks to queue
[2024-05-01T12:29:15.432+0000] {logging_mixin.py:188} INFO - [2024-05-01T12:29:15.431+0000] {dagbag.py:540} INFO - Filling up the DagBag from /home/airflow/.local/lib/python3.12/site-packages/airflow/example_dags/example_complex.py
[2024-05-01T12:29:15.445+0000] {processor.py:840} INFO - DAG(s) 'example_complex' retrieved from /home/airflow/.local/lib/python3.12/site-packages/airflow/example_dags/example_complex.py
[2024-05-01T12:29:15.478+0000] {logging_mixin.py:188} INFO - [2024-05-01T12:29:15.478+0000] {dag.py:3096} INFO - Sync 1 DAGs
[2024-05-01T12:29:15.493+0000] {logging_mixin.py:188} INFO - [2024-05-01T12:29:15.493+0000] {dag.py:3954} INFO - Setting next_dagrun for example_complex to None, run_after=None
[2024-05-01T12:29:15.512+0000] {processor.py:183} INFO - Processing /home/airflow/.local/lib/python3.12/site-packages/airflow/example_dags/example_complex.py took 0.092 seconds
[2024-05-01T12:29:45.886+0000] {processor.py:161} INFO - Started process (PID=226) to work on /home/airflow/.local/lib/python3.12/site-packages/airflow/example_dags/example_complex.py
[2024-05-01T12:29:45.889+0000] {processor.py:830} INFO - Processing file /home/airflow/.local/lib/python3.12/site-packages/airflow/example_dags/example_complex.py for tasks to queue
[2024-05-01T12:29:45.894+0000] {logging_mixin.py:188} INFO - [2024-05-01T12:29:45.893+0000] {dagbag.py:540} INFO - Filling up the DagBag from /home/airflow/.local/lib/python3.12/site-packages/airflow/example_dags/example_complex.py
[2024-05-01T12:29:45.910+0000] {processor.py:840} INFO - DAG(s) 'example_complex' retrieved from /home/airflow/.local/lib/python3.12/site-packages/airflow/example_dags/example_complex.py
[2024-05-01T12:29:45.959+0000] {logging_mixin.py:188} INFO - [2024-05-01T12:29:45.959+0000] {dag.py:3096} INFO - Sync 1 DAGs
[2024-05-01T12:29:45.978+0000] {logging_mixin.py:188} INFO - [2024-05-01T12:29:45.978+0000] {dag.py:3954} INFO - Setting next_dagrun for example_complex to None, run_after=None
[2024-05-01T12:29:46.000+0000] {processor.py:183} INFO - Processing /home/airflow/.local/lib/python3.12/site-packages/airflow/example_dags/example_complex.py took 0.123 seconds
[2024-05-01T12:30:16.030+0000] {processor.py:161} INFO - Started process (PID=284) to work on /home/airflow/.local/lib/python3.12/site-packages/airflow/example_dags/example_complex.py
[2024-05-01T12:30:16.032+0000] {processor.py:830} INFO - Processing file /home/airflow/.local/lib/python3.12/site-packages/airflow/example_dags/example_complex.py for tasks to queue
[2024-05-01T12:30:16.034+0000] {logging_mixin.py:188} INFO - [2024-05-01T12:30:16.034+0000] {dagbag.py:540} INFO - Filling up the DagBag from /home/airflow/.local/lib/python3.12/site-packages/airflow/example_dags/example_complex.py
[2024-05-01T12:30:16.046+0000] {processor.py:840} INFO - DAG(s) 'example_complex' retrieved from /home/airflow/.local/lib/python3.12/site-packages/airflow/example_dags/example_complex.py
[2024-05-01T12:30:16.080+0000] {logging_mixin.py:188} INFO - [2024-05-01T12:30:16.080+0000] {dag.py:3096} INFO - Sync 1 DAGs
[2024-05-01T12:30:16.095+0000] {logging_mixin.py:188} INFO - [2024-05-01T12:30:16.095+0000] {dag.py:3954} INFO - Setting next_dagrun for example_complex to None, run_after=None
[2024-05-01T12:30:16.113+0000] {processor.py:183} INFO - Processing /home/airflow/.local/lib/python3.12/site-packages/airflow/example_dags/example_complex.py took 0.089 seconds
[2024-05-01T12:30:46.608+0000] {processor.py:161} INFO - Started process (PID=342) to work on /home/airflow/.local/lib/python3.12/site-packages/airflow/example_dags/example_complex.py
[2024-05-01T12:30:46.610+0000] {processor.py:830} INFO - Processing file /home/airflow/.local/lib/python3.12/site-packages/airflow/example_dags/example_complex.py for tasks to queue
[2024-05-01T12:30:46.612+0000] {logging_mixin.py:188} INFO - [2024-05-01T12:30:46.611+0000] {dagbag.py:540} INFO - Filling up the DagBag from /home/airflow/.local/lib/python3.12/site-packages/airflow/example_dags/example_complex.py
[2024-05-01T12:30:46.623+0000] {processor.py:840} INFO - DAG(s) 'example_complex' retrieved from /home/airflow/.local/lib/python3.12/site-packages/airflow/example_dags/example_complex.py
[2024-05-01T12:30:46.659+0000] {logging_mixin.py:188} INFO - [2024-05-01T12:30:46.659+0000] {dag.py:3096} INFO - Sync 1 DAGs
[2024-05-01T12:30:46.673+0000] {logging_mixin.py:188} INFO - [2024-05-01T12:30:46.673+0000] {dag.py:3954} INFO - Setting next_dagrun for example_complex to None, run_after=None
[2024-05-01T12:30:46.697+0000] {processor.py:183} INFO - Processing /home/airflow/.local/lib/python3.12/site-packages/airflow/example_dags/example_complex.py took 0.095 seconds
[2024-05-01T12:31:17.146+0000] {processor.py:161} INFO - Started process (PID=400) to work on /home/airflow/.local/lib/python3.12/site-packages/airflow/example_dags/example_complex.py
[2024-05-01T12:31:17.148+0000] {processor.py:830} INFO - Processing file /home/airflow/.local/lib/python3.12/site-packages/airflow/example_dags/example_complex.py for tasks to queue
[2024-05-01T12:31:17.151+0000] {logging_mixin.py:188} INFO - [2024-05-01T12:31:17.150+0000] {dagbag.py:540} INFO - Filling up the DagBag from /home/airflow/.local/lib/python3.12/site-packages/airflow/example_dags/example_complex.py
[2024-05-01T12:31:17.163+0000] {processor.py:840} INFO - DAG(s) 'example_complex' retrieved from /home/airflow/.local/lib/python3.12/site-packages/airflow/example_dags/example_complex.py
[2024-05-01T12:31:17.198+0000] {logging_mixin.py:188} INFO - [2024-05-01T12:31:17.198+0000] {dag.py:3096} INFO - Sync 1 DAGs
[2024-05-01T12:31:17.213+0000] {logging_mixin.py:188} INFO - [2024-05-01T12:31:17.213+0000] {dag.py:3954} INFO - Setting next_dagrun for example_complex to None, run_after=None
[2024-05-01T12:31:17.231+0000] {processor.py:183} INFO - Processing /home/airflow/.local/lib/python3.12/site-packages/airflow/example_dags/example_complex.py took 0.092 seconds
[2024-05-01T12:31:47.967+0000] {processor.py:161} INFO - Started process (PID=458) to work on /home/airflow/.local/lib/python3.12/site-packages/airflow/example_dags/example_complex.py
[2024-05-01T12:31:47.968+0000] {processor.py:830} INFO - Processing file /home/airflow/.local/lib/python3.12/site-packages/airflow/example_dags/example_complex.py for tasks to queue
[2024-05-01T12:31:47.970+0000] {logging_mixin.py:188} INFO - [2024-05-01T12:31:47.970+0000] {dagbag.py:540} INFO - Filling up the DagBag from /home/airflow/.local/lib/python3.12/site-packages/airflow/example_dags/example_complex.py
[2024-05-01T12:31:47.982+0000] {processor.py:840} INFO - DAG(s) 'example_complex' retrieved from /home/airflow/.local/lib/python3.12/site-packages/airflow/example_dags/example_complex.py
[2024-05-01T12:31:48.016+0000] {logging_mixin.py:188} INFO - [2024-05-01T12:31:48.016+0000] {dag.py:3096} INFO - Sync 1 DAGs
[2024-05-01T12:31:48.030+0000] {logging_mixin.py:188} INFO - [2024-05-01T12:31:48.030+0000] {dag.py:3954} INFO - Setting next_dagrun for example_complex to None, run_after=None
[2024-05-01T12:31:48.048+0000] {processor.py:183} INFO - Processing /home/airflow/.local/lib/python3.12/site-packages/airflow/example_dags/example_complex.py took 0.087 seconds
[2024-05-01T12:32:18.219+0000] {processor.py:161} INFO - Started process (PID=516) to work on /home/airflow/.local/lib/python3.12/site-packages/airflow/example_dags/example_complex.py
[2024-05-01T12:32:18.220+0000] {processor.py:830} INFO - Processing file /home/airflow/.local/lib/python3.12/site-packages/airflow/example_dags/example_complex.py for tasks to queue
[2024-05-01T12:32:18.222+0000] {logging_mixin.py:188} INFO - [2024-05-01T12:32:18.222+0000] {dagbag.py:540} INFO - Filling up the DagBag from /home/airflow/.local/lib/python3.12/site-packages/airflow/example_dags/example_complex.py
[2024-05-01T12:32:18.235+0000] {processor.py:840} INFO - DAG(s) 'example_complex' retrieved from /home/airflow/.local/lib/python3.12/site-packages/airflow/example_dags/example_complex.py
[2024-05-01T12:32:18.269+0000] {logging_mixin.py:188} INFO - [2024-05-01T12:32:18.269+0000] {dag.py:3096} INFO - Sync 1 DAGs
[2024-05-01T12:32:18.284+0000] {logging_mixin.py:188} INFO - [2024-05-01T12:32:18.284+0000] {dag.py:3954} INFO - Setting next_dagrun for example_complex to None, run_after=None
[2024-05-01T12:32:18.303+0000] {processor.py:183} INFO - Processing /home/airflow/.local/lib/python3.12/site-packages/airflow/example_dags/example_complex.py took 0.091 seconds
[2024-05-01T12:32:48.426+0000] {processor.py:161} INFO - Started process (PID=574) to work on /home/airflow/.local/lib/python3.12/site-packages/airflow/example_dags/example_complex.py
[2024-05-01T12:32:48.428+0000] {processor.py:830} INFO - Processing file /home/airflow/.local/lib/python3.12/site-packages/airflow/example_dags/example_complex.py for tasks to queue
[2024-05-01T12:32:48.430+0000] {logging_mixin.py:188} INFO - [2024-05-01T12:32:48.430+0000] {dagbag.py:540} INFO - Filling up the DagBag from /home/airflow/.local/lib/python3.12/site-packages/airflow/example_dags/example_complex.py
[2024-05-01T12:32:48.442+0000] {processor.py:840} INFO - DAG(s) 'example_complex' retrieved from /home/airflow/.local/lib/python3.12/site-packages/airflow/example_dags/example_complex.py
[2024-05-01T12:32:48.499+0000] {logging_mixin.py:188} INFO - [2024-05-01T12:32:48.499+0000] {dag.py:3096} INFO - Sync 1 DAGs
[2024-05-01T12:32:48.516+0000] {logging_mixin.py:188} INFO - [2024-05-01T12:32:48.516+0000] {dag.py:3954} INFO - Setting next_dagrun for example_complex to None, run_after=None
[2024-05-01T12:32:48.537+0000] {processor.py:183} INFO - Processing /home/airflow/.local/lib/python3.12/site-packages/airflow/example_dags/example_complex.py took 0.117 seconds
[2024-05-01T12:33:19.064+0000] {processor.py:161} INFO - Started process (PID=632) to work on /home/airflow/.local/lib/python3.12/site-packages/airflow/example_dags/example_complex.py
[2024-05-01T12:33:19.071+0000] {processor.py:830} INFO - Processing file /home/airflow/.local/lib/python3.12/site-packages/airflow/example_dags/example_complex.py for tasks to queue
[2024-05-01T12:33:19.079+0000] {logging_mixin.py:188} INFO - [2024-05-01T12:33:19.077+0000] {dagbag.py:540} INFO - Filling up the DagBag from /home/airflow/.local/lib/python3.12/site-packages/airflow/example_dags/example_complex.py
[2024-05-01T12:33:19.121+0000] {processor.py:840} INFO - DAG(s) 'example_complex' retrieved from /home/airflow/.local/lib/python3.12/site-packages/airflow/example_dags/example_complex.py
[2024-05-01T12:33:19.220+0000] {logging_mixin.py:188} INFO - [2024-05-01T12:33:19.219+0000] {dag.py:3096} INFO - Sync 1 DAGs
[2024-05-01T12:33:19.256+0000] {logging_mixin.py:188} INFO - [2024-05-01T12:33:19.256+0000] {dag.py:3954} INFO - Setting next_dagrun for example_complex to None, run_after=None
[2024-05-01T12:33:19.323+0000] {processor.py:183} INFO - Processing /home/airflow/.local/lib/python3.12/site-packages/airflow/example_dags/example_complex.py took 0.267 seconds
[2024-05-01T12:33:49.740+0000] {processor.py:161} INFO - Started process (PID=690) to work on /home/airflow/.local/lib/python3.12/site-packages/airflow/example_dags/example_complex.py
[2024-05-01T12:33:49.741+0000] {processor.py:830} INFO - Processing file /home/airflow/.local/lib/python3.12/site-packages/airflow/example_dags/example_complex.py for tasks to queue
[2024-05-01T12:33:49.744+0000] {logging_mixin.py:188} INFO - [2024-05-01T12:33:49.743+0000] {dagbag.py:540} INFO - Filling up the DagBag from /home/airflow/.local/lib/python3.12/site-packages/airflow/example_dags/example_complex.py
[2024-05-01T12:33:49.755+0000] {processor.py:840} INFO - DAG(s) 'example_complex' retrieved from /home/airflow/.local/lib/python3.12/site-packages/airflow/example_dags/example_complex.py
[2024-05-01T12:33:49.790+0000] {logging_mixin.py:188} INFO - [2024-05-01T12:33:49.790+0000] {dag.py:3096} INFO - Sync 1 DAGs
[2024-05-01T12:33:49.805+0000] {logging_mixin.py:188} INFO - [2024-05-01T12:33:49.805+0000] {dag.py:3954} INFO - Setting next_dagrun for example_complex to None, run_after=None
[2024-05-01T12:33:49.823+0000] {processor.py:183} INFO - Processing /home/airflow/.local/lib/python3.12/site-packages/airflow/example_dags/example_complex.py took 0.089 seconds
[2024-05-01T12:34:20.727+0000] {processor.py:161} INFO - Started process (PID=748) to work on /home/airflow/.local/lib/python3.12/site-packages/airflow/example_dags/example_complex.py
[2024-05-01T12:34:20.729+0000] {processor.py:830} INFO - Processing file /home/airflow/.local/lib/python3.12/site-packages/airflow/example_dags/example_complex.py for tasks to queue
[2024-05-01T12:34:20.732+0000] {logging_mixin.py:188} INFO - [2024-05-01T12:34:20.731+0000] {dagbag.py:540} INFO - Filling up the DagBag from /home/airflow/.local/lib/python3.12/site-packages/airflow/example_dags/example_complex.py
[2024-05-01T12:34:20.745+0000] {processor.py:840} INFO - DAG(s) 'example_complex' retrieved from /home/airflow/.local/lib/python3.12/site-packages/airflow/example_dags/example_complex.py
[2024-05-01T12:34:20.785+0000] {logging_mixin.py:188} INFO - [2024-05-01T12:34:20.784+0000] {dag.py:3096} INFO - Sync 1 DAGs
[2024-05-01T12:34:20.800+0000] {logging_mixin.py:188} INFO - [2024-05-01T12:34:20.800+0000] {dag.py:3954} INFO - Setting next_dagrun for example_complex to None, run_after=None
[2024-05-01T12:34:20.819+0000] {processor.py:183} INFO - Processing /home/airflow/.local/lib/python3.12/site-packages/airflow/example_dags/example_complex.py took 0.101 seconds
[2024-05-01T12:34:51.086+0000] {processor.py:161} INFO - Started process (PID=806) to work on /home/airflow/.local/lib/python3.12/site-packages/airflow/example_dags/example_complex.py
[2024-05-01T12:34:51.087+0000] {processor.py:830} INFO - Processing file /home/airflow/.local/lib/python3.12/site-packages/airflow/example_dags/example_complex.py for tasks to queue
[2024-05-01T12:34:51.090+0000] {logging_mixin.py:188} INFO - [2024-05-01T12:34:51.089+0000] {dagbag.py:540} INFO - Filling up the DagBag from /home/airflow/.local/lib/python3.12/site-packages/airflow/example_dags/example_complex.py
[2024-05-01T12:34:51.101+0000] {processor.py:840} INFO - DAG(s) 'example_complex' retrieved from /home/airflow/.local/lib/python3.12/site-packages/airflow/example_dags/example_complex.py
[2024-05-01T12:34:51.135+0000] {logging_mixin.py:188} INFO - [2024-05-01T12:34:51.135+0000] {dag.py:3096} INFO - Sync 1 DAGs
[2024-05-01T12:34:51.150+0000] {logging_mixin.py:188} INFO - [2024-05-01T12:34:51.149+0000] {dag.py:3954} INFO - Setting next_dagrun for example_complex to None, run_after=None
[2024-05-01T12:34:51.299+0000] {processor.py:183} INFO - Processing /home/airflow/.local/lib/python3.12/site-packages/airflow/example_dags/example_complex.py took 0.220 seconds
[2024-05-01T12:35:22.250+0000] {processor.py:161} INFO - Started process (PID=864) to work on /home/airflow/.local/lib/python3.12/site-packages/airflow/example_dags/example_complex.py
[2024-05-01T12:35:22.251+0000] {processor.py:830} INFO - Processing file /home/airflow/.local/lib/python3.12/site-packages/airflow/example_dags/example_complex.py for tasks to queue
[2024-05-01T12:35:22.254+0000] {logging_mixin.py:188} INFO - [2024-05-01T12:35:22.253+0000] {dagbag.py:540} INFO - Filling up the DagBag from /home/airflow/.local/lib/python3.12/site-packages/airflow/example_dags/example_complex.py
[2024-05-01T12:35:22.267+0000] {processor.py:840} INFO - DAG(s) 'example_complex' retrieved from /home/airflow/.local/lib/python3.12/site-packages/airflow/example_dags/example_complex.py
[2024-05-01T12:35:22.302+0000] {logging_mixin.py:188} INFO - [2024-05-01T12:35:22.302+0000] {dag.py:3096} INFO - Sync 1 DAGs
[2024-05-01T12:35:22.316+0000] {logging_mixin.py:188} INFO - [2024-05-01T12:35:22.316+0000] {dag.py:3954} INFO - Setting next_dagrun for example_complex to None, run_after=None
[2024-05-01T12:35:22.337+0000] {processor.py:183} INFO - Processing /home/airflow/.local/lib/python3.12/site-packages/airflow/example_dags/example_complex.py took 0.095 seconds
[2024-05-01T12:35:52.461+0000] {processor.py:161} INFO - Started process (PID=922) to work on /home/airflow/.local/lib/python3.12/site-packages/airflow/example_dags/example_complex.py
[2024-05-01T12:35:52.463+0000] {processor.py:830} INFO - Processing file /home/airflow/.local/lib/python3.12/site-packages/airflow/example_dags/example_complex.py for tasks to queue
[2024-05-01T12:35:52.465+0000] {logging_mixin.py:188} INFO - [2024-05-01T12:35:52.465+0000] {dagbag.py:540} INFO - Filling up the DagBag from /home/airflow/.local/lib/python3.12/site-packages/airflow/example_dags/example_complex.py
[2024-05-01T12:35:52.477+0000] {processor.py:840} INFO - DAG(s) 'example_complex' retrieved from /home/airflow/.local/lib/python3.12/site-packages/airflow/example_dags/example_complex.py
[2024-05-01T12:35:52.511+0000] {logging_mixin.py:188} INFO - [2024-05-01T12:35:52.510+0000] {dag.py:3096} INFO - Sync 1 DAGs
[2024-05-01T12:35:52.526+0000] {logging_mixin.py:188} INFO - [2024-05-01T12:35:52.525+0000] {dag.py:3954} INFO - Setting next_dagrun for example_complex to None, run_after=None
[2024-05-01T12:35:52.545+0000] {processor.py:183} INFO - Processing /home/airflow/.local/lib/python3.12/site-packages/airflow/example_dags/example_complex.py took 0.091 seconds
[2024-05-01T12:36:23.467+0000] {processor.py:161} INFO - Started process (PID=980) to work on /home/airflow/.local/lib/python3.12/site-packages/airflow/example_dags/example_complex.py
[2024-05-01T12:36:23.469+0000] {processor.py:830} INFO - Processing file /home/airflow/.local/lib/python3.12/site-packages/airflow/example_dags/example_complex.py for tasks to queue
[2024-05-01T12:36:23.473+0000] {logging_mixin.py:188} INFO - [2024-05-01T12:36:23.472+0000] {dagbag.py:540} INFO - Filling up the DagBag from /home/airflow/.local/lib/python3.12/site-packages/airflow/example_dags/example_complex.py
[2024-05-01T12:36:23.488+0000] {processor.py:840} INFO - DAG(s) 'example_complex' retrieved from /home/airflow/.local/lib/python3.12/site-packages/airflow/example_dags/example_complex.py
[2024-05-01T12:36:23.526+0000] {logging_mixin.py:188} INFO - [2024-05-01T12:36:23.525+0000] {dag.py:3096} INFO - Sync 1 DAGs
[2024-05-01T12:36:23.540+0000] {logging_mixin.py:188} INFO - [2024-05-01T12:36:23.540+0000] {dag.py:3954} INFO - Setting next_dagrun for example_complex to None, run_after=None
[2024-05-01T12:36:23.559+0000] {processor.py:183} INFO - Processing /home/airflow/.local/lib/python3.12/site-packages/airflow/example_dags/example_complex.py took 0.100 seconds
[2024-05-01T12:36:53.885+0000] {processor.py:161} INFO - Started process (PID=1038) to work on /home/airflow/.local/lib/python3.12/site-packages/airflow/example_dags/example_complex.py
[2024-05-01T12:36:53.886+0000] {processor.py:830} INFO - Processing file /home/airflow/.local/lib/python3.12/site-packages/airflow/example_dags/example_complex.py for tasks to queue
[2024-05-01T12:36:53.889+0000] {logging_mixin.py:188} INFO - [2024-05-01T12:36:53.888+0000] {dagbag.py:540} INFO - Filling up the DagBag from /home/airflow/.local/lib/python3.12/site-packages/airflow/example_dags/example_complex.py
[2024-05-01T12:36:53.900+0000] {processor.py:840} INFO - DAG(s) 'example_complex' retrieved from /home/airflow/.local/lib/python3.12/site-packages/airflow/example_dags/example_complex.py
[2024-05-01T12:36:53.935+0000] {logging_mixin.py:188} INFO - [2024-05-01T12:36:53.935+0000] {dag.py:3096} INFO - Sync 1 DAGs
[2024-05-01T12:36:53.949+0000] {logging_mixin.py:188} INFO - [2024-05-01T12:36:53.949+0000] {dag.py:3954} INFO - Setting next_dagrun for example_complex to None, run_after=None
[2024-05-01T12:36:53.969+0000] {processor.py:183} INFO - Processing /home/airflow/.local/lib/python3.12/site-packages/airflow/example_dags/example_complex.py took 0.091 seconds
[2024-05-01T12:37:24.940+0000] {processor.py:161} INFO - Started process (PID=1102) to work on /home/airflow/.local/lib/python3.12/site-packages/airflow/example_dags/example_complex.py
[2024-05-01T12:37:24.941+0000] {processor.py:830} INFO - Processing file /home/airflow/.local/lib/python3.12/site-packages/airflow/example_dags/example_complex.py for tasks to queue
[2024-05-01T12:37:24.944+0000] {logging_mixin.py:188} INFO - [2024-05-01T12:37:24.943+0000] {dagbag.py:540} INFO - Filling up the DagBag from /home/airflow/.local/lib/python3.12/site-packages/airflow/example_dags/example_complex.py
[2024-05-01T12:37:24.956+0000] {processor.py:840} INFO - DAG(s) 'example_complex' retrieved from /home/airflow/.local/lib/python3.12/site-packages/airflow/example_dags/example_complex.py
[2024-05-01T12:37:24.994+0000] {logging_mixin.py:188} INFO - [2024-05-01T12:37:24.993+0000] {dag.py:3096} INFO - Sync 1 DAGs
[2024-05-01T12:37:25.008+0000] {logging_mixin.py:188} INFO - [2024-05-01T12:37:25.008+0000] {dag.py:3954} INFO - Setting next_dagrun for example_complex to None, run_after=None
[2024-05-01T12:37:25.032+0000] {processor.py:183} INFO - Processing /home/airflow/.local/lib/python3.12/site-packages/airflow/example_dags/example_complex.py took 0.099 seconds
[2024-05-01T12:37:55.766+0000] {processor.py:161} INFO - Started process (PID=1160) to work on /home/airflow/.local/lib/python3.12/site-packages/airflow/example_dags/example_complex.py
[2024-05-01T12:37:55.768+0000] {processor.py:830} INFO - Processing file /home/airflow/.local/lib/python3.12/site-packages/airflow/example_dags/example_complex.py for tasks to queue
[2024-05-01T12:37:55.770+0000] {logging_mixin.py:188} INFO - [2024-05-01T12:37:55.770+0000] {dagbag.py:540} INFO - Filling up the DagBag from /home/airflow/.local/lib/python3.12/site-packages/airflow/example_dags/example_complex.py
[2024-05-01T12:37:55.783+0000] {processor.py:840} INFO - DAG(s) 'example_complex' retrieved from /home/airflow/.local/lib/python3.12/site-packages/airflow/example_dags/example_complex.py
[2024-05-01T12:37:55.825+0000] {logging_mixin.py:188} INFO - [2024-05-01T12:37:55.824+0000] {dag.py:3096} INFO - Sync 1 DAGs
[2024-05-01T12:37:55.844+0000] {logging_mixin.py:188} INFO - [2024-05-01T12:37:55.844+0000] {dag.py:3954} INFO - Setting next_dagrun for example_complex to None, run_after=None
[2024-05-01T12:37:55.870+0000] {processor.py:183} INFO - Processing /home/airflow/.local/lib/python3.12/site-packages/airflow/example_dags/example_complex.py took 0.112 seconds
[2024-05-01T12:38:25.987+0000] {processor.py:161} INFO - Started process (PID=1218) to work on /home/airflow/.local/lib/python3.12/site-packages/airflow/example_dags/example_complex.py
[2024-05-01T12:38:25.988+0000] {processor.py:830} INFO - Processing file /home/airflow/.local/lib/python3.12/site-packages/airflow/example_dags/example_complex.py for tasks to queue
[2024-05-01T12:38:25.991+0000] {logging_mixin.py:188} INFO - [2024-05-01T12:38:25.990+0000] {dagbag.py:540} INFO - Filling up the DagBag from /home/airflow/.local/lib/python3.12/site-packages/airflow/example_dags/example_complex.py
[2024-05-01T12:38:26.005+0000] {processor.py:840} INFO - DAG(s) 'example_complex' retrieved from /home/airflow/.local/lib/python3.12/site-packages/airflow/example_dags/example_complex.py
[2024-05-01T12:38:26.046+0000] {logging_mixin.py:188} INFO - [2024-05-01T12:38:26.046+0000] {dag.py:3096} INFO - Sync 1 DAGs
[2024-05-01T12:38:26.062+0000] {logging_mixin.py:188} INFO - [2024-05-01T12:38:26.062+0000] {dag.py:3954} INFO - Setting next_dagrun for example_complex to None, run_after=None
[2024-05-01T12:38:26.083+0000] {processor.py:183} INFO - Processing /home/airflow/.local/lib/python3.12/site-packages/airflow/example_dags/example_complex.py took 0.103 seconds
[2024-05-01T12:38:56.553+0000] {processor.py:161} INFO - Started process (PID=1276) to work on /home/airflow/.local/lib/python3.12/site-packages/airflow/example_dags/example_complex.py
[2024-05-01T12:38:56.555+0000] {processor.py:830} INFO - Processing file /home/airflow/.local/lib/python3.12/site-packages/airflow/example_dags/example_complex.py for tasks to queue
[2024-05-01T12:38:56.557+0000] {logging_mixin.py:188} INFO - [2024-05-01T12:38:56.557+0000] {dagbag.py:540} INFO - Filling up the DagBag from /home/airflow/.local/lib/python3.12/site-packages/airflow/example_dags/example_complex.py
[2024-05-01T12:38:56.569+0000] {processor.py:840} INFO - DAG(s) 'example_complex' retrieved from /home/airflow/.local/lib/python3.12/site-packages/airflow/example_dags/example_complex.py
[2024-05-01T12:38:56.603+0000] {logging_mixin.py:188} INFO - [2024-05-01T12:38:56.603+0000] {dag.py:3096} INFO - Sync 1 DAGs
[2024-05-01T12:38:56.618+0000] {logging_mixin.py:188} INFO - [2024-05-01T12:38:56.618+0000] {dag.py:3954} INFO - Setting next_dagrun for example_complex to None, run_after=None
[2024-05-01T12:38:56.638+0000] {processor.py:183} INFO - Processing /home/airflow/.local/lib/python3.12/site-packages/airflow/example_dags/example_complex.py took 0.091 seconds
[2024-05-01T12:39:26.841+0000] {processor.py:161} INFO - Started process (PID=1333) to work on /home/airflow/.local/lib/python3.12/site-packages/airflow/example_dags/example_complex.py
[2024-05-01T12:39:26.844+0000] {processor.py:830} INFO - Processing file /home/airflow/.local/lib/python3.12/site-packages/airflow/example_dags/example_complex.py for tasks to queue
[2024-05-01T12:39:26.847+0000] {logging_mixin.py:188} INFO - [2024-05-01T12:39:26.846+0000] {dagbag.py:540} INFO - Filling up the DagBag from /home/airflow/.local/lib/python3.12/site-packages/airflow/example_dags/example_complex.py
[2024-05-01T12:39:26.859+0000] {processor.py:840} INFO - DAG(s) 'example_complex' retrieved from /home/airflow/.local/lib/python3.12/site-packages/airflow/example_dags/example_complex.py
[2024-05-01T12:39:26.893+0000] {logging_mixin.py:188} INFO - [2024-05-01T12:39:26.893+0000] {dag.py:3096} INFO - Sync 1 DAGs
[2024-05-01T12:39:26.908+0000] {logging_mixin.py:188} INFO - [2024-05-01T12:39:26.908+0000] {dag.py:3954} INFO - Setting next_dagrun for example_complex to None, run_after=None
[2024-05-01T12:39:26.929+0000] {processor.py:183} INFO - Processing /home/airflow/.local/lib/python3.12/site-packages/airflow/example_dags/example_complex.py took 0.094 seconds
[2024-05-01T12:39:57.276+0000] {processor.py:161} INFO - Started process (PID=1391) to work on /home/airflow/.local/lib/python3.12/site-packages/airflow/example_dags/example_complex.py
[2024-05-01T12:39:57.278+0000] {processor.py:830} INFO - Processing file /home/airflow/.local/lib/python3.12/site-packages/airflow/example_dags/example_complex.py for tasks to queue
[2024-05-01T12:39:57.281+0000] {logging_mixin.py:188} INFO - [2024-05-01T12:39:57.281+0000] {dagbag.py:540} INFO - Filling up the DagBag from /home/airflow/.local/lib/python3.12/site-packages/airflow/example_dags/example_complex.py
[2024-05-01T12:39:57.295+0000] {processor.py:840} INFO - DAG(s) 'example_complex' retrieved from /home/airflow/.local/lib/python3.12/site-packages/airflow/example_dags/example_complex.py
[2024-05-01T12:39:57.335+0000] {logging_mixin.py:188} INFO - [2024-05-01T12:39:57.335+0000] {dag.py:3096} INFO - Sync 1 DAGs
[2024-05-01T12:39:57.351+0000] {logging_mixin.py:188} INFO - [2024-05-01T12:39:57.351+0000] {dag.py:3954} INFO - Setting next_dagrun for example_complex to None, run_after=None
[2024-05-01T12:39:57.373+0000] {processor.py:183} INFO - Processing /home/airflow/.local/lib/python3.12/site-packages/airflow/example_dags/example_complex.py took 0.105 seconds
[2024-05-01T12:40:27.625+0000] {processor.py:161} INFO - Started process (PID=1449) to work on /home/airflow/.local/lib/python3.12/site-packages/airflow/example_dags/example_complex.py
[2024-05-01T12:40:27.626+0000] {processor.py:830} INFO - Processing file /home/airflow/.local/lib/python3.12/site-packages/airflow/example_dags/example_complex.py for tasks to queue
[2024-05-01T12:40:27.629+0000] {logging_mixin.py:188} INFO - [2024-05-01T12:40:27.628+0000] {dagbag.py:540} INFO - Filling up the DagBag from /home/airflow/.local/lib/python3.12/site-packages/airflow/example_dags/example_complex.py
[2024-05-01T12:40:27.641+0000] {processor.py:840} INFO - DAG(s) 'example_complex' retrieved from /home/airflow/.local/lib/python3.12/site-packages/airflow/example_dags/example_complex.py
[2024-05-01T12:40:27.676+0000] {logging_mixin.py:188} INFO - [2024-05-01T12:40:27.676+0000] {dag.py:3096} INFO - Sync 1 DAGs
[2024-05-01T12:40:27.690+0000] {logging_mixin.py:188} INFO - [2024-05-01T12:40:27.690+0000] {dag.py:3954} INFO - Setting next_dagrun for example_complex to None, run_after=None
[2024-05-01T12:40:27.710+0000] {processor.py:183} INFO - Processing /home/airflow/.local/lib/python3.12/site-packages/airflow/example_dags/example_complex.py took 0.093 seconds
[2024-05-01T12:40:57.921+0000] {processor.py:161} INFO - Started process (PID=1507) to work on /home/airflow/.local/lib/python3.12/site-packages/airflow/example_dags/example_complex.py
[2024-05-01T12:40:57.923+0000] {processor.py:830} INFO - Processing file /home/airflow/.local/lib/python3.12/site-packages/airflow/example_dags/example_complex.py for tasks to queue
[2024-05-01T12:40:57.925+0000] {logging_mixin.py:188} INFO - [2024-05-01T12:40:57.924+0000] {dagbag.py:540} INFO - Filling up the DagBag from /home/airflow/.local/lib/python3.12/site-packages/airflow/example_dags/example_complex.py
[2024-05-01T12:40:57.937+0000] {processor.py:840} INFO - DAG(s) 'example_complex' retrieved from /home/airflow/.local/lib/python3.12/site-packages/airflow/example_dags/example_complex.py
[2024-05-01T12:40:57.973+0000] {logging_mixin.py:188} INFO - [2024-05-01T12:40:57.973+0000] {dag.py:3096} INFO - Sync 1 DAGs
[2024-05-01T12:40:57.988+0000] {logging_mixin.py:188} INFO - [2024-05-01T12:40:57.988+0000] {dag.py:3954} INFO - Setting next_dagrun for example_complex to None, run_after=None
[2024-05-01T12:40:58.008+0000] {processor.py:183} INFO - Processing /home/airflow/.local/lib/python3.12/site-packages/airflow/example_dags/example_complex.py took 0.093 seconds
[2024-05-01T12:41:28.088+0000] {processor.py:161} INFO - Started process (PID=1565) to work on /home/airflow/.local/lib/python3.12/site-packages/airflow/example_dags/example_complex.py
[2024-05-01T12:41:28.089+0000] {processor.py:830} INFO - Processing file /home/airflow/.local/lib/python3.12/site-packages/airflow/example_dags/example_complex.py for tasks to queue
[2024-05-01T12:41:28.092+0000] {logging_mixin.py:188} INFO - [2024-05-01T12:41:28.091+0000] {dagbag.py:540} INFO - Filling up the DagBag from /home/airflow/.local/lib/python3.12/site-packages/airflow/example_dags/example_complex.py
[2024-05-01T12:41:28.104+0000] {processor.py:840} INFO - DAG(s) 'example_complex' retrieved from /home/airflow/.local/lib/python3.12/site-packages/airflow/example_dags/example_complex.py
[2024-05-01T12:41:28.140+0000] {logging_mixin.py:188} INFO - [2024-05-01T12:41:28.140+0000] {dag.py:3096} INFO - Sync 1 DAGs
[2024-05-01T12:41:28.155+0000] {logging_mixin.py:188} INFO - [2024-05-01T12:41:28.155+0000] {dag.py:3954} INFO - Setting next_dagrun for example_complex to None, run_after=None
[2024-05-01T12:41:28.178+0000] {processor.py:183} INFO - Processing /home/airflow/.local/lib/python3.12/site-packages/airflow/example_dags/example_complex.py took 0.097 seconds
[2024-05-01T12:41:58.697+0000] {processor.py:161} INFO - Started process (PID=1623) to work on /home/airflow/.local/lib/python3.12/site-packages/airflow/example_dags/example_complex.py
[2024-05-01T12:41:58.699+0000] {processor.py:830} INFO - Processing file /home/airflow/.local/lib/python3.12/site-packages/airflow/example_dags/example_complex.py for tasks to queue
[2024-05-01T12:41:58.701+0000] {logging_mixin.py:188} INFO - [2024-05-01T12:41:58.701+0000] {dagbag.py:540} INFO - Filling up the DagBag from /home/airflow/.local/lib/python3.12/site-packages/airflow/example_dags/example_complex.py
[2024-05-01T12:41:58.713+0000] {processor.py:840} INFO - DAG(s) 'example_complex' retrieved from /home/airflow/.local/lib/python3.12/site-packages/airflow/example_dags/example_complex.py
[2024-05-01T12:41:58.748+0000] {logging_mixin.py:188} INFO - [2024-05-01T12:41:58.747+0000] {dag.py:3096} INFO - Sync 1 DAGs
[2024-05-01T12:41:58.762+0000] {logging_mixin.py:188} INFO - [2024-05-01T12:41:58.762+0000] {dag.py:3954} INFO - Setting next_dagrun for example_complex to None, run_after=None
[2024-05-01T12:41:58.782+0000] {processor.py:183} INFO - Processing /home/airflow/.local/lib/python3.12/site-packages/airflow/example_dags/example_complex.py took 0.091 seconds
[2024-05-01T12:42:28.990+0000] {processor.py:161} INFO - Started process (PID=1681) to work on /home/airflow/.local/lib/python3.12/site-packages/airflow/example_dags/example_complex.py
[2024-05-01T12:42:28.992+0000] {processor.py:830} INFO - Processing file /home/airflow/.local/lib/python3.12/site-packages/airflow/example_dags/example_complex.py for tasks to queue
[2024-05-01T12:42:28.994+0000] {logging_mixin.py:188} INFO - [2024-05-01T12:42:28.994+0000] {dagbag.py:540} INFO - Filling up the DagBag from /home/airflow/.local/lib/python3.12/site-packages/airflow/example_dags/example_complex.py
[2024-05-01T12:42:29.008+0000] {processor.py:840} INFO - DAG(s) 'example_complex' retrieved from /home/airflow/.local/lib/python3.12/site-packages/airflow/example_dags/example_complex.py
[2024-05-01T12:42:29.046+0000] {logging_mixin.py:188} INFO - [2024-05-01T12:42:29.046+0000] {dag.py:3096} INFO - Sync 1 DAGs
[2024-05-01T12:42:29.063+0000] {logging_mixin.py:188} INFO - [2024-05-01T12:42:29.063+0000] {dag.py:3954} INFO - Setting next_dagrun for example_complex to None, run_after=None
[2024-05-01T12:42:29.087+0000] {processor.py:183} INFO - Processing /home/airflow/.local/lib/python3.12/site-packages/airflow/example_dags/example_complex.py took 0.105 seconds
[2024-05-01T12:42:59.186+0000] {processor.py:161} INFO - Started process (PID=1739) to work on /home/airflow/.local/lib/python3.12/site-packages/airflow/example_dags/example_complex.py
[2024-05-01T12:42:59.188+0000] {processor.py:830} INFO - Processing file /home/airflow/.local/lib/python3.12/site-packages/airflow/example_dags/example_complex.py for tasks to queue
[2024-05-01T12:42:59.190+0000] {logging_mixin.py:188} INFO - [2024-05-01T12:42:59.190+0000] {dagbag.py:540} INFO - Filling up the DagBag from /home/airflow/.local/lib/python3.12/site-packages/airflow/example_dags/example_complex.py
[2024-05-01T12:42:59.202+0000] {processor.py:840} INFO - DAG(s) 'example_complex' retrieved from /home/airflow/.local/lib/python3.12/site-packages/airflow/example_dags/example_complex.py
[2024-05-01T12:42:59.238+0000] {logging_mixin.py:188} INFO - [2024-05-01T12:42:59.237+0000] {dag.py:3096} INFO - Sync 1 DAGs
[2024-05-01T12:42:59.253+0000] {logging_mixin.py:188} INFO - [2024-05-01T12:42:59.253+0000] {dag.py:3954} INFO - Setting next_dagrun for example_complex to None, run_after=None
[2024-05-01T12:42:59.272+0000] {processor.py:183} INFO - Processing /home/airflow/.local/lib/python3.12/site-packages/airflow/example_dags/example_complex.py took 0.093 seconds
[2024-05-01T12:43:29.584+0000] {processor.py:161} INFO - Started process (PID=1797) to work on /home/airflow/.local/lib/python3.12/site-packages/airflow/example_dags/example_complex.py
[2024-05-01T12:43:29.586+0000] {processor.py:830} INFO - Processing file /home/airflow/.local/lib/python3.12/site-packages/airflow/example_dags/example_complex.py for tasks to queue
[2024-05-01T12:43:29.588+0000] {logging_mixin.py:188} INFO - [2024-05-01T12:43:29.588+0000] {dagbag.py:540} INFO - Filling up the DagBag from /home/airflow/.local/lib/python3.12/site-packages/airflow/example_dags/example_complex.py
[2024-05-01T12:43:29.600+0000] {processor.py:840} INFO - DAG(s) 'example_complex' retrieved from /home/airflow/.local/lib/python3.12/site-packages/airflow/example_dags/example_complex.py
[2024-05-01T12:43:29.636+0000] {logging_mixin.py:188} INFO - [2024-05-01T12:43:29.635+0000] {dag.py:3096} INFO - Sync 1 DAGs
[2024-05-01T12:43:29.650+0000] {logging_mixin.py:188} INFO - [2024-05-01T12:43:29.650+0000] {dag.py:3954} INFO - Setting next_dagrun for example_complex to None, run_after=None
[2024-05-01T12:43:29.669+0000] {processor.py:183} INFO - Processing /home/airflow/.local/lib/python3.12/site-packages/airflow/example_dags/example_complex.py took 0.092 seconds
[2024-05-01T12:43:59.886+0000] {processor.py:161} INFO - Started process (PID=1855) to work on /home/airflow/.local/lib/python3.12/site-packages/airflow/example_dags/example_complex.py
[2024-05-01T12:43:59.888+0000] {processor.py:830} INFO - Processing file /home/airflow/.local/lib/python3.12/site-packages/airflow/example_dags/example_complex.py for tasks to queue
[2024-05-01T12:43:59.890+0000] {logging_mixin.py:188} INFO - [2024-05-01T12:43:59.890+0000] {dagbag.py:540} INFO - Filling up the DagBag from /home/airflow/.local/lib/python3.12/site-packages/airflow/example_dags/example_complex.py
[2024-05-01T12:43:59.903+0000] {processor.py:840} INFO - DAG(s) 'example_complex' retrieved from /home/airflow/.local/lib/python3.12/site-packages/airflow/example_dags/example_complex.py
[2024-05-01T12:43:59.938+0000] {logging_mixin.py:188} INFO - [2024-05-01T12:43:59.937+0000] {dag.py:3096} INFO - Sync 1 DAGs
[2024-05-01T12:43:59.953+0000] {logging_mixin.py:188} INFO - [2024-05-01T12:43:59.953+0000] {dag.py:3954} INFO - Setting next_dagrun for example_complex to None, run_after=None
[2024-05-01T12:43:59.973+0000] {processor.py:183} INFO - Processing /home/airflow/.local/lib/python3.12/site-packages/airflow/example_dags/example_complex.py took 0.093 seconds
[2024-05-01T12:44:30.226+0000] {processor.py:161} INFO - Started process (PID=1913) to work on /home/airflow/.local/lib/python3.12/site-packages/airflow/example_dags/example_complex.py
[2024-05-01T12:44:30.227+0000] {processor.py:830} INFO - Processing file /home/airflow/.local/lib/python3.12/site-packages/airflow/example_dags/example_complex.py for tasks to queue
[2024-05-01T12:44:30.230+0000] {logging_mixin.py:188} INFO - [2024-05-01T12:44:30.229+0000] {dagbag.py:540} INFO - Filling up the DagBag from /home/airflow/.local/lib/python3.12/site-packages/airflow/example_dags/example_complex.py
[2024-05-01T12:44:30.242+0000] {processor.py:840} INFO - DAG(s) 'example_complex' retrieved from /home/airflow/.local/lib/python3.12/site-packages/airflow/example_dags/example_complex.py
[2024-05-01T12:44:30.277+0000] {logging_mixin.py:188} INFO - [2024-05-01T12:44:30.276+0000] {dag.py:3096} INFO - Sync 1 DAGs
[2024-05-01T12:44:30.291+0000] {logging_mixin.py:188} INFO - [2024-05-01T12:44:30.291+0000] {dag.py:3954} INFO - Setting next_dagrun for example_complex to None, run_after=None
[2024-05-01T12:44:30.310+0000] {processor.py:183} INFO - Processing /home/airflow/.local/lib/python3.12/site-packages/airflow/example_dags/example_complex.py took 0.090 seconds
[2024-05-01T12:45:01.177+0000] {processor.py:161} INFO - Started process (PID=1971) to work on /home/airflow/.local/lib/python3.12/site-packages/airflow/example_dags/example_complex.py
[2024-05-01T12:45:01.178+0000] {processor.py:830} INFO - Processing file /home/airflow/.local/lib/python3.12/site-packages/airflow/example_dags/example_complex.py for tasks to queue
[2024-05-01T12:45:01.181+0000] {logging_mixin.py:188} INFO - [2024-05-01T12:45:01.180+0000] {dagbag.py:540} INFO - Filling up the DagBag from /home/airflow/.local/lib/python3.12/site-packages/airflow/example_dags/example_complex.py
[2024-05-01T12:45:01.192+0000] {processor.py:840} INFO - DAG(s) 'example_complex' retrieved from /home/airflow/.local/lib/python3.12/site-packages/airflow/example_dags/example_complex.py
[2024-05-01T12:45:01.228+0000] {logging_mixin.py:188} INFO - [2024-05-01T12:45:01.227+0000] {dag.py:3096} INFO - Sync 1 DAGs
[2024-05-01T12:45:01.242+0000] {logging_mixin.py:188} INFO - [2024-05-01T12:45:01.242+0000] {dag.py:3954} INFO - Setting next_dagrun for example_complex to None, run_after=None
[2024-05-01T12:45:01.262+0000] {processor.py:183} INFO - Processing /home/airflow/.local/lib/python3.12/site-packages/airflow/example_dags/example_complex.py took 0.092 seconds
[2024-05-01T12:45:32.463+0000] {processor.py:161} INFO - Started process (PID=2029) to work on /home/airflow/.local/lib/python3.12/site-packages/airflow/example_dags/example_complex.py
[2024-05-01T12:45:32.465+0000] {processor.py:830} INFO - Processing file /home/airflow/.local/lib/python3.12/site-packages/airflow/example_dags/example_complex.py for tasks to queue
[2024-05-01T12:45:32.468+0000] {logging_mixin.py:188} INFO - [2024-05-01T12:45:32.467+0000] {dagbag.py:540} INFO - Filling up the DagBag from /home/airflow/.local/lib/python3.12/site-packages/airflow/example_dags/example_complex.py
[2024-05-01T12:45:32.482+0000] {processor.py:840} INFO - DAG(s) 'example_complex' retrieved from /home/airflow/.local/lib/python3.12/site-packages/airflow/example_dags/example_complex.py
[2024-05-01T12:45:32.518+0000] {logging_mixin.py:188} INFO - [2024-05-01T12:45:32.518+0000] {dag.py:3096} INFO - Sync 1 DAGs
[2024-05-01T12:45:32.534+0000] {logging_mixin.py:188} INFO - [2024-05-01T12:45:32.534+0000] {dag.py:3954} INFO - Setting next_dagrun for example_complex to None, run_after=None
[2024-05-01T12:45:32.555+0000] {processor.py:183} INFO - Processing /home/airflow/.local/lib/python3.12/site-packages/airflow/example_dags/example_complex.py took 0.099 seconds
[2024-05-01T12:46:02.687+0000] {processor.py:161} INFO - Started process (PID=2087) to work on /home/airflow/.local/lib/python3.12/site-packages/airflow/example_dags/example_complex.py
[2024-05-01T12:46:02.688+0000] {processor.py:830} INFO - Processing file /home/airflow/.local/lib/python3.12/site-packages/airflow/example_dags/example_complex.py for tasks to queue
[2024-05-01T12:46:02.691+0000] {logging_mixin.py:188} INFO - [2024-05-01T12:46:02.690+0000] {dagbag.py:540} INFO - Filling up the DagBag from /home/airflow/.local/lib/python3.12/site-packages/airflow/example_dags/example_complex.py
[2024-05-01T12:46:02.706+0000] {processor.py:840} INFO - DAG(s) 'example_complex' retrieved from /home/airflow/.local/lib/python3.12/site-packages/airflow/example_dags/example_complex.py
[2024-05-01T12:46:02.764+0000] {logging_mixin.py:188} INFO - [2024-05-01T12:46:02.764+0000] {dag.py:3096} INFO - Sync 1 DAGs
[2024-05-01T12:46:02.787+0000] {logging_mixin.py:188} INFO - [2024-05-01T12:46:02.787+0000] {dag.py:3954} INFO - Setting next_dagrun for example_complex to None, run_after=None
[2024-05-01T12:46:02.867+0000] {processor.py:183} INFO - Processing /home/airflow/.local/lib/python3.12/site-packages/airflow/example_dags/example_complex.py took 0.188 seconds
[2024-05-01T12:46:32.926+0000] {processor.py:161} INFO - Started process (PID=2145) to work on /home/airflow/.local/lib/python3.12/site-packages/airflow/example_dags/example_complex.py
[2024-05-01T12:46:32.928+0000] {processor.py:830} INFO - Processing file /home/airflow/.local/lib/python3.12/site-packages/airflow/example_dags/example_complex.py for tasks to queue
[2024-05-01T12:46:32.931+0000] {logging_mixin.py:188} INFO - [2024-05-01T12:46:32.930+0000] {dagbag.py:540} INFO - Filling up the DagBag from /home/airflow/.local/lib/python3.12/site-packages/airflow/example_dags/example_complex.py
[2024-05-01T12:46:32.945+0000] {processor.py:840} INFO - DAG(s) 'example_complex' retrieved from /home/airflow/.local/lib/python3.12/site-packages/airflow/example_dags/example_complex.py
[2024-05-01T12:46:32.989+0000] {logging_mixin.py:188} INFO - [2024-05-01T12:46:32.989+0000] {dag.py:3096} INFO - Sync 1 DAGs
[2024-05-01T12:46:33.006+0000] {logging_mixin.py:188} INFO - [2024-05-01T12:46:33.006+0000] {dag.py:3954} INFO - Setting next_dagrun for example_complex to None, run_after=None
[2024-05-01T12:46:33.027+0000] {processor.py:183} INFO - Processing /home/airflow/.local/lib/python3.12/site-packages/airflow/example_dags/example_complex.py took 0.108 seconds
[2024-05-01T12:47:03.525+0000] {processor.py:161} INFO - Started process (PID=2203) to work on /home/airflow/.local/lib/python3.12/site-packages/airflow/example_dags/example_complex.py
[2024-05-01T12:47:03.526+0000] {processor.py:830} INFO - Processing file /home/airflow/.local/lib/python3.12/site-packages/airflow/example_dags/example_complex.py for tasks to queue
[2024-05-01T12:47:03.529+0000] {logging_mixin.py:188} INFO - [2024-05-01T12:47:03.528+0000] {dagbag.py:540} INFO - Filling up the DagBag from /home/airflow/.local/lib/python3.12/site-packages/airflow/example_dags/example_complex.py
[2024-05-01T12:47:03.540+0000] {processor.py:840} INFO - DAG(s) 'example_complex' retrieved from /home/airflow/.local/lib/python3.12/site-packages/airflow/example_dags/example_complex.py
[2024-05-01T12:47:03.574+0000] {logging_mixin.py:188} INFO - [2024-05-01T12:47:03.574+0000] {dag.py:3096} INFO - Sync 1 DAGs
[2024-05-01T12:47:03.589+0000] {logging_mixin.py:188} INFO - [2024-05-01T12:47:03.588+0000] {dag.py:3954} INFO - Setting next_dagrun for example_complex to None, run_after=None
[2024-05-01T12:47:03.609+0000] {processor.py:183} INFO - Processing /home/airflow/.local/lib/python3.12/site-packages/airflow/example_dags/example_complex.py took 0.091 seconds
[2024-05-01T12:47:33.771+0000] {processor.py:161} INFO - Started process (PID=2261) to work on /home/airflow/.local/lib/python3.12/site-packages/airflow/example_dags/example_complex.py
[2024-05-01T12:47:33.773+0000] {processor.py:830} INFO - Processing file /home/airflow/.local/lib/python3.12/site-packages/airflow/example_dags/example_complex.py for tasks to queue
[2024-05-01T12:47:33.775+0000] {logging_mixin.py:188} INFO - [2024-05-01T12:47:33.775+0000] {dagbag.py:540} INFO - Filling up the DagBag from /home/airflow/.local/lib/python3.12/site-packages/airflow/example_dags/example_complex.py
[2024-05-01T12:47:33.788+0000] {processor.py:840} INFO - DAG(s) 'example_complex' retrieved from /home/airflow/.local/lib/python3.12/site-packages/airflow/example_dags/example_complex.py
[2024-05-01T12:47:33.824+0000] {logging_mixin.py:188} INFO - [2024-05-01T12:47:33.824+0000] {dag.py:3096} INFO - Sync 1 DAGs
[2024-05-01T12:47:33.839+0000] {logging_mixin.py:188} INFO - [2024-05-01T12:47:33.839+0000] {dag.py:3954} INFO - Setting next_dagrun for example_complex to None, run_after=None
[2024-05-01T12:47:33.858+0000] {processor.py:183} INFO - Processing /home/airflow/.local/lib/python3.12/site-packages/airflow/example_dags/example_complex.py took 0.095 seconds
[2024-05-01T12:48:04.316+0000] {processor.py:161} INFO - Started process (PID=2319) to work on /home/airflow/.local/lib/python3.12/site-packages/airflow/example_dags/example_complex.py
[2024-05-01T12:48:04.324+0000] {processor.py:830} INFO - Processing file /home/airflow/.local/lib/python3.12/site-packages/airflow/example_dags/example_complex.py for tasks to queue
[2024-05-01T12:48:04.339+0000] {logging_mixin.py:188} INFO - [2024-05-01T12:48:04.335+0000] {dagbag.py:540} INFO - Filling up the DagBag from /home/airflow/.local/lib/python3.12/site-packages/airflow/example_dags/example_complex.py
[2024-05-01T12:48:04.498+0000] {processor.py:840} INFO - DAG(s) 'example_complex' retrieved from /home/airflow/.local/lib/python3.12/site-packages/airflow/example_dags/example_complex.py
[2024-05-01T12:48:04.714+0000] {logging_mixin.py:188} INFO - [2024-05-01T12:48:04.713+0000] {dag.py:3096} INFO - Sync 1 DAGs
[2024-05-01T12:48:04.739+0000] {logging_mixin.py:188} INFO - [2024-05-01T12:48:04.739+0000] {dag.py:3954} INFO - Setting next_dagrun for example_complex to None, run_after=None
[2024-05-01T12:48:04.765+0000] {processor.py:183} INFO - Processing /home/airflow/.local/lib/python3.12/site-packages/airflow/example_dags/example_complex.py took 0.517 seconds
[2024-05-01T12:48:35.463+0000] {processor.py:161} INFO - Started process (PID=2377) to work on /home/airflow/.local/lib/python3.12/site-packages/airflow/example_dags/example_complex.py
[2024-05-01T12:48:35.464+0000] {processor.py:830} INFO - Processing file /home/airflow/.local/lib/python3.12/site-packages/airflow/example_dags/example_complex.py for tasks to queue
[2024-05-01T12:48:35.467+0000] {logging_mixin.py:188} INFO - [2024-05-01T12:48:35.466+0000] {dagbag.py:540} INFO - Filling up the DagBag from /home/airflow/.local/lib/python3.12/site-packages/airflow/example_dags/example_complex.py
[2024-05-01T12:48:35.479+0000] {processor.py:840} INFO - DAG(s) 'example_complex' retrieved from /home/airflow/.local/lib/python3.12/site-packages/airflow/example_dags/example_complex.py
[2024-05-01T12:48:35.514+0000] {logging_mixin.py:188} INFO - [2024-05-01T12:48:35.514+0000] {dag.py:3096} INFO - Sync 1 DAGs
[2024-05-01T12:48:35.528+0000] {logging_mixin.py:188} INFO - [2024-05-01T12:48:35.528+0000] {dag.py:3954} INFO - Setting next_dagrun for example_complex to None, run_after=None
[2024-05-01T12:48:35.547+0000] {processor.py:183} INFO - Processing /home/airflow/.local/lib/python3.12/site-packages/airflow/example_dags/example_complex.py took 0.090 seconds
[2024-05-01T12:49:05.703+0000] {processor.py:161} INFO - Started process (PID=2435) to work on /home/airflow/.local/lib/python3.12/site-packages/airflow/example_dags/example_complex.py
[2024-05-01T12:49:05.704+0000] {processor.py:830} INFO - Processing file /home/airflow/.local/lib/python3.12/site-packages/airflow/example_dags/example_complex.py for tasks to queue
[2024-05-01T12:49:05.707+0000] {logging_mixin.py:188} INFO - [2024-05-01T12:49:05.706+0000] {dagbag.py:540} INFO - Filling up the DagBag from /home/airflow/.local/lib/python3.12/site-packages/airflow/example_dags/example_complex.py
[2024-05-01T12:49:05.720+0000] {processor.py:840} INFO - DAG(s) 'example_complex' retrieved from /home/airflow/.local/lib/python3.12/site-packages/airflow/example_dags/example_complex.py
[2024-05-01T12:49:05.756+0000] {logging_mixin.py:188} INFO - [2024-05-01T12:49:05.756+0000] {dag.py:3096} INFO - Sync 1 DAGs
[2024-05-01T12:49:05.770+0000] {logging_mixin.py:188} INFO - [2024-05-01T12:49:05.770+0000] {dag.py:3954} INFO - Setting next_dagrun for example_complex to None, run_after=None
[2024-05-01T12:49:05.789+0000] {processor.py:183} INFO - Processing /home/airflow/.local/lib/python3.12/site-packages/airflow/example_dags/example_complex.py took 0.094 seconds
[2024-05-01T12:49:36.069+0000] {processor.py:161} INFO - Started process (PID=2493) to work on /home/airflow/.local/lib/python3.12/site-packages/airflow/example_dags/example_complex.py
[2024-05-01T12:49:36.073+0000] {processor.py:830} INFO - Processing file /home/airflow/.local/lib/python3.12/site-packages/airflow/example_dags/example_complex.py for tasks to queue
[2024-05-01T12:49:36.077+0000] {logging_mixin.py:188} INFO - [2024-05-01T12:49:36.076+0000] {dagbag.py:540} INFO - Filling up the DagBag from /home/airflow/.local/lib/python3.12/site-packages/airflow/example_dags/example_complex.py
[2024-05-01T12:49:36.094+0000] {processor.py:840} INFO - DAG(s) 'example_complex' retrieved from /home/airflow/.local/lib/python3.12/site-packages/airflow/example_dags/example_complex.py
[2024-05-01T12:49:36.141+0000] {logging_mixin.py:188} INFO - [2024-05-01T12:49:36.141+0000] {dag.py:3096} INFO - Sync 1 DAGs
[2024-05-01T12:49:36.157+0000] {logging_mixin.py:188} INFO - [2024-05-01T12:49:36.156+0000] {dag.py:3954} INFO - Setting next_dagrun for example_complex to None, run_after=None
[2024-05-01T12:49:36.185+0000] {processor.py:183} INFO - Processing /home/airflow/.local/lib/python3.12/site-packages/airflow/example_dags/example_complex.py took 0.128 seconds
[2024-05-01T12:50:06.445+0000] {processor.py:161} INFO - Started process (PID=2551) to work on /home/airflow/.local/lib/python3.12/site-packages/airflow/example_dags/example_complex.py
[2024-05-01T12:50:06.446+0000] {processor.py:830} INFO - Processing file /home/airflow/.local/lib/python3.12/site-packages/airflow/example_dags/example_complex.py for tasks to queue
[2024-05-01T12:50:06.449+0000] {logging_mixin.py:188} INFO - [2024-05-01T12:50:06.448+0000] {dagbag.py:540} INFO - Filling up the DagBag from /home/airflow/.local/lib/python3.12/site-packages/airflow/example_dags/example_complex.py
[2024-05-01T12:50:06.462+0000] {processor.py:840} INFO - DAG(s) 'example_complex' retrieved from /home/airflow/.local/lib/python3.12/site-packages/airflow/example_dags/example_complex.py
[2024-05-01T12:50:06.499+0000] {logging_mixin.py:188} INFO - [2024-05-01T12:50:06.499+0000] {dag.py:3096} INFO - Sync 1 DAGs
[2024-05-01T12:50:06.514+0000] {logging_mixin.py:188} INFO - [2024-05-01T12:50:06.514+0000] {dag.py:3954} INFO - Setting next_dagrun for example_complex to None, run_after=None
[2024-05-01T12:50:06.533+0000] {processor.py:183} INFO - Processing /home/airflow/.local/lib/python3.12/site-packages/airflow/example_dags/example_complex.py took 0.096 seconds
[2024-05-01T12:50:36.631+0000] {processor.py:161} INFO - Started process (PID=2608) to work on /home/airflow/.local/lib/python3.12/site-packages/airflow/example_dags/example_complex.py
[2024-05-01T12:50:36.634+0000] {processor.py:830} INFO - Processing file /home/airflow/.local/lib/python3.12/site-packages/airflow/example_dags/example_complex.py for tasks to queue
[2024-05-01T12:50:36.636+0000] {logging_mixin.py:188} INFO - [2024-05-01T12:50:36.636+0000] {dagbag.py:540} INFO - Filling up the DagBag from /home/airflow/.local/lib/python3.12/site-packages/airflow/example_dags/example_complex.py
[2024-05-01T12:50:36.650+0000] {processor.py:840} INFO - DAG(s) 'example_complex' retrieved from /home/airflow/.local/lib/python3.12/site-packages/airflow/example_dags/example_complex.py
[2024-05-01T12:50:36.686+0000] {logging_mixin.py:188} INFO - [2024-05-01T12:50:36.685+0000] {dag.py:3096} INFO - Sync 1 DAGs
[2024-05-01T12:50:36.700+0000] {logging_mixin.py:188} INFO - [2024-05-01T12:50:36.700+0000] {dag.py:3954} INFO - Setting next_dagrun for example_complex to None, run_after=None
[2024-05-01T12:50:36.720+0000] {processor.py:183} INFO - Processing /home/airflow/.local/lib/python3.12/site-packages/airflow/example_dags/example_complex.py took 0.097 seconds
[2024-05-01T12:51:07.206+0000] {processor.py:161} INFO - Started process (PID=2666) to work on /home/airflow/.local/lib/python3.12/site-packages/airflow/example_dags/example_complex.py
[2024-05-01T12:51:07.207+0000] {processor.py:830} INFO - Processing file /home/airflow/.local/lib/python3.12/site-packages/airflow/example_dags/example_complex.py for tasks to queue
[2024-05-01T12:51:07.210+0000] {logging_mixin.py:188} INFO - [2024-05-01T12:51:07.209+0000] {dagbag.py:540} INFO - Filling up the DagBag from /home/airflow/.local/lib/python3.12/site-packages/airflow/example_dags/example_complex.py
[2024-05-01T12:51:07.225+0000] {processor.py:840} INFO - DAG(s) 'example_complex' retrieved from /home/airflow/.local/lib/python3.12/site-packages/airflow/example_dags/example_complex.py
[2024-05-01T12:51:07.261+0000] {logging_mixin.py:188} INFO - [2024-05-01T12:51:07.260+0000] {dag.py:3096} INFO - Sync 1 DAGs
[2024-05-01T12:51:07.276+0000] {logging_mixin.py:188} INFO - [2024-05-01T12:51:07.276+0000] {dag.py:3954} INFO - Setting next_dagrun for example_complex to None, run_after=None
[2024-05-01T12:51:07.295+0000] {processor.py:183} INFO - Processing /home/airflow/.local/lib/python3.12/site-packages/airflow/example_dags/example_complex.py took 0.096 seconds
[2024-05-01T12:51:37.571+0000] {processor.py:161} INFO - Started process (PID=2724) to work on /home/airflow/.local/lib/python3.12/site-packages/airflow/example_dags/example_complex.py
[2024-05-01T12:51:37.573+0000] {processor.py:830} INFO - Processing file /home/airflow/.local/lib/python3.12/site-packages/airflow/example_dags/example_complex.py for tasks to queue
[2024-05-01T12:51:37.576+0000] {logging_mixin.py:188} INFO - [2024-05-01T12:51:37.576+0000] {dagbag.py:540} INFO - Filling up the DagBag from /home/airflow/.local/lib/python3.12/site-packages/airflow/example_dags/example_complex.py
[2024-05-01T12:51:37.590+0000] {processor.py:840} INFO - DAG(s) 'example_complex' retrieved from /home/airflow/.local/lib/python3.12/site-packages/airflow/example_dags/example_complex.py
[2024-05-01T12:51:37.625+0000] {logging_mixin.py:188} INFO - [2024-05-01T12:51:37.625+0000] {dag.py:3096} INFO - Sync 1 DAGs
[2024-05-01T12:51:37.639+0000] {logging_mixin.py:188} INFO - [2024-05-01T12:51:37.639+0000] {dag.py:3954} INFO - Setting next_dagrun for example_complex to None, run_after=None
[2024-05-01T12:51:37.658+0000] {processor.py:183} INFO - Processing /home/airflow/.local/lib/python3.12/site-packages/airflow/example_dags/example_complex.py took 0.094 seconds
[2024-05-01T12:52:08.482+0000] {processor.py:161} INFO - Started process (PID=2782) to work on /home/airflow/.local/lib/python3.12/site-packages/airflow/example_dags/example_complex.py
[2024-05-01T12:52:08.484+0000] {processor.py:830} INFO - Processing file /home/airflow/.local/lib/python3.12/site-packages/airflow/example_dags/example_complex.py for tasks to queue
[2024-05-01T12:52:08.486+0000] {logging_mixin.py:188} INFO - [2024-05-01T12:52:08.486+0000] {dagbag.py:540} INFO - Filling up the DagBag from /home/airflow/.local/lib/python3.12/site-packages/airflow/example_dags/example_complex.py
[2024-05-01T12:52:08.498+0000] {processor.py:840} INFO - DAG(s) 'example_complex' retrieved from /home/airflow/.local/lib/python3.12/site-packages/airflow/example_dags/example_complex.py
[2024-05-01T12:52:08.531+0000] {logging_mixin.py:188} INFO - [2024-05-01T12:52:08.531+0000] {dag.py:3096} INFO - Sync 1 DAGs
[2024-05-01T12:52:08.545+0000] {logging_mixin.py:188} INFO - [2024-05-01T12:52:08.545+0000] {dag.py:3954} INFO - Setting next_dagrun for example_complex to None, run_after=None
[2024-05-01T12:52:08.563+0000] {processor.py:183} INFO - Processing /home/airflow/.local/lib/python3.12/site-packages/airflow/example_dags/example_complex.py took 0.089 seconds
[2024-05-01T12:52:39.439+0000] {processor.py:161} INFO - Started process (PID=2840) to work on /home/airflow/.local/lib/python3.12/site-packages/airflow/example_dags/example_complex.py
[2024-05-01T12:52:39.441+0000] {processor.py:830} INFO - Processing file /home/airflow/.local/lib/python3.12/site-packages/airflow/example_dags/example_complex.py for tasks to queue
[2024-05-01T12:52:39.443+0000] {logging_mixin.py:188} INFO - [2024-05-01T12:52:39.443+0000] {dagbag.py:540} INFO - Filling up the DagBag from /home/airflow/.local/lib/python3.12/site-packages/airflow/example_dags/example_complex.py
[2024-05-01T12:52:39.457+0000] {processor.py:840} INFO - DAG(s) 'example_complex' retrieved from /home/airflow/.local/lib/python3.12/site-packages/airflow/example_dags/example_complex.py
[2024-05-01T12:52:39.492+0000] {logging_mixin.py:188} INFO - [2024-05-01T12:52:39.492+0000] {dag.py:3096} INFO - Sync 1 DAGs
[2024-05-01T12:52:39.507+0000] {logging_mixin.py:188} INFO - [2024-05-01T12:52:39.506+0000] {dag.py:3954} INFO - Setting next_dagrun for example_complex to None, run_after=None
[2024-05-01T12:52:39.526+0000] {processor.py:183} INFO - Processing /home/airflow/.local/lib/python3.12/site-packages/airflow/example_dags/example_complex.py took 0.094 seconds
[2024-05-01T12:53:10.430+0000] {processor.py:161} INFO - Started process (PID=2898) to work on /home/airflow/.local/lib/python3.12/site-packages/airflow/example_dags/example_complex.py
[2024-05-01T12:53:10.431+0000] {processor.py:830} INFO - Processing file /home/airflow/.local/lib/python3.12/site-packages/airflow/example_dags/example_complex.py for tasks to queue
[2024-05-01T12:53:10.434+0000] {logging_mixin.py:188} INFO - [2024-05-01T12:53:10.433+0000] {dagbag.py:540} INFO - Filling up the DagBag from /home/airflow/.local/lib/python3.12/site-packages/airflow/example_dags/example_complex.py
[2024-05-01T12:53:10.447+0000] {processor.py:840} INFO - DAG(s) 'example_complex' retrieved from /home/airflow/.local/lib/python3.12/site-packages/airflow/example_dags/example_complex.py
[2024-05-01T12:53:10.482+0000] {logging_mixin.py:188} INFO - [2024-05-01T12:53:10.482+0000] {dag.py:3096} INFO - Sync 1 DAGs
[2024-05-01T12:53:10.496+0000] {logging_mixin.py:188} INFO - [2024-05-01T12:53:10.496+0000] {dag.py:3954} INFO - Setting next_dagrun for example_complex to None, run_after=None
[2024-05-01T12:53:10.516+0000] {processor.py:183} INFO - Processing /home/airflow/.local/lib/python3.12/site-packages/airflow/example_dags/example_complex.py took 0.093 seconds
[2024-05-01T12:53:40.609+0000] {processor.py:161} INFO - Started process (PID=2956) to work on /home/airflow/.local/lib/python3.12/site-packages/airflow/example_dags/example_complex.py
[2024-05-01T12:53:40.611+0000] {processor.py:830} INFO - Processing file /home/airflow/.local/lib/python3.12/site-packages/airflow/example_dags/example_complex.py for tasks to queue
[2024-05-01T12:53:40.613+0000] {logging_mixin.py:188} INFO - [2024-05-01T12:53:40.613+0000] {dagbag.py:540} INFO - Filling up the DagBag from /home/airflow/.local/lib/python3.12/site-packages/airflow/example_dags/example_complex.py
[2024-05-01T12:53:40.627+0000] {processor.py:840} INFO - DAG(s) 'example_complex' retrieved from /home/airflow/.local/lib/python3.12/site-packages/airflow/example_dags/example_complex.py
[2024-05-01T12:53:40.662+0000] {logging_mixin.py:188} INFO - [2024-05-01T12:53:40.662+0000] {dag.py:3096} INFO - Sync 1 DAGs
[2024-05-01T12:53:40.676+0000] {logging_mixin.py:188} INFO - [2024-05-01T12:53:40.676+0000] {dag.py:3954} INFO - Setting next_dagrun for example_complex to None, run_after=None
[2024-05-01T12:53:40.695+0000] {processor.py:183} INFO - Processing /home/airflow/.local/lib/python3.12/site-packages/airflow/example_dags/example_complex.py took 0.095 seconds
[2024-05-01T12:54:11.533+0000] {processor.py:161} INFO - Started process (PID=3014) to work on /home/airflow/.local/lib/python3.12/site-packages/airflow/example_dags/example_complex.py
[2024-05-01T12:54:11.535+0000] {processor.py:830} INFO - Processing file /home/airflow/.local/lib/python3.12/site-packages/airflow/example_dags/example_complex.py for tasks to queue
[2024-05-01T12:54:11.538+0000] {logging_mixin.py:188} INFO - [2024-05-01T12:54:11.537+0000] {dagbag.py:540} INFO - Filling up the DagBag from /home/airflow/.local/lib/python3.12/site-packages/airflow/example_dags/example_complex.py
[2024-05-01T12:54:11.551+0000] {processor.py:840} INFO - DAG(s) 'example_complex' retrieved from /home/airflow/.local/lib/python3.12/site-packages/airflow/example_dags/example_complex.py
[2024-05-01T12:54:11.586+0000] {logging_mixin.py:188} INFO - [2024-05-01T12:54:11.586+0000] {dag.py:3096} INFO - Sync 1 DAGs
[2024-05-01T12:54:11.600+0000] {logging_mixin.py:188} INFO - [2024-05-01T12:54:11.600+0000] {dag.py:3954} INFO - Setting next_dagrun for example_complex to None, run_after=None
[2024-05-01T12:54:11.620+0000] {processor.py:183} INFO - Processing /home/airflow/.local/lib/python3.12/site-packages/airflow/example_dags/example_complex.py took 0.094 seconds
[2024-05-01T12:54:42.552+0000] {processor.py:161} INFO - Started process (PID=3072) to work on /home/airflow/.local/lib/python3.12/site-packages/airflow/example_dags/example_complex.py
[2024-05-01T12:54:42.554+0000] {processor.py:830} INFO - Processing file /home/airflow/.local/lib/python3.12/site-packages/airflow/example_dags/example_complex.py for tasks to queue
[2024-05-01T12:54:42.556+0000] {logging_mixin.py:188} INFO - [2024-05-01T12:54:42.556+0000] {dagbag.py:540} INFO - Filling up the DagBag from /home/airflow/.local/lib/python3.12/site-packages/airflow/example_dags/example_complex.py
[2024-05-01T12:54:42.570+0000] {processor.py:840} INFO - DAG(s) 'example_complex' retrieved from /home/airflow/.local/lib/python3.12/site-packages/airflow/example_dags/example_complex.py
[2024-05-01T12:54:42.605+0000] {logging_mixin.py:188} INFO - [2024-05-01T12:54:42.605+0000] {dag.py:3096} INFO - Sync 1 DAGs
[2024-05-01T12:54:42.619+0000] {logging_mixin.py:188} INFO - [2024-05-01T12:54:42.619+0000] {dag.py:3954} INFO - Setting next_dagrun for example_complex to None, run_after=None
[2024-05-01T12:54:42.639+0000] {processor.py:183} INFO - Processing /home/airflow/.local/lib/python3.12/site-packages/airflow/example_dags/example_complex.py took 0.094 seconds
[2024-05-01T12:55:13.398+0000] {processor.py:161} INFO - Started process (PID=3130) to work on /home/airflow/.local/lib/python3.12/site-packages/airflow/example_dags/example_complex.py
[2024-05-01T12:55:13.400+0000] {processor.py:830} INFO - Processing file /home/airflow/.local/lib/python3.12/site-packages/airflow/example_dags/example_complex.py for tasks to queue
[2024-05-01T12:55:13.402+0000] {logging_mixin.py:188} INFO - [2024-05-01T12:55:13.402+0000] {dagbag.py:540} INFO - Filling up the DagBag from /home/airflow/.local/lib/python3.12/site-packages/airflow/example_dags/example_complex.py
[2024-05-01T12:55:13.416+0000] {processor.py:840} INFO - DAG(s) 'example_complex' retrieved from /home/airflow/.local/lib/python3.12/site-packages/airflow/example_dags/example_complex.py
[2024-05-01T12:55:13.450+0000] {logging_mixin.py:188} INFO - [2024-05-01T12:55:13.450+0000] {dag.py:3096} INFO - Sync 1 DAGs
[2024-05-01T12:55:13.465+0000] {logging_mixin.py:188} INFO - [2024-05-01T12:55:13.464+0000] {dag.py:3954} INFO - Setting next_dagrun for example_complex to None, run_after=None
[2024-05-01T12:55:13.483+0000] {processor.py:183} INFO - Processing /home/airflow/.local/lib/python3.12/site-packages/airflow/example_dags/example_complex.py took 0.093 seconds
[2024-05-01T12:55:44.380+0000] {processor.py:161} INFO - Started process (PID=3188) to work on /home/airflow/.local/lib/python3.12/site-packages/airflow/example_dags/example_complex.py
[2024-05-01T12:55:44.381+0000] {processor.py:830} INFO - Processing file /home/airflow/.local/lib/python3.12/site-packages/airflow/example_dags/example_complex.py for tasks to queue
[2024-05-01T12:55:44.383+0000] {logging_mixin.py:188} INFO - [2024-05-01T12:55:44.383+0000] {dagbag.py:540} INFO - Filling up the DagBag from /home/airflow/.local/lib/python3.12/site-packages/airflow/example_dags/example_complex.py
[2024-05-01T12:55:44.394+0000] {processor.py:840} INFO - DAG(s) 'example_complex' retrieved from /home/airflow/.local/lib/python3.12/site-packages/airflow/example_dags/example_complex.py
[2024-05-01T12:55:44.430+0000] {logging_mixin.py:188} INFO - [2024-05-01T12:55:44.429+0000] {dag.py:3096} INFO - Sync 1 DAGs
[2024-05-01T12:55:44.443+0000] {logging_mixin.py:188} INFO - [2024-05-01T12:55:44.443+0000] {dag.py:3954} INFO - Setting next_dagrun for example_complex to None, run_after=None
[2024-05-01T12:55:44.461+0000] {processor.py:183} INFO - Processing /home/airflow/.local/lib/python3.12/site-packages/airflow/example_dags/example_complex.py took 0.088 seconds
[2024-05-01T12:56:15.312+0000] {processor.py:161} INFO - Started process (PID=3246) to work on /home/airflow/.local/lib/python3.12/site-packages/airflow/example_dags/example_complex.py
[2024-05-01T12:56:15.315+0000] {processor.py:830} INFO - Processing file /home/airflow/.local/lib/python3.12/site-packages/airflow/example_dags/example_complex.py for tasks to queue
[2024-05-01T12:56:15.317+0000] {logging_mixin.py:188} INFO - [2024-05-01T12:56:15.317+0000] {dagbag.py:540} INFO - Filling up the DagBag from /home/airflow/.local/lib/python3.12/site-packages/airflow/example_dags/example_complex.py
[2024-05-01T12:56:15.330+0000] {processor.py:840} INFO - DAG(s) 'example_complex' retrieved from /home/airflow/.local/lib/python3.12/site-packages/airflow/example_dags/example_complex.py
[2024-05-01T12:56:15.369+0000] {logging_mixin.py:188} INFO - [2024-05-01T12:56:15.368+0000] {dag.py:3096} INFO - Sync 1 DAGs
[2024-05-01T12:56:15.385+0000] {logging_mixin.py:188} INFO - [2024-05-01T12:56:15.384+0000] {dag.py:3954} INFO - Setting next_dagrun for example_complex to None, run_after=None
[2024-05-01T12:56:15.404+0000] {processor.py:183} INFO - Processing /home/airflow/.local/lib/python3.12/site-packages/airflow/example_dags/example_complex.py took 0.101 seconds
[2024-05-01T12:56:45.503+0000] {processor.py:161} INFO - Started process (PID=3304) to work on /home/airflow/.local/lib/python3.12/site-packages/airflow/example_dags/example_complex.py
[2024-05-01T12:56:45.505+0000] {processor.py:830} INFO - Processing file /home/airflow/.local/lib/python3.12/site-packages/airflow/example_dags/example_complex.py for tasks to queue
[2024-05-01T12:56:45.508+0000] {logging_mixin.py:188} INFO - [2024-05-01T12:56:45.508+0000] {dagbag.py:540} INFO - Filling up the DagBag from /home/airflow/.local/lib/python3.12/site-packages/airflow/example_dags/example_complex.py
[2024-05-01T12:56:45.521+0000] {processor.py:840} INFO - DAG(s) 'example_complex' retrieved from /home/airflow/.local/lib/python3.12/site-packages/airflow/example_dags/example_complex.py
[2024-05-01T12:56:45.555+0000] {logging_mixin.py:188} INFO - [2024-05-01T12:56:45.555+0000] {dag.py:3096} INFO - Sync 1 DAGs
[2024-05-01T12:56:45.570+0000] {logging_mixin.py:188} INFO - [2024-05-01T12:56:45.570+0000] {dag.py:3954} INFO - Setting next_dagrun for example_complex to None, run_after=None
[2024-05-01T12:56:45.589+0000] {processor.py:183} INFO - Processing /home/airflow/.local/lib/python3.12/site-packages/airflow/example_dags/example_complex.py took 0.094 seconds
[2024-05-01T12:57:16.544+0000] {processor.py:161} INFO - Started process (PID=3362) to work on /home/airflow/.local/lib/python3.12/site-packages/airflow/example_dags/example_complex.py
[2024-05-01T12:57:16.545+0000] {processor.py:830} INFO - Processing file /home/airflow/.local/lib/python3.12/site-packages/airflow/example_dags/example_complex.py for tasks to queue
[2024-05-01T12:57:16.548+0000] {logging_mixin.py:188} INFO - [2024-05-01T12:57:16.547+0000] {dagbag.py:540} INFO - Filling up the DagBag from /home/airflow/.local/lib/python3.12/site-packages/airflow/example_dags/example_complex.py
[2024-05-01T12:57:16.560+0000] {processor.py:840} INFO - DAG(s) 'example_complex' retrieved from /home/airflow/.local/lib/python3.12/site-packages/airflow/example_dags/example_complex.py
[2024-05-01T12:57:16.593+0000] {logging_mixin.py:188} INFO - [2024-05-01T12:57:16.593+0000] {dag.py:3096} INFO - Sync 1 DAGs
[2024-05-01T12:57:16.607+0000] {logging_mixin.py:188} INFO - [2024-05-01T12:57:16.607+0000] {dag.py:3954} INFO - Setting next_dagrun for example_complex to None, run_after=None
[2024-05-01T12:57:16.627+0000] {processor.py:183} INFO - Processing /home/airflow/.local/lib/python3.12/site-packages/airflow/example_dags/example_complex.py took 0.091 seconds
[2024-05-01T12:57:46.802+0000] {processor.py:161} INFO - Started process (PID=3420) to work on /home/airflow/.local/lib/python3.12/site-packages/airflow/example_dags/example_complex.py
[2024-05-01T12:57:46.804+0000] {processor.py:830} INFO - Processing file /home/airflow/.local/lib/python3.12/site-packages/airflow/example_dags/example_complex.py for tasks to queue
[2024-05-01T12:57:46.806+0000] {logging_mixin.py:188} INFO - [2024-05-01T12:57:46.806+0000] {dagbag.py:540} INFO - Filling up the DagBag from /home/airflow/.local/lib/python3.12/site-packages/airflow/example_dags/example_complex.py
[2024-05-01T12:57:46.819+0000] {processor.py:840} INFO - DAG(s) 'example_complex' retrieved from /home/airflow/.local/lib/python3.12/site-packages/airflow/example_dags/example_complex.py
[2024-05-01T12:57:46.853+0000] {logging_mixin.py:188} INFO - [2024-05-01T12:57:46.852+0000] {dag.py:3096} INFO - Sync 1 DAGs
[2024-05-01T12:57:46.867+0000] {logging_mixin.py:188} INFO - [2024-05-01T12:57:46.866+0000] {dag.py:3954} INFO - Setting next_dagrun for example_complex to None, run_after=None
[2024-05-01T12:57:46.885+0000] {processor.py:183} INFO - Processing /home/airflow/.local/lib/python3.12/site-packages/airflow/example_dags/example_complex.py took 0.090 seconds
[2024-05-01T12:58:17.114+0000] {processor.py:161} INFO - Started process (PID=3478) to work on /home/airflow/.local/lib/python3.12/site-packages/airflow/example_dags/example_complex.py
[2024-05-01T12:58:17.116+0000] {processor.py:830} INFO - Processing file /home/airflow/.local/lib/python3.12/site-packages/airflow/example_dags/example_complex.py for tasks to queue
[2024-05-01T12:58:17.118+0000] {logging_mixin.py:188} INFO - [2024-05-01T12:58:17.118+0000] {dagbag.py:540} INFO - Filling up the DagBag from /home/airflow/.local/lib/python3.12/site-packages/airflow/example_dags/example_complex.py
[2024-05-01T12:58:17.130+0000] {processor.py:840} INFO - DAG(s) 'example_complex' retrieved from /home/airflow/.local/lib/python3.12/site-packages/airflow/example_dags/example_complex.py
[2024-05-01T12:58:17.165+0000] {logging_mixin.py:188} INFO - [2024-05-01T12:58:17.164+0000] {dag.py:3096} INFO - Sync 1 DAGs
[2024-05-01T12:58:17.179+0000] {logging_mixin.py:188} INFO - [2024-05-01T12:58:17.179+0000] {dag.py:3954} INFO - Setting next_dagrun for example_complex to None, run_after=None
[2024-05-01T12:58:17.198+0000] {processor.py:183} INFO - Processing /home/airflow/.local/lib/python3.12/site-packages/airflow/example_dags/example_complex.py took 0.091 seconds
[2024-05-01T12:58:47.386+0000] {processor.py:161} INFO - Started process (PID=3536) to work on /home/airflow/.local/lib/python3.12/site-packages/airflow/example_dags/example_complex.py
[2024-05-01T12:58:47.388+0000] {processor.py:830} INFO - Processing file /home/airflow/.local/lib/python3.12/site-packages/airflow/example_dags/example_complex.py for tasks to queue
[2024-05-01T12:58:47.391+0000] {logging_mixin.py:188} INFO - [2024-05-01T12:58:47.390+0000] {dagbag.py:540} INFO - Filling up the DagBag from /home/airflow/.local/lib/python3.12/site-packages/airflow/example_dags/example_complex.py
[2024-05-01T12:58:47.403+0000] {processor.py:840} INFO - DAG(s) 'example_complex' retrieved from /home/airflow/.local/lib/python3.12/site-packages/airflow/example_dags/example_complex.py
[2024-05-01T12:58:47.437+0000] {logging_mixin.py:188} INFO - [2024-05-01T12:58:47.437+0000] {dag.py:3096} INFO - Sync 1 DAGs
[2024-05-01T12:58:47.451+0000] {logging_mixin.py:188} INFO - [2024-05-01T12:58:47.451+0000] {dag.py:3954} INFO - Setting next_dagrun for example_complex to None, run_after=None
[2024-05-01T12:58:47.469+0000] {processor.py:183} INFO - Processing /home/airflow/.local/lib/python3.12/site-packages/airflow/example_dags/example_complex.py took 0.090 seconds
[2024-05-01T12:59:17.594+0000] {processor.py:161} INFO - Started process (PID=3594) to work on /home/airflow/.local/lib/python3.12/site-packages/airflow/example_dags/example_complex.py
[2024-05-01T12:59:17.595+0000] {processor.py:830} INFO - Processing file /home/airflow/.local/lib/python3.12/site-packages/airflow/example_dags/example_complex.py for tasks to queue
[2024-05-01T12:59:17.598+0000] {logging_mixin.py:188} INFO - [2024-05-01T12:59:17.597+0000] {dagbag.py:540} INFO - Filling up the DagBag from /home/airflow/.local/lib/python3.12/site-packages/airflow/example_dags/example_complex.py
[2024-05-01T12:59:17.611+0000] {processor.py:840} INFO - DAG(s) 'example_complex' retrieved from /home/airflow/.local/lib/python3.12/site-packages/airflow/example_dags/example_complex.py
[2024-05-01T12:59:17.646+0000] {logging_mixin.py:188} INFO - [2024-05-01T12:59:17.646+0000] {dag.py:3096} INFO - Sync 1 DAGs
[2024-05-01T12:59:17.660+0000] {logging_mixin.py:188} INFO - [2024-05-01T12:59:17.660+0000] {dag.py:3954} INFO - Setting next_dagrun for example_complex to None, run_after=None
[2024-05-01T12:59:17.680+0000] {processor.py:183} INFO - Processing /home/airflow/.local/lib/python3.12/site-packages/airflow/example_dags/example_complex.py took 0.093 seconds
[2024-05-01T12:59:47.829+0000] {processor.py:161} INFO - Started process (PID=3652) to work on /home/airflow/.local/lib/python3.12/site-packages/airflow/example_dags/example_complex.py
[2024-05-01T12:59:47.831+0000] {processor.py:830} INFO - Processing file /home/airflow/.local/lib/python3.12/site-packages/airflow/example_dags/example_complex.py for tasks to queue
[2024-05-01T12:59:47.833+0000] {logging_mixin.py:188} INFO - [2024-05-01T12:59:47.833+0000] {dagbag.py:540} INFO - Filling up the DagBag from /home/airflow/.local/lib/python3.12/site-packages/airflow/example_dags/example_complex.py
[2024-05-01T12:59:47.846+0000] {processor.py:840} INFO - DAG(s) 'example_complex' retrieved from /home/airflow/.local/lib/python3.12/site-packages/airflow/example_dags/example_complex.py
[2024-05-01T12:59:47.883+0000] {logging_mixin.py:188} INFO - [2024-05-01T12:59:47.883+0000] {dag.py:3096} INFO - Sync 1 DAGs
[2024-05-01T12:59:47.897+0000] {logging_mixin.py:188} INFO - [2024-05-01T12:59:47.896+0000] {dag.py:3954} INFO - Setting next_dagrun for example_complex to None, run_after=None
[2024-05-01T12:59:47.916+0000] {processor.py:183} INFO - Processing /home/airflow/.local/lib/python3.12/site-packages/airflow/example_dags/example_complex.py took 0.094 seconds
[2024-05-01T13:00:18.113+0000] {processor.py:161} INFO - Started process (PID=3710) to work on /home/airflow/.local/lib/python3.12/site-packages/airflow/example_dags/example_complex.py
[2024-05-01T13:00:18.115+0000] {processor.py:830} INFO - Processing file /home/airflow/.local/lib/python3.12/site-packages/airflow/example_dags/example_complex.py for tasks to queue
[2024-05-01T13:00:18.117+0000] {logging_mixin.py:188} INFO - [2024-05-01T13:00:18.117+0000] {dagbag.py:540} INFO - Filling up the DagBag from /home/airflow/.local/lib/python3.12/site-packages/airflow/example_dags/example_complex.py
[2024-05-01T13:00:18.129+0000] {processor.py:840} INFO - DAG(s) 'example_complex' retrieved from /home/airflow/.local/lib/python3.12/site-packages/airflow/example_dags/example_complex.py
[2024-05-01T13:00:18.163+0000] {logging_mixin.py:188} INFO - [2024-05-01T13:00:18.163+0000] {dag.py:3096} INFO - Sync 1 DAGs
[2024-05-01T13:00:18.178+0000] {logging_mixin.py:188} INFO - [2024-05-01T13:00:18.178+0000] {dag.py:3954} INFO - Setting next_dagrun for example_complex to None, run_after=None
[2024-05-01T13:00:18.197+0000] {processor.py:183} INFO - Processing /home/airflow/.local/lib/python3.12/site-packages/airflow/example_dags/example_complex.py took 0.091 seconds
[2024-05-01T13:00:48.762+0000] {processor.py:161} INFO - Started process (PID=3768) to work on /home/airflow/.local/lib/python3.12/site-packages/airflow/example_dags/example_complex.py
[2024-05-01T13:00:48.763+0000] {processor.py:830} INFO - Processing file /home/airflow/.local/lib/python3.12/site-packages/airflow/example_dags/example_complex.py for tasks to queue
[2024-05-01T13:00:48.766+0000] {logging_mixin.py:188} INFO - [2024-05-01T13:00:48.765+0000] {dagbag.py:540} INFO - Filling up the DagBag from /home/airflow/.local/lib/python3.12/site-packages/airflow/example_dags/example_complex.py
[2024-05-01T13:00:48.777+0000] {processor.py:840} INFO - DAG(s) 'example_complex' retrieved from /home/airflow/.local/lib/python3.12/site-packages/airflow/example_dags/example_complex.py
[2024-05-01T13:00:48.813+0000] {logging_mixin.py:188} INFO - [2024-05-01T13:00:48.812+0000] {dag.py:3096} INFO - Sync 1 DAGs
[2024-05-01T13:00:48.827+0000] {logging_mixin.py:188} INFO - [2024-05-01T13:00:48.826+0000] {dag.py:3954} INFO - Setting next_dagrun for example_complex to None, run_after=None
[2024-05-01T13:00:48.845+0000] {processor.py:183} INFO - Processing /home/airflow/.local/lib/python3.12/site-packages/airflow/example_dags/example_complex.py took 0.089 seconds
[2024-05-01T13:01:18.903+0000] {processor.py:161} INFO - Started process (PID=3826) to work on /home/airflow/.local/lib/python3.12/site-packages/airflow/example_dags/example_complex.py
[2024-05-01T13:01:18.904+0000] {processor.py:830} INFO - Processing file /home/airflow/.local/lib/python3.12/site-packages/airflow/example_dags/example_complex.py for tasks to queue
[2024-05-01T13:01:18.907+0000] {logging_mixin.py:188} INFO - [2024-05-01T13:01:18.906+0000] {dagbag.py:540} INFO - Filling up the DagBag from /home/airflow/.local/lib/python3.12/site-packages/airflow/example_dags/example_complex.py
[2024-05-01T13:01:18.919+0000] {processor.py:840} INFO - DAG(s) 'example_complex' retrieved from /home/airflow/.local/lib/python3.12/site-packages/airflow/example_dags/example_complex.py
[2024-05-01T13:01:18.954+0000] {logging_mixin.py:188} INFO - [2024-05-01T13:01:18.954+0000] {dag.py:3096} INFO - Sync 1 DAGs
[2024-05-01T13:01:18.968+0000] {logging_mixin.py:188} INFO - [2024-05-01T13:01:18.968+0000] {dag.py:3954} INFO - Setting next_dagrun for example_complex to None, run_after=None
[2024-05-01T13:01:18.987+0000] {processor.py:183} INFO - Processing /home/airflow/.local/lib/python3.12/site-packages/airflow/example_dags/example_complex.py took 0.092 seconds
[2024-05-01T13:01:49.583+0000] {processor.py:161} INFO - Started process (PID=3883) to work on /home/airflow/.local/lib/python3.12/site-packages/airflow/example_dags/example_complex.py
[2024-05-01T13:01:49.586+0000] {processor.py:830} INFO - Processing file /home/airflow/.local/lib/python3.12/site-packages/airflow/example_dags/example_complex.py for tasks to queue
[2024-05-01T13:01:49.590+0000] {logging_mixin.py:188} INFO - [2024-05-01T13:01:49.590+0000] {dagbag.py:540} INFO - Filling up the DagBag from /home/airflow/.local/lib/python3.12/site-packages/airflow/example_dags/example_complex.py
[2024-05-01T13:01:49.605+0000] {processor.py:840} INFO - DAG(s) 'example_complex' retrieved from /home/airflow/.local/lib/python3.12/site-packages/airflow/example_dags/example_complex.py
[2024-05-01T13:01:49.649+0000] {logging_mixin.py:188} INFO - [2024-05-01T13:01:49.649+0000] {dag.py:3096} INFO - Sync 1 DAGs
[2024-05-01T13:01:49.667+0000] {logging_mixin.py:188} INFO - [2024-05-01T13:01:49.667+0000] {dag.py:3954} INFO - Setting next_dagrun for example_complex to None, run_after=None
[2024-05-01T13:01:49.739+0000] {processor.py:183} INFO - Processing /home/airflow/.local/lib/python3.12/site-packages/airflow/example_dags/example_complex.py took 0.164 seconds
[2024-05-01T13:02:20.137+0000] {processor.py:161} INFO - Started process (PID=3941) to work on /home/airflow/.local/lib/python3.12/site-packages/airflow/example_dags/example_complex.py
[2024-05-01T13:02:20.139+0000] {processor.py:830} INFO - Processing file /home/airflow/.local/lib/python3.12/site-packages/airflow/example_dags/example_complex.py for tasks to queue
[2024-05-01T13:02:20.141+0000] {logging_mixin.py:188} INFO - [2024-05-01T13:02:20.141+0000] {dagbag.py:540} INFO - Filling up the DagBag from /home/airflow/.local/lib/python3.12/site-packages/airflow/example_dags/example_complex.py
[2024-05-01T13:02:20.155+0000] {processor.py:840} INFO - DAG(s) 'example_complex' retrieved from /home/airflow/.local/lib/python3.12/site-packages/airflow/example_dags/example_complex.py
[2024-05-01T13:02:20.190+0000] {logging_mixin.py:188} INFO - [2024-05-01T13:02:20.190+0000] {dag.py:3096} INFO - Sync 1 DAGs
[2024-05-01T13:02:20.258+0000] {logging_mixin.py:188} INFO - [2024-05-01T13:02:20.258+0000] {dag.py:3954} INFO - Setting next_dagrun for example_complex to None, run_after=None
[2024-05-01T13:02:20.279+0000] {processor.py:183} INFO - Processing /home/airflow/.local/lib/python3.12/site-packages/airflow/example_dags/example_complex.py took 0.149 seconds
[2024-05-01T13:02:50.327+0000] {processor.py:161} INFO - Started process (PID=3999) to work on /home/airflow/.local/lib/python3.12/site-packages/airflow/example_dags/example_complex.py
[2024-05-01T13:02:50.329+0000] {processor.py:830} INFO - Processing file /home/airflow/.local/lib/python3.12/site-packages/airflow/example_dags/example_complex.py for tasks to queue
[2024-05-01T13:02:50.332+0000] {logging_mixin.py:188} INFO - [2024-05-01T13:02:50.331+0000] {dagbag.py:540} INFO - Filling up the DagBag from /home/airflow/.local/lib/python3.12/site-packages/airflow/example_dags/example_complex.py
[2024-05-01T13:02:50.345+0000] {processor.py:840} INFO - DAG(s) 'example_complex' retrieved from /home/airflow/.local/lib/python3.12/site-packages/airflow/example_dags/example_complex.py
[2024-05-01T13:02:50.386+0000] {logging_mixin.py:188} INFO - [2024-05-01T13:02:50.386+0000] {dag.py:3096} INFO - Sync 1 DAGs
[2024-05-01T13:02:50.405+0000] {logging_mixin.py:188} INFO - [2024-05-01T13:02:50.404+0000] {dag.py:3954} INFO - Setting next_dagrun for example_complex to None, run_after=None
[2024-05-01T13:02:50.430+0000] {processor.py:183} INFO - Processing /home/airflow/.local/lib/python3.12/site-packages/airflow/example_dags/example_complex.py took 0.111 seconds
[2024-05-01T13:06:41.197+0000] {processor.py:161} INFO - Started process (PID=4060) to work on /home/airflow/.local/lib/python3.12/site-packages/airflow/example_dags/example_complex.py
[2024-05-01T13:06:41.243+0000] {processor.py:830} INFO - Processing file /home/airflow/.local/lib/python3.12/site-packages/airflow/example_dags/example_complex.py for tasks to queue
[2024-05-01T13:06:41.252+0000] {logging_mixin.py:188} INFO - [2024-05-01T13:06:41.251+0000] {dagbag.py:540} INFO - Filling up the DagBag from /home/airflow/.local/lib/python3.12/site-packages/airflow/example_dags/example_complex.py
[2024-05-01T13:06:41.283+0000] {processor.py:840} INFO - DAG(s) 'example_complex' retrieved from /home/airflow/.local/lib/python3.12/site-packages/airflow/example_dags/example_complex.py
[2024-05-01T13:06:41.450+0000] {logging_mixin.py:188} INFO - [2024-05-01T13:06:41.450+0000] {dag.py:3096} INFO - Sync 1 DAGs
[2024-05-01T13:06:41.527+0000] {logging_mixin.py:188} INFO - [2024-05-01T13:06:41.526+0000] {dag.py:3954} INFO - Setting next_dagrun for example_complex to None, run_after=None
[2024-05-01T13:06:41.603+0000] {processor.py:183} INFO - Processing /home/airflow/.local/lib/python3.12/site-packages/airflow/example_dags/example_complex.py took 0.440 seconds
[2024-05-01T13:07:12.611+0000] {processor.py:161} INFO - Started process (PID=4118) to work on /home/airflow/.local/lib/python3.12/site-packages/airflow/example_dags/example_complex.py
[2024-05-01T13:07:12.613+0000] {processor.py:830} INFO - Processing file /home/airflow/.local/lib/python3.12/site-packages/airflow/example_dags/example_complex.py for tasks to queue
[2024-05-01T13:07:12.615+0000] {logging_mixin.py:188} INFO - [2024-05-01T13:07:12.615+0000] {dagbag.py:540} INFO - Filling up the DagBag from /home/airflow/.local/lib/python3.12/site-packages/airflow/example_dags/example_complex.py
[2024-05-01T13:07:12.626+0000] {processor.py:840} INFO - DAG(s) 'example_complex' retrieved from /home/airflow/.local/lib/python3.12/site-packages/airflow/example_dags/example_complex.py
[2024-05-01T13:07:12.663+0000] {logging_mixin.py:188} INFO - [2024-05-01T13:07:12.662+0000] {dag.py:3096} INFO - Sync 1 DAGs
[2024-05-01T13:07:12.679+0000] {logging_mixin.py:188} INFO - [2024-05-01T13:07:12.679+0000] {dag.py:3954} INFO - Setting next_dagrun for example_complex to None, run_after=None
[2024-05-01T13:07:12.700+0000] {processor.py:183} INFO - Processing /home/airflow/.local/lib/python3.12/site-packages/airflow/example_dags/example_complex.py took 0.095 seconds
[2024-05-01T13:07:43.144+0000] {processor.py:161} INFO - Started process (PID=4176) to work on /home/airflow/.local/lib/python3.12/site-packages/airflow/example_dags/example_complex.py
[2024-05-01T13:07:43.146+0000] {processor.py:830} INFO - Processing file /home/airflow/.local/lib/python3.12/site-packages/airflow/example_dags/example_complex.py for tasks to queue
[2024-05-01T13:07:43.149+0000] {logging_mixin.py:188} INFO - [2024-05-01T13:07:43.148+0000] {dagbag.py:540} INFO - Filling up the DagBag from /home/airflow/.local/lib/python3.12/site-packages/airflow/example_dags/example_complex.py
[2024-05-01T13:07:43.160+0000] {processor.py:840} INFO - DAG(s) 'example_complex' retrieved from /home/airflow/.local/lib/python3.12/site-packages/airflow/example_dags/example_complex.py
[2024-05-01T13:07:43.198+0000] {logging_mixin.py:188} INFO - [2024-05-01T13:07:43.198+0000] {dag.py:3096} INFO - Sync 1 DAGs
[2024-05-01T13:07:43.214+0000] {logging_mixin.py:188} INFO - [2024-05-01T13:07:43.214+0000] {dag.py:3954} INFO - Setting next_dagrun for example_complex to None, run_after=None
[2024-05-01T13:07:43.235+0000] {processor.py:183} INFO - Processing /home/airflow/.local/lib/python3.12/site-packages/airflow/example_dags/example_complex.py took 0.098 seconds
[2024-05-01T13:08:13.386+0000] {processor.py:161} INFO - Started process (PID=4234) to work on /home/airflow/.local/lib/python3.12/site-packages/airflow/example_dags/example_complex.py
[2024-05-01T13:08:13.388+0000] {processor.py:830} INFO - Processing file /home/airflow/.local/lib/python3.12/site-packages/airflow/example_dags/example_complex.py for tasks to queue
[2024-05-01T13:08:13.390+0000] {logging_mixin.py:188} INFO - [2024-05-01T13:08:13.389+0000] {dagbag.py:540} INFO - Filling up the DagBag from /home/airflow/.local/lib/python3.12/site-packages/airflow/example_dags/example_complex.py
[2024-05-01T13:08:13.401+0000] {processor.py:840} INFO - DAG(s) 'example_complex' retrieved from /home/airflow/.local/lib/python3.12/site-packages/airflow/example_dags/example_complex.py
[2024-05-01T13:08:13.436+0000] {logging_mixin.py:188} INFO - [2024-05-01T13:08:13.436+0000] {dag.py:3096} INFO - Sync 1 DAGs
[2024-05-01T13:08:13.450+0000] {logging_mixin.py:188} INFO - [2024-05-01T13:08:13.450+0000] {dag.py:3954} INFO - Setting next_dagrun for example_complex to None, run_after=None
[2024-05-01T13:08:13.469+0000] {processor.py:183} INFO - Processing /home/airflow/.local/lib/python3.12/site-packages/airflow/example_dags/example_complex.py took 0.090 seconds
[2024-05-01T13:08:43.663+0000] {processor.py:161} INFO - Started process (PID=4292) to work on /home/airflow/.local/lib/python3.12/site-packages/airflow/example_dags/example_complex.py
[2024-05-01T13:08:43.664+0000] {processor.py:830} INFO - Processing file /home/airflow/.local/lib/python3.12/site-packages/airflow/example_dags/example_complex.py for tasks to queue
[2024-05-01T13:08:43.667+0000] {logging_mixin.py:188} INFO - [2024-05-01T13:08:43.666+0000] {dagbag.py:540} INFO - Filling up the DagBag from /home/airflow/.local/lib/python3.12/site-packages/airflow/example_dags/example_complex.py
[2024-05-01T13:08:43.681+0000] {processor.py:840} INFO - DAG(s) 'example_complex' retrieved from /home/airflow/.local/lib/python3.12/site-packages/airflow/example_dags/example_complex.py
[2024-05-01T13:08:43.747+0000] {logging_mixin.py:188} INFO - [2024-05-01T13:08:43.747+0000] {dag.py:3096} INFO - Sync 1 DAGs
[2024-05-01T13:08:43.782+0000] {logging_mixin.py:188} INFO - [2024-05-01T13:08:43.781+0000] {dag.py:3954} INFO - Setting next_dagrun for example_complex to None, run_after=None
[2024-05-01T13:08:43.816+0000] {processor.py:183} INFO - Processing /home/airflow/.local/lib/python3.12/site-packages/airflow/example_dags/example_complex.py took 0.161 seconds
