[2024-05-01T12:28:16.703+0000] {processor.py:161} INFO - Started process (PID=76) to work on /home/airflow/.local/lib/python3.12/site-packages/airflow/example_dags/example_latest_only.py
[2024-05-01T12:28:16.704+0000] {processor.py:830} INFO - Processing file /home/airflow/.local/lib/python3.12/site-packages/airflow/example_dags/example_latest_only.py for tasks to queue
[2024-05-01T12:28:16.707+0000] {logging_mixin.py:188} INFO - [2024-05-01T12:28:16.706+0000] {dagbag.py:540} INFO - Filling up the DagBag from /home/airflow/.local/lib/python3.12/site-packages/airflow/example_dags/example_latest_only.py
[2024-05-01T12:28:16.715+0000] {processor.py:840} INFO - DAG(s) 'latest_only' retrieved from /home/airflow/.local/lib/python3.12/site-packages/airflow/example_dags/example_latest_only.py
[2024-05-01T12:28:16.736+0000] {logging_mixin.py:188} INFO - [2024-05-01T12:28:16.736+0000] {dag.py:3096} INFO - Sync 1 DAGs
[2024-05-01T12:28:16.774+0000] {logging_mixin.py:188} INFO - [2024-05-01T12:28:16.774+0000] {dag.py:3954} INFO - Setting next_dagrun for latest_only to 2024-05-01 08:00:00+00:00, run_after=2024-05-01 12:00:00+00:00
[2024-05-01T12:28:16.813+0000] {processor.py:183} INFO - Processing /home/airflow/.local/lib/python3.12/site-packages/airflow/example_dags/example_latest_only.py took 0.116 seconds
[2024-05-01T12:28:47.180+0000] {processor.py:161} INFO - Started process (PID=134) to work on /home/airflow/.local/lib/python3.12/site-packages/airflow/example_dags/example_latest_only.py
[2024-05-01T12:28:47.182+0000] {processor.py:830} INFO - Processing file /home/airflow/.local/lib/python3.12/site-packages/airflow/example_dags/example_latest_only.py for tasks to queue
[2024-05-01T12:28:47.184+0000] {logging_mixin.py:188} INFO - [2024-05-01T12:28:47.184+0000] {dagbag.py:540} INFO - Filling up the DagBag from /home/airflow/.local/lib/python3.12/site-packages/airflow/example_dags/example_latest_only.py
[2024-05-01T12:28:47.191+0000] {processor.py:840} INFO - DAG(s) 'latest_only' retrieved from /home/airflow/.local/lib/python3.12/site-packages/airflow/example_dags/example_latest_only.py
[2024-05-01T12:28:47.301+0000] {logging_mixin.py:188} INFO - [2024-05-01T12:28:47.300+0000] {dag.py:3096} INFO - Sync 1 DAGs
[2024-05-01T12:28:47.322+0000] {logging_mixin.py:188} INFO - [2024-05-01T12:28:47.322+0000] {dag.py:3954} INFO - Setting next_dagrun for latest_only to 2024-05-01 08:00:00+00:00, run_after=2024-05-01 12:00:00+00:00
[2024-05-01T12:28:47.341+0000] {processor.py:183} INFO - Processing /home/airflow/.local/lib/python3.12/site-packages/airflow/example_dags/example_latest_only.py took 0.167 seconds
[2024-05-01T12:29:17.797+0000] {processor.py:161} INFO - Started process (PID=192) to work on /home/airflow/.local/lib/python3.12/site-packages/airflow/example_dags/example_latest_only.py
[2024-05-01T12:29:17.799+0000] {processor.py:830} INFO - Processing file /home/airflow/.local/lib/python3.12/site-packages/airflow/example_dags/example_latest_only.py for tasks to queue
[2024-05-01T12:29:17.801+0000] {logging_mixin.py:188} INFO - [2024-05-01T12:29:17.801+0000] {dagbag.py:540} INFO - Filling up the DagBag from /home/airflow/.local/lib/python3.12/site-packages/airflow/example_dags/example_latest_only.py
[2024-05-01T12:29:17.807+0000] {processor.py:840} INFO - DAG(s) 'latest_only' retrieved from /home/airflow/.local/lib/python3.12/site-packages/airflow/example_dags/example_latest_only.py
[2024-05-01T12:29:17.828+0000] {logging_mixin.py:188} INFO - [2024-05-01T12:29:17.827+0000] {dag.py:3096} INFO - Sync 1 DAGs
[2024-05-01T12:29:17.851+0000] {logging_mixin.py:188} INFO - [2024-05-01T12:29:17.851+0000] {dag.py:3954} INFO - Setting next_dagrun for latest_only to 2024-05-01 08:00:00+00:00, run_after=2024-05-01 12:00:00+00:00
[2024-05-01T12:29:17.870+0000] {processor.py:183} INFO - Processing /home/airflow/.local/lib/python3.12/site-packages/airflow/example_dags/example_latest_only.py took 0.079 seconds
[2024-05-01T12:29:48.579+0000] {processor.py:161} INFO - Started process (PID=250) to work on /home/airflow/.local/lib/python3.12/site-packages/airflow/example_dags/example_latest_only.py
[2024-05-01T12:29:48.582+0000] {processor.py:830} INFO - Processing file /home/airflow/.local/lib/python3.12/site-packages/airflow/example_dags/example_latest_only.py for tasks to queue
[2024-05-01T12:29:48.584+0000] {logging_mixin.py:188} INFO - [2024-05-01T12:29:48.584+0000] {dagbag.py:540} INFO - Filling up the DagBag from /home/airflow/.local/lib/python3.12/site-packages/airflow/example_dags/example_latest_only.py
[2024-05-01T12:29:48.591+0000] {processor.py:840} INFO - DAG(s) 'latest_only' retrieved from /home/airflow/.local/lib/python3.12/site-packages/airflow/example_dags/example_latest_only.py
[2024-05-01T12:29:48.616+0000] {logging_mixin.py:188} INFO - [2024-05-01T12:29:48.616+0000] {dag.py:3096} INFO - Sync 1 DAGs
[2024-05-01T12:29:48.649+0000] {logging_mixin.py:188} INFO - [2024-05-01T12:29:48.648+0000] {dag.py:3954} INFO - Setting next_dagrun for latest_only to 2024-05-01 08:00:00+00:00, run_after=2024-05-01 12:00:00+00:00
[2024-05-01T12:29:48.673+0000] {processor.py:183} INFO - Processing /home/airflow/.local/lib/python3.12/site-packages/airflow/example_dags/example_latest_only.py took 0.101 seconds
[2024-05-01T12:30:19.661+0000] {processor.py:161} INFO - Started process (PID=308) to work on /home/airflow/.local/lib/python3.12/site-packages/airflow/example_dags/example_latest_only.py
[2024-05-01T12:30:19.663+0000] {processor.py:830} INFO - Processing file /home/airflow/.local/lib/python3.12/site-packages/airflow/example_dags/example_latest_only.py for tasks to queue
[2024-05-01T12:30:19.665+0000] {logging_mixin.py:188} INFO - [2024-05-01T12:30:19.665+0000] {dagbag.py:540} INFO - Filling up the DagBag from /home/airflow/.local/lib/python3.12/site-packages/airflow/example_dags/example_latest_only.py
[2024-05-01T12:30:19.673+0000] {processor.py:840} INFO - DAG(s) 'latest_only' retrieved from /home/airflow/.local/lib/python3.12/site-packages/airflow/example_dags/example_latest_only.py
[2024-05-01T12:30:19.701+0000] {logging_mixin.py:188} INFO - [2024-05-01T12:30:19.701+0000] {dag.py:3096} INFO - Sync 1 DAGs
[2024-05-01T12:30:19.731+0000] {logging_mixin.py:188} INFO - [2024-05-01T12:30:19.731+0000] {dag.py:3954} INFO - Setting next_dagrun for latest_only to 2024-05-01 08:00:00+00:00, run_after=2024-05-01 12:00:00+00:00
[2024-05-01T12:30:19.753+0000] {processor.py:183} INFO - Processing /home/airflow/.local/lib/python3.12/site-packages/airflow/example_dags/example_latest_only.py took 0.102 seconds
[2024-05-01T12:30:49.887+0000] {processor.py:161} INFO - Started process (PID=366) to work on /home/airflow/.local/lib/python3.12/site-packages/airflow/example_dags/example_latest_only.py
[2024-05-01T12:30:49.888+0000] {processor.py:830} INFO - Processing file /home/airflow/.local/lib/python3.12/site-packages/airflow/example_dags/example_latest_only.py for tasks to queue
[2024-05-01T12:30:49.891+0000] {logging_mixin.py:188} INFO - [2024-05-01T12:30:49.890+0000] {dagbag.py:540} INFO - Filling up the DagBag from /home/airflow/.local/lib/python3.12/site-packages/airflow/example_dags/example_latest_only.py
[2024-05-01T12:30:49.897+0000] {processor.py:840} INFO - DAG(s) 'latest_only' retrieved from /home/airflow/.local/lib/python3.12/site-packages/airflow/example_dags/example_latest_only.py
[2024-05-01T12:30:49.920+0000] {logging_mixin.py:188} INFO - [2024-05-01T12:30:49.919+0000] {dag.py:3096} INFO - Sync 1 DAGs
[2024-05-01T12:30:49.945+0000] {logging_mixin.py:188} INFO - [2024-05-01T12:30:49.944+0000] {dag.py:3954} INFO - Setting next_dagrun for latest_only to 2024-05-01 08:00:00+00:00, run_after=2024-05-01 12:00:00+00:00
[2024-05-01T12:30:49.965+0000] {processor.py:183} INFO - Processing /home/airflow/.local/lib/python3.12/site-packages/airflow/example_dags/example_latest_only.py took 0.085 seconds
[2024-05-01T12:31:20.421+0000] {processor.py:161} INFO - Started process (PID=424) to work on /home/airflow/.local/lib/python3.12/site-packages/airflow/example_dags/example_latest_only.py
[2024-05-01T12:31:20.422+0000] {processor.py:830} INFO - Processing file /home/airflow/.local/lib/python3.12/site-packages/airflow/example_dags/example_latest_only.py for tasks to queue
[2024-05-01T12:31:20.425+0000] {logging_mixin.py:188} INFO - [2024-05-01T12:31:20.424+0000] {dagbag.py:540} INFO - Filling up the DagBag from /home/airflow/.local/lib/python3.12/site-packages/airflow/example_dags/example_latest_only.py
[2024-05-01T12:31:20.430+0000] {processor.py:840} INFO - DAG(s) 'latest_only' retrieved from /home/airflow/.local/lib/python3.12/site-packages/airflow/example_dags/example_latest_only.py
[2024-05-01T12:31:20.453+0000] {logging_mixin.py:188} INFO - [2024-05-01T12:31:20.452+0000] {dag.py:3096} INFO - Sync 1 DAGs
[2024-05-01T12:31:20.476+0000] {logging_mixin.py:188} INFO - [2024-05-01T12:31:20.476+0000] {dag.py:3954} INFO - Setting next_dagrun for latest_only to 2024-05-01 08:00:00+00:00, run_after=2024-05-01 12:00:00+00:00
[2024-05-01T12:31:20.495+0000] {processor.py:183} INFO - Processing /home/airflow/.local/lib/python3.12/site-packages/airflow/example_dags/example_latest_only.py took 0.081 seconds
[2024-05-01T12:31:51.238+0000] {processor.py:161} INFO - Started process (PID=482) to work on /home/airflow/.local/lib/python3.12/site-packages/airflow/example_dags/example_latest_only.py
[2024-05-01T12:31:51.240+0000] {processor.py:830} INFO - Processing file /home/airflow/.local/lib/python3.12/site-packages/airflow/example_dags/example_latest_only.py for tasks to queue
[2024-05-01T12:31:51.242+0000] {logging_mixin.py:188} INFO - [2024-05-01T12:31:51.241+0000] {dagbag.py:540} INFO - Filling up the DagBag from /home/airflow/.local/lib/python3.12/site-packages/airflow/example_dags/example_latest_only.py
[2024-05-01T12:31:51.249+0000] {processor.py:840} INFO - DAG(s) 'latest_only' retrieved from /home/airflow/.local/lib/python3.12/site-packages/airflow/example_dags/example_latest_only.py
[2024-05-01T12:31:51.270+0000] {logging_mixin.py:188} INFO - [2024-05-01T12:31:51.270+0000] {dag.py:3096} INFO - Sync 1 DAGs
[2024-05-01T12:31:51.294+0000] {logging_mixin.py:188} INFO - [2024-05-01T12:31:51.294+0000] {dag.py:3954} INFO - Setting next_dagrun for latest_only to 2024-05-01 08:00:00+00:00, run_after=2024-05-01 12:00:00+00:00
[2024-05-01T12:31:51.313+0000] {processor.py:183} INFO - Processing /home/airflow/.local/lib/python3.12/site-packages/airflow/example_dags/example_latest_only.py took 0.082 seconds
[2024-05-01T12:32:21.526+0000] {processor.py:161} INFO - Started process (PID=540) to work on /home/airflow/.local/lib/python3.12/site-packages/airflow/example_dags/example_latest_only.py
[2024-05-01T12:32:21.528+0000] {processor.py:830} INFO - Processing file /home/airflow/.local/lib/python3.12/site-packages/airflow/example_dags/example_latest_only.py for tasks to queue
[2024-05-01T12:32:21.530+0000] {logging_mixin.py:188} INFO - [2024-05-01T12:32:21.530+0000] {dagbag.py:540} INFO - Filling up the DagBag from /home/airflow/.local/lib/python3.12/site-packages/airflow/example_dags/example_latest_only.py
[2024-05-01T12:32:21.536+0000] {processor.py:840} INFO - DAG(s) 'latest_only' retrieved from /home/airflow/.local/lib/python3.12/site-packages/airflow/example_dags/example_latest_only.py
[2024-05-01T12:32:21.558+0000] {logging_mixin.py:188} INFO - [2024-05-01T12:32:21.557+0000] {dag.py:3096} INFO - Sync 1 DAGs
[2024-05-01T12:32:21.581+0000] {logging_mixin.py:188} INFO - [2024-05-01T12:32:21.580+0000] {dag.py:3954} INFO - Setting next_dagrun for latest_only to 2024-05-01 08:00:00+00:00, run_after=2024-05-01 12:00:00+00:00
[2024-05-01T12:32:21.601+0000] {processor.py:183} INFO - Processing /home/airflow/.local/lib/python3.12/site-packages/airflow/example_dags/example_latest_only.py took 0.082 seconds
[2024-05-01T12:32:52.013+0000] {processor.py:161} INFO - Started process (PID=598) to work on /home/airflow/.local/lib/python3.12/site-packages/airflow/example_dags/example_latest_only.py
[2024-05-01T12:32:52.015+0000] {processor.py:830} INFO - Processing file /home/airflow/.local/lib/python3.12/site-packages/airflow/example_dags/example_latest_only.py for tasks to queue
[2024-05-01T12:32:52.017+0000] {logging_mixin.py:188} INFO - [2024-05-01T12:32:52.017+0000] {dagbag.py:540} INFO - Filling up the DagBag from /home/airflow/.local/lib/python3.12/site-packages/airflow/example_dags/example_latest_only.py
[2024-05-01T12:32:52.023+0000] {processor.py:840} INFO - DAG(s) 'latest_only' retrieved from /home/airflow/.local/lib/python3.12/site-packages/airflow/example_dags/example_latest_only.py
[2024-05-01T12:32:52.043+0000] {logging_mixin.py:188} INFO - [2024-05-01T12:32:52.043+0000] {dag.py:3096} INFO - Sync 1 DAGs
[2024-05-01T12:32:52.067+0000] {logging_mixin.py:188} INFO - [2024-05-01T12:32:52.067+0000] {dag.py:3954} INFO - Setting next_dagrun for latest_only to 2024-05-01 08:00:00+00:00, run_after=2024-05-01 12:00:00+00:00
[2024-05-01T12:32:52.087+0000] {processor.py:183} INFO - Processing /home/airflow/.local/lib/python3.12/site-packages/airflow/example_dags/example_latest_only.py took 0.080 seconds
[2024-05-01T12:33:22.729+0000] {processor.py:161} INFO - Started process (PID=656) to work on /home/airflow/.local/lib/python3.12/site-packages/airflow/example_dags/example_latest_only.py
[2024-05-01T12:33:22.731+0000] {processor.py:830} INFO - Processing file /home/airflow/.local/lib/python3.12/site-packages/airflow/example_dags/example_latest_only.py for tasks to queue
[2024-05-01T12:33:22.734+0000] {logging_mixin.py:188} INFO - [2024-05-01T12:33:22.733+0000] {dagbag.py:540} INFO - Filling up the DagBag from /home/airflow/.local/lib/python3.12/site-packages/airflow/example_dags/example_latest_only.py
[2024-05-01T12:33:22.740+0000] {processor.py:840} INFO - DAG(s) 'latest_only' retrieved from /home/airflow/.local/lib/python3.12/site-packages/airflow/example_dags/example_latest_only.py
[2024-05-01T12:33:22.765+0000] {logging_mixin.py:188} INFO - [2024-05-01T12:33:22.765+0000] {dag.py:3096} INFO - Sync 1 DAGs
[2024-05-01T12:33:22.796+0000] {logging_mixin.py:188} INFO - [2024-05-01T12:33:22.796+0000] {dag.py:3954} INFO - Setting next_dagrun for latest_only to 2024-05-01 08:00:00+00:00, run_after=2024-05-01 12:00:00+00:00
[2024-05-01T12:33:22.821+0000] {processor.py:183} INFO - Processing /home/airflow/.local/lib/python3.12/site-packages/airflow/example_dags/example_latest_only.py took 0.100 seconds
[2024-05-01T12:33:53.081+0000] {processor.py:161} INFO - Started process (PID=714) to work on /home/airflow/.local/lib/python3.12/site-packages/airflow/example_dags/example_latest_only.py
[2024-05-01T12:33:53.084+0000] {processor.py:830} INFO - Processing file /home/airflow/.local/lib/python3.12/site-packages/airflow/example_dags/example_latest_only.py for tasks to queue
[2024-05-01T12:33:53.088+0000] {logging_mixin.py:188} INFO - [2024-05-01T12:33:53.088+0000] {dagbag.py:540} INFO - Filling up the DagBag from /home/airflow/.local/lib/python3.12/site-packages/airflow/example_dags/example_latest_only.py
[2024-05-01T12:33:53.095+0000] {processor.py:840} INFO - DAG(s) 'latest_only' retrieved from /home/airflow/.local/lib/python3.12/site-packages/airflow/example_dags/example_latest_only.py
[2024-05-01T12:33:53.119+0000] {logging_mixin.py:188} INFO - [2024-05-01T12:33:53.118+0000] {dag.py:3096} INFO - Sync 1 DAGs
[2024-05-01T12:33:53.147+0000] {logging_mixin.py:188} INFO - [2024-05-01T12:33:53.147+0000] {dag.py:3954} INFO - Setting next_dagrun for latest_only to 2024-05-01 08:00:00+00:00, run_after=2024-05-01 12:00:00+00:00
[2024-05-01T12:33:53.168+0000] {processor.py:183} INFO - Processing /home/airflow/.local/lib/python3.12/site-packages/airflow/example_dags/example_latest_only.py took 0.095 seconds
[2024-05-01T12:34:23.981+0000] {processor.py:161} INFO - Started process (PID=772) to work on /home/airflow/.local/lib/python3.12/site-packages/airflow/example_dags/example_latest_only.py
[2024-05-01T12:34:23.982+0000] {processor.py:830} INFO - Processing file /home/airflow/.local/lib/python3.12/site-packages/airflow/example_dags/example_latest_only.py for tasks to queue
[2024-05-01T12:34:23.985+0000] {logging_mixin.py:188} INFO - [2024-05-01T12:34:23.984+0000] {dagbag.py:540} INFO - Filling up the DagBag from /home/airflow/.local/lib/python3.12/site-packages/airflow/example_dags/example_latest_only.py
[2024-05-01T12:34:23.994+0000] {processor.py:840} INFO - DAG(s) 'latest_only' retrieved from /home/airflow/.local/lib/python3.12/site-packages/airflow/example_dags/example_latest_only.py
[2024-05-01T12:34:24.016+0000] {logging_mixin.py:188} INFO - [2024-05-01T12:34:24.016+0000] {dag.py:3096} INFO - Sync 1 DAGs
[2024-05-01T12:34:24.041+0000] {logging_mixin.py:188} INFO - [2024-05-01T12:34:24.041+0000] {dag.py:3954} INFO - Setting next_dagrun for latest_only to 2024-05-01 08:00:00+00:00, run_after=2024-05-01 12:00:00+00:00
[2024-05-01T12:34:24.061+0000] {processor.py:183} INFO - Processing /home/airflow/.local/lib/python3.12/site-packages/airflow/example_dags/example_latest_only.py took 0.087 seconds
[2024-05-01T12:34:54.166+0000] {processor.py:161} INFO - Started process (PID=830) to work on /home/airflow/.local/lib/python3.12/site-packages/airflow/example_dags/example_latest_only.py
[2024-05-01T12:34:54.167+0000] {processor.py:830} INFO - Processing file /home/airflow/.local/lib/python3.12/site-packages/airflow/example_dags/example_latest_only.py for tasks to queue
[2024-05-01T12:34:54.170+0000] {logging_mixin.py:188} INFO - [2024-05-01T12:34:54.169+0000] {dagbag.py:540} INFO - Filling up the DagBag from /home/airflow/.local/lib/python3.12/site-packages/airflow/example_dags/example_latest_only.py
[2024-05-01T12:34:54.176+0000] {processor.py:840} INFO - DAG(s) 'latest_only' retrieved from /home/airflow/.local/lib/python3.12/site-packages/airflow/example_dags/example_latest_only.py
[2024-05-01T12:34:54.196+0000] {logging_mixin.py:188} INFO - [2024-05-01T12:34:54.196+0000] {dag.py:3096} INFO - Sync 1 DAGs
[2024-05-01T12:34:54.220+0000] {logging_mixin.py:188} INFO - [2024-05-01T12:34:54.220+0000] {dag.py:3954} INFO - Setting next_dagrun for latest_only to 2024-05-01 08:00:00+00:00, run_after=2024-05-01 12:00:00+00:00
[2024-05-01T12:34:54.239+0000] {processor.py:183} INFO - Processing /home/airflow/.local/lib/python3.12/site-packages/airflow/example_dags/example_latest_only.py took 0.079 seconds
[2024-05-01T12:35:25.002+0000] {processor.py:161} INFO - Started process (PID=894) to work on /home/airflow/.local/lib/python3.12/site-packages/airflow/example_dags/example_latest_only.py
[2024-05-01T12:35:25.004+0000] {processor.py:830} INFO - Processing file /home/airflow/.local/lib/python3.12/site-packages/airflow/example_dags/example_latest_only.py for tasks to queue
[2024-05-01T12:35:25.007+0000] {logging_mixin.py:188} INFO - [2024-05-01T12:35:25.006+0000] {dagbag.py:540} INFO - Filling up the DagBag from /home/airflow/.local/lib/python3.12/site-packages/airflow/example_dags/example_latest_only.py
[2024-05-01T12:35:25.013+0000] {processor.py:840} INFO - DAG(s) 'latest_only' retrieved from /home/airflow/.local/lib/python3.12/site-packages/airflow/example_dags/example_latest_only.py
[2024-05-01T12:35:25.035+0000] {logging_mixin.py:188} INFO - [2024-05-01T12:35:25.035+0000] {dag.py:3096} INFO - Sync 1 DAGs
[2024-05-01T12:35:25.211+0000] {logging_mixin.py:188} INFO - [2024-05-01T12:35:25.211+0000] {dag.py:3954} INFO - Setting next_dagrun for latest_only to 2024-05-01 08:00:00+00:00, run_after=2024-05-01 12:00:00+00:00
[2024-05-01T12:35:25.232+0000] {processor.py:183} INFO - Processing /home/airflow/.local/lib/python3.12/site-packages/airflow/example_dags/example_latest_only.py took 0.238 seconds
[2024-05-01T12:35:56.592+0000] {processor.py:161} INFO - Started process (PID=952) to work on /home/airflow/.local/lib/python3.12/site-packages/airflow/example_dags/example_latest_only.py
[2024-05-01T12:35:56.594+0000] {processor.py:830} INFO - Processing file /home/airflow/.local/lib/python3.12/site-packages/airflow/example_dags/example_latest_only.py for tasks to queue
[2024-05-01T12:35:56.597+0000] {logging_mixin.py:188} INFO - [2024-05-01T12:35:56.596+0000] {dagbag.py:540} INFO - Filling up the DagBag from /home/airflow/.local/lib/python3.12/site-packages/airflow/example_dags/example_latest_only.py
[2024-05-01T12:35:56.603+0000] {processor.py:840} INFO - DAG(s) 'latest_only' retrieved from /home/airflow/.local/lib/python3.12/site-packages/airflow/example_dags/example_latest_only.py
[2024-05-01T12:35:56.629+0000] {logging_mixin.py:188} INFO - [2024-05-01T12:35:56.629+0000] {dag.py:3096} INFO - Sync 1 DAGs
[2024-05-01T12:35:56.801+0000] {logging_mixin.py:188} INFO - [2024-05-01T12:35:56.801+0000] {dag.py:3954} INFO - Setting next_dagrun for latest_only to 2024-05-01 08:00:00+00:00, run_after=2024-05-01 12:00:00+00:00
[2024-05-01T12:35:56.824+0000] {processor.py:183} INFO - Processing /home/airflow/.local/lib/python3.12/site-packages/airflow/example_dags/example_latest_only.py took 0.241 seconds
[2024-05-01T12:36:26.884+0000] {processor.py:161} INFO - Started process (PID=1010) to work on /home/airflow/.local/lib/python3.12/site-packages/airflow/example_dags/example_latest_only.py
[2024-05-01T12:36:26.886+0000] {processor.py:830} INFO - Processing file /home/airflow/.local/lib/python3.12/site-packages/airflow/example_dags/example_latest_only.py for tasks to queue
[2024-05-01T12:36:26.889+0000] {logging_mixin.py:188} INFO - [2024-05-01T12:36:26.888+0000] {dagbag.py:540} INFO - Filling up the DagBag from /home/airflow/.local/lib/python3.12/site-packages/airflow/example_dags/example_latest_only.py
[2024-05-01T12:36:26.896+0000] {processor.py:840} INFO - DAG(s) 'latest_only' retrieved from /home/airflow/.local/lib/python3.12/site-packages/airflow/example_dags/example_latest_only.py
[2024-05-01T12:36:26.920+0000] {logging_mixin.py:188} INFO - [2024-05-01T12:36:26.920+0000] {dag.py:3096} INFO - Sync 1 DAGs
[2024-05-01T12:36:26.945+0000] {logging_mixin.py:188} INFO - [2024-05-01T12:36:26.945+0000] {dag.py:3954} INFO - Setting next_dagrun for latest_only to 2024-05-01 08:00:00+00:00, run_after=2024-05-01 12:00:00+00:00
[2024-05-01T12:36:27.103+0000] {processor.py:183} INFO - Processing /home/airflow/.local/lib/python3.12/site-packages/airflow/example_dags/example_latest_only.py took 0.226 seconds
[2024-05-01T12:36:57.159+0000] {processor.py:161} INFO - Started process (PID=1068) to work on /home/airflow/.local/lib/python3.12/site-packages/airflow/example_dags/example_latest_only.py
[2024-05-01T12:36:57.160+0000] {processor.py:830} INFO - Processing file /home/airflow/.local/lib/python3.12/site-packages/airflow/example_dags/example_latest_only.py for tasks to queue
[2024-05-01T12:36:57.162+0000] {logging_mixin.py:188} INFO - [2024-05-01T12:36:57.162+0000] {dagbag.py:540} INFO - Filling up the DagBag from /home/airflow/.local/lib/python3.12/site-packages/airflow/example_dags/example_latest_only.py
[2024-05-01T12:36:57.168+0000] {processor.py:840} INFO - DAG(s) 'latest_only' retrieved from /home/airflow/.local/lib/python3.12/site-packages/airflow/example_dags/example_latest_only.py
[2024-05-01T12:36:57.189+0000] {logging_mixin.py:188} INFO - [2024-05-01T12:36:57.189+0000] {dag.py:3096} INFO - Sync 1 DAGs
[2024-05-01T12:36:57.213+0000] {logging_mixin.py:188} INFO - [2024-05-01T12:36:57.213+0000] {dag.py:3954} INFO - Setting next_dagrun for latest_only to 2024-05-01 08:00:00+00:00, run_after=2024-05-01 12:00:00+00:00
[2024-05-01T12:36:57.232+0000] {processor.py:183} INFO - Processing /home/airflow/.local/lib/python3.12/site-packages/airflow/example_dags/example_latest_only.py took 0.079 seconds
[2024-05-01T12:37:27.506+0000] {processor.py:161} INFO - Started process (PID=1126) to work on /home/airflow/.local/lib/python3.12/site-packages/airflow/example_dags/example_latest_only.py
[2024-05-01T12:37:27.507+0000] {processor.py:830} INFO - Processing file /home/airflow/.local/lib/python3.12/site-packages/airflow/example_dags/example_latest_only.py for tasks to queue
[2024-05-01T12:37:27.509+0000] {logging_mixin.py:188} INFO - [2024-05-01T12:37:27.509+0000] {dagbag.py:540} INFO - Filling up the DagBag from /home/airflow/.local/lib/python3.12/site-packages/airflow/example_dags/example_latest_only.py
[2024-05-01T12:37:27.514+0000] {processor.py:840} INFO - DAG(s) 'latest_only' retrieved from /home/airflow/.local/lib/python3.12/site-packages/airflow/example_dags/example_latest_only.py
[2024-05-01T12:37:27.536+0000] {logging_mixin.py:188} INFO - [2024-05-01T12:37:27.536+0000] {dag.py:3096} INFO - Sync 1 DAGs
[2024-05-01T12:37:27.561+0000] {logging_mixin.py:188} INFO - [2024-05-01T12:37:27.561+0000] {dag.py:3954} INFO - Setting next_dagrun for latest_only to 2024-05-01 08:00:00+00:00, run_after=2024-05-01 12:00:00+00:00
[2024-05-01T12:37:27.582+0000] {processor.py:183} INFO - Processing /home/airflow/.local/lib/python3.12/site-packages/airflow/example_dags/example_latest_only.py took 0.082 seconds
[2024-05-01T12:37:58.335+0000] {processor.py:161} INFO - Started process (PID=1184) to work on /home/airflow/.local/lib/python3.12/site-packages/airflow/example_dags/example_latest_only.py
[2024-05-01T12:37:58.337+0000] {processor.py:830} INFO - Processing file /home/airflow/.local/lib/python3.12/site-packages/airflow/example_dags/example_latest_only.py for tasks to queue
[2024-05-01T12:37:58.343+0000] {logging_mixin.py:188} INFO - [2024-05-01T12:37:58.343+0000] {dagbag.py:540} INFO - Filling up the DagBag from /home/airflow/.local/lib/python3.12/site-packages/airflow/example_dags/example_latest_only.py
[2024-05-01T12:37:58.406+0000] {processor.py:840} INFO - DAG(s) 'latest_only' retrieved from /home/airflow/.local/lib/python3.12/site-packages/airflow/example_dags/example_latest_only.py
[2024-05-01T12:37:58.449+0000] {logging_mixin.py:188} INFO - [2024-05-01T12:37:58.448+0000] {dag.py:3096} INFO - Sync 1 DAGs
[2024-05-01T12:37:58.477+0000] {logging_mixin.py:188} INFO - [2024-05-01T12:37:58.477+0000] {dag.py:3954} INFO - Setting next_dagrun for latest_only to 2024-05-01 08:00:00+00:00, run_after=2024-05-01 12:00:00+00:00
[2024-05-01T12:37:58.502+0000] {processor.py:183} INFO - Processing /home/airflow/.local/lib/python3.12/site-packages/airflow/example_dags/example_latest_only.py took 0.174 seconds
[2024-05-01T12:38:28.617+0000] {processor.py:161} INFO - Started process (PID=1242) to work on /home/airflow/.local/lib/python3.12/site-packages/airflow/example_dags/example_latest_only.py
[2024-05-01T12:38:28.618+0000] {processor.py:830} INFO - Processing file /home/airflow/.local/lib/python3.12/site-packages/airflow/example_dags/example_latest_only.py for tasks to queue
[2024-05-01T12:38:28.620+0000] {logging_mixin.py:188} INFO - [2024-05-01T12:38:28.620+0000] {dagbag.py:540} INFO - Filling up the DagBag from /home/airflow/.local/lib/python3.12/site-packages/airflow/example_dags/example_latest_only.py
[2024-05-01T12:38:28.626+0000] {processor.py:840} INFO - DAG(s) 'latest_only' retrieved from /home/airflow/.local/lib/python3.12/site-packages/airflow/example_dags/example_latest_only.py
[2024-05-01T12:38:28.647+0000] {logging_mixin.py:188} INFO - [2024-05-01T12:38:28.647+0000] {dag.py:3096} INFO - Sync 1 DAGs
[2024-05-01T12:38:28.672+0000] {logging_mixin.py:188} INFO - [2024-05-01T12:38:28.671+0000] {dag.py:3954} INFO - Setting next_dagrun for latest_only to 2024-05-01 08:00:00+00:00, run_after=2024-05-01 12:00:00+00:00
[2024-05-01T12:38:28.690+0000] {processor.py:183} INFO - Processing /home/airflow/.local/lib/python3.12/site-packages/airflow/example_dags/example_latest_only.py took 0.080 seconds
[2024-05-01T12:38:59.181+0000] {processor.py:161} INFO - Started process (PID=1300) to work on /home/airflow/.local/lib/python3.12/site-packages/airflow/example_dags/example_latest_only.py
[2024-05-01T12:38:59.182+0000] {processor.py:830} INFO - Processing file /home/airflow/.local/lib/python3.12/site-packages/airflow/example_dags/example_latest_only.py for tasks to queue
[2024-05-01T12:38:59.184+0000] {logging_mixin.py:188} INFO - [2024-05-01T12:38:59.184+0000] {dagbag.py:540} INFO - Filling up the DagBag from /home/airflow/.local/lib/python3.12/site-packages/airflow/example_dags/example_latest_only.py
[2024-05-01T12:38:59.189+0000] {processor.py:840} INFO - DAG(s) 'latest_only' retrieved from /home/airflow/.local/lib/python3.12/site-packages/airflow/example_dags/example_latest_only.py
[2024-05-01T12:38:59.214+0000] {logging_mixin.py:188} INFO - [2024-05-01T12:38:59.214+0000] {dag.py:3096} INFO - Sync 1 DAGs
[2024-05-01T12:38:59.241+0000] {logging_mixin.py:188} INFO - [2024-05-01T12:38:59.241+0000] {dag.py:3954} INFO - Setting next_dagrun for latest_only to 2024-05-01 08:00:00+00:00, run_after=2024-05-01 12:00:00+00:00
[2024-05-01T12:38:59.264+0000] {processor.py:183} INFO - Processing /home/airflow/.local/lib/python3.12/site-packages/airflow/example_dags/example_latest_only.py took 0.092 seconds
[2024-05-01T12:39:29.738+0000] {processor.py:161} INFO - Started process (PID=1357) to work on /home/airflow/.local/lib/python3.12/site-packages/airflow/example_dags/example_latest_only.py
[2024-05-01T12:39:29.740+0000] {processor.py:830} INFO - Processing file /home/airflow/.local/lib/python3.12/site-packages/airflow/example_dags/example_latest_only.py for tasks to queue
[2024-05-01T12:39:29.742+0000] {logging_mixin.py:188} INFO - [2024-05-01T12:39:29.742+0000] {dagbag.py:540} INFO - Filling up the DagBag from /home/airflow/.local/lib/python3.12/site-packages/airflow/example_dags/example_latest_only.py
[2024-05-01T12:39:29.749+0000] {processor.py:840} INFO - DAG(s) 'latest_only' retrieved from /home/airflow/.local/lib/python3.12/site-packages/airflow/example_dags/example_latest_only.py
[2024-05-01T12:39:29.772+0000] {logging_mixin.py:188} INFO - [2024-05-01T12:39:29.772+0000] {dag.py:3096} INFO - Sync 1 DAGs
[2024-05-01T12:39:29.802+0000] {logging_mixin.py:188} INFO - [2024-05-01T12:39:29.802+0000] {dag.py:3954} INFO - Setting next_dagrun for latest_only to 2024-05-01 08:00:00+00:00, run_after=2024-05-01 12:00:00+00:00
[2024-05-01T12:39:29.821+0000] {processor.py:183} INFO - Processing /home/airflow/.local/lib/python3.12/site-packages/airflow/example_dags/example_latest_only.py took 0.091 seconds
[2024-05-01T12:39:59.902+0000] {processor.py:161} INFO - Started process (PID=1415) to work on /home/airflow/.local/lib/python3.12/site-packages/airflow/example_dags/example_latest_only.py
[2024-05-01T12:39:59.904+0000] {processor.py:830} INFO - Processing file /home/airflow/.local/lib/python3.12/site-packages/airflow/example_dags/example_latest_only.py for tasks to queue
[2024-05-01T12:39:59.907+0000] {logging_mixin.py:188} INFO - [2024-05-01T12:39:59.907+0000] {dagbag.py:540} INFO - Filling up the DagBag from /home/airflow/.local/lib/python3.12/site-packages/airflow/example_dags/example_latest_only.py
[2024-05-01T12:39:59.914+0000] {processor.py:840} INFO - DAG(s) 'latest_only' retrieved from /home/airflow/.local/lib/python3.12/site-packages/airflow/example_dags/example_latest_only.py
[2024-05-01T12:39:59.937+0000] {logging_mixin.py:188} INFO - [2024-05-01T12:39:59.937+0000] {dag.py:3096} INFO - Sync 1 DAGs
[2024-05-01T12:39:59.967+0000] {logging_mixin.py:188} INFO - [2024-05-01T12:39:59.967+0000] {dag.py:3954} INFO - Setting next_dagrun for latest_only to 2024-05-01 08:00:00+00:00, run_after=2024-05-01 12:00:00+00:00
[2024-05-01T12:39:59.988+0000] {processor.py:183} INFO - Processing /home/airflow/.local/lib/python3.12/site-packages/airflow/example_dags/example_latest_only.py took 0.094 seconds
[2024-05-01T12:40:30.156+0000] {processor.py:161} INFO - Started process (PID=1473) to work on /home/airflow/.local/lib/python3.12/site-packages/airflow/example_dags/example_latest_only.py
[2024-05-01T12:40:30.158+0000] {processor.py:830} INFO - Processing file /home/airflow/.local/lib/python3.12/site-packages/airflow/example_dags/example_latest_only.py for tasks to queue
[2024-05-01T12:40:30.161+0000] {logging_mixin.py:188} INFO - [2024-05-01T12:40:30.160+0000] {dagbag.py:540} INFO - Filling up the DagBag from /home/airflow/.local/lib/python3.12/site-packages/airflow/example_dags/example_latest_only.py
[2024-05-01T12:40:30.167+0000] {processor.py:840} INFO - DAG(s) 'latest_only' retrieved from /home/airflow/.local/lib/python3.12/site-packages/airflow/example_dags/example_latest_only.py
[2024-05-01T12:40:30.191+0000] {logging_mixin.py:188} INFO - [2024-05-01T12:40:30.191+0000] {dag.py:3096} INFO - Sync 1 DAGs
[2024-05-01T12:40:30.219+0000] {logging_mixin.py:188} INFO - [2024-05-01T12:40:30.219+0000] {dag.py:3954} INFO - Setting next_dagrun for latest_only to 2024-05-01 08:00:00+00:00, run_after=2024-05-01 12:00:00+00:00
[2024-05-01T12:40:30.239+0000] {processor.py:183} INFO - Processing /home/airflow/.local/lib/python3.12/site-packages/airflow/example_dags/example_latest_only.py took 0.089 seconds
[2024-05-01T12:41:00.269+0000] {processor.py:161} INFO - Started process (PID=1531) to work on /home/airflow/.local/lib/python3.12/site-packages/airflow/example_dags/example_latest_only.py
[2024-05-01T12:41:00.271+0000] {processor.py:830} INFO - Processing file /home/airflow/.local/lib/python3.12/site-packages/airflow/example_dags/example_latest_only.py for tasks to queue
[2024-05-01T12:41:00.275+0000] {logging_mixin.py:188} INFO - [2024-05-01T12:41:00.274+0000] {dagbag.py:540} INFO - Filling up the DagBag from /home/airflow/.local/lib/python3.12/site-packages/airflow/example_dags/example_latest_only.py
[2024-05-01T12:41:00.281+0000] {processor.py:840} INFO - DAG(s) 'latest_only' retrieved from /home/airflow/.local/lib/python3.12/site-packages/airflow/example_dags/example_latest_only.py
[2024-05-01T12:41:00.304+0000] {logging_mixin.py:188} INFO - [2024-05-01T12:41:00.304+0000] {dag.py:3096} INFO - Sync 1 DAGs
[2024-05-01T12:41:00.328+0000] {logging_mixin.py:188} INFO - [2024-05-01T12:41:00.328+0000] {dag.py:3954} INFO - Setting next_dagrun for latest_only to 2024-05-01 08:00:00+00:00, run_after=2024-05-01 12:00:00+00:00
[2024-05-01T12:41:00.347+0000] {processor.py:183} INFO - Processing /home/airflow/.local/lib/python3.12/site-packages/airflow/example_dags/example_latest_only.py took 0.084 seconds
[2024-05-01T12:41:30.953+0000] {processor.py:161} INFO - Started process (PID=1589) to work on /home/airflow/.local/lib/python3.12/site-packages/airflow/example_dags/example_latest_only.py
[2024-05-01T12:41:30.955+0000] {processor.py:830} INFO - Processing file /home/airflow/.local/lib/python3.12/site-packages/airflow/example_dags/example_latest_only.py for tasks to queue
[2024-05-01T12:41:30.958+0000] {logging_mixin.py:188} INFO - [2024-05-01T12:41:30.958+0000] {dagbag.py:540} INFO - Filling up the DagBag from /home/airflow/.local/lib/python3.12/site-packages/airflow/example_dags/example_latest_only.py
[2024-05-01T12:41:30.970+0000] {processor.py:840} INFO - DAG(s) 'latest_only' retrieved from /home/airflow/.local/lib/python3.12/site-packages/airflow/example_dags/example_latest_only.py
[2024-05-01T12:41:31.005+0000] {logging_mixin.py:188} INFO - [2024-05-01T12:41:31.004+0000] {dag.py:3096} INFO - Sync 1 DAGs
[2024-05-01T12:41:31.042+0000] {logging_mixin.py:188} INFO - [2024-05-01T12:41:31.042+0000] {dag.py:3954} INFO - Setting next_dagrun for latest_only to 2024-05-01 08:00:00+00:00, run_after=2024-05-01 12:00:00+00:00
[2024-05-01T12:41:31.069+0000] {processor.py:183} INFO - Processing /home/airflow/.local/lib/python3.12/site-packages/airflow/example_dags/example_latest_only.py took 0.126 seconds
[2024-05-01T12:42:01.120+0000] {processor.py:161} INFO - Started process (PID=1647) to work on /home/airflow/.local/lib/python3.12/site-packages/airflow/example_dags/example_latest_only.py
[2024-05-01T12:42:01.121+0000] {processor.py:830} INFO - Processing file /home/airflow/.local/lib/python3.12/site-packages/airflow/example_dags/example_latest_only.py for tasks to queue
[2024-05-01T12:42:01.124+0000] {logging_mixin.py:188} INFO - [2024-05-01T12:42:01.123+0000] {dagbag.py:540} INFO - Filling up the DagBag from /home/airflow/.local/lib/python3.12/site-packages/airflow/example_dags/example_latest_only.py
[2024-05-01T12:42:01.130+0000] {processor.py:840} INFO - DAG(s) 'latest_only' retrieved from /home/airflow/.local/lib/python3.12/site-packages/airflow/example_dags/example_latest_only.py
[2024-05-01T12:42:01.155+0000] {logging_mixin.py:188} INFO - [2024-05-01T12:42:01.154+0000] {dag.py:3096} INFO - Sync 1 DAGs
[2024-05-01T12:42:01.187+0000] {logging_mixin.py:188} INFO - [2024-05-01T12:42:01.187+0000] {dag.py:3954} INFO - Setting next_dagrun for latest_only to 2024-05-01 08:00:00+00:00, run_after=2024-05-01 12:00:00+00:00
[2024-05-01T12:42:01.206+0000] {processor.py:183} INFO - Processing /home/airflow/.local/lib/python3.12/site-packages/airflow/example_dags/example_latest_only.py took 0.093 seconds
[2024-05-01T12:42:31.495+0000] {processor.py:161} INFO - Started process (PID=1705) to work on /home/airflow/.local/lib/python3.12/site-packages/airflow/example_dags/example_latest_only.py
[2024-05-01T12:42:31.496+0000] {processor.py:830} INFO - Processing file /home/airflow/.local/lib/python3.12/site-packages/airflow/example_dags/example_latest_only.py for tasks to queue
[2024-05-01T12:42:31.499+0000] {logging_mixin.py:188} INFO - [2024-05-01T12:42:31.499+0000] {dagbag.py:540} INFO - Filling up the DagBag from /home/airflow/.local/lib/python3.12/site-packages/airflow/example_dags/example_latest_only.py
[2024-05-01T12:42:31.506+0000] {processor.py:840} INFO - DAG(s) 'latest_only' retrieved from /home/airflow/.local/lib/python3.12/site-packages/airflow/example_dags/example_latest_only.py
[2024-05-01T12:42:31.529+0000] {logging_mixin.py:188} INFO - [2024-05-01T12:42:31.529+0000] {dag.py:3096} INFO - Sync 1 DAGs
[2024-05-01T12:42:31.559+0000] {logging_mixin.py:188} INFO - [2024-05-01T12:42:31.559+0000] {dag.py:3954} INFO - Setting next_dagrun for latest_only to 2024-05-01 08:00:00+00:00, run_after=2024-05-01 12:00:00+00:00
[2024-05-01T12:42:31.581+0000] {processor.py:183} INFO - Processing /home/airflow/.local/lib/python3.12/site-packages/airflow/example_dags/example_latest_only.py took 0.093 seconds
[2024-05-01T12:43:01.651+0000] {processor.py:161} INFO - Started process (PID=1763) to work on /home/airflow/.local/lib/python3.12/site-packages/airflow/example_dags/example_latest_only.py
[2024-05-01T12:43:01.652+0000] {processor.py:830} INFO - Processing file /home/airflow/.local/lib/python3.12/site-packages/airflow/example_dags/example_latest_only.py for tasks to queue
[2024-05-01T12:43:01.655+0000] {logging_mixin.py:188} INFO - [2024-05-01T12:43:01.654+0000] {dagbag.py:540} INFO - Filling up the DagBag from /home/airflow/.local/lib/python3.12/site-packages/airflow/example_dags/example_latest_only.py
[2024-05-01T12:43:01.661+0000] {processor.py:840} INFO - DAG(s) 'latest_only' retrieved from /home/airflow/.local/lib/python3.12/site-packages/airflow/example_dags/example_latest_only.py
[2024-05-01T12:43:01.681+0000] {logging_mixin.py:188} INFO - [2024-05-01T12:43:01.681+0000] {dag.py:3096} INFO - Sync 1 DAGs
[2024-05-01T12:43:01.706+0000] {logging_mixin.py:188} INFO - [2024-05-01T12:43:01.706+0000] {dag.py:3954} INFO - Setting next_dagrun for latest_only to 2024-05-01 08:00:00+00:00, run_after=2024-05-01 12:00:00+00:00
[2024-05-01T12:43:01.725+0000] {processor.py:183} INFO - Processing /home/airflow/.local/lib/python3.12/site-packages/airflow/example_dags/example_latest_only.py took 0.081 seconds
[2024-05-01T12:43:32.008+0000] {processor.py:161} INFO - Started process (PID=1820) to work on /home/airflow/.local/lib/python3.12/site-packages/airflow/example_dags/example_latest_only.py
[2024-05-01T12:43:32.009+0000] {processor.py:830} INFO - Processing file /home/airflow/.local/lib/python3.12/site-packages/airflow/example_dags/example_latest_only.py for tasks to queue
[2024-05-01T12:43:32.012+0000] {logging_mixin.py:188} INFO - [2024-05-01T12:43:32.011+0000] {dagbag.py:540} INFO - Filling up the DagBag from /home/airflow/.local/lib/python3.12/site-packages/airflow/example_dags/example_latest_only.py
[2024-05-01T12:43:32.017+0000] {processor.py:840} INFO - DAG(s) 'latest_only' retrieved from /home/airflow/.local/lib/python3.12/site-packages/airflow/example_dags/example_latest_only.py
[2024-05-01T12:43:32.039+0000] {logging_mixin.py:188} INFO - [2024-05-01T12:43:32.038+0000] {dag.py:3096} INFO - Sync 1 DAGs
[2024-05-01T12:43:32.066+0000] {logging_mixin.py:188} INFO - [2024-05-01T12:43:32.066+0000] {dag.py:3954} INFO - Setting next_dagrun for latest_only to 2024-05-01 08:00:00+00:00, run_after=2024-05-01 12:00:00+00:00
[2024-05-01T12:43:32.085+0000] {processor.py:183} INFO - Processing /home/airflow/.local/lib/python3.12/site-packages/airflow/example_dags/example_latest_only.py took 0.084 seconds
[2024-05-01T12:44:02.181+0000] {processor.py:161} INFO - Started process (PID=1878) to work on /home/airflow/.local/lib/python3.12/site-packages/airflow/example_dags/example_latest_only.py
[2024-05-01T12:44:02.183+0000] {processor.py:830} INFO - Processing file /home/airflow/.local/lib/python3.12/site-packages/airflow/example_dags/example_latest_only.py for tasks to queue
[2024-05-01T12:44:02.185+0000] {logging_mixin.py:188} INFO - [2024-05-01T12:44:02.185+0000] {dagbag.py:540} INFO - Filling up the DagBag from /home/airflow/.local/lib/python3.12/site-packages/airflow/example_dags/example_latest_only.py
[2024-05-01T12:44:02.191+0000] {processor.py:840} INFO - DAG(s) 'latest_only' retrieved from /home/airflow/.local/lib/python3.12/site-packages/airflow/example_dags/example_latest_only.py
[2024-05-01T12:44:02.214+0000] {logging_mixin.py:188} INFO - [2024-05-01T12:44:02.214+0000] {dag.py:3096} INFO - Sync 1 DAGs
[2024-05-01T12:44:02.239+0000] {logging_mixin.py:188} INFO - [2024-05-01T12:44:02.239+0000] {dag.py:3954} INFO - Setting next_dagrun for latest_only to 2024-05-01 08:00:00+00:00, run_after=2024-05-01 12:00:00+00:00
[2024-05-01T12:44:02.260+0000] {processor.py:183} INFO - Processing /home/airflow/.local/lib/python3.12/site-packages/airflow/example_dags/example_latest_only.py took 0.086 seconds
[2024-05-01T12:44:32.636+0000] {processor.py:161} INFO - Started process (PID=1936) to work on /home/airflow/.local/lib/python3.12/site-packages/airflow/example_dags/example_latest_only.py
[2024-05-01T12:44:32.638+0000] {processor.py:830} INFO - Processing file /home/airflow/.local/lib/python3.12/site-packages/airflow/example_dags/example_latest_only.py for tasks to queue
[2024-05-01T12:44:32.640+0000] {logging_mixin.py:188} INFO - [2024-05-01T12:44:32.640+0000] {dagbag.py:540} INFO - Filling up the DagBag from /home/airflow/.local/lib/python3.12/site-packages/airflow/example_dags/example_latest_only.py
[2024-05-01T12:44:32.646+0000] {processor.py:840} INFO - DAG(s) 'latest_only' retrieved from /home/airflow/.local/lib/python3.12/site-packages/airflow/example_dags/example_latest_only.py
[2024-05-01T12:44:32.668+0000] {logging_mixin.py:188} INFO - [2024-05-01T12:44:32.668+0000] {dag.py:3096} INFO - Sync 1 DAGs
[2024-05-01T12:44:32.695+0000] {logging_mixin.py:188} INFO - [2024-05-01T12:44:32.694+0000] {dag.py:3954} INFO - Setting next_dagrun for latest_only to 2024-05-01 08:00:00+00:00, run_after=2024-05-01 12:00:00+00:00
[2024-05-01T12:44:32.715+0000] {processor.py:183} INFO - Processing /home/airflow/.local/lib/python3.12/site-packages/airflow/example_dags/example_latest_only.py took 0.085 seconds
[2024-05-01T12:45:03.368+0000] {processor.py:161} INFO - Started process (PID=1994) to work on /home/airflow/.local/lib/python3.12/site-packages/airflow/example_dags/example_latest_only.py
[2024-05-01T12:45:03.370+0000] {processor.py:830} INFO - Processing file /home/airflow/.local/lib/python3.12/site-packages/airflow/example_dags/example_latest_only.py for tasks to queue
[2024-05-01T12:45:03.372+0000] {logging_mixin.py:188} INFO - [2024-05-01T12:45:03.372+0000] {dagbag.py:540} INFO - Filling up the DagBag from /home/airflow/.local/lib/python3.12/site-packages/airflow/example_dags/example_latest_only.py
[2024-05-01T12:45:03.378+0000] {processor.py:840} INFO - DAG(s) 'latest_only' retrieved from /home/airflow/.local/lib/python3.12/site-packages/airflow/example_dags/example_latest_only.py
[2024-05-01T12:45:03.398+0000] {logging_mixin.py:188} INFO - [2024-05-01T12:45:03.398+0000] {dag.py:3096} INFO - Sync 1 DAGs
[2024-05-01T12:45:03.423+0000] {logging_mixin.py:188} INFO - [2024-05-01T12:45:03.423+0000] {dag.py:3954} INFO - Setting next_dagrun for latest_only to 2024-05-01 08:00:00+00:00, run_after=2024-05-01 12:00:00+00:00
[2024-05-01T12:45:03.441+0000] {processor.py:183} INFO - Processing /home/airflow/.local/lib/python3.12/site-packages/airflow/example_dags/example_latest_only.py took 0.079 seconds
[2024-05-01T12:45:33.733+0000] {processor.py:161} INFO - Started process (PID=2052) to work on /home/airflow/.local/lib/python3.12/site-packages/airflow/example_dags/example_latest_only.py
[2024-05-01T12:45:33.735+0000] {processor.py:830} INFO - Processing file /home/airflow/.local/lib/python3.12/site-packages/airflow/example_dags/example_latest_only.py for tasks to queue
[2024-05-01T12:45:33.737+0000] {logging_mixin.py:188} INFO - [2024-05-01T12:45:33.737+0000] {dagbag.py:540} INFO - Filling up the DagBag from /home/airflow/.local/lib/python3.12/site-packages/airflow/example_dags/example_latest_only.py
[2024-05-01T12:45:33.743+0000] {processor.py:840} INFO - DAG(s) 'latest_only' retrieved from /home/airflow/.local/lib/python3.12/site-packages/airflow/example_dags/example_latest_only.py
[2024-05-01T12:45:33.764+0000] {logging_mixin.py:188} INFO - [2024-05-01T12:45:33.764+0000] {dag.py:3096} INFO - Sync 1 DAGs
[2024-05-01T12:45:33.789+0000] {logging_mixin.py:188} INFO - [2024-05-01T12:45:33.789+0000] {dag.py:3954} INFO - Setting next_dagrun for latest_only to 2024-05-01 08:00:00+00:00, run_after=2024-05-01 12:00:00+00:00
[2024-05-01T12:45:33.808+0000] {processor.py:183} INFO - Processing /home/airflow/.local/lib/python3.12/site-packages/airflow/example_dags/example_latest_only.py took 0.082 seconds
[2024-05-01T12:46:04.019+0000] {processor.py:161} INFO - Started process (PID=2110) to work on /home/airflow/.local/lib/python3.12/site-packages/airflow/example_dags/example_latest_only.py
[2024-05-01T12:46:04.021+0000] {processor.py:830} INFO - Processing file /home/airflow/.local/lib/python3.12/site-packages/airflow/example_dags/example_latest_only.py for tasks to queue
[2024-05-01T12:46:04.023+0000] {logging_mixin.py:188} INFO - [2024-05-01T12:46:04.023+0000] {dagbag.py:540} INFO - Filling up the DagBag from /home/airflow/.local/lib/python3.12/site-packages/airflow/example_dags/example_latest_only.py
[2024-05-01T12:46:04.029+0000] {processor.py:840} INFO - DAG(s) 'latest_only' retrieved from /home/airflow/.local/lib/python3.12/site-packages/airflow/example_dags/example_latest_only.py
[2024-05-01T12:46:04.049+0000] {logging_mixin.py:188} INFO - [2024-05-01T12:46:04.048+0000] {dag.py:3096} INFO - Sync 1 DAGs
[2024-05-01T12:46:04.072+0000] {logging_mixin.py:188} INFO - [2024-05-01T12:46:04.072+0000] {dag.py:3954} INFO - Setting next_dagrun for latest_only to 2024-05-01 08:00:00+00:00, run_after=2024-05-01 12:00:00+00:00
[2024-05-01T12:46:04.090+0000] {processor.py:183} INFO - Processing /home/airflow/.local/lib/python3.12/site-packages/airflow/example_dags/example_latest_only.py took 0.078 seconds
[2024-05-01T12:46:34.445+0000] {processor.py:161} INFO - Started process (PID=2168) to work on /home/airflow/.local/lib/python3.12/site-packages/airflow/example_dags/example_latest_only.py
[2024-05-01T12:46:34.447+0000] {processor.py:830} INFO - Processing file /home/airflow/.local/lib/python3.12/site-packages/airflow/example_dags/example_latest_only.py for tasks to queue
[2024-05-01T12:46:34.449+0000] {logging_mixin.py:188} INFO - [2024-05-01T12:46:34.449+0000] {dagbag.py:540} INFO - Filling up the DagBag from /home/airflow/.local/lib/python3.12/site-packages/airflow/example_dags/example_latest_only.py
[2024-05-01T12:46:34.455+0000] {processor.py:840} INFO - DAG(s) 'latest_only' retrieved from /home/airflow/.local/lib/python3.12/site-packages/airflow/example_dags/example_latest_only.py
[2024-05-01T12:46:34.476+0000] {logging_mixin.py:188} INFO - [2024-05-01T12:46:34.476+0000] {dag.py:3096} INFO - Sync 1 DAGs
[2024-05-01T12:46:34.501+0000] {logging_mixin.py:188} INFO - [2024-05-01T12:46:34.501+0000] {dag.py:3954} INFO - Setting next_dagrun for latest_only to 2024-05-01 08:00:00+00:00, run_after=2024-05-01 12:00:00+00:00
[2024-05-01T12:46:34.519+0000] {processor.py:183} INFO - Processing /home/airflow/.local/lib/python3.12/site-packages/airflow/example_dags/example_latest_only.py took 0.081 seconds
[2024-05-01T12:47:04.883+0000] {processor.py:161} INFO - Started process (PID=2226) to work on /home/airflow/.local/lib/python3.12/site-packages/airflow/example_dags/example_latest_only.py
[2024-05-01T12:47:04.885+0000] {processor.py:830} INFO - Processing file /home/airflow/.local/lib/python3.12/site-packages/airflow/example_dags/example_latest_only.py for tasks to queue
[2024-05-01T12:47:04.887+0000] {logging_mixin.py:188} INFO - [2024-05-01T12:47:04.887+0000] {dagbag.py:540} INFO - Filling up the DagBag from /home/airflow/.local/lib/python3.12/site-packages/airflow/example_dags/example_latest_only.py
[2024-05-01T12:47:04.893+0000] {processor.py:840} INFO - DAG(s) 'latest_only' retrieved from /home/airflow/.local/lib/python3.12/site-packages/airflow/example_dags/example_latest_only.py
[2024-05-01T12:47:04.914+0000] {logging_mixin.py:188} INFO - [2024-05-01T12:47:04.913+0000] {dag.py:3096} INFO - Sync 1 DAGs
[2024-05-01T12:47:04.938+0000] {logging_mixin.py:188} INFO - [2024-05-01T12:47:04.937+0000] {dag.py:3954} INFO - Setting next_dagrun for latest_only to 2024-05-01 08:00:00+00:00, run_after=2024-05-01 12:00:00+00:00
[2024-05-01T12:47:04.956+0000] {processor.py:183} INFO - Processing /home/airflow/.local/lib/python3.12/site-packages/airflow/example_dags/example_latest_only.py took 0.080 seconds
[2024-05-01T12:47:35.038+0000] {processor.py:161} INFO - Started process (PID=2284) to work on /home/airflow/.local/lib/python3.12/site-packages/airflow/example_dags/example_latest_only.py
[2024-05-01T12:47:35.039+0000] {processor.py:830} INFO - Processing file /home/airflow/.local/lib/python3.12/site-packages/airflow/example_dags/example_latest_only.py for tasks to queue
[2024-05-01T12:47:35.041+0000] {logging_mixin.py:188} INFO - [2024-05-01T12:47:35.041+0000] {dagbag.py:540} INFO - Filling up the DagBag from /home/airflow/.local/lib/python3.12/site-packages/airflow/example_dags/example_latest_only.py
[2024-05-01T12:47:35.047+0000] {processor.py:840} INFO - DAG(s) 'latest_only' retrieved from /home/airflow/.local/lib/python3.12/site-packages/airflow/example_dags/example_latest_only.py
[2024-05-01T12:47:35.068+0000] {logging_mixin.py:188} INFO - [2024-05-01T12:47:35.067+0000] {dag.py:3096} INFO - Sync 1 DAGs
[2024-05-01T12:47:35.092+0000] {logging_mixin.py:188} INFO - [2024-05-01T12:47:35.092+0000] {dag.py:3954} INFO - Setting next_dagrun for latest_only to 2024-05-01 08:00:00+00:00, run_after=2024-05-01 12:00:00+00:00
[2024-05-01T12:47:35.111+0000] {processor.py:183} INFO - Processing /home/airflow/.local/lib/python3.12/site-packages/airflow/example_dags/example_latest_only.py took 0.080 seconds
[2024-05-01T12:48:06.181+0000] {processor.py:161} INFO - Started process (PID=2342) to work on /home/airflow/.local/lib/python3.12/site-packages/airflow/example_dags/example_latest_only.py
[2024-05-01T12:48:06.182+0000] {processor.py:830} INFO - Processing file /home/airflow/.local/lib/python3.12/site-packages/airflow/example_dags/example_latest_only.py for tasks to queue
[2024-05-01T12:48:06.185+0000] {logging_mixin.py:188} INFO - [2024-05-01T12:48:06.184+0000] {dagbag.py:540} INFO - Filling up the DagBag from /home/airflow/.local/lib/python3.12/site-packages/airflow/example_dags/example_latest_only.py
[2024-05-01T12:48:06.191+0000] {processor.py:840} INFO - DAG(s) 'latest_only' retrieved from /home/airflow/.local/lib/python3.12/site-packages/airflow/example_dags/example_latest_only.py
[2024-05-01T12:48:06.215+0000] {logging_mixin.py:188} INFO - [2024-05-01T12:48:06.215+0000] {dag.py:3096} INFO - Sync 1 DAGs
[2024-05-01T12:48:06.242+0000] {logging_mixin.py:188} INFO - [2024-05-01T12:48:06.242+0000] {dag.py:3954} INFO - Setting next_dagrun for latest_only to 2024-05-01 08:00:00+00:00, run_after=2024-05-01 12:00:00+00:00
[2024-05-01T12:48:06.263+0000] {processor.py:183} INFO - Processing /home/airflow/.local/lib/python3.12/site-packages/airflow/example_dags/example_latest_only.py took 0.089 seconds
[2024-05-01T12:48:36.816+0000] {processor.py:161} INFO - Started process (PID=2401) to work on /home/airflow/.local/lib/python3.12/site-packages/airflow/example_dags/example_latest_only.py
[2024-05-01T12:48:36.817+0000] {processor.py:830} INFO - Processing file /home/airflow/.local/lib/python3.12/site-packages/airflow/example_dags/example_latest_only.py for tasks to queue
[2024-05-01T12:48:36.820+0000] {logging_mixin.py:188} INFO - [2024-05-01T12:48:36.819+0000] {dagbag.py:540} INFO - Filling up the DagBag from /home/airflow/.local/lib/python3.12/site-packages/airflow/example_dags/example_latest_only.py
[2024-05-01T12:48:36.826+0000] {processor.py:840} INFO - DAG(s) 'latest_only' retrieved from /home/airflow/.local/lib/python3.12/site-packages/airflow/example_dags/example_latest_only.py
[2024-05-01T12:48:36.846+0000] {logging_mixin.py:188} INFO - [2024-05-01T12:48:36.846+0000] {dag.py:3096} INFO - Sync 1 DAGs
[2024-05-01T12:48:36.870+0000] {logging_mixin.py:188} INFO - [2024-05-01T12:48:36.870+0000] {dag.py:3954} INFO - Setting next_dagrun for latest_only to 2024-05-01 08:00:00+00:00, run_after=2024-05-01 12:00:00+00:00
[2024-05-01T12:48:36.890+0000] {processor.py:183} INFO - Processing /home/airflow/.local/lib/python3.12/site-packages/airflow/example_dags/example_latest_only.py took 0.080 seconds
[2024-05-01T12:49:07.120+0000] {processor.py:161} INFO - Started process (PID=2459) to work on /home/airflow/.local/lib/python3.12/site-packages/airflow/example_dags/example_latest_only.py
[2024-05-01T12:49:07.121+0000] {processor.py:830} INFO - Processing file /home/airflow/.local/lib/python3.12/site-packages/airflow/example_dags/example_latest_only.py for tasks to queue
[2024-05-01T12:49:07.124+0000] {logging_mixin.py:188} INFO - [2024-05-01T12:49:07.123+0000] {dagbag.py:540} INFO - Filling up the DagBag from /home/airflow/.local/lib/python3.12/site-packages/airflow/example_dags/example_latest_only.py
[2024-05-01T12:49:07.129+0000] {processor.py:840} INFO - DAG(s) 'latest_only' retrieved from /home/airflow/.local/lib/python3.12/site-packages/airflow/example_dags/example_latest_only.py
[2024-05-01T12:49:07.148+0000] {logging_mixin.py:188} INFO - [2024-05-01T12:49:07.148+0000] {dag.py:3096} INFO - Sync 1 DAGs
[2024-05-01T12:49:07.173+0000] {logging_mixin.py:188} INFO - [2024-05-01T12:49:07.172+0000] {dag.py:3954} INFO - Setting next_dagrun for latest_only to 2024-05-01 08:00:00+00:00, run_after=2024-05-01 12:00:00+00:00
[2024-05-01T12:49:07.192+0000] {processor.py:183} INFO - Processing /home/airflow/.local/lib/python3.12/site-packages/airflow/example_dags/example_latest_only.py took 0.078 seconds
[2024-05-01T12:49:37.718+0000] {processor.py:161} INFO - Started process (PID=2517) to work on /home/airflow/.local/lib/python3.12/site-packages/airflow/example_dags/example_latest_only.py
[2024-05-01T12:49:37.720+0000] {processor.py:830} INFO - Processing file /home/airflow/.local/lib/python3.12/site-packages/airflow/example_dags/example_latest_only.py for tasks to queue
[2024-05-01T12:49:37.722+0000] {logging_mixin.py:188} INFO - [2024-05-01T12:49:37.722+0000] {dagbag.py:540} INFO - Filling up the DagBag from /home/airflow/.local/lib/python3.12/site-packages/airflow/example_dags/example_latest_only.py
[2024-05-01T12:49:37.728+0000] {processor.py:840} INFO - DAG(s) 'latest_only' retrieved from /home/airflow/.local/lib/python3.12/site-packages/airflow/example_dags/example_latest_only.py
[2024-05-01T12:49:37.748+0000] {logging_mixin.py:188} INFO - [2024-05-01T12:49:37.748+0000] {dag.py:3096} INFO - Sync 1 DAGs
[2024-05-01T12:49:37.772+0000] {logging_mixin.py:188} INFO - [2024-05-01T12:49:37.772+0000] {dag.py:3954} INFO - Setting next_dagrun for latest_only to 2024-05-01 08:00:00+00:00, run_after=2024-05-01 12:00:00+00:00
[2024-05-01T12:49:37.790+0000] {processor.py:183} INFO - Processing /home/airflow/.local/lib/python3.12/site-packages/airflow/example_dags/example_latest_only.py took 0.079 seconds
[2024-05-01T12:50:07.877+0000] {processor.py:161} INFO - Started process (PID=2575) to work on /home/airflow/.local/lib/python3.12/site-packages/airflow/example_dags/example_latest_only.py
[2024-05-01T12:50:07.878+0000] {processor.py:830} INFO - Processing file /home/airflow/.local/lib/python3.12/site-packages/airflow/example_dags/example_latest_only.py for tasks to queue
[2024-05-01T12:50:07.880+0000] {logging_mixin.py:188} INFO - [2024-05-01T12:50:07.880+0000] {dagbag.py:540} INFO - Filling up the DagBag from /home/airflow/.local/lib/python3.12/site-packages/airflow/example_dags/example_latest_only.py
[2024-05-01T12:50:07.886+0000] {processor.py:840} INFO - DAG(s) 'latest_only' retrieved from /home/airflow/.local/lib/python3.12/site-packages/airflow/example_dags/example_latest_only.py
[2024-05-01T12:50:07.907+0000] {logging_mixin.py:188} INFO - [2024-05-01T12:50:07.906+0000] {dag.py:3096} INFO - Sync 1 DAGs
[2024-05-01T12:50:07.931+0000] {logging_mixin.py:188} INFO - [2024-05-01T12:50:07.930+0000] {dag.py:3954} INFO - Setting next_dagrun for latest_only to 2024-05-01 08:00:00+00:00, run_after=2024-05-01 12:00:00+00:00
[2024-05-01T12:50:07.950+0000] {processor.py:183} INFO - Processing /home/airflow/.local/lib/python3.12/site-packages/airflow/example_dags/example_latest_only.py took 0.079 seconds
[2024-05-01T12:50:38.547+0000] {processor.py:161} INFO - Started process (PID=2632) to work on /home/airflow/.local/lib/python3.12/site-packages/airflow/example_dags/example_latest_only.py
[2024-05-01T12:50:38.548+0000] {processor.py:830} INFO - Processing file /home/airflow/.local/lib/python3.12/site-packages/airflow/example_dags/example_latest_only.py for tasks to queue
[2024-05-01T12:50:38.551+0000] {logging_mixin.py:188} INFO - [2024-05-01T12:50:38.550+0000] {dagbag.py:540} INFO - Filling up the DagBag from /home/airflow/.local/lib/python3.12/site-packages/airflow/example_dags/example_latest_only.py
[2024-05-01T12:50:38.556+0000] {processor.py:840} INFO - DAG(s) 'latest_only' retrieved from /home/airflow/.local/lib/python3.12/site-packages/airflow/example_dags/example_latest_only.py
[2024-05-01T12:50:38.577+0000] {logging_mixin.py:188} INFO - [2024-05-01T12:50:38.576+0000] {dag.py:3096} INFO - Sync 1 DAGs
[2024-05-01T12:50:38.600+0000] {logging_mixin.py:188} INFO - [2024-05-01T12:50:38.600+0000] {dag.py:3954} INFO - Setting next_dagrun for latest_only to 2024-05-01 08:00:00+00:00, run_after=2024-05-01 12:00:00+00:00
[2024-05-01T12:50:38.618+0000] {processor.py:183} INFO - Processing /home/airflow/.local/lib/python3.12/site-packages/airflow/example_dags/example_latest_only.py took 0.078 seconds
[2024-05-01T12:51:09.919+0000] {processor.py:161} INFO - Started process (PID=2690) to work on /home/airflow/.local/lib/python3.12/site-packages/airflow/example_dags/example_latest_only.py
[2024-05-01T12:51:09.921+0000] {processor.py:830} INFO - Processing file /home/airflow/.local/lib/python3.12/site-packages/airflow/example_dags/example_latest_only.py for tasks to queue
[2024-05-01T12:51:09.923+0000] {logging_mixin.py:188} INFO - [2024-05-01T12:51:09.923+0000] {dagbag.py:540} INFO - Filling up the DagBag from /home/airflow/.local/lib/python3.12/site-packages/airflow/example_dags/example_latest_only.py
[2024-05-01T12:51:09.929+0000] {processor.py:840} INFO - DAG(s) 'latest_only' retrieved from /home/airflow/.local/lib/python3.12/site-packages/airflow/example_dags/example_latest_only.py
[2024-05-01T12:51:09.949+0000] {logging_mixin.py:188} INFO - [2024-05-01T12:51:09.948+0000] {dag.py:3096} INFO - Sync 1 DAGs
[2024-05-01T12:51:09.973+0000] {logging_mixin.py:188} INFO - [2024-05-01T12:51:09.973+0000] {dag.py:3954} INFO - Setting next_dagrun for latest_only to 2024-05-01 08:00:00+00:00, run_after=2024-05-01 12:00:00+00:00
[2024-05-01T12:51:09.991+0000] {processor.py:183} INFO - Processing /home/airflow/.local/lib/python3.12/site-packages/airflow/example_dags/example_latest_only.py took 0.078 seconds
[2024-05-01T12:51:40.843+0000] {processor.py:161} INFO - Started process (PID=2748) to work on /home/airflow/.local/lib/python3.12/site-packages/airflow/example_dags/example_latest_only.py
[2024-05-01T12:51:40.845+0000] {processor.py:830} INFO - Processing file /home/airflow/.local/lib/python3.12/site-packages/airflow/example_dags/example_latest_only.py for tasks to queue
[2024-05-01T12:51:40.847+0000] {logging_mixin.py:188} INFO - [2024-05-01T12:51:40.847+0000] {dagbag.py:540} INFO - Filling up the DagBag from /home/airflow/.local/lib/python3.12/site-packages/airflow/example_dags/example_latest_only.py
[2024-05-01T12:51:40.853+0000] {processor.py:840} INFO - DAG(s) 'latest_only' retrieved from /home/airflow/.local/lib/python3.12/site-packages/airflow/example_dags/example_latest_only.py
[2024-05-01T12:51:40.875+0000] {logging_mixin.py:188} INFO - [2024-05-01T12:51:40.874+0000] {dag.py:3096} INFO - Sync 1 DAGs
[2024-05-01T12:51:40.899+0000] {logging_mixin.py:188} INFO - [2024-05-01T12:51:40.898+0000] {dag.py:3954} INFO - Setting next_dagrun for latest_only to 2024-05-01 08:00:00+00:00, run_after=2024-05-01 12:00:00+00:00
[2024-05-01T12:51:40.917+0000] {processor.py:183} INFO - Processing /home/airflow/.local/lib/python3.12/site-packages/airflow/example_dags/example_latest_only.py took 0.080 seconds
[2024-05-01T12:52:11.751+0000] {processor.py:161} INFO - Started process (PID=2806) to work on /home/airflow/.local/lib/python3.12/site-packages/airflow/example_dags/example_latest_only.py
[2024-05-01T12:52:11.753+0000] {processor.py:830} INFO - Processing file /home/airflow/.local/lib/python3.12/site-packages/airflow/example_dags/example_latest_only.py for tasks to queue
[2024-05-01T12:52:11.755+0000] {logging_mixin.py:188} INFO - [2024-05-01T12:52:11.755+0000] {dagbag.py:540} INFO - Filling up the DagBag from /home/airflow/.local/lib/python3.12/site-packages/airflow/example_dags/example_latest_only.py
[2024-05-01T12:52:11.761+0000] {processor.py:840} INFO - DAG(s) 'latest_only' retrieved from /home/airflow/.local/lib/python3.12/site-packages/airflow/example_dags/example_latest_only.py
[2024-05-01T12:52:11.782+0000] {logging_mixin.py:188} INFO - [2024-05-01T12:52:11.782+0000] {dag.py:3096} INFO - Sync 1 DAGs
[2024-05-01T12:52:11.806+0000] {logging_mixin.py:188} INFO - [2024-05-01T12:52:11.806+0000] {dag.py:3954} INFO - Setting next_dagrun for latest_only to 2024-05-01 08:00:00+00:00, run_after=2024-05-01 12:00:00+00:00
[2024-05-01T12:52:11.824+0000] {processor.py:183} INFO - Processing /home/airflow/.local/lib/python3.12/site-packages/airflow/example_dags/example_latest_only.py took 0.079 seconds
[2024-05-01T12:52:42.740+0000] {processor.py:161} INFO - Started process (PID=2864) to work on /home/airflow/.local/lib/python3.12/site-packages/airflow/example_dags/example_latest_only.py
[2024-05-01T12:52:42.741+0000] {processor.py:830} INFO - Processing file /home/airflow/.local/lib/python3.12/site-packages/airflow/example_dags/example_latest_only.py for tasks to queue
[2024-05-01T12:52:42.744+0000] {logging_mixin.py:188} INFO - [2024-05-01T12:52:42.743+0000] {dagbag.py:540} INFO - Filling up the DagBag from /home/airflow/.local/lib/python3.12/site-packages/airflow/example_dags/example_latest_only.py
[2024-05-01T12:52:42.749+0000] {processor.py:840} INFO - DAG(s) 'latest_only' retrieved from /home/airflow/.local/lib/python3.12/site-packages/airflow/example_dags/example_latest_only.py
[2024-05-01T12:52:42.770+0000] {logging_mixin.py:188} INFO - [2024-05-01T12:52:42.770+0000] {dag.py:3096} INFO - Sync 1 DAGs
[2024-05-01T12:52:42.794+0000] {logging_mixin.py:188} INFO - [2024-05-01T12:52:42.793+0000] {dag.py:3954} INFO - Setting next_dagrun for latest_only to 2024-05-01 08:00:00+00:00, run_after=2024-05-01 12:00:00+00:00
[2024-05-01T12:52:42.812+0000] {processor.py:183} INFO - Processing /home/airflow/.local/lib/python3.12/site-packages/airflow/example_dags/example_latest_only.py took 0.078 seconds
[2024-05-01T12:53:13.677+0000] {processor.py:161} INFO - Started process (PID=2922) to work on /home/airflow/.local/lib/python3.12/site-packages/airflow/example_dags/example_latest_only.py
[2024-05-01T12:53:13.678+0000] {processor.py:830} INFO - Processing file /home/airflow/.local/lib/python3.12/site-packages/airflow/example_dags/example_latest_only.py for tasks to queue
[2024-05-01T12:53:13.681+0000] {logging_mixin.py:188} INFO - [2024-05-01T12:53:13.680+0000] {dagbag.py:540} INFO - Filling up the DagBag from /home/airflow/.local/lib/python3.12/site-packages/airflow/example_dags/example_latest_only.py
[2024-05-01T12:53:13.686+0000] {processor.py:840} INFO - DAG(s) 'latest_only' retrieved from /home/airflow/.local/lib/python3.12/site-packages/airflow/example_dags/example_latest_only.py
[2024-05-01T12:53:13.707+0000] {logging_mixin.py:188} INFO - [2024-05-01T12:53:13.707+0000] {dag.py:3096} INFO - Sync 1 DAGs
[2024-05-01T12:53:13.731+0000] {logging_mixin.py:188} INFO - [2024-05-01T12:53:13.730+0000] {dag.py:3954} INFO - Setting next_dagrun for latest_only to 2024-05-01 08:00:00+00:00, run_after=2024-05-01 12:00:00+00:00
[2024-05-01T12:53:13.748+0000] {processor.py:183} INFO - Processing /home/airflow/.local/lib/python3.12/site-packages/airflow/example_dags/example_latest_only.py took 0.078 seconds
[2024-05-01T12:53:43.902+0000] {processor.py:161} INFO - Started process (PID=2980) to work on /home/airflow/.local/lib/python3.12/site-packages/airflow/example_dags/example_latest_only.py
[2024-05-01T12:53:43.904+0000] {processor.py:830} INFO - Processing file /home/airflow/.local/lib/python3.12/site-packages/airflow/example_dags/example_latest_only.py for tasks to queue
[2024-05-01T12:53:43.906+0000] {logging_mixin.py:188} INFO - [2024-05-01T12:53:43.905+0000] {dagbag.py:540} INFO - Filling up the DagBag from /home/airflow/.local/lib/python3.12/site-packages/airflow/example_dags/example_latest_only.py
[2024-05-01T12:53:43.911+0000] {processor.py:840} INFO - DAG(s) 'latest_only' retrieved from /home/airflow/.local/lib/python3.12/site-packages/airflow/example_dags/example_latest_only.py
[2024-05-01T12:53:43.935+0000] {logging_mixin.py:188} INFO - [2024-05-01T12:53:43.935+0000] {dag.py:3096} INFO - Sync 1 DAGs
[2024-05-01T12:53:43.959+0000] {logging_mixin.py:188} INFO - [2024-05-01T12:53:43.958+0000] {dag.py:3954} INFO - Setting next_dagrun for latest_only to 2024-05-01 08:00:00+00:00, run_after=2024-05-01 12:00:00+00:00
[2024-05-01T12:53:43.979+0000] {processor.py:183} INFO - Processing /home/airflow/.local/lib/python3.12/site-packages/airflow/example_dags/example_latest_only.py took 0.083 seconds
[2024-05-01T12:54:14.812+0000] {processor.py:161} INFO - Started process (PID=3038) to work on /home/airflow/.local/lib/python3.12/site-packages/airflow/example_dags/example_latest_only.py
[2024-05-01T12:54:14.813+0000] {processor.py:830} INFO - Processing file /home/airflow/.local/lib/python3.12/site-packages/airflow/example_dags/example_latest_only.py for tasks to queue
[2024-05-01T12:54:14.815+0000] {logging_mixin.py:188} INFO - [2024-05-01T12:54:14.815+0000] {dagbag.py:540} INFO - Filling up the DagBag from /home/airflow/.local/lib/python3.12/site-packages/airflow/example_dags/example_latest_only.py
[2024-05-01T12:54:14.821+0000] {processor.py:840} INFO - DAG(s) 'latest_only' retrieved from /home/airflow/.local/lib/python3.12/site-packages/airflow/example_dags/example_latest_only.py
[2024-05-01T12:54:14.841+0000] {logging_mixin.py:188} INFO - [2024-05-01T12:54:14.841+0000] {dag.py:3096} INFO - Sync 1 DAGs
[2024-05-01T12:54:14.865+0000] {logging_mixin.py:188} INFO - [2024-05-01T12:54:14.865+0000] {dag.py:3954} INFO - Setting next_dagrun for latest_only to 2024-05-01 08:00:00+00:00, run_after=2024-05-01 12:00:00+00:00
[2024-05-01T12:54:14.883+0000] {processor.py:183} INFO - Processing /home/airflow/.local/lib/python3.12/site-packages/airflow/example_dags/example_latest_only.py took 0.078 seconds
[2024-05-01T12:54:45.826+0000] {processor.py:161} INFO - Started process (PID=3096) to work on /home/airflow/.local/lib/python3.12/site-packages/airflow/example_dags/example_latest_only.py
[2024-05-01T12:54:45.827+0000] {processor.py:830} INFO - Processing file /home/airflow/.local/lib/python3.12/site-packages/airflow/example_dags/example_latest_only.py for tasks to queue
[2024-05-01T12:54:45.830+0000] {logging_mixin.py:188} INFO - [2024-05-01T12:54:45.829+0000] {dagbag.py:540} INFO - Filling up the DagBag from /home/airflow/.local/lib/python3.12/site-packages/airflow/example_dags/example_latest_only.py
[2024-05-01T12:54:45.835+0000] {processor.py:840} INFO - DAG(s) 'latest_only' retrieved from /home/airflow/.local/lib/python3.12/site-packages/airflow/example_dags/example_latest_only.py
[2024-05-01T12:54:45.855+0000] {logging_mixin.py:188} INFO - [2024-05-01T12:54:45.855+0000] {dag.py:3096} INFO - Sync 1 DAGs
[2024-05-01T12:54:45.879+0000] {logging_mixin.py:188} INFO - [2024-05-01T12:54:45.879+0000] {dag.py:3954} INFO - Setting next_dagrun for latest_only to 2024-05-01 08:00:00+00:00, run_after=2024-05-01 12:00:00+00:00
[2024-05-01T12:54:45.898+0000] {processor.py:183} INFO - Processing /home/airflow/.local/lib/python3.12/site-packages/airflow/example_dags/example_latest_only.py took 0.078 seconds
[2024-05-01T12:55:16.761+0000] {processor.py:161} INFO - Started process (PID=3154) to work on /home/airflow/.local/lib/python3.12/site-packages/airflow/example_dags/example_latest_only.py
[2024-05-01T12:55:16.763+0000] {processor.py:830} INFO - Processing file /home/airflow/.local/lib/python3.12/site-packages/airflow/example_dags/example_latest_only.py for tasks to queue
[2024-05-01T12:55:16.765+0000] {logging_mixin.py:188} INFO - [2024-05-01T12:55:16.765+0000] {dagbag.py:540} INFO - Filling up the DagBag from /home/airflow/.local/lib/python3.12/site-packages/airflow/example_dags/example_latest_only.py
[2024-05-01T12:55:16.771+0000] {processor.py:840} INFO - DAG(s) 'latest_only' retrieved from /home/airflow/.local/lib/python3.12/site-packages/airflow/example_dags/example_latest_only.py
[2024-05-01T12:55:16.791+0000] {logging_mixin.py:188} INFO - [2024-05-01T12:55:16.791+0000] {dag.py:3096} INFO - Sync 1 DAGs
[2024-05-01T12:55:16.815+0000] {logging_mixin.py:188} INFO - [2024-05-01T12:55:16.815+0000] {dag.py:3954} INFO - Setting next_dagrun for latest_only to 2024-05-01 08:00:00+00:00, run_after=2024-05-01 12:00:00+00:00
[2024-05-01T12:55:16.833+0000] {processor.py:183} INFO - Processing /home/airflow/.local/lib/python3.12/site-packages/airflow/example_dags/example_latest_only.py took 0.078 seconds
[2024-05-01T12:55:47.654+0000] {processor.py:161} INFO - Started process (PID=3212) to work on /home/airflow/.local/lib/python3.12/site-packages/airflow/example_dags/example_latest_only.py
[2024-05-01T12:55:47.656+0000] {processor.py:830} INFO - Processing file /home/airflow/.local/lib/python3.12/site-packages/airflow/example_dags/example_latest_only.py for tasks to queue
[2024-05-01T12:55:47.658+0000] {logging_mixin.py:188} INFO - [2024-05-01T12:55:47.657+0000] {dagbag.py:540} INFO - Filling up the DagBag from /home/airflow/.local/lib/python3.12/site-packages/airflow/example_dags/example_latest_only.py
[2024-05-01T12:55:47.663+0000] {processor.py:840} INFO - DAG(s) 'latest_only' retrieved from /home/airflow/.local/lib/python3.12/site-packages/airflow/example_dags/example_latest_only.py
[2024-05-01T12:55:47.684+0000] {logging_mixin.py:188} INFO - [2024-05-01T12:55:47.684+0000] {dag.py:3096} INFO - Sync 1 DAGs
[2024-05-01T12:55:47.708+0000] {logging_mixin.py:188} INFO - [2024-05-01T12:55:47.707+0000] {dag.py:3954} INFO - Setting next_dagrun for latest_only to 2024-05-01 08:00:00+00:00, run_after=2024-05-01 12:00:00+00:00
[2024-05-01T12:55:47.726+0000] {processor.py:183} INFO - Processing /home/airflow/.local/lib/python3.12/site-packages/airflow/example_dags/example_latest_only.py took 0.078 seconds
[2024-05-01T12:56:18.736+0000] {processor.py:161} INFO - Started process (PID=3270) to work on /home/airflow/.local/lib/python3.12/site-packages/airflow/example_dags/example_latest_only.py
[2024-05-01T12:56:18.738+0000] {processor.py:830} INFO - Processing file /home/airflow/.local/lib/python3.12/site-packages/airflow/example_dags/example_latest_only.py for tasks to queue
[2024-05-01T12:56:18.740+0000] {logging_mixin.py:188} INFO - [2024-05-01T12:56:18.739+0000] {dagbag.py:540} INFO - Filling up the DagBag from /home/airflow/.local/lib/python3.12/site-packages/airflow/example_dags/example_latest_only.py
[2024-05-01T12:56:18.745+0000] {processor.py:840} INFO - DAG(s) 'latest_only' retrieved from /home/airflow/.local/lib/python3.12/site-packages/airflow/example_dags/example_latest_only.py
[2024-05-01T12:56:18.766+0000] {logging_mixin.py:188} INFO - [2024-05-01T12:56:18.766+0000] {dag.py:3096} INFO - Sync 1 DAGs
[2024-05-01T12:56:18.789+0000] {logging_mixin.py:188} INFO - [2024-05-01T12:56:18.789+0000] {dag.py:3954} INFO - Setting next_dagrun for latest_only to 2024-05-01 08:00:00+00:00, run_after=2024-05-01 12:00:00+00:00
[2024-05-01T12:56:18.807+0000] {processor.py:183} INFO - Processing /home/airflow/.local/lib/python3.12/site-packages/airflow/example_dags/example_latest_only.py took 0.077 seconds
[2024-05-01T12:56:49.841+0000] {processor.py:161} INFO - Started process (PID=3328) to work on /home/airflow/.local/lib/python3.12/site-packages/airflow/example_dags/example_latest_only.py
[2024-05-01T12:56:49.843+0000] {processor.py:830} INFO - Processing file /home/airflow/.local/lib/python3.12/site-packages/airflow/example_dags/example_latest_only.py for tasks to queue
[2024-05-01T12:56:49.846+0000] {logging_mixin.py:188} INFO - [2024-05-01T12:56:49.845+0000] {dagbag.py:540} INFO - Filling up the DagBag from /home/airflow/.local/lib/python3.12/site-packages/airflow/example_dags/example_latest_only.py
[2024-05-01T12:56:49.853+0000] {processor.py:840} INFO - DAG(s) 'latest_only' retrieved from /home/airflow/.local/lib/python3.12/site-packages/airflow/example_dags/example_latest_only.py
[2024-05-01T12:56:49.878+0000] {logging_mixin.py:188} INFO - [2024-05-01T12:56:49.877+0000] {dag.py:3096} INFO - Sync 1 DAGs
[2024-05-01T12:56:49.907+0000] {logging_mixin.py:188} INFO - [2024-05-01T12:56:49.907+0000] {dag.py:3954} INFO - Setting next_dagrun for latest_only to 2024-05-01 08:00:00+00:00, run_after=2024-05-01 12:00:00+00:00
[2024-05-01T12:56:49.929+0000] {processor.py:183} INFO - Processing /home/airflow/.local/lib/python3.12/site-packages/airflow/example_dags/example_latest_only.py took 0.096 seconds
[2024-05-01T12:57:20.059+0000] {processor.py:161} INFO - Started process (PID=3386) to work on /home/airflow/.local/lib/python3.12/site-packages/airflow/example_dags/example_latest_only.py
[2024-05-01T12:57:20.061+0000] {processor.py:830} INFO - Processing file /home/airflow/.local/lib/python3.12/site-packages/airflow/example_dags/example_latest_only.py for tasks to queue
[2024-05-01T12:57:20.065+0000] {logging_mixin.py:188} INFO - [2024-05-01T12:57:20.064+0000] {dagbag.py:540} INFO - Filling up the DagBag from /home/airflow/.local/lib/python3.12/site-packages/airflow/example_dags/example_latest_only.py
[2024-05-01T12:57:20.071+0000] {processor.py:840} INFO - DAG(s) 'latest_only' retrieved from /home/airflow/.local/lib/python3.12/site-packages/airflow/example_dags/example_latest_only.py
[2024-05-01T12:57:20.094+0000] {logging_mixin.py:188} INFO - [2024-05-01T12:57:20.094+0000] {dag.py:3096} INFO - Sync 1 DAGs
[2024-05-01T12:57:20.122+0000] {logging_mixin.py:188} INFO - [2024-05-01T12:57:20.122+0000] {dag.py:3954} INFO - Setting next_dagrun for latest_only to 2024-05-01 08:00:00+00:00, run_after=2024-05-01 12:00:00+00:00
[2024-05-01T12:57:20.142+0000] {processor.py:183} INFO - Processing /home/airflow/.local/lib/python3.12/site-packages/airflow/example_dags/example_latest_only.py took 0.089 seconds
[2024-05-01T12:57:50.415+0000] {processor.py:161} INFO - Started process (PID=3444) to work on /home/airflow/.local/lib/python3.12/site-packages/airflow/example_dags/example_latest_only.py
[2024-05-01T12:57:50.417+0000] {processor.py:830} INFO - Processing file /home/airflow/.local/lib/python3.12/site-packages/airflow/example_dags/example_latest_only.py for tasks to queue
[2024-05-01T12:57:50.419+0000] {logging_mixin.py:188} INFO - [2024-05-01T12:57:50.419+0000] {dagbag.py:540} INFO - Filling up the DagBag from /home/airflow/.local/lib/python3.12/site-packages/airflow/example_dags/example_latest_only.py
[2024-05-01T12:57:50.424+0000] {processor.py:840} INFO - DAG(s) 'latest_only' retrieved from /home/airflow/.local/lib/python3.12/site-packages/airflow/example_dags/example_latest_only.py
[2024-05-01T12:57:50.445+0000] {logging_mixin.py:188} INFO - [2024-05-01T12:57:50.445+0000] {dag.py:3096} INFO - Sync 1 DAGs
[2024-05-01T12:57:50.469+0000] {logging_mixin.py:188} INFO - [2024-05-01T12:57:50.469+0000] {dag.py:3954} INFO - Setting next_dagrun for latest_only to 2024-05-01 08:00:00+00:00, run_after=2024-05-01 12:00:00+00:00
[2024-05-01T12:57:50.487+0000] {processor.py:183} INFO - Processing /home/airflow/.local/lib/python3.12/site-packages/airflow/example_dags/example_latest_only.py took 0.079 seconds
[2024-05-01T12:58:20.543+0000] {processor.py:161} INFO - Started process (PID=3502) to work on /home/airflow/.local/lib/python3.12/site-packages/airflow/example_dags/example_latest_only.py
[2024-05-01T12:58:20.544+0000] {processor.py:830} INFO - Processing file /home/airflow/.local/lib/python3.12/site-packages/airflow/example_dags/example_latest_only.py for tasks to queue
[2024-05-01T12:58:20.546+0000] {logging_mixin.py:188} INFO - [2024-05-01T12:58:20.546+0000] {dagbag.py:540} INFO - Filling up the DagBag from /home/airflow/.local/lib/python3.12/site-packages/airflow/example_dags/example_latest_only.py
[2024-05-01T12:58:20.553+0000] {processor.py:840} INFO - DAG(s) 'latest_only' retrieved from /home/airflow/.local/lib/python3.12/site-packages/airflow/example_dags/example_latest_only.py
[2024-05-01T12:58:20.573+0000] {logging_mixin.py:188} INFO - [2024-05-01T12:58:20.573+0000] {dag.py:3096} INFO - Sync 1 DAGs
[2024-05-01T12:58:20.596+0000] {logging_mixin.py:188} INFO - [2024-05-01T12:58:20.596+0000] {dag.py:3954} INFO - Setting next_dagrun for latest_only to 2024-05-01 08:00:00+00:00, run_after=2024-05-01 12:00:00+00:00
[2024-05-01T12:58:20.615+0000] {processor.py:183} INFO - Processing /home/airflow/.local/lib/python3.12/site-packages/airflow/example_dags/example_latest_only.py took 0.078 seconds
[2024-05-01T12:58:50.772+0000] {processor.py:161} INFO - Started process (PID=3560) to work on /home/airflow/.local/lib/python3.12/site-packages/airflow/example_dags/example_latest_only.py
[2024-05-01T12:58:50.773+0000] {processor.py:830} INFO - Processing file /home/airflow/.local/lib/python3.12/site-packages/airflow/example_dags/example_latest_only.py for tasks to queue
[2024-05-01T12:58:50.775+0000] {logging_mixin.py:188} INFO - [2024-05-01T12:58:50.775+0000] {dagbag.py:540} INFO - Filling up the DagBag from /home/airflow/.local/lib/python3.12/site-packages/airflow/example_dags/example_latest_only.py
[2024-05-01T12:58:50.781+0000] {processor.py:840} INFO - DAG(s) 'latest_only' retrieved from /home/airflow/.local/lib/python3.12/site-packages/airflow/example_dags/example_latest_only.py
[2024-05-01T12:58:50.802+0000] {logging_mixin.py:188} INFO - [2024-05-01T12:58:50.802+0000] {dag.py:3096} INFO - Sync 1 DAGs
[2024-05-01T12:58:50.826+0000] {logging_mixin.py:188} INFO - [2024-05-01T12:58:50.825+0000] {dag.py:3954} INFO - Setting next_dagrun for latest_only to 2024-05-01 08:00:00+00:00, run_after=2024-05-01 12:00:00+00:00
[2024-05-01T12:58:50.844+0000] {processor.py:183} INFO - Processing /home/airflow/.local/lib/python3.12/site-packages/airflow/example_dags/example_latest_only.py took 0.078 seconds
[2024-05-01T12:59:20.995+0000] {processor.py:161} INFO - Started process (PID=3618) to work on /home/airflow/.local/lib/python3.12/site-packages/airflow/example_dags/example_latest_only.py
[2024-05-01T12:59:20.997+0000] {processor.py:830} INFO - Processing file /home/airflow/.local/lib/python3.12/site-packages/airflow/example_dags/example_latest_only.py for tasks to queue
[2024-05-01T12:59:20.999+0000] {logging_mixin.py:188} INFO - [2024-05-01T12:59:20.999+0000] {dagbag.py:540} INFO - Filling up the DagBag from /home/airflow/.local/lib/python3.12/site-packages/airflow/example_dags/example_latest_only.py
[2024-05-01T12:59:21.004+0000] {processor.py:840} INFO - DAG(s) 'latest_only' retrieved from /home/airflow/.local/lib/python3.12/site-packages/airflow/example_dags/example_latest_only.py
[2024-05-01T12:59:21.025+0000] {logging_mixin.py:188} INFO - [2024-05-01T12:59:21.025+0000] {dag.py:3096} INFO - Sync 1 DAGs
[2024-05-01T12:59:21.049+0000] {logging_mixin.py:188} INFO - [2024-05-01T12:59:21.049+0000] {dag.py:3954} INFO - Setting next_dagrun for latest_only to 2024-05-01 08:00:00+00:00, run_after=2024-05-01 12:00:00+00:00
[2024-05-01T12:59:21.068+0000] {processor.py:183} INFO - Processing /home/airflow/.local/lib/python3.12/site-packages/airflow/example_dags/example_latest_only.py took 0.079 seconds
[2024-05-01T12:59:51.210+0000] {processor.py:161} INFO - Started process (PID=3676) to work on /home/airflow/.local/lib/python3.12/site-packages/airflow/example_dags/example_latest_only.py
[2024-05-01T12:59:51.212+0000] {processor.py:830} INFO - Processing file /home/airflow/.local/lib/python3.12/site-packages/airflow/example_dags/example_latest_only.py for tasks to queue
[2024-05-01T12:59:51.214+0000] {logging_mixin.py:188} INFO - [2024-05-01T12:59:51.214+0000] {dagbag.py:540} INFO - Filling up the DagBag from /home/airflow/.local/lib/python3.12/site-packages/airflow/example_dags/example_latest_only.py
[2024-05-01T12:59:51.220+0000] {processor.py:840} INFO - DAG(s) 'latest_only' retrieved from /home/airflow/.local/lib/python3.12/site-packages/airflow/example_dags/example_latest_only.py
[2024-05-01T12:59:51.240+0000] {logging_mixin.py:188} INFO - [2024-05-01T12:59:51.240+0000] {dag.py:3096} INFO - Sync 1 DAGs
[2024-05-01T12:59:51.263+0000] {logging_mixin.py:188} INFO - [2024-05-01T12:59:51.263+0000] {dag.py:3954} INFO - Setting next_dagrun for latest_only to 2024-05-01 08:00:00+00:00, run_after=2024-05-01 12:00:00+00:00
[2024-05-01T12:59:51.282+0000] {processor.py:183} INFO - Processing /home/airflow/.local/lib/python3.12/site-packages/airflow/example_dags/example_latest_only.py took 0.078 seconds
[2024-05-01T13:00:21.490+0000] {processor.py:161} INFO - Started process (PID=3734) to work on /home/airflow/.local/lib/python3.12/site-packages/airflow/example_dags/example_latest_only.py
[2024-05-01T13:00:21.492+0000] {processor.py:830} INFO - Processing file /home/airflow/.local/lib/python3.12/site-packages/airflow/example_dags/example_latest_only.py for tasks to queue
[2024-05-01T13:00:21.494+0000] {logging_mixin.py:188} INFO - [2024-05-01T13:00:21.494+0000] {dagbag.py:540} INFO - Filling up the DagBag from /home/airflow/.local/lib/python3.12/site-packages/airflow/example_dags/example_latest_only.py
[2024-05-01T13:00:21.500+0000] {processor.py:840} INFO - DAG(s) 'latest_only' retrieved from /home/airflow/.local/lib/python3.12/site-packages/airflow/example_dags/example_latest_only.py
[2024-05-01T13:00:21.521+0000] {logging_mixin.py:188} INFO - [2024-05-01T13:00:21.520+0000] {dag.py:3096} INFO - Sync 1 DAGs
[2024-05-01T13:00:21.545+0000] {logging_mixin.py:188} INFO - [2024-05-01T13:00:21.545+0000] {dag.py:3954} INFO - Setting next_dagrun for latest_only to 2024-05-01 08:00:00+00:00, run_after=2024-05-01 12:00:00+00:00
[2024-05-01T13:00:21.563+0000] {processor.py:183} INFO - Processing /home/airflow/.local/lib/python3.12/site-packages/airflow/example_dags/example_latest_only.py took 0.079 seconds
[2024-05-01T13:00:52.158+0000] {processor.py:161} INFO - Started process (PID=3792) to work on /home/airflow/.local/lib/python3.12/site-packages/airflow/example_dags/example_latest_only.py
[2024-05-01T13:00:52.159+0000] {processor.py:830} INFO - Processing file /home/airflow/.local/lib/python3.12/site-packages/airflow/example_dags/example_latest_only.py for tasks to queue
[2024-05-01T13:00:52.162+0000] {logging_mixin.py:188} INFO - [2024-05-01T13:00:52.161+0000] {dagbag.py:540} INFO - Filling up the DagBag from /home/airflow/.local/lib/python3.12/site-packages/airflow/example_dags/example_latest_only.py
[2024-05-01T13:00:52.167+0000] {processor.py:840} INFO - DAG(s) 'latest_only' retrieved from /home/airflow/.local/lib/python3.12/site-packages/airflow/example_dags/example_latest_only.py
[2024-05-01T13:00:52.190+0000] {logging_mixin.py:188} INFO - [2024-05-01T13:00:52.190+0000] {dag.py:3096} INFO - Sync 1 DAGs
[2024-05-01T13:00:52.214+0000] {logging_mixin.py:188} INFO - [2024-05-01T13:00:52.214+0000] {dag.py:3954} INFO - Setting next_dagrun for latest_only to 2024-05-01 08:00:00+00:00, run_after=2024-05-01 12:00:00+00:00
[2024-05-01T13:00:52.233+0000] {processor.py:183} INFO - Processing /home/airflow/.local/lib/python3.12/site-packages/airflow/example_dags/example_latest_only.py took 0.081 seconds
[2024-05-01T13:01:22.339+0000] {processor.py:161} INFO - Started process (PID=3850) to work on /home/airflow/.local/lib/python3.12/site-packages/airflow/example_dags/example_latest_only.py
[2024-05-01T13:01:22.340+0000] {processor.py:830} INFO - Processing file /home/airflow/.local/lib/python3.12/site-packages/airflow/example_dags/example_latest_only.py for tasks to queue
[2024-05-01T13:01:22.344+0000] {logging_mixin.py:188} INFO - [2024-05-01T13:01:22.343+0000] {dagbag.py:540} INFO - Filling up the DagBag from /home/airflow/.local/lib/python3.12/site-packages/airflow/example_dags/example_latest_only.py
[2024-05-01T13:01:22.349+0000] {processor.py:840} INFO - DAG(s) 'latest_only' retrieved from /home/airflow/.local/lib/python3.12/site-packages/airflow/example_dags/example_latest_only.py
[2024-05-01T13:01:22.369+0000] {logging_mixin.py:188} INFO - [2024-05-01T13:01:22.369+0000] {dag.py:3096} INFO - Sync 1 DAGs
[2024-05-01T13:01:22.393+0000] {logging_mixin.py:188} INFO - [2024-05-01T13:01:22.392+0000] {dag.py:3954} INFO - Setting next_dagrun for latest_only to 2024-05-01 08:00:00+00:00, run_after=2024-05-01 12:00:00+00:00
[2024-05-01T13:01:22.410+0000] {processor.py:183} INFO - Processing /home/airflow/.local/lib/python3.12/site-packages/airflow/example_dags/example_latest_only.py took 0.077 seconds
[2024-05-01T13:01:53.369+0000] {processor.py:161} INFO - Started process (PID=3907) to work on /home/airflow/.local/lib/python3.12/site-packages/airflow/example_dags/example_latest_only.py
[2024-05-01T13:01:53.384+0000] {processor.py:830} INFO - Processing file /home/airflow/.local/lib/python3.12/site-packages/airflow/example_dags/example_latest_only.py for tasks to queue
[2024-05-01T13:01:53.387+0000] {logging_mixin.py:188} INFO - [2024-05-01T13:01:53.386+0000] {dagbag.py:540} INFO - Filling up the DagBag from /home/airflow/.local/lib/python3.12/site-packages/airflow/example_dags/example_latest_only.py
[2024-05-01T13:01:53.392+0000] {processor.py:840} INFO - DAG(s) 'latest_only' retrieved from /home/airflow/.local/lib/python3.12/site-packages/airflow/example_dags/example_latest_only.py
[2024-05-01T13:01:53.413+0000] {logging_mixin.py:188} INFO - [2024-05-01T13:01:53.413+0000] {dag.py:3096} INFO - Sync 1 DAGs
[2024-05-01T13:01:53.437+0000] {logging_mixin.py:188} INFO - [2024-05-01T13:01:53.437+0000] {dag.py:3954} INFO - Setting next_dagrun for latest_only to 2024-05-01 08:00:00+00:00, run_after=2024-05-01 12:00:00+00:00
[2024-05-01T13:01:53.454+0000] {processor.py:183} INFO - Processing /home/airflow/.local/lib/python3.12/site-packages/airflow/example_dags/example_latest_only.py took 0.092 seconds
[2024-05-01T13:02:23.597+0000] {processor.py:161} INFO - Started process (PID=3965) to work on /home/airflow/.local/lib/python3.12/site-packages/airflow/example_dags/example_latest_only.py
[2024-05-01T13:02:23.598+0000] {processor.py:830} INFO - Processing file /home/airflow/.local/lib/python3.12/site-packages/airflow/example_dags/example_latest_only.py for tasks to queue
[2024-05-01T13:02:23.601+0000] {logging_mixin.py:188} INFO - [2024-05-01T13:02:23.600+0000] {dagbag.py:540} INFO - Filling up the DagBag from /home/airflow/.local/lib/python3.12/site-packages/airflow/example_dags/example_latest_only.py
[2024-05-01T13:02:23.606+0000] {processor.py:840} INFO - DAG(s) 'latest_only' retrieved from /home/airflow/.local/lib/python3.12/site-packages/airflow/example_dags/example_latest_only.py
[2024-05-01T13:02:23.629+0000] {logging_mixin.py:188} INFO - [2024-05-01T13:02:23.628+0000] {dag.py:3096} INFO - Sync 1 DAGs
[2024-05-01T13:02:23.653+0000] {logging_mixin.py:188} INFO - [2024-05-01T13:02:23.653+0000] {dag.py:3954} INFO - Setting next_dagrun for latest_only to 2024-05-01 08:00:00+00:00, run_after=2024-05-01 12:00:00+00:00
[2024-05-01T13:02:23.672+0000] {processor.py:183} INFO - Processing /home/airflow/.local/lib/python3.12/site-packages/airflow/example_dags/example_latest_only.py took 0.081 seconds
[2024-05-01T13:02:56.301+0000] {processor.py:161} INFO - Started process (PID=4023) to work on /home/airflow/.local/lib/python3.12/site-packages/airflow/example_dags/example_latest_only.py
[2024-05-01T13:02:56.308+0000] {processor.py:830} INFO - Processing file /home/airflow/.local/lib/python3.12/site-packages/airflow/example_dags/example_latest_only.py for tasks to queue
[2024-05-01T13:02:56.320+0000] {logging_mixin.py:188} INFO - [2024-05-01T13:02:56.318+0000] {dagbag.py:540} INFO - Filling up the DagBag from /home/airflow/.local/lib/python3.12/site-packages/airflow/example_dags/example_latest_only.py
[2024-05-01T13:02:56.354+0000] {processor.py:840} INFO - DAG(s) 'latest_only' retrieved from /home/airflow/.local/lib/python3.12/site-packages/airflow/example_dags/example_latest_only.py
[2024-05-01T13:02:56.476+0000] {logging_mixin.py:188} INFO - [2024-05-01T13:02:56.475+0000] {dag.py:3096} INFO - Sync 1 DAGs
[2024-05-01T13:02:56.607+0000] {logging_mixin.py:188} INFO - [2024-05-01T13:02:56.606+0000] {dag.py:3954} INFO - Setting next_dagrun for latest_only to 2024-05-01 08:00:00+00:00, run_after=2024-05-01 12:00:00+00:00
[2024-05-01T13:02:56.709+0000] {processor.py:183} INFO - Processing /home/airflow/.local/lib/python3.12/site-packages/airflow/example_dags/example_latest_only.py took 0.445 seconds
[2024-05-01T13:06:44.998+0000] {processor.py:161} INFO - Started process (PID=4084) to work on /home/airflow/.local/lib/python3.12/site-packages/airflow/example_dags/example_latest_only.py
[2024-05-01T13:06:45.001+0000] {processor.py:830} INFO - Processing file /home/airflow/.local/lib/python3.12/site-packages/airflow/example_dags/example_latest_only.py for tasks to queue
[2024-05-01T13:06:45.008+0000] {logging_mixin.py:188} INFO - [2024-05-01T13:06:45.007+0000] {dagbag.py:540} INFO - Filling up the DagBag from /home/airflow/.local/lib/python3.12/site-packages/airflow/example_dags/example_latest_only.py
[2024-05-01T13:06:45.017+0000] {processor.py:840} INFO - DAG(s) 'latest_only' retrieved from /home/airflow/.local/lib/python3.12/site-packages/airflow/example_dags/example_latest_only.py
[2024-05-01T13:06:45.063+0000] {logging_mixin.py:188} INFO - [2024-05-01T13:06:45.062+0000] {dag.py:3096} INFO - Sync 1 DAGs
[2024-05-01T13:06:45.114+0000] {logging_mixin.py:188} INFO - [2024-05-01T13:06:45.113+0000] {dag.py:3954} INFO - Setting next_dagrun for latest_only to 2024-05-01 08:00:00+00:00, run_after=2024-05-01 12:00:00+00:00
[2024-05-01T13:06:45.159+0000] {processor.py:183} INFO - Processing /home/airflow/.local/lib/python3.12/site-packages/airflow/example_dags/example_latest_only.py took 0.175 seconds
[2024-05-01T13:07:15.213+0000] {processor.py:161} INFO - Started process (PID=4142) to work on /home/airflow/.local/lib/python3.12/site-packages/airflow/example_dags/example_latest_only.py
[2024-05-01T13:07:15.214+0000] {processor.py:830} INFO - Processing file /home/airflow/.local/lib/python3.12/site-packages/airflow/example_dags/example_latest_only.py for tasks to queue
[2024-05-01T13:07:15.217+0000] {logging_mixin.py:188} INFO - [2024-05-01T13:07:15.216+0000] {dagbag.py:540} INFO - Filling up the DagBag from /home/airflow/.local/lib/python3.12/site-packages/airflow/example_dags/example_latest_only.py
[2024-05-01T13:07:15.223+0000] {processor.py:840} INFO - DAG(s) 'latest_only' retrieved from /home/airflow/.local/lib/python3.12/site-packages/airflow/example_dags/example_latest_only.py
[2024-05-01T13:07:15.244+0000] {logging_mixin.py:188} INFO - [2024-05-01T13:07:15.243+0000] {dag.py:3096} INFO - Sync 1 DAGs
[2024-05-01T13:07:15.267+0000] {logging_mixin.py:188} INFO - [2024-05-01T13:07:15.267+0000] {dag.py:3954} INFO - Setting next_dagrun for latest_only to 2024-05-01 08:00:00+00:00, run_after=2024-05-01 12:00:00+00:00
[2024-05-01T13:07:15.285+0000] {processor.py:183} INFO - Processing /home/airflow/.local/lib/python3.12/site-packages/airflow/example_dags/example_latest_only.py took 0.078 seconds
[2024-05-01T13:07:45.553+0000] {processor.py:161} INFO - Started process (PID=4200) to work on /home/airflow/.local/lib/python3.12/site-packages/airflow/example_dags/example_latest_only.py
[2024-05-01T13:07:45.554+0000] {processor.py:830} INFO - Processing file /home/airflow/.local/lib/python3.12/site-packages/airflow/example_dags/example_latest_only.py for tasks to queue
[2024-05-01T13:07:45.556+0000] {logging_mixin.py:188} INFO - [2024-05-01T13:07:45.556+0000] {dagbag.py:540} INFO - Filling up the DagBag from /home/airflow/.local/lib/python3.12/site-packages/airflow/example_dags/example_latest_only.py
[2024-05-01T13:07:45.563+0000] {processor.py:840} INFO - DAG(s) 'latest_only' retrieved from /home/airflow/.local/lib/python3.12/site-packages/airflow/example_dags/example_latest_only.py
[2024-05-01T13:07:45.584+0000] {logging_mixin.py:188} INFO - [2024-05-01T13:07:45.584+0000] {dag.py:3096} INFO - Sync 1 DAGs
[2024-05-01T13:07:45.610+0000] {logging_mixin.py:188} INFO - [2024-05-01T13:07:45.610+0000] {dag.py:3954} INFO - Setting next_dagrun for latest_only to 2024-05-01 08:00:00+00:00, run_after=2024-05-01 12:00:00+00:00
[2024-05-01T13:07:45.631+0000] {processor.py:183} INFO - Processing /home/airflow/.local/lib/python3.12/site-packages/airflow/example_dags/example_latest_only.py took 0.085 seconds
[2024-05-01T13:08:15.960+0000] {processor.py:161} INFO - Started process (PID=4258) to work on /home/airflow/.local/lib/python3.12/site-packages/airflow/example_dags/example_latest_only.py
[2024-05-01T13:08:15.962+0000] {processor.py:830} INFO - Processing file /home/airflow/.local/lib/python3.12/site-packages/airflow/example_dags/example_latest_only.py for tasks to queue
[2024-05-01T13:08:15.965+0000] {logging_mixin.py:188} INFO - [2024-05-01T13:08:15.965+0000] {dagbag.py:540} INFO - Filling up the DagBag from /home/airflow/.local/lib/python3.12/site-packages/airflow/example_dags/example_latest_only.py
[2024-05-01T13:08:15.974+0000] {processor.py:840} INFO - DAG(s) 'latest_only' retrieved from /home/airflow/.local/lib/python3.12/site-packages/airflow/example_dags/example_latest_only.py
[2024-05-01T13:08:16.002+0000] {logging_mixin.py:188} INFO - [2024-05-01T13:08:16.001+0000] {dag.py:3096} INFO - Sync 1 DAGs
[2024-05-01T13:08:16.027+0000] {logging_mixin.py:188} INFO - [2024-05-01T13:08:16.027+0000] {dag.py:3954} INFO - Setting next_dagrun for latest_only to 2024-05-01 08:00:00+00:00, run_after=2024-05-01 12:00:00+00:00
[2024-05-01T13:08:16.045+0000] {processor.py:183} INFO - Processing /home/airflow/.local/lib/python3.12/site-packages/airflow/example_dags/example_latest_only.py took 0.093 seconds
[2024-05-01T13:08:46.320+0000] {processor.py:161} INFO - Started process (PID=4316) to work on /home/airflow/.local/lib/python3.12/site-packages/airflow/example_dags/example_latest_only.py
[2024-05-01T13:08:46.322+0000] {processor.py:830} INFO - Processing file /home/airflow/.local/lib/python3.12/site-packages/airflow/example_dags/example_latest_only.py for tasks to queue
[2024-05-01T13:08:46.325+0000] {logging_mixin.py:188} INFO - [2024-05-01T13:08:46.324+0000] {dagbag.py:540} INFO - Filling up the DagBag from /home/airflow/.local/lib/python3.12/site-packages/airflow/example_dags/example_latest_only.py
[2024-05-01T13:08:46.332+0000] {processor.py:840} INFO - DAG(s) 'latest_only' retrieved from /home/airflow/.local/lib/python3.12/site-packages/airflow/example_dags/example_latest_only.py
[2024-05-01T13:08:46.364+0000] {logging_mixin.py:188} INFO - [2024-05-01T13:08:46.364+0000] {dag.py:3096} INFO - Sync 1 DAGs
[2024-05-01T13:08:46.404+0000] {logging_mixin.py:188} INFO - [2024-05-01T13:08:46.404+0000] {dag.py:3954} INFO - Setting next_dagrun for latest_only to 2024-05-01 08:00:00+00:00, run_after=2024-05-01 12:00:00+00:00
[2024-05-01T13:08:46.430+0000] {processor.py:183} INFO - Processing /home/airflow/.local/lib/python3.12/site-packages/airflow/example_dags/example_latest_only.py took 0.118 seconds
