[2024-05-01T12:28:13.176+0000] {processor.py:161} INFO - Started process (PID=49) to work on /home/airflow/.local/lib/python3.12/site-packages/airflow/example_dags/example_bash_operator.py
[2024-05-01T12:28:13.179+0000] {processor.py:830} INFO - Processing file /home/airflow/.local/lib/python3.12/site-packages/airflow/example_dags/example_bash_operator.py for tasks to queue
[2024-05-01T12:28:13.185+0000] {logging_mixin.py:188} INFO - [2024-05-01T12:28:13.184+0000] {dagbag.py:540} INFO - Filling up the DagBag from /home/airflow/.local/lib/python3.12/site-packages/airflow/example_dags/example_bash_operator.py
[2024-05-01T12:28:13.283+0000] {processor.py:840} INFO - DAG(s) 'example_bash_operator' retrieved from /home/airflow/.local/lib/python3.12/site-packages/airflow/example_dags/example_bash_operator.py
[2024-05-01T12:28:13.346+0000] {logging_mixin.py:188} INFO - [2024-05-01T12:28:13.346+0000] {dag.py:3096} INFO - Sync 1 DAGs
[2024-05-01T12:28:13.468+0000] {logging_mixin.py:188} INFO - [2024-05-01T12:28:13.468+0000] {dag.py:3954} INFO - Setting next_dagrun for example_bash_operator to 2024-04-30 00:00:00+00:00, run_after=2024-05-01 00:00:00+00:00
[2024-05-01T12:28:13.641+0000] {processor.py:183} INFO - Processing /home/airflow/.local/lib/python3.12/site-packages/airflow/example_dags/example_bash_operator.py took 0.482 seconds
[2024-05-01T12:28:44.111+0000] {processor.py:161} INFO - Started process (PID=107) to work on /home/airflow/.local/lib/python3.12/site-packages/airflow/example_dags/example_bash_operator.py
[2024-05-01T12:28:44.113+0000] {processor.py:830} INFO - Processing file /home/airflow/.local/lib/python3.12/site-packages/airflow/example_dags/example_bash_operator.py for tasks to queue
[2024-05-01T12:28:44.115+0000] {logging_mixin.py:188} INFO - [2024-05-01T12:28:44.115+0000] {dagbag.py:540} INFO - Filling up the DagBag from /home/airflow/.local/lib/python3.12/site-packages/airflow/example_dags/example_bash_operator.py
[2024-05-01T12:28:44.128+0000] {processor.py:840} INFO - DAG(s) 'example_bash_operator' retrieved from /home/airflow/.local/lib/python3.12/site-packages/airflow/example_dags/example_bash_operator.py
[2024-05-01T12:28:44.247+0000] {logging_mixin.py:188} INFO - [2024-05-01T12:28:44.247+0000] {dag.py:3096} INFO - Sync 1 DAGs
[2024-05-01T12:28:44.271+0000] {logging_mixin.py:188} INFO - [2024-05-01T12:28:44.270+0000] {dag.py:3954} INFO - Setting next_dagrun for example_bash_operator to 2024-04-30 00:00:00+00:00, run_after=2024-05-01 00:00:00+00:00
[2024-05-01T12:28:44.290+0000] {processor.py:183} INFO - Processing /home/airflow/.local/lib/python3.12/site-packages/airflow/example_dags/example_bash_operator.py took 0.186 seconds
[2024-05-01T12:29:14.335+0000] {processor.py:161} INFO - Started process (PID=165) to work on /home/airflow/.local/lib/python3.12/site-packages/airflow/example_dags/example_bash_operator.py
[2024-05-01T12:29:14.337+0000] {processor.py:830} INFO - Processing file /home/airflow/.local/lib/python3.12/site-packages/airflow/example_dags/example_bash_operator.py for tasks to queue
[2024-05-01T12:29:14.339+0000] {logging_mixin.py:188} INFO - [2024-05-01T12:29:14.339+0000] {dagbag.py:540} INFO - Filling up the DagBag from /home/airflow/.local/lib/python3.12/site-packages/airflow/example_dags/example_bash_operator.py
[2024-05-01T12:29:14.351+0000] {processor.py:840} INFO - DAG(s) 'example_bash_operator' retrieved from /home/airflow/.local/lib/python3.12/site-packages/airflow/example_dags/example_bash_operator.py
[2024-05-01T12:29:14.383+0000] {logging_mixin.py:188} INFO - [2024-05-01T12:29:14.383+0000] {dag.py:3096} INFO - Sync 1 DAGs
[2024-05-01T12:29:14.409+0000] {logging_mixin.py:188} INFO - [2024-05-01T12:29:14.409+0000] {dag.py:3954} INFO - Setting next_dagrun for example_bash_operator to 2024-04-30 00:00:00+00:00, run_after=2024-05-01 00:00:00+00:00
[2024-05-01T12:29:14.428+0000] {processor.py:183} INFO - Processing /home/airflow/.local/lib/python3.12/site-packages/airflow/example_dags/example_bash_operator.py took 0.099 seconds
[2024-05-01T12:29:44.716+0000] {processor.py:161} INFO - Started process (PID=223) to work on /home/airflow/.local/lib/python3.12/site-packages/airflow/example_dags/example_bash_operator.py
[2024-05-01T12:29:44.718+0000] {processor.py:830} INFO - Processing file /home/airflow/.local/lib/python3.12/site-packages/airflow/example_dags/example_bash_operator.py for tasks to queue
[2024-05-01T12:29:44.720+0000] {logging_mixin.py:188} INFO - [2024-05-01T12:29:44.720+0000] {dagbag.py:540} INFO - Filling up the DagBag from /home/airflow/.local/lib/python3.12/site-packages/airflow/example_dags/example_bash_operator.py
[2024-05-01T12:29:44.733+0000] {processor.py:840} INFO - DAG(s) 'example_bash_operator' retrieved from /home/airflow/.local/lib/python3.12/site-packages/airflow/example_dags/example_bash_operator.py
[2024-05-01T12:29:44.764+0000] {logging_mixin.py:188} INFO - [2024-05-01T12:29:44.764+0000] {dag.py:3096} INFO - Sync 1 DAGs
[2024-05-01T12:29:44.789+0000] {logging_mixin.py:188} INFO - [2024-05-01T12:29:44.789+0000] {dag.py:3954} INFO - Setting next_dagrun for example_bash_operator to 2024-04-30 00:00:00+00:00, run_after=2024-05-01 00:00:00+00:00
[2024-05-01T12:29:44.808+0000] {processor.py:183} INFO - Processing /home/airflow/.local/lib/python3.12/site-packages/airflow/example_dags/example_bash_operator.py took 0.099 seconds
[2024-05-01T12:30:14.885+0000] {processor.py:161} INFO - Started process (PID=281) to work on /home/airflow/.local/lib/python3.12/site-packages/airflow/example_dags/example_bash_operator.py
[2024-05-01T12:30:14.887+0000] {processor.py:830} INFO - Processing file /home/airflow/.local/lib/python3.12/site-packages/airflow/example_dags/example_bash_operator.py for tasks to queue
[2024-05-01T12:30:14.890+0000] {logging_mixin.py:188} INFO - [2024-05-01T12:30:14.889+0000] {dagbag.py:540} INFO - Filling up the DagBag from /home/airflow/.local/lib/python3.12/site-packages/airflow/example_dags/example_bash_operator.py
[2024-05-01T12:30:14.902+0000] {processor.py:840} INFO - DAG(s) 'example_bash_operator' retrieved from /home/airflow/.local/lib/python3.12/site-packages/airflow/example_dags/example_bash_operator.py
[2024-05-01T12:30:14.973+0000] {logging_mixin.py:188} INFO - [2024-05-01T12:30:14.973+0000] {dag.py:3096} INFO - Sync 1 DAGs
[2024-05-01T12:30:15.037+0000] {logging_mixin.py:188} INFO - [2024-05-01T12:30:15.036+0000] {dag.py:3954} INFO - Setting next_dagrun for example_bash_operator to 2024-04-30 00:00:00+00:00, run_after=2024-05-01 00:00:00+00:00
[2024-05-01T12:30:15.110+0000] {processor.py:183} INFO - Processing /home/airflow/.local/lib/python3.12/site-packages/airflow/example_dags/example_bash_operator.py took 0.253 seconds
[2024-05-01T12:30:45.454+0000] {processor.py:161} INFO - Started process (PID=339) to work on /home/airflow/.local/lib/python3.12/site-packages/airflow/example_dags/example_bash_operator.py
[2024-05-01T12:30:45.456+0000] {processor.py:830} INFO - Processing file /home/airflow/.local/lib/python3.12/site-packages/airflow/example_dags/example_bash_operator.py for tasks to queue
[2024-05-01T12:30:45.458+0000] {logging_mixin.py:188} INFO - [2024-05-01T12:30:45.457+0000] {dagbag.py:540} INFO - Filling up the DagBag from /home/airflow/.local/lib/python3.12/site-packages/airflow/example_dags/example_bash_operator.py
[2024-05-01T12:30:45.470+0000] {processor.py:840} INFO - DAG(s) 'example_bash_operator' retrieved from /home/airflow/.local/lib/python3.12/site-packages/airflow/example_dags/example_bash_operator.py
[2024-05-01T12:30:45.500+0000] {logging_mixin.py:188} INFO - [2024-05-01T12:30:45.500+0000] {dag.py:3096} INFO - Sync 1 DAGs
[2024-05-01T12:30:45.525+0000] {logging_mixin.py:188} INFO - [2024-05-01T12:30:45.525+0000] {dag.py:3954} INFO - Setting next_dagrun for example_bash_operator to 2024-04-30 00:00:00+00:00, run_after=2024-05-01 00:00:00+00:00
[2024-05-01T12:30:45.544+0000] {processor.py:183} INFO - Processing /home/airflow/.local/lib/python3.12/site-packages/airflow/example_dags/example_bash_operator.py took 0.096 seconds
[2024-05-01T12:31:16.905+0000] {processor.py:161} INFO - Started process (PID=397) to work on /home/airflow/.local/lib/python3.12/site-packages/airflow/example_dags/example_bash_operator.py
[2024-05-01T12:31:16.907+0000] {processor.py:830} INFO - Processing file /home/airflow/.local/lib/python3.12/site-packages/airflow/example_dags/example_bash_operator.py for tasks to queue
[2024-05-01T12:31:16.910+0000] {logging_mixin.py:188} INFO - [2024-05-01T12:31:16.910+0000] {dagbag.py:540} INFO - Filling up the DagBag from /home/airflow/.local/lib/python3.12/site-packages/airflow/example_dags/example_bash_operator.py
[2024-05-01T12:31:16.924+0000] {processor.py:840} INFO - DAG(s) 'example_bash_operator' retrieved from /home/airflow/.local/lib/python3.12/site-packages/airflow/example_dags/example_bash_operator.py
[2024-05-01T12:31:16.959+0000] {logging_mixin.py:188} INFO - [2024-05-01T12:31:16.959+0000] {dag.py:3096} INFO - Sync 1 DAGs
[2024-05-01T12:31:16.993+0000] {logging_mixin.py:188} INFO - [2024-05-01T12:31:16.992+0000] {dag.py:3954} INFO - Setting next_dagrun for example_bash_operator to 2024-04-30 00:00:00+00:00, run_after=2024-05-01 00:00:00+00:00
[2024-05-01T12:31:17.045+0000] {processor.py:183} INFO - Processing /home/airflow/.local/lib/python3.12/site-packages/airflow/example_dags/example_bash_operator.py took 0.147 seconds
[2024-05-01T12:31:47.771+0000] {processor.py:161} INFO - Started process (PID=455) to work on /home/airflow/.local/lib/python3.12/site-packages/airflow/example_dags/example_bash_operator.py
[2024-05-01T12:31:47.772+0000] {processor.py:830} INFO - Processing file /home/airflow/.local/lib/python3.12/site-packages/airflow/example_dags/example_bash_operator.py for tasks to queue
[2024-05-01T12:31:47.774+0000] {logging_mixin.py:188} INFO - [2024-05-01T12:31:47.774+0000] {dagbag.py:540} INFO - Filling up the DagBag from /home/airflow/.local/lib/python3.12/site-packages/airflow/example_dags/example_bash_operator.py
[2024-05-01T12:31:47.786+0000] {processor.py:840} INFO - DAG(s) 'example_bash_operator' retrieved from /home/airflow/.local/lib/python3.12/site-packages/airflow/example_dags/example_bash_operator.py
[2024-05-01T12:31:47.816+0000] {logging_mixin.py:188} INFO - [2024-05-01T12:31:47.816+0000] {dag.py:3096} INFO - Sync 1 DAGs
[2024-05-01T12:31:47.842+0000] {logging_mixin.py:188} INFO - [2024-05-01T12:31:47.842+0000] {dag.py:3954} INFO - Setting next_dagrun for example_bash_operator to 2024-04-30 00:00:00+00:00, run_after=2024-05-01 00:00:00+00:00
[2024-05-01T12:31:47.861+0000] {processor.py:183} INFO - Processing /home/airflow/.local/lib/python3.12/site-packages/airflow/example_dags/example_bash_operator.py took 0.097 seconds
[2024-05-01T12:32:18.025+0000] {processor.py:161} INFO - Started process (PID=513) to work on /home/airflow/.local/lib/python3.12/site-packages/airflow/example_dags/example_bash_operator.py
[2024-05-01T12:32:18.026+0000] {processor.py:830} INFO - Processing file /home/airflow/.local/lib/python3.12/site-packages/airflow/example_dags/example_bash_operator.py for tasks to queue
[2024-05-01T12:32:18.029+0000] {logging_mixin.py:188} INFO - [2024-05-01T12:32:18.028+0000] {dagbag.py:540} INFO - Filling up the DagBag from /home/airflow/.local/lib/python3.12/site-packages/airflow/example_dags/example_bash_operator.py
[2024-05-01T12:32:18.042+0000] {processor.py:840} INFO - DAG(s) 'example_bash_operator' retrieved from /home/airflow/.local/lib/python3.12/site-packages/airflow/example_dags/example_bash_operator.py
[2024-05-01T12:32:18.072+0000] {logging_mixin.py:188} INFO - [2024-05-01T12:32:18.072+0000] {dag.py:3096} INFO - Sync 1 DAGs
[2024-05-01T12:32:18.097+0000] {logging_mixin.py:188} INFO - [2024-05-01T12:32:18.097+0000] {dag.py:3954} INFO - Setting next_dagrun for example_bash_operator to 2024-04-30 00:00:00+00:00, run_after=2024-05-01 00:00:00+00:00
[2024-05-01T12:32:18.117+0000] {processor.py:183} INFO - Processing /home/airflow/.local/lib/python3.12/site-packages/airflow/example_dags/example_bash_operator.py took 0.098 seconds
[2024-05-01T12:32:48.218+0000] {processor.py:161} INFO - Started process (PID=571) to work on /home/airflow/.local/lib/python3.12/site-packages/airflow/example_dags/example_bash_operator.py
[2024-05-01T12:32:48.220+0000] {processor.py:830} INFO - Processing file /home/airflow/.local/lib/python3.12/site-packages/airflow/example_dags/example_bash_operator.py for tasks to queue
[2024-05-01T12:32:48.223+0000] {logging_mixin.py:188} INFO - [2024-05-01T12:32:48.222+0000] {dagbag.py:540} INFO - Filling up the DagBag from /home/airflow/.local/lib/python3.12/site-packages/airflow/example_dags/example_bash_operator.py
[2024-05-01T12:32:48.237+0000] {processor.py:840} INFO - DAG(s) 'example_bash_operator' retrieved from /home/airflow/.local/lib/python3.12/site-packages/airflow/example_dags/example_bash_operator.py
[2024-05-01T12:32:48.267+0000] {logging_mixin.py:188} INFO - [2024-05-01T12:32:48.267+0000] {dag.py:3096} INFO - Sync 1 DAGs
[2024-05-01T12:32:48.292+0000] {logging_mixin.py:188} INFO - [2024-05-01T12:32:48.292+0000] {dag.py:3954} INFO - Setting next_dagrun for example_bash_operator to 2024-04-30 00:00:00+00:00, run_after=2024-05-01 00:00:00+00:00
[2024-05-01T12:32:48.312+0000] {processor.py:183} INFO - Processing /home/airflow/.local/lib/python3.12/site-packages/airflow/example_dags/example_bash_operator.py took 0.101 seconds
[2024-05-01T12:33:18.763+0000] {processor.py:161} INFO - Started process (PID=629) to work on /home/airflow/.local/lib/python3.12/site-packages/airflow/example_dags/example_bash_operator.py
[2024-05-01T12:33:18.764+0000] {processor.py:830} INFO - Processing file /home/airflow/.local/lib/python3.12/site-packages/airflow/example_dags/example_bash_operator.py for tasks to queue
[2024-05-01T12:33:18.767+0000] {logging_mixin.py:188} INFO - [2024-05-01T12:33:18.766+0000] {dagbag.py:540} INFO - Filling up the DagBag from /home/airflow/.local/lib/python3.12/site-packages/airflow/example_dags/example_bash_operator.py
[2024-05-01T12:33:18.779+0000] {processor.py:840} INFO - DAG(s) 'example_bash_operator' retrieved from /home/airflow/.local/lib/python3.12/site-packages/airflow/example_dags/example_bash_operator.py
[2024-05-01T12:33:18.809+0000] {logging_mixin.py:188} INFO - [2024-05-01T12:33:18.809+0000] {dag.py:3096} INFO - Sync 1 DAGs
[2024-05-01T12:33:18.834+0000] {logging_mixin.py:188} INFO - [2024-05-01T12:33:18.834+0000] {dag.py:3954} INFO - Setting next_dagrun for example_bash_operator to 2024-04-30 00:00:00+00:00, run_after=2024-05-01 00:00:00+00:00
[2024-05-01T12:33:18.854+0000] {processor.py:183} INFO - Processing /home/airflow/.local/lib/python3.12/site-packages/airflow/example_dags/example_bash_operator.py took 0.098 seconds
[2024-05-01T12:33:49.548+0000] {processor.py:161} INFO - Started process (PID=687) to work on /home/airflow/.local/lib/python3.12/site-packages/airflow/example_dags/example_bash_operator.py
[2024-05-01T12:33:49.549+0000] {processor.py:830} INFO - Processing file /home/airflow/.local/lib/python3.12/site-packages/airflow/example_dags/example_bash_operator.py for tasks to queue
[2024-05-01T12:33:49.552+0000] {logging_mixin.py:188} INFO - [2024-05-01T12:33:49.551+0000] {dagbag.py:540} INFO - Filling up the DagBag from /home/airflow/.local/lib/python3.12/site-packages/airflow/example_dags/example_bash_operator.py
[2024-05-01T12:33:49.564+0000] {processor.py:840} INFO - DAG(s) 'example_bash_operator' retrieved from /home/airflow/.local/lib/python3.12/site-packages/airflow/example_dags/example_bash_operator.py
[2024-05-01T12:33:49.594+0000] {logging_mixin.py:188} INFO - [2024-05-01T12:33:49.593+0000] {dag.py:3096} INFO - Sync 1 DAGs
[2024-05-01T12:33:49.619+0000] {logging_mixin.py:188} INFO - [2024-05-01T12:33:49.619+0000] {dag.py:3954} INFO - Setting next_dagrun for example_bash_operator to 2024-04-30 00:00:00+00:00, run_after=2024-05-01 00:00:00+00:00
[2024-05-01T12:33:49.638+0000] {processor.py:183} INFO - Processing /home/airflow/.local/lib/python3.12/site-packages/airflow/example_dags/example_bash_operator.py took 0.096 seconds
[2024-05-01T12:34:20.221+0000] {processor.py:161} INFO - Started process (PID=745) to work on /home/airflow/.local/lib/python3.12/site-packages/airflow/example_dags/example_bash_operator.py
[2024-05-01T12:34:20.223+0000] {processor.py:830} INFO - Processing file /home/airflow/.local/lib/python3.12/site-packages/airflow/example_dags/example_bash_operator.py for tasks to queue
[2024-05-01T12:34:20.226+0000] {logging_mixin.py:188} INFO - [2024-05-01T12:34:20.225+0000] {dagbag.py:540} INFO - Filling up the DagBag from /home/airflow/.local/lib/python3.12/site-packages/airflow/example_dags/example_bash_operator.py
[2024-05-01T12:34:20.241+0000] {processor.py:840} INFO - DAG(s) 'example_bash_operator' retrieved from /home/airflow/.local/lib/python3.12/site-packages/airflow/example_dags/example_bash_operator.py
[2024-05-01T12:34:20.272+0000] {logging_mixin.py:188} INFO - [2024-05-01T12:34:20.272+0000] {dag.py:3096} INFO - Sync 1 DAGs
[2024-05-01T12:34:20.438+0000] {logging_mixin.py:188} INFO - [2024-05-01T12:34:20.438+0000] {dag.py:3954} INFO - Setting next_dagrun for example_bash_operator to 2024-04-30 00:00:00+00:00, run_after=2024-05-01 00:00:00+00:00
[2024-05-01T12:34:20.461+0000] {processor.py:183} INFO - Processing /home/airflow/.local/lib/python3.12/site-packages/airflow/example_dags/example_bash_operator.py took 0.248 seconds
[2024-05-01T12:34:50.713+0000] {processor.py:161} INFO - Started process (PID=803) to work on /home/airflow/.local/lib/python3.12/site-packages/airflow/example_dags/example_bash_operator.py
[2024-05-01T12:34:50.715+0000] {processor.py:830} INFO - Processing file /home/airflow/.local/lib/python3.12/site-packages/airflow/example_dags/example_bash_operator.py for tasks to queue
[2024-05-01T12:34:50.717+0000] {logging_mixin.py:188} INFO - [2024-05-01T12:34:50.716+0000] {dagbag.py:540} INFO - Filling up the DagBag from /home/airflow/.local/lib/python3.12/site-packages/airflow/example_dags/example_bash_operator.py
[2024-05-01T12:34:50.729+0000] {processor.py:840} INFO - DAG(s) 'example_bash_operator' retrieved from /home/airflow/.local/lib/python3.12/site-packages/airflow/example_dags/example_bash_operator.py
[2024-05-01T12:34:50.759+0000] {logging_mixin.py:188} INFO - [2024-05-01T12:34:50.759+0000] {dag.py:3096} INFO - Sync 1 DAGs
[2024-05-01T12:34:50.785+0000] {logging_mixin.py:188} INFO - [2024-05-01T12:34:50.784+0000] {dag.py:3954} INFO - Setting next_dagrun for example_bash_operator to 2024-04-30 00:00:00+00:00, run_after=2024-05-01 00:00:00+00:00
[2024-05-01T12:34:50.942+0000] {processor.py:183} INFO - Processing /home/airflow/.local/lib/python3.12/site-packages/airflow/example_dags/example_bash_operator.py took 0.235 seconds
[2024-05-01T12:35:21.093+0000] {processor.py:161} INFO - Started process (PID=861) to work on /home/airflow/.local/lib/python3.12/site-packages/airflow/example_dags/example_bash_operator.py
[2024-05-01T12:35:21.095+0000] {processor.py:830} INFO - Processing file /home/airflow/.local/lib/python3.12/site-packages/airflow/example_dags/example_bash_operator.py for tasks to queue
[2024-05-01T12:35:21.097+0000] {logging_mixin.py:188} INFO - [2024-05-01T12:35:21.097+0000] {dagbag.py:540} INFO - Filling up the DagBag from /home/airflow/.local/lib/python3.12/site-packages/airflow/example_dags/example_bash_operator.py
[2024-05-01T12:35:21.110+0000] {processor.py:840} INFO - DAG(s) 'example_bash_operator' retrieved from /home/airflow/.local/lib/python3.12/site-packages/airflow/example_dags/example_bash_operator.py
[2024-05-01T12:35:21.139+0000] {logging_mixin.py:188} INFO - [2024-05-01T12:35:21.139+0000] {dag.py:3096} INFO - Sync 1 DAGs
[2024-05-01T12:35:21.165+0000] {logging_mixin.py:188} INFO - [2024-05-01T12:35:21.164+0000] {dag.py:3954} INFO - Setting next_dagrun for example_bash_operator to 2024-04-30 00:00:00+00:00, run_after=2024-05-01 00:00:00+00:00
[2024-05-01T12:35:21.184+0000] {processor.py:183} INFO - Processing /home/airflow/.local/lib/python3.12/site-packages/airflow/example_dags/example_bash_operator.py took 0.097 seconds
[2024-05-01T12:35:51.250+0000] {processor.py:161} INFO - Started process (PID=919) to work on /home/airflow/.local/lib/python3.12/site-packages/airflow/example_dags/example_bash_operator.py
[2024-05-01T12:35:51.252+0000] {processor.py:830} INFO - Processing file /home/airflow/.local/lib/python3.12/site-packages/airflow/example_dags/example_bash_operator.py for tasks to queue
[2024-05-01T12:35:51.255+0000] {logging_mixin.py:188} INFO - [2024-05-01T12:35:51.254+0000] {dagbag.py:540} INFO - Filling up the DagBag from /home/airflow/.local/lib/python3.12/site-packages/airflow/example_dags/example_bash_operator.py
[2024-05-01T12:35:51.267+0000] {processor.py:840} INFO - DAG(s) 'example_bash_operator' retrieved from /home/airflow/.local/lib/python3.12/site-packages/airflow/example_dags/example_bash_operator.py
[2024-05-01T12:35:51.297+0000] {logging_mixin.py:188} INFO - [2024-05-01T12:35:51.297+0000] {dag.py:3096} INFO - Sync 1 DAGs
[2024-05-01T12:35:51.323+0000] {logging_mixin.py:188} INFO - [2024-05-01T12:35:51.322+0000] {dag.py:3954} INFO - Setting next_dagrun for example_bash_operator to 2024-04-30 00:00:00+00:00, run_after=2024-05-01 00:00:00+00:00
[2024-05-01T12:35:51.343+0000] {processor.py:183} INFO - Processing /home/airflow/.local/lib/python3.12/site-packages/airflow/example_dags/example_bash_operator.py took 0.099 seconds
[2024-05-01T12:36:22.257+0000] {processor.py:161} INFO - Started process (PID=977) to work on /home/airflow/.local/lib/python3.12/site-packages/airflow/example_dags/example_bash_operator.py
[2024-05-01T12:36:22.258+0000] {processor.py:830} INFO - Processing file /home/airflow/.local/lib/python3.12/site-packages/airflow/example_dags/example_bash_operator.py for tasks to queue
[2024-05-01T12:36:22.261+0000] {logging_mixin.py:188} INFO - [2024-05-01T12:36:22.261+0000] {dagbag.py:540} INFO - Filling up the DagBag from /home/airflow/.local/lib/python3.12/site-packages/airflow/example_dags/example_bash_operator.py
[2024-05-01T12:36:22.274+0000] {processor.py:840} INFO - DAG(s) 'example_bash_operator' retrieved from /home/airflow/.local/lib/python3.12/site-packages/airflow/example_dags/example_bash_operator.py
[2024-05-01T12:36:22.303+0000] {logging_mixin.py:188} INFO - [2024-05-01T12:36:22.303+0000] {dag.py:3096} INFO - Sync 1 DAGs
[2024-05-01T12:36:22.328+0000] {logging_mixin.py:188} INFO - [2024-05-01T12:36:22.328+0000] {dag.py:3954} INFO - Setting next_dagrun for example_bash_operator to 2024-04-30 00:00:00+00:00, run_after=2024-05-01 00:00:00+00:00
[2024-05-01T12:36:22.348+0000] {processor.py:183} INFO - Processing /home/airflow/.local/lib/python3.12/site-packages/airflow/example_dags/example_bash_operator.py took 0.097 seconds
[2024-05-01T12:36:52.665+0000] {processor.py:161} INFO - Started process (PID=1035) to work on /home/airflow/.local/lib/python3.12/site-packages/airflow/example_dags/example_bash_operator.py
[2024-05-01T12:36:52.667+0000] {processor.py:830} INFO - Processing file /home/airflow/.local/lib/python3.12/site-packages/airflow/example_dags/example_bash_operator.py for tasks to queue
[2024-05-01T12:36:52.670+0000] {logging_mixin.py:188} INFO - [2024-05-01T12:36:52.669+0000] {dagbag.py:540} INFO - Filling up the DagBag from /home/airflow/.local/lib/python3.12/site-packages/airflow/example_dags/example_bash_operator.py
[2024-05-01T12:36:52.682+0000] {processor.py:840} INFO - DAG(s) 'example_bash_operator' retrieved from /home/airflow/.local/lib/python3.12/site-packages/airflow/example_dags/example_bash_operator.py
[2024-05-01T12:36:52.711+0000] {logging_mixin.py:188} INFO - [2024-05-01T12:36:52.711+0000] {dag.py:3096} INFO - Sync 1 DAGs
[2024-05-01T12:36:52.736+0000] {logging_mixin.py:188} INFO - [2024-05-01T12:36:52.736+0000] {dag.py:3954} INFO - Setting next_dagrun for example_bash_operator to 2024-04-30 00:00:00+00:00, run_after=2024-05-01 00:00:00+00:00
[2024-05-01T12:36:52.755+0000] {processor.py:183} INFO - Processing /home/airflow/.local/lib/python3.12/site-packages/airflow/example_dags/example_bash_operator.py took 0.097 seconds
[2024-05-01T12:37:23.720+0000] {processor.py:161} INFO - Started process (PID=1093) to work on /home/airflow/.local/lib/python3.12/site-packages/airflow/example_dags/example_bash_operator.py
[2024-05-01T12:37:23.722+0000] {processor.py:830} INFO - Processing file /home/airflow/.local/lib/python3.12/site-packages/airflow/example_dags/example_bash_operator.py for tasks to queue
[2024-05-01T12:37:23.725+0000] {logging_mixin.py:188} INFO - [2024-05-01T12:37:23.725+0000] {dagbag.py:540} INFO - Filling up the DagBag from /home/airflow/.local/lib/python3.12/site-packages/airflow/example_dags/example_bash_operator.py
[2024-05-01T12:37:23.738+0000] {processor.py:840} INFO - DAG(s) 'example_bash_operator' retrieved from /home/airflow/.local/lib/python3.12/site-packages/airflow/example_dags/example_bash_operator.py
[2024-05-01T12:37:23.768+0000] {logging_mixin.py:188} INFO - [2024-05-01T12:37:23.768+0000] {dag.py:3096} INFO - Sync 1 DAGs
[2024-05-01T12:37:23.795+0000] {logging_mixin.py:188} INFO - [2024-05-01T12:37:23.795+0000] {dag.py:3954} INFO - Setting next_dagrun for example_bash_operator to 2024-04-30 00:00:00+00:00, run_after=2024-05-01 00:00:00+00:00
[2024-05-01T12:37:23.818+0000] {processor.py:183} INFO - Processing /home/airflow/.local/lib/python3.12/site-packages/airflow/example_dags/example_bash_operator.py took 0.105 seconds
[2024-05-01T12:37:54.470+0000] {processor.py:161} INFO - Started process (PID=1151) to work on /home/airflow/.local/lib/python3.12/site-packages/airflow/example_dags/example_bash_operator.py
[2024-05-01T12:37:54.473+0000] {processor.py:830} INFO - Processing file /home/airflow/.local/lib/python3.12/site-packages/airflow/example_dags/example_bash_operator.py for tasks to queue
[2024-05-01T12:37:54.478+0000] {logging_mixin.py:188} INFO - [2024-05-01T12:37:54.477+0000] {dagbag.py:540} INFO - Filling up the DagBag from /home/airflow/.local/lib/python3.12/site-packages/airflow/example_dags/example_bash_operator.py
[2024-05-01T12:37:54.506+0000] {processor.py:840} INFO - DAG(s) 'example_bash_operator' retrieved from /home/airflow/.local/lib/python3.12/site-packages/airflow/example_dags/example_bash_operator.py
[2024-05-01T12:37:54.569+0000] {logging_mixin.py:188} INFO - [2024-05-01T12:37:54.569+0000] {dag.py:3096} INFO - Sync 1 DAGs
[2024-05-01T12:37:54.618+0000] {logging_mixin.py:188} INFO - [2024-05-01T12:37:54.617+0000] {dag.py:3954} INFO - Setting next_dagrun for example_bash_operator to 2024-04-30 00:00:00+00:00, run_after=2024-05-01 00:00:00+00:00
[2024-05-01T12:37:54.650+0000] {processor.py:183} INFO - Processing /home/airflow/.local/lib/python3.12/site-packages/airflow/example_dags/example_bash_operator.py took 0.196 seconds
[2024-05-01T12:38:25.794+0000] {processor.py:161} INFO - Started process (PID=1215) to work on /home/airflow/.local/lib/python3.12/site-packages/airflow/example_dags/example_bash_operator.py
[2024-05-01T12:38:25.796+0000] {processor.py:830} INFO - Processing file /home/airflow/.local/lib/python3.12/site-packages/airflow/example_dags/example_bash_operator.py for tasks to queue
[2024-05-01T12:38:25.800+0000] {logging_mixin.py:188} INFO - [2024-05-01T12:38:25.799+0000] {dagbag.py:540} INFO - Filling up the DagBag from /home/airflow/.local/lib/python3.12/site-packages/airflow/example_dags/example_bash_operator.py
[2024-05-01T12:38:25.820+0000] {processor.py:840} INFO - DAG(s) 'example_bash_operator' retrieved from /home/airflow/.local/lib/python3.12/site-packages/airflow/example_dags/example_bash_operator.py
[2024-05-01T12:38:25.869+0000] {logging_mixin.py:188} INFO - [2024-05-01T12:38:25.869+0000] {dag.py:3096} INFO - Sync 1 DAGs
[2024-05-01T12:38:25.908+0000] {logging_mixin.py:188} INFO - [2024-05-01T12:38:25.908+0000] {dag.py:3954} INFO - Setting next_dagrun for example_bash_operator to 2024-04-30 00:00:00+00:00, run_after=2024-05-01 00:00:00+00:00
[2024-05-01T12:38:25.933+0000] {processor.py:183} INFO - Processing /home/airflow/.local/lib/python3.12/site-packages/airflow/example_dags/example_bash_operator.py took 0.149 seconds
[2024-05-01T12:38:56.418+0000] {processor.py:161} INFO - Started process (PID=1273) to work on /home/airflow/.local/lib/python3.12/site-packages/airflow/example_dags/example_bash_operator.py
[2024-05-01T12:38:56.420+0000] {processor.py:830} INFO - Processing file /home/airflow/.local/lib/python3.12/site-packages/airflow/example_dags/example_bash_operator.py for tasks to queue
[2024-05-01T12:38:56.423+0000] {logging_mixin.py:188} INFO - [2024-05-01T12:38:56.422+0000] {dagbag.py:540} INFO - Filling up the DagBag from /home/airflow/.local/lib/python3.12/site-packages/airflow/example_dags/example_bash_operator.py
[2024-05-01T12:38:56.435+0000] {processor.py:840} INFO - DAG(s) 'example_bash_operator' retrieved from /home/airflow/.local/lib/python3.12/site-packages/airflow/example_dags/example_bash_operator.py
[2024-05-01T12:38:56.465+0000] {logging_mixin.py:188} INFO - [2024-05-01T12:38:56.465+0000] {dag.py:3096} INFO - Sync 1 DAGs
[2024-05-01T12:38:56.490+0000] {logging_mixin.py:188} INFO - [2024-05-01T12:38:56.490+0000] {dag.py:3954} INFO - Setting next_dagrun for example_bash_operator to 2024-04-30 00:00:00+00:00, run_after=2024-05-01 00:00:00+00:00
[2024-05-01T12:38:56.510+0000] {processor.py:183} INFO - Processing /home/airflow/.local/lib/python3.12/site-packages/airflow/example_dags/example_bash_operator.py took 0.098 seconds
[2024-05-01T12:39:26.713+0000] {processor.py:161} INFO - Started process (PID=1330) to work on /home/airflow/.local/lib/python3.12/site-packages/airflow/example_dags/example_bash_operator.py
[2024-05-01T12:39:26.714+0000] {processor.py:830} INFO - Processing file /home/airflow/.local/lib/python3.12/site-packages/airflow/example_dags/example_bash_operator.py for tasks to queue
[2024-05-01T12:39:26.717+0000] {logging_mixin.py:188} INFO - [2024-05-01T12:39:26.716+0000] {dagbag.py:540} INFO - Filling up the DagBag from /home/airflow/.local/lib/python3.12/site-packages/airflow/example_dags/example_bash_operator.py
[2024-05-01T12:39:26.729+0000] {processor.py:840} INFO - DAG(s) 'example_bash_operator' retrieved from /home/airflow/.local/lib/python3.12/site-packages/airflow/example_dags/example_bash_operator.py
[2024-05-01T12:39:26.761+0000] {logging_mixin.py:188} INFO - [2024-05-01T12:39:26.760+0000] {dag.py:3096} INFO - Sync 1 DAGs
[2024-05-01T12:39:26.786+0000] {logging_mixin.py:188} INFO - [2024-05-01T12:39:26.786+0000] {dag.py:3954} INFO - Setting next_dagrun for example_bash_operator to 2024-04-30 00:00:00+00:00, run_after=2024-05-01 00:00:00+00:00
[2024-05-01T12:39:26.805+0000] {processor.py:183} INFO - Processing /home/airflow/.local/lib/python3.12/site-packages/airflow/example_dags/example_bash_operator.py took 0.099 seconds
[2024-05-01T12:39:57.112+0000] {processor.py:161} INFO - Started process (PID=1388) to work on /home/airflow/.local/lib/python3.12/site-packages/airflow/example_dags/example_bash_operator.py
[2024-05-01T12:39:57.114+0000] {processor.py:830} INFO - Processing file /home/airflow/.local/lib/python3.12/site-packages/airflow/example_dags/example_bash_operator.py for tasks to queue
[2024-05-01T12:39:57.117+0000] {logging_mixin.py:188} INFO - [2024-05-01T12:39:57.116+0000] {dagbag.py:540} INFO - Filling up the DagBag from /home/airflow/.local/lib/python3.12/site-packages/airflow/example_dags/example_bash_operator.py
[2024-05-01T12:39:57.130+0000] {processor.py:840} INFO - DAG(s) 'example_bash_operator' retrieved from /home/airflow/.local/lib/python3.12/site-packages/airflow/example_dags/example_bash_operator.py
[2024-05-01T12:39:57.164+0000] {logging_mixin.py:188} INFO - [2024-05-01T12:39:57.164+0000] {dag.py:3096} INFO - Sync 1 DAGs
[2024-05-01T12:39:57.194+0000] {logging_mixin.py:188} INFO - [2024-05-01T12:39:57.194+0000] {dag.py:3954} INFO - Setting next_dagrun for example_bash_operator to 2024-04-30 00:00:00+00:00, run_after=2024-05-01 00:00:00+00:00
[2024-05-01T12:39:57.219+0000] {processor.py:183} INFO - Processing /home/airflow/.local/lib/python3.12/site-packages/airflow/example_dags/example_bash_operator.py took 0.114 seconds
[2024-05-01T12:40:27.490+0000] {processor.py:161} INFO - Started process (PID=1446) to work on /home/airflow/.local/lib/python3.12/site-packages/airflow/example_dags/example_bash_operator.py
[2024-05-01T12:40:27.491+0000] {processor.py:830} INFO - Processing file /home/airflow/.local/lib/python3.12/site-packages/airflow/example_dags/example_bash_operator.py for tasks to queue
[2024-05-01T12:40:27.494+0000] {logging_mixin.py:188} INFO - [2024-05-01T12:40:27.493+0000] {dagbag.py:540} INFO - Filling up the DagBag from /home/airflow/.local/lib/python3.12/site-packages/airflow/example_dags/example_bash_operator.py
[2024-05-01T12:40:27.507+0000] {processor.py:840} INFO - DAG(s) 'example_bash_operator' retrieved from /home/airflow/.local/lib/python3.12/site-packages/airflow/example_dags/example_bash_operator.py
[2024-05-01T12:40:27.537+0000] {logging_mixin.py:188} INFO - [2024-05-01T12:40:27.537+0000] {dag.py:3096} INFO - Sync 1 DAGs
[2024-05-01T12:40:27.564+0000] {logging_mixin.py:188} INFO - [2024-05-01T12:40:27.564+0000] {dag.py:3954} INFO - Setting next_dagrun for example_bash_operator to 2024-04-30 00:00:00+00:00, run_after=2024-05-01 00:00:00+00:00
[2024-05-01T12:40:27.582+0000] {processor.py:183} INFO - Processing /home/airflow/.local/lib/python3.12/site-packages/airflow/example_dags/example_bash_operator.py took 0.099 seconds
[2024-05-01T12:40:57.782+0000] {processor.py:161} INFO - Started process (PID=1504) to work on /home/airflow/.local/lib/python3.12/site-packages/airflow/example_dags/example_bash_operator.py
[2024-05-01T12:40:57.784+0000] {processor.py:830} INFO - Processing file /home/airflow/.local/lib/python3.12/site-packages/airflow/example_dags/example_bash_operator.py for tasks to queue
[2024-05-01T12:40:57.786+0000] {logging_mixin.py:188} INFO - [2024-05-01T12:40:57.785+0000] {dagbag.py:540} INFO - Filling up the DagBag from /home/airflow/.local/lib/python3.12/site-packages/airflow/example_dags/example_bash_operator.py
[2024-05-01T12:40:57.799+0000] {processor.py:840} INFO - DAG(s) 'example_bash_operator' retrieved from /home/airflow/.local/lib/python3.12/site-packages/airflow/example_dags/example_bash_operator.py
[2024-05-01T12:40:57.832+0000] {logging_mixin.py:188} INFO - [2024-05-01T12:40:57.831+0000] {dag.py:3096} INFO - Sync 1 DAGs
[2024-05-01T12:40:57.859+0000] {logging_mixin.py:188} INFO - [2024-05-01T12:40:57.859+0000] {dag.py:3954} INFO - Setting next_dagrun for example_bash_operator to 2024-04-30 00:00:00+00:00, run_after=2024-05-01 00:00:00+00:00
[2024-05-01T12:40:57.878+0000] {processor.py:183} INFO - Processing /home/airflow/.local/lib/python3.12/site-packages/airflow/example_dags/example_bash_operator.py took 0.103 seconds
[2024-05-01T12:41:27.949+0000] {processor.py:161} INFO - Started process (PID=1562) to work on /home/airflow/.local/lib/python3.12/site-packages/airflow/example_dags/example_bash_operator.py
[2024-05-01T12:41:27.950+0000] {processor.py:830} INFO - Processing file /home/airflow/.local/lib/python3.12/site-packages/airflow/example_dags/example_bash_operator.py for tasks to queue
[2024-05-01T12:41:27.953+0000] {logging_mixin.py:188} INFO - [2024-05-01T12:41:27.953+0000] {dagbag.py:540} INFO - Filling up the DagBag from /home/airflow/.local/lib/python3.12/site-packages/airflow/example_dags/example_bash_operator.py
[2024-05-01T12:41:27.968+0000] {processor.py:840} INFO - DAG(s) 'example_bash_operator' retrieved from /home/airflow/.local/lib/python3.12/site-packages/airflow/example_dags/example_bash_operator.py
[2024-05-01T12:41:27.998+0000] {logging_mixin.py:188} INFO - [2024-05-01T12:41:27.998+0000] {dag.py:3096} INFO - Sync 1 DAGs
[2024-05-01T12:41:28.023+0000] {logging_mixin.py:188} INFO - [2024-05-01T12:41:28.023+0000] {dag.py:3954} INFO - Setting next_dagrun for example_bash_operator to 2024-04-30 00:00:00+00:00, run_after=2024-05-01 00:00:00+00:00
[2024-05-01T12:41:28.044+0000] {processor.py:183} INFO - Processing /home/airflow/.local/lib/python3.12/site-packages/airflow/example_dags/example_bash_operator.py took 0.102 seconds
[2024-05-01T12:41:58.560+0000] {processor.py:161} INFO - Started process (PID=1620) to work on /home/airflow/.local/lib/python3.12/site-packages/airflow/example_dags/example_bash_operator.py
[2024-05-01T12:41:58.562+0000] {processor.py:830} INFO - Processing file /home/airflow/.local/lib/python3.12/site-packages/airflow/example_dags/example_bash_operator.py for tasks to queue
[2024-05-01T12:41:58.564+0000] {logging_mixin.py:188} INFO - [2024-05-01T12:41:58.564+0000] {dagbag.py:540} INFO - Filling up the DagBag from /home/airflow/.local/lib/python3.12/site-packages/airflow/example_dags/example_bash_operator.py
[2024-05-01T12:41:58.577+0000] {processor.py:840} INFO - DAG(s) 'example_bash_operator' retrieved from /home/airflow/.local/lib/python3.12/site-packages/airflow/example_dags/example_bash_operator.py
[2024-05-01T12:41:58.607+0000] {logging_mixin.py:188} INFO - [2024-05-01T12:41:58.607+0000] {dag.py:3096} INFO - Sync 1 DAGs
[2024-05-01T12:41:58.632+0000] {logging_mixin.py:188} INFO - [2024-05-01T12:41:58.631+0000] {dag.py:3954} INFO - Setting next_dagrun for example_bash_operator to 2024-04-30 00:00:00+00:00, run_after=2024-05-01 00:00:00+00:00
[2024-05-01T12:41:58.652+0000] {processor.py:183} INFO - Processing /home/airflow/.local/lib/python3.12/site-packages/airflow/example_dags/example_bash_operator.py took 0.098 seconds
[2024-05-01T12:42:28.834+0000] {processor.py:161} INFO - Started process (PID=1678) to work on /home/airflow/.local/lib/python3.12/site-packages/airflow/example_dags/example_bash_operator.py
[2024-05-01T12:42:28.836+0000] {processor.py:830} INFO - Processing file /home/airflow/.local/lib/python3.12/site-packages/airflow/example_dags/example_bash_operator.py for tasks to queue
[2024-05-01T12:42:28.839+0000] {logging_mixin.py:188} INFO - [2024-05-01T12:42:28.838+0000] {dagbag.py:540} INFO - Filling up the DagBag from /home/airflow/.local/lib/python3.12/site-packages/airflow/example_dags/example_bash_operator.py
[2024-05-01T12:42:28.855+0000] {processor.py:840} INFO - DAG(s) 'example_bash_operator' retrieved from /home/airflow/.local/lib/python3.12/site-packages/airflow/example_dags/example_bash_operator.py
[2024-05-01T12:42:28.891+0000] {logging_mixin.py:188} INFO - [2024-05-01T12:42:28.891+0000] {dag.py:3096} INFO - Sync 1 DAGs
[2024-05-01T12:42:28.920+0000] {logging_mixin.py:188} INFO - [2024-05-01T12:42:28.920+0000] {dag.py:3954} INFO - Setting next_dagrun for example_bash_operator to 2024-04-30 00:00:00+00:00, run_after=2024-05-01 00:00:00+00:00
[2024-05-01T12:42:28.940+0000] {processor.py:183} INFO - Processing /home/airflow/.local/lib/python3.12/site-packages/airflow/example_dags/example_bash_operator.py took 0.113 seconds
[2024-05-01T12:42:59.044+0000] {processor.py:161} INFO - Started process (PID=1736) to work on /home/airflow/.local/lib/python3.12/site-packages/airflow/example_dags/example_bash_operator.py
[2024-05-01T12:42:59.046+0000] {processor.py:830} INFO - Processing file /home/airflow/.local/lib/python3.12/site-packages/airflow/example_dags/example_bash_operator.py for tasks to queue
[2024-05-01T12:42:59.048+0000] {logging_mixin.py:188} INFO - [2024-05-01T12:42:59.048+0000] {dagbag.py:540} INFO - Filling up the DagBag from /home/airflow/.local/lib/python3.12/site-packages/airflow/example_dags/example_bash_operator.py
[2024-05-01T12:42:59.062+0000] {processor.py:840} INFO - DAG(s) 'example_bash_operator' retrieved from /home/airflow/.local/lib/python3.12/site-packages/airflow/example_dags/example_bash_operator.py
[2024-05-01T12:42:59.091+0000] {logging_mixin.py:188} INFO - [2024-05-01T12:42:59.091+0000] {dag.py:3096} INFO - Sync 1 DAGs
[2024-05-01T12:42:59.116+0000] {logging_mixin.py:188} INFO - [2024-05-01T12:42:59.116+0000] {dag.py:3954} INFO - Setting next_dagrun for example_bash_operator to 2024-04-30 00:00:00+00:00, run_after=2024-05-01 00:00:00+00:00
[2024-05-01T12:42:59.135+0000] {processor.py:183} INFO - Processing /home/airflow/.local/lib/python3.12/site-packages/airflow/example_dags/example_bash_operator.py took 0.098 seconds
[2024-05-01T12:43:29.451+0000] {processor.py:161} INFO - Started process (PID=1794) to work on /home/airflow/.local/lib/python3.12/site-packages/airflow/example_dags/example_bash_operator.py
[2024-05-01T12:43:29.453+0000] {processor.py:830} INFO - Processing file /home/airflow/.local/lib/python3.12/site-packages/airflow/example_dags/example_bash_operator.py for tasks to queue
[2024-05-01T12:43:29.455+0000] {logging_mixin.py:188} INFO - [2024-05-01T12:43:29.455+0000] {dagbag.py:540} INFO - Filling up the DagBag from /home/airflow/.local/lib/python3.12/site-packages/airflow/example_dags/example_bash_operator.py
[2024-05-01T12:43:29.468+0000] {processor.py:840} INFO - DAG(s) 'example_bash_operator' retrieved from /home/airflow/.local/lib/python3.12/site-packages/airflow/example_dags/example_bash_operator.py
[2024-05-01T12:43:29.498+0000] {logging_mixin.py:188} INFO - [2024-05-01T12:43:29.497+0000] {dag.py:3096} INFO - Sync 1 DAGs
[2024-05-01T12:43:29.523+0000] {logging_mixin.py:188} INFO - [2024-05-01T12:43:29.523+0000] {dag.py:3954} INFO - Setting next_dagrun for example_bash_operator to 2024-04-30 00:00:00+00:00, run_after=2024-05-01 00:00:00+00:00
[2024-05-01T12:43:29.543+0000] {processor.py:183} INFO - Processing /home/airflow/.local/lib/python3.12/site-packages/airflow/example_dags/example_bash_operator.py took 0.098 seconds
[2024-05-01T12:43:59.749+0000] {processor.py:161} INFO - Started process (PID=1852) to work on /home/airflow/.local/lib/python3.12/site-packages/airflow/example_dags/example_bash_operator.py
[2024-05-01T12:43:59.751+0000] {processor.py:830} INFO - Processing file /home/airflow/.local/lib/python3.12/site-packages/airflow/example_dags/example_bash_operator.py for tasks to queue
[2024-05-01T12:43:59.753+0000] {logging_mixin.py:188} INFO - [2024-05-01T12:43:59.753+0000] {dagbag.py:540} INFO - Filling up the DagBag from /home/airflow/.local/lib/python3.12/site-packages/airflow/example_dags/example_bash_operator.py
[2024-05-01T12:43:59.771+0000] {processor.py:840} INFO - DAG(s) 'example_bash_operator' retrieved from /home/airflow/.local/lib/python3.12/site-packages/airflow/example_dags/example_bash_operator.py
[2024-05-01T12:43:59.801+0000] {logging_mixin.py:188} INFO - [2024-05-01T12:43:59.800+0000] {dag.py:3096} INFO - Sync 1 DAGs
[2024-05-01T12:43:59.827+0000] {logging_mixin.py:188} INFO - [2024-05-01T12:43:59.826+0000] {dag.py:3954} INFO - Setting next_dagrun for example_bash_operator to 2024-04-30 00:00:00+00:00, run_after=2024-05-01 00:00:00+00:00
[2024-05-01T12:43:59.846+0000] {processor.py:183} INFO - Processing /home/airflow/.local/lib/python3.12/site-packages/airflow/example_dags/example_bash_operator.py took 0.103 seconds
[2024-05-01T12:44:30.089+0000] {processor.py:161} INFO - Started process (PID=1910) to work on /home/airflow/.local/lib/python3.12/site-packages/airflow/example_dags/example_bash_operator.py
[2024-05-01T12:44:30.091+0000] {processor.py:830} INFO - Processing file /home/airflow/.local/lib/python3.12/site-packages/airflow/example_dags/example_bash_operator.py for tasks to queue
[2024-05-01T12:44:30.093+0000] {logging_mixin.py:188} INFO - [2024-05-01T12:44:30.093+0000] {dagbag.py:540} INFO - Filling up the DagBag from /home/airflow/.local/lib/python3.12/site-packages/airflow/example_dags/example_bash_operator.py
[2024-05-01T12:44:30.106+0000] {processor.py:840} INFO - DAG(s) 'example_bash_operator' retrieved from /home/airflow/.local/lib/python3.12/site-packages/airflow/example_dags/example_bash_operator.py
[2024-05-01T12:44:30.135+0000] {logging_mixin.py:188} INFO - [2024-05-01T12:44:30.135+0000] {dag.py:3096} INFO - Sync 1 DAGs
[2024-05-01T12:44:30.161+0000] {logging_mixin.py:188} INFO - [2024-05-01T12:44:30.160+0000] {dag.py:3954} INFO - Setting next_dagrun for example_bash_operator to 2024-04-30 00:00:00+00:00, run_after=2024-05-01 00:00:00+00:00
[2024-05-01T12:44:30.179+0000] {processor.py:183} INFO - Processing /home/airflow/.local/lib/python3.12/site-packages/airflow/example_dags/example_bash_operator.py took 0.097 seconds
[2024-05-01T12:45:01.042+0000] {processor.py:161} INFO - Started process (PID=1968) to work on /home/airflow/.local/lib/python3.12/site-packages/airflow/example_dags/example_bash_operator.py
[2024-05-01T12:45:01.044+0000] {processor.py:830} INFO - Processing file /home/airflow/.local/lib/python3.12/site-packages/airflow/example_dags/example_bash_operator.py for tasks to queue
[2024-05-01T12:45:01.046+0000] {logging_mixin.py:188} INFO - [2024-05-01T12:45:01.046+0000] {dagbag.py:540} INFO - Filling up the DagBag from /home/airflow/.local/lib/python3.12/site-packages/airflow/example_dags/example_bash_operator.py
[2024-05-01T12:45:01.060+0000] {processor.py:840} INFO - DAG(s) 'example_bash_operator' retrieved from /home/airflow/.local/lib/python3.12/site-packages/airflow/example_dags/example_bash_operator.py
[2024-05-01T12:45:01.090+0000] {logging_mixin.py:188} INFO - [2024-05-01T12:45:01.089+0000] {dag.py:3096} INFO - Sync 1 DAGs
[2024-05-01T12:45:01.115+0000] {logging_mixin.py:188} INFO - [2024-05-01T12:45:01.115+0000] {dag.py:3954} INFO - Setting next_dagrun for example_bash_operator to 2024-04-30 00:00:00+00:00, run_after=2024-05-01 00:00:00+00:00
[2024-05-01T12:45:01.136+0000] {processor.py:183} INFO - Processing /home/airflow/.local/lib/python3.12/site-packages/airflow/example_dags/example_bash_operator.py took 0.101 seconds
[2024-05-01T12:45:31.301+0000] {processor.py:161} INFO - Started process (PID=2026) to work on /home/airflow/.local/lib/python3.12/site-packages/airflow/example_dags/example_bash_operator.py
[2024-05-01T12:45:31.303+0000] {processor.py:830} INFO - Processing file /home/airflow/.local/lib/python3.12/site-packages/airflow/example_dags/example_bash_operator.py for tasks to queue
[2024-05-01T12:45:31.305+0000] {logging_mixin.py:188} INFO - [2024-05-01T12:45:31.305+0000] {dagbag.py:540} INFO - Filling up the DagBag from /home/airflow/.local/lib/python3.12/site-packages/airflow/example_dags/example_bash_operator.py
[2024-05-01T12:45:31.321+0000] {processor.py:840} INFO - DAG(s) 'example_bash_operator' retrieved from /home/airflow/.local/lib/python3.12/site-packages/airflow/example_dags/example_bash_operator.py
[2024-05-01T12:45:31.359+0000] {logging_mixin.py:188} INFO - [2024-05-01T12:45:31.358+0000] {dag.py:3096} INFO - Sync 1 DAGs
[2024-05-01T12:45:31.390+0000] {logging_mixin.py:188} INFO - [2024-05-01T12:45:31.390+0000] {dag.py:3954} INFO - Setting next_dagrun for example_bash_operator to 2024-04-30 00:00:00+00:00, run_after=2024-05-01 00:00:00+00:00
[2024-05-01T12:45:31.412+0000] {processor.py:183} INFO - Processing /home/airflow/.local/lib/python3.12/site-packages/airflow/example_dags/example_bash_operator.py took 0.117 seconds
[2024-05-01T12:46:01.533+0000] {processor.py:161} INFO - Started process (PID=2084) to work on /home/airflow/.local/lib/python3.12/site-packages/airflow/example_dags/example_bash_operator.py
[2024-05-01T12:46:01.534+0000] {processor.py:830} INFO - Processing file /home/airflow/.local/lib/python3.12/site-packages/airflow/example_dags/example_bash_operator.py for tasks to queue
[2024-05-01T12:46:01.536+0000] {logging_mixin.py:188} INFO - [2024-05-01T12:46:01.536+0000] {dagbag.py:540} INFO - Filling up the DagBag from /home/airflow/.local/lib/python3.12/site-packages/airflow/example_dags/example_bash_operator.py
[2024-05-01T12:46:01.549+0000] {processor.py:840} INFO - DAG(s) 'example_bash_operator' retrieved from /home/airflow/.local/lib/python3.12/site-packages/airflow/example_dags/example_bash_operator.py
[2024-05-01T12:46:01.580+0000] {logging_mixin.py:188} INFO - [2024-05-01T12:46:01.580+0000] {dag.py:3096} INFO - Sync 1 DAGs
[2024-05-01T12:46:01.606+0000] {logging_mixin.py:188} INFO - [2024-05-01T12:46:01.606+0000] {dag.py:3954} INFO - Setting next_dagrun for example_bash_operator to 2024-04-30 00:00:00+00:00, run_after=2024-05-01 00:00:00+00:00
[2024-05-01T12:46:01.625+0000] {processor.py:183} INFO - Processing /home/airflow/.local/lib/python3.12/site-packages/airflow/example_dags/example_bash_operator.py took 0.099 seconds
[2024-05-01T12:46:31.786+0000] {processor.py:161} INFO - Started process (PID=2142) to work on /home/airflow/.local/lib/python3.12/site-packages/airflow/example_dags/example_bash_operator.py
[2024-05-01T12:46:31.787+0000] {processor.py:830} INFO - Processing file /home/airflow/.local/lib/python3.12/site-packages/airflow/example_dags/example_bash_operator.py for tasks to queue
[2024-05-01T12:46:31.789+0000] {logging_mixin.py:188} INFO - [2024-05-01T12:46:31.789+0000] {dagbag.py:540} INFO - Filling up the DagBag from /home/airflow/.local/lib/python3.12/site-packages/airflow/example_dags/example_bash_operator.py
[2024-05-01T12:46:31.802+0000] {processor.py:840} INFO - DAG(s) 'example_bash_operator' retrieved from /home/airflow/.local/lib/python3.12/site-packages/airflow/example_dags/example_bash_operator.py
[2024-05-01T12:46:31.833+0000] {logging_mixin.py:188} INFO - [2024-05-01T12:46:31.832+0000] {dag.py:3096} INFO - Sync 1 DAGs
[2024-05-01T12:46:31.859+0000] {logging_mixin.py:188} INFO - [2024-05-01T12:46:31.858+0000] {dag.py:3954} INFO - Setting next_dagrun for example_bash_operator to 2024-04-30 00:00:00+00:00, run_after=2024-05-01 00:00:00+00:00
[2024-05-01T12:46:31.878+0000] {processor.py:183} INFO - Processing /home/airflow/.local/lib/python3.12/site-packages/airflow/example_dags/example_bash_operator.py took 0.099 seconds
[2024-05-01T12:47:02.381+0000] {processor.py:161} INFO - Started process (PID=2200) to work on /home/airflow/.local/lib/python3.12/site-packages/airflow/example_dags/example_bash_operator.py
[2024-05-01T12:47:02.383+0000] {processor.py:830} INFO - Processing file /home/airflow/.local/lib/python3.12/site-packages/airflow/example_dags/example_bash_operator.py for tasks to queue
[2024-05-01T12:47:02.385+0000] {logging_mixin.py:188} INFO - [2024-05-01T12:47:02.384+0000] {dagbag.py:540} INFO - Filling up the DagBag from /home/airflow/.local/lib/python3.12/site-packages/airflow/example_dags/example_bash_operator.py
[2024-05-01T12:47:02.397+0000] {processor.py:840} INFO - DAG(s) 'example_bash_operator' retrieved from /home/airflow/.local/lib/python3.12/site-packages/airflow/example_dags/example_bash_operator.py
[2024-05-01T12:47:02.428+0000] {logging_mixin.py:188} INFO - [2024-05-01T12:47:02.428+0000] {dag.py:3096} INFO - Sync 1 DAGs
[2024-05-01T12:47:02.455+0000] {logging_mixin.py:188} INFO - [2024-05-01T12:47:02.454+0000] {dag.py:3954} INFO - Setting next_dagrun for example_bash_operator to 2024-04-30 00:00:00+00:00, run_after=2024-05-01 00:00:00+00:00
[2024-05-01T12:47:02.475+0000] {processor.py:183} INFO - Processing /home/airflow/.local/lib/python3.12/site-packages/airflow/example_dags/example_bash_operator.py took 0.100 seconds
[2024-05-01T12:47:32.625+0000] {processor.py:161} INFO - Started process (PID=2258) to work on /home/airflow/.local/lib/python3.12/site-packages/airflow/example_dags/example_bash_operator.py
[2024-05-01T12:47:32.626+0000] {processor.py:830} INFO - Processing file /home/airflow/.local/lib/python3.12/site-packages/airflow/example_dags/example_bash_operator.py for tasks to queue
[2024-05-01T12:47:32.628+0000] {logging_mixin.py:188} INFO - [2024-05-01T12:47:32.628+0000] {dagbag.py:540} INFO - Filling up the DagBag from /home/airflow/.local/lib/python3.12/site-packages/airflow/example_dags/example_bash_operator.py
[2024-05-01T12:47:32.641+0000] {processor.py:840} INFO - DAG(s) 'example_bash_operator' retrieved from /home/airflow/.local/lib/python3.12/site-packages/airflow/example_dags/example_bash_operator.py
[2024-05-01T12:47:32.672+0000] {logging_mixin.py:188} INFO - [2024-05-01T12:47:32.672+0000] {dag.py:3096} INFO - Sync 1 DAGs
[2024-05-01T12:47:32.697+0000] {logging_mixin.py:188} INFO - [2024-05-01T12:47:32.696+0000] {dag.py:3954} INFO - Setting next_dagrun for example_bash_operator to 2024-04-30 00:00:00+00:00, run_after=2024-05-01 00:00:00+00:00
[2024-05-01T12:47:32.716+0000] {processor.py:183} INFO - Processing /home/airflow/.local/lib/python3.12/site-packages/airflow/example_dags/example_bash_operator.py took 0.098 seconds
[2024-05-01T12:48:03.070+0000] {processor.py:161} INFO - Started process (PID=2316) to work on /home/airflow/.local/lib/python3.12/site-packages/airflow/example_dags/example_bash_operator.py
[2024-05-01T12:48:03.072+0000] {processor.py:830} INFO - Processing file /home/airflow/.local/lib/python3.12/site-packages/airflow/example_dags/example_bash_operator.py for tasks to queue
[2024-05-01T12:48:03.074+0000] {logging_mixin.py:188} INFO - [2024-05-01T12:48:03.074+0000] {dagbag.py:540} INFO - Filling up the DagBag from /home/airflow/.local/lib/python3.12/site-packages/airflow/example_dags/example_bash_operator.py
[2024-05-01T12:48:03.088+0000] {processor.py:840} INFO - DAG(s) 'example_bash_operator' retrieved from /home/airflow/.local/lib/python3.12/site-packages/airflow/example_dags/example_bash_operator.py
[2024-05-01T12:48:03.125+0000] {logging_mixin.py:188} INFO - [2024-05-01T12:48:03.125+0000] {dag.py:3096} INFO - Sync 1 DAGs
[2024-05-01T12:48:03.155+0000] {logging_mixin.py:188} INFO - [2024-05-01T12:48:03.154+0000] {dag.py:3954} INFO - Setting next_dagrun for example_bash_operator to 2024-04-30 00:00:00+00:00, run_after=2024-05-01 00:00:00+00:00
[2024-05-01T12:48:03.175+0000] {processor.py:183} INFO - Processing /home/airflow/.local/lib/python3.12/site-packages/airflow/example_dags/example_bash_operator.py took 0.111 seconds
[2024-05-01T12:48:33.327+0000] {processor.py:161} INFO - Started process (PID=2375) to work on /home/airflow/.local/lib/python3.12/site-packages/airflow/example_dags/example_bash_operator.py
[2024-05-01T12:48:33.328+0000] {processor.py:830} INFO - Processing file /home/airflow/.local/lib/python3.12/site-packages/airflow/example_dags/example_bash_operator.py for tasks to queue
[2024-05-01T12:48:33.331+0000] {logging_mixin.py:188} INFO - [2024-05-01T12:48:33.330+0000] {dagbag.py:540} INFO - Filling up the DagBag from /home/airflow/.local/lib/python3.12/site-packages/airflow/example_dags/example_bash_operator.py
[2024-05-01T12:48:33.344+0000] {processor.py:840} INFO - DAG(s) 'example_bash_operator' retrieved from /home/airflow/.local/lib/python3.12/site-packages/airflow/example_dags/example_bash_operator.py
[2024-05-01T12:48:33.376+0000] {logging_mixin.py:188} INFO - [2024-05-01T12:48:33.376+0000] {dag.py:3096} INFO - Sync 1 DAGs
[2024-05-01T12:48:33.403+0000] {logging_mixin.py:188} INFO - [2024-05-01T12:48:33.403+0000] {dag.py:3954} INFO - Setting next_dagrun for example_bash_operator to 2024-04-30 00:00:00+00:00, run_after=2024-05-01 00:00:00+00:00
[2024-05-01T12:48:33.425+0000] {processor.py:183} INFO - Processing /home/airflow/.local/lib/python3.12/site-packages/airflow/example_dags/example_bash_operator.py took 0.105 seconds
[2024-05-01T12:49:03.569+0000] {processor.py:161} INFO - Started process (PID=2433) to work on /home/airflow/.local/lib/python3.12/site-packages/airflow/example_dags/example_bash_operator.py
[2024-05-01T12:49:03.570+0000] {processor.py:830} INFO - Processing file /home/airflow/.local/lib/python3.12/site-packages/airflow/example_dags/example_bash_operator.py for tasks to queue
[2024-05-01T12:49:03.573+0000] {logging_mixin.py:188} INFO - [2024-05-01T12:49:03.572+0000] {dagbag.py:540} INFO - Filling up the DagBag from /home/airflow/.local/lib/python3.12/site-packages/airflow/example_dags/example_bash_operator.py
[2024-05-01T12:49:03.585+0000] {processor.py:840} INFO - DAG(s) 'example_bash_operator' retrieved from /home/airflow/.local/lib/python3.12/site-packages/airflow/example_dags/example_bash_operator.py
[2024-05-01T12:49:03.614+0000] {logging_mixin.py:188} INFO - [2024-05-01T12:49:03.614+0000] {dag.py:3096} INFO - Sync 1 DAGs
[2024-05-01T12:49:03.639+0000] {logging_mixin.py:188} INFO - [2024-05-01T12:49:03.639+0000] {dag.py:3954} INFO - Setting next_dagrun for example_bash_operator to 2024-04-30 00:00:00+00:00, run_after=2024-05-01 00:00:00+00:00
[2024-05-01T12:49:03.657+0000] {processor.py:183} INFO - Processing /home/airflow/.local/lib/python3.12/site-packages/airflow/example_dags/example_bash_operator.py took 0.095 seconds
[2024-05-01T12:49:33.785+0000] {processor.py:161} INFO - Started process (PID=2490) to work on /home/airflow/.local/lib/python3.12/site-packages/airflow/example_dags/example_bash_operator.py
[2024-05-01T12:49:33.787+0000] {processor.py:830} INFO - Processing file /home/airflow/.local/lib/python3.12/site-packages/airflow/example_dags/example_bash_operator.py for tasks to queue
[2024-05-01T12:49:33.789+0000] {logging_mixin.py:188} INFO - [2024-05-01T12:49:33.789+0000] {dagbag.py:540} INFO - Filling up the DagBag from /home/airflow/.local/lib/python3.12/site-packages/airflow/example_dags/example_bash_operator.py
[2024-05-01T12:49:33.805+0000] {processor.py:840} INFO - DAG(s) 'example_bash_operator' retrieved from /home/airflow/.local/lib/python3.12/site-packages/airflow/example_dags/example_bash_operator.py
[2024-05-01T12:49:33.840+0000] {logging_mixin.py:188} INFO - [2024-05-01T12:49:33.839+0000] {dag.py:3096} INFO - Sync 1 DAGs
[2024-05-01T12:49:33.910+0000] {logging_mixin.py:188} INFO - [2024-05-01T12:49:33.909+0000] {dag.py:3954} INFO - Setting next_dagrun for example_bash_operator to 2024-04-30 00:00:00+00:00, run_after=2024-05-01 00:00:00+00:00
[2024-05-01T12:49:33.965+0000] {processor.py:183} INFO - Processing /home/airflow/.local/lib/python3.12/site-packages/airflow/example_dags/example_bash_operator.py took 0.189 seconds
[2024-05-01T12:50:04.296+0000] {processor.py:161} INFO - Started process (PID=2548) to work on /home/airflow/.local/lib/python3.12/site-packages/airflow/example_dags/example_bash_operator.py
[2024-05-01T12:50:04.298+0000] {processor.py:830} INFO - Processing file /home/airflow/.local/lib/python3.12/site-packages/airflow/example_dags/example_bash_operator.py for tasks to queue
[2024-05-01T12:50:04.300+0000] {logging_mixin.py:188} INFO - [2024-05-01T12:50:04.300+0000] {dagbag.py:540} INFO - Filling up the DagBag from /home/airflow/.local/lib/python3.12/site-packages/airflow/example_dags/example_bash_operator.py
[2024-05-01T12:50:04.313+0000] {processor.py:840} INFO - DAG(s) 'example_bash_operator' retrieved from /home/airflow/.local/lib/python3.12/site-packages/airflow/example_dags/example_bash_operator.py
[2024-05-01T12:50:04.343+0000] {logging_mixin.py:188} INFO - [2024-05-01T12:50:04.343+0000] {dag.py:3096} INFO - Sync 1 DAGs
[2024-05-01T12:50:04.368+0000] {logging_mixin.py:188} INFO - [2024-05-01T12:50:04.368+0000] {dag.py:3954} INFO - Setting next_dagrun for example_bash_operator to 2024-04-30 00:00:00+00:00, run_after=2024-05-01 00:00:00+00:00
[2024-05-01T12:50:04.387+0000] {processor.py:183} INFO - Processing /home/airflow/.local/lib/python3.12/site-packages/airflow/example_dags/example_bash_operator.py took 0.097 seconds
[2024-05-01T12:50:34.479+0000] {processor.py:161} INFO - Started process (PID=2605) to work on /home/airflow/.local/lib/python3.12/site-packages/airflow/example_dags/example_bash_operator.py
[2024-05-01T12:50:34.481+0000] {processor.py:830} INFO - Processing file /home/airflow/.local/lib/python3.12/site-packages/airflow/example_dags/example_bash_operator.py for tasks to queue
[2024-05-01T12:50:34.483+0000] {logging_mixin.py:188} INFO - [2024-05-01T12:50:34.483+0000] {dagbag.py:540} INFO - Filling up the DagBag from /home/airflow/.local/lib/python3.12/site-packages/airflow/example_dags/example_bash_operator.py
[2024-05-01T12:50:34.495+0000] {processor.py:840} INFO - DAG(s) 'example_bash_operator' retrieved from /home/airflow/.local/lib/python3.12/site-packages/airflow/example_dags/example_bash_operator.py
[2024-05-01T12:50:34.524+0000] {logging_mixin.py:188} INFO - [2024-05-01T12:50:34.524+0000] {dag.py:3096} INFO - Sync 1 DAGs
[2024-05-01T12:50:34.550+0000] {logging_mixin.py:188} INFO - [2024-05-01T12:50:34.549+0000] {dag.py:3954} INFO - Setting next_dagrun for example_bash_operator to 2024-04-30 00:00:00+00:00, run_after=2024-05-01 00:00:00+00:00
[2024-05-01T12:50:34.568+0000] {processor.py:183} INFO - Processing /home/airflow/.local/lib/python3.12/site-packages/airflow/example_dags/example_bash_operator.py took 0.095 seconds
[2024-05-01T12:51:05.047+0000] {processor.py:161} INFO - Started process (PID=2663) to work on /home/airflow/.local/lib/python3.12/site-packages/airflow/example_dags/example_bash_operator.py
[2024-05-01T12:51:05.049+0000] {processor.py:830} INFO - Processing file /home/airflow/.local/lib/python3.12/site-packages/airflow/example_dags/example_bash_operator.py for tasks to queue
[2024-05-01T12:51:05.051+0000] {logging_mixin.py:188} INFO - [2024-05-01T12:51:05.051+0000] {dagbag.py:540} INFO - Filling up the DagBag from /home/airflow/.local/lib/python3.12/site-packages/airflow/example_dags/example_bash_operator.py
[2024-05-01T12:51:05.064+0000] {processor.py:840} INFO - DAG(s) 'example_bash_operator' retrieved from /home/airflow/.local/lib/python3.12/site-packages/airflow/example_dags/example_bash_operator.py
[2024-05-01T12:51:05.094+0000] {logging_mixin.py:188} INFO - [2024-05-01T12:51:05.094+0000] {dag.py:3096} INFO - Sync 1 DAGs
[2024-05-01T12:51:05.120+0000] {logging_mixin.py:188} INFO - [2024-05-01T12:51:05.120+0000] {dag.py:3954} INFO - Setting next_dagrun for example_bash_operator to 2024-04-30 00:00:00+00:00, run_after=2024-05-01 00:00:00+00:00
[2024-05-01T12:51:05.140+0000] {processor.py:183} INFO - Processing /home/airflow/.local/lib/python3.12/site-packages/airflow/example_dags/example_bash_operator.py took 0.099 seconds
[2024-05-01T12:51:35.412+0000] {processor.py:161} INFO - Started process (PID=2721) to work on /home/airflow/.local/lib/python3.12/site-packages/airflow/example_dags/example_bash_operator.py
[2024-05-01T12:51:35.413+0000] {processor.py:830} INFO - Processing file /home/airflow/.local/lib/python3.12/site-packages/airflow/example_dags/example_bash_operator.py for tasks to queue
[2024-05-01T12:51:35.416+0000] {logging_mixin.py:188} INFO - [2024-05-01T12:51:35.415+0000] {dagbag.py:540} INFO - Filling up the DagBag from /home/airflow/.local/lib/python3.12/site-packages/airflow/example_dags/example_bash_operator.py
[2024-05-01T12:51:35.428+0000] {processor.py:840} INFO - DAG(s) 'example_bash_operator' retrieved from /home/airflow/.local/lib/python3.12/site-packages/airflow/example_dags/example_bash_operator.py
[2024-05-01T12:51:35.458+0000] {logging_mixin.py:188} INFO - [2024-05-01T12:51:35.457+0000] {dag.py:3096} INFO - Sync 1 DAGs
[2024-05-01T12:51:35.483+0000] {logging_mixin.py:188} INFO - [2024-05-01T12:51:35.482+0000] {dag.py:3954} INFO - Setting next_dagrun for example_bash_operator to 2024-04-30 00:00:00+00:00, run_after=2024-05-01 00:00:00+00:00
[2024-05-01T12:51:35.501+0000] {processor.py:183} INFO - Processing /home/airflow/.local/lib/python3.12/site-packages/airflow/example_dags/example_bash_operator.py took 0.096 seconds
[2024-05-01T12:52:06.322+0000] {processor.py:161} INFO - Started process (PID=2779) to work on /home/airflow/.local/lib/python3.12/site-packages/airflow/example_dags/example_bash_operator.py
[2024-05-01T12:52:06.324+0000] {processor.py:830} INFO - Processing file /home/airflow/.local/lib/python3.12/site-packages/airflow/example_dags/example_bash_operator.py for tasks to queue
[2024-05-01T12:52:06.326+0000] {logging_mixin.py:188} INFO - [2024-05-01T12:52:06.326+0000] {dagbag.py:540} INFO - Filling up the DagBag from /home/airflow/.local/lib/python3.12/site-packages/airflow/example_dags/example_bash_operator.py
[2024-05-01T12:52:06.338+0000] {processor.py:840} INFO - DAG(s) 'example_bash_operator' retrieved from /home/airflow/.local/lib/python3.12/site-packages/airflow/example_dags/example_bash_operator.py
[2024-05-01T12:52:06.368+0000] {logging_mixin.py:188} INFO - [2024-05-01T12:52:06.368+0000] {dag.py:3096} INFO - Sync 1 DAGs
[2024-05-01T12:52:06.393+0000] {logging_mixin.py:188} INFO - [2024-05-01T12:52:06.393+0000] {dag.py:3954} INFO - Setting next_dagrun for example_bash_operator to 2024-04-30 00:00:00+00:00, run_after=2024-05-01 00:00:00+00:00
[2024-05-01T12:52:06.411+0000] {processor.py:183} INFO - Processing /home/airflow/.local/lib/python3.12/site-packages/airflow/example_dags/example_bash_operator.py took 0.095 seconds
[2024-05-01T12:52:37.277+0000] {processor.py:161} INFO - Started process (PID=2837) to work on /home/airflow/.local/lib/python3.12/site-packages/airflow/example_dags/example_bash_operator.py
[2024-05-01T12:52:37.278+0000] {processor.py:830} INFO - Processing file /home/airflow/.local/lib/python3.12/site-packages/airflow/example_dags/example_bash_operator.py for tasks to queue
[2024-05-01T12:52:37.281+0000] {logging_mixin.py:188} INFO - [2024-05-01T12:52:37.280+0000] {dagbag.py:540} INFO - Filling up the DagBag from /home/airflow/.local/lib/python3.12/site-packages/airflow/example_dags/example_bash_operator.py
[2024-05-01T12:52:37.293+0000] {processor.py:840} INFO - DAG(s) 'example_bash_operator' retrieved from /home/airflow/.local/lib/python3.12/site-packages/airflow/example_dags/example_bash_operator.py
[2024-05-01T12:52:37.324+0000] {logging_mixin.py:188} INFO - [2024-05-01T12:52:37.323+0000] {dag.py:3096} INFO - Sync 1 DAGs
[2024-05-01T12:52:37.348+0000] {logging_mixin.py:188} INFO - [2024-05-01T12:52:37.348+0000] {dag.py:3954} INFO - Setting next_dagrun for example_bash_operator to 2024-04-30 00:00:00+00:00, run_after=2024-05-01 00:00:00+00:00
[2024-05-01T12:52:37.367+0000] {processor.py:183} INFO - Processing /home/airflow/.local/lib/python3.12/site-packages/airflow/example_dags/example_bash_operator.py took 0.096 seconds
[2024-05-01T12:53:08.275+0000] {processor.py:161} INFO - Started process (PID=2895) to work on /home/airflow/.local/lib/python3.12/site-packages/airflow/example_dags/example_bash_operator.py
[2024-05-01T12:53:08.276+0000] {processor.py:830} INFO - Processing file /home/airflow/.local/lib/python3.12/site-packages/airflow/example_dags/example_bash_operator.py for tasks to queue
[2024-05-01T12:53:08.279+0000] {logging_mixin.py:188} INFO - [2024-05-01T12:53:08.278+0000] {dagbag.py:540} INFO - Filling up the DagBag from /home/airflow/.local/lib/python3.12/site-packages/airflow/example_dags/example_bash_operator.py
[2024-05-01T12:53:08.291+0000] {processor.py:840} INFO - DAG(s) 'example_bash_operator' retrieved from /home/airflow/.local/lib/python3.12/site-packages/airflow/example_dags/example_bash_operator.py
[2024-05-01T12:53:08.321+0000] {logging_mixin.py:188} INFO - [2024-05-01T12:53:08.321+0000] {dag.py:3096} INFO - Sync 1 DAGs
[2024-05-01T12:53:08.355+0000] {logging_mixin.py:188} INFO - [2024-05-01T12:53:08.355+0000] {dag.py:3954} INFO - Setting next_dagrun for example_bash_operator to 2024-04-30 00:00:00+00:00, run_after=2024-05-01 00:00:00+00:00
[2024-05-01T12:53:08.374+0000] {processor.py:183} INFO - Processing /home/airflow/.local/lib/python3.12/site-packages/airflow/example_dags/example_bash_operator.py took 0.106 seconds
[2024-05-01T12:53:38.446+0000] {processor.py:161} INFO - Started process (PID=2953) to work on /home/airflow/.local/lib/python3.12/site-packages/airflow/example_dags/example_bash_operator.py
[2024-05-01T12:53:38.449+0000] {processor.py:830} INFO - Processing file /home/airflow/.local/lib/python3.12/site-packages/airflow/example_dags/example_bash_operator.py for tasks to queue
[2024-05-01T12:53:38.451+0000] {logging_mixin.py:188} INFO - [2024-05-01T12:53:38.451+0000] {dagbag.py:540} INFO - Filling up the DagBag from /home/airflow/.local/lib/python3.12/site-packages/airflow/example_dags/example_bash_operator.py
[2024-05-01T12:53:38.464+0000] {processor.py:840} INFO - DAG(s) 'example_bash_operator' retrieved from /home/airflow/.local/lib/python3.12/site-packages/airflow/example_dags/example_bash_operator.py
[2024-05-01T12:53:38.495+0000] {logging_mixin.py:188} INFO - [2024-05-01T12:53:38.495+0000] {dag.py:3096} INFO - Sync 1 DAGs
[2024-05-01T12:53:38.521+0000] {logging_mixin.py:188} INFO - [2024-05-01T12:53:38.521+0000] {dag.py:3954} INFO - Setting next_dagrun for example_bash_operator to 2024-04-30 00:00:00+00:00, run_after=2024-05-01 00:00:00+00:00
[2024-05-01T12:53:38.540+0000] {processor.py:183} INFO - Processing /home/airflow/.local/lib/python3.12/site-packages/airflow/example_dags/example_bash_operator.py took 0.100 seconds
[2024-05-01T12:54:09.377+0000] {processor.py:161} INFO - Started process (PID=3011) to work on /home/airflow/.local/lib/python3.12/site-packages/airflow/example_dags/example_bash_operator.py
[2024-05-01T12:54:09.378+0000] {processor.py:830} INFO - Processing file /home/airflow/.local/lib/python3.12/site-packages/airflow/example_dags/example_bash_operator.py for tasks to queue
[2024-05-01T12:54:09.380+0000] {logging_mixin.py:188} INFO - [2024-05-01T12:54:09.380+0000] {dagbag.py:540} INFO - Filling up the DagBag from /home/airflow/.local/lib/python3.12/site-packages/airflow/example_dags/example_bash_operator.py
[2024-05-01T12:54:09.393+0000] {processor.py:840} INFO - DAG(s) 'example_bash_operator' retrieved from /home/airflow/.local/lib/python3.12/site-packages/airflow/example_dags/example_bash_operator.py
[2024-05-01T12:54:09.424+0000] {logging_mixin.py:188} INFO - [2024-05-01T12:54:09.423+0000] {dag.py:3096} INFO - Sync 1 DAGs
[2024-05-01T12:54:09.449+0000] {logging_mixin.py:188} INFO - [2024-05-01T12:54:09.448+0000] {dag.py:3954} INFO - Setting next_dagrun for example_bash_operator to 2024-04-30 00:00:00+00:00, run_after=2024-05-01 00:00:00+00:00
[2024-05-01T12:54:09.468+0000] {processor.py:183} INFO - Processing /home/airflow/.local/lib/python3.12/site-packages/airflow/example_dags/example_bash_operator.py took 0.098 seconds
[2024-05-01T12:54:40.388+0000] {processor.py:161} INFO - Started process (PID=3069) to work on /home/airflow/.local/lib/python3.12/site-packages/airflow/example_dags/example_bash_operator.py
[2024-05-01T12:54:40.389+0000] {processor.py:830} INFO - Processing file /home/airflow/.local/lib/python3.12/site-packages/airflow/example_dags/example_bash_operator.py for tasks to queue
[2024-05-01T12:54:40.391+0000] {logging_mixin.py:188} INFO - [2024-05-01T12:54:40.391+0000] {dagbag.py:540} INFO - Filling up the DagBag from /home/airflow/.local/lib/python3.12/site-packages/airflow/example_dags/example_bash_operator.py
[2024-05-01T12:54:40.403+0000] {processor.py:840} INFO - DAG(s) 'example_bash_operator' retrieved from /home/airflow/.local/lib/python3.12/site-packages/airflow/example_dags/example_bash_operator.py
[2024-05-01T12:54:40.434+0000] {logging_mixin.py:188} INFO - [2024-05-01T12:54:40.433+0000] {dag.py:3096} INFO - Sync 1 DAGs
[2024-05-01T12:54:40.458+0000] {logging_mixin.py:188} INFO - [2024-05-01T12:54:40.458+0000] {dag.py:3954} INFO - Setting next_dagrun for example_bash_operator to 2024-04-30 00:00:00+00:00, run_after=2024-05-01 00:00:00+00:00
[2024-05-01T12:54:40.477+0000] {processor.py:183} INFO - Processing /home/airflow/.local/lib/python3.12/site-packages/airflow/example_dags/example_bash_operator.py took 0.095 seconds
[2024-05-01T12:55:11.235+0000] {processor.py:161} INFO - Started process (PID=3127) to work on /home/airflow/.local/lib/python3.12/site-packages/airflow/example_dags/example_bash_operator.py
[2024-05-01T12:55:11.236+0000] {processor.py:830} INFO - Processing file /home/airflow/.local/lib/python3.12/site-packages/airflow/example_dags/example_bash_operator.py for tasks to queue
[2024-05-01T12:55:11.238+0000] {logging_mixin.py:188} INFO - [2024-05-01T12:55:11.238+0000] {dagbag.py:540} INFO - Filling up the DagBag from /home/airflow/.local/lib/python3.12/site-packages/airflow/example_dags/example_bash_operator.py
[2024-05-01T12:55:11.250+0000] {processor.py:840} INFO - DAG(s) 'example_bash_operator' retrieved from /home/airflow/.local/lib/python3.12/site-packages/airflow/example_dags/example_bash_operator.py
[2024-05-01T12:55:11.280+0000] {logging_mixin.py:188} INFO - [2024-05-01T12:55:11.280+0000] {dag.py:3096} INFO - Sync 1 DAGs
[2024-05-01T12:55:11.305+0000] {logging_mixin.py:188} INFO - [2024-05-01T12:55:11.304+0000] {dag.py:3954} INFO - Setting next_dagrun for example_bash_operator to 2024-04-30 00:00:00+00:00, run_after=2024-05-01 00:00:00+00:00
[2024-05-01T12:55:11.323+0000] {processor.py:183} INFO - Processing /home/airflow/.local/lib/python3.12/site-packages/airflow/example_dags/example_bash_operator.py took 0.095 seconds
[2024-05-01T12:55:42.242+0000] {processor.py:161} INFO - Started process (PID=3185) to work on /home/airflow/.local/lib/python3.12/site-packages/airflow/example_dags/example_bash_operator.py
[2024-05-01T12:55:42.243+0000] {processor.py:830} INFO - Processing file /home/airflow/.local/lib/python3.12/site-packages/airflow/example_dags/example_bash_operator.py for tasks to queue
[2024-05-01T12:55:42.245+0000] {logging_mixin.py:188} INFO - [2024-05-01T12:55:42.245+0000] {dagbag.py:540} INFO - Filling up the DagBag from /home/airflow/.local/lib/python3.12/site-packages/airflow/example_dags/example_bash_operator.py
[2024-05-01T12:55:42.258+0000] {processor.py:840} INFO - DAG(s) 'example_bash_operator' retrieved from /home/airflow/.local/lib/python3.12/site-packages/airflow/example_dags/example_bash_operator.py
[2024-05-01T12:55:42.288+0000] {logging_mixin.py:188} INFO - [2024-05-01T12:55:42.288+0000] {dag.py:3096} INFO - Sync 1 DAGs
[2024-05-01T12:55:42.313+0000] {logging_mixin.py:188} INFO - [2024-05-01T12:55:42.313+0000] {dag.py:3954} INFO - Setting next_dagrun for example_bash_operator to 2024-04-30 00:00:00+00:00, run_after=2024-05-01 00:00:00+00:00
[2024-05-01T12:55:42.334+0000] {processor.py:183} INFO - Processing /home/airflow/.local/lib/python3.12/site-packages/airflow/example_dags/example_bash_operator.py took 0.098 seconds
[2024-05-01T12:56:13.173+0000] {processor.py:161} INFO - Started process (PID=3243) to work on /home/airflow/.local/lib/python3.12/site-packages/airflow/example_dags/example_bash_operator.py
[2024-05-01T12:56:13.175+0000] {processor.py:830} INFO - Processing file /home/airflow/.local/lib/python3.12/site-packages/airflow/example_dags/example_bash_operator.py for tasks to queue
[2024-05-01T12:56:13.178+0000] {logging_mixin.py:188} INFO - [2024-05-01T12:56:13.177+0000] {dagbag.py:540} INFO - Filling up the DagBag from /home/airflow/.local/lib/python3.12/site-packages/airflow/example_dags/example_bash_operator.py
[2024-05-01T12:56:13.190+0000] {processor.py:840} INFO - DAG(s) 'example_bash_operator' retrieved from /home/airflow/.local/lib/python3.12/site-packages/airflow/example_dags/example_bash_operator.py
[2024-05-01T12:56:13.220+0000] {logging_mixin.py:188} INFO - [2024-05-01T12:56:13.220+0000] {dag.py:3096} INFO - Sync 1 DAGs
[2024-05-01T12:56:13.246+0000] {logging_mixin.py:188} INFO - [2024-05-01T12:56:13.246+0000] {dag.py:3954} INFO - Setting next_dagrun for example_bash_operator to 2024-04-30 00:00:00+00:00, run_after=2024-05-01 00:00:00+00:00
[2024-05-01T12:56:13.264+0000] {processor.py:183} INFO - Processing /home/airflow/.local/lib/python3.12/site-packages/airflow/example_dags/example_bash_operator.py took 0.097 seconds
[2024-05-01T12:56:43.351+0000] {processor.py:161} INFO - Started process (PID=3301) to work on /home/airflow/.local/lib/python3.12/site-packages/airflow/example_dags/example_bash_operator.py
[2024-05-01T12:56:43.352+0000] {processor.py:830} INFO - Processing file /home/airflow/.local/lib/python3.12/site-packages/airflow/example_dags/example_bash_operator.py for tasks to queue
[2024-05-01T12:56:43.354+0000] {logging_mixin.py:188} INFO - [2024-05-01T12:56:43.354+0000] {dagbag.py:540} INFO - Filling up the DagBag from /home/airflow/.local/lib/python3.12/site-packages/airflow/example_dags/example_bash_operator.py
[2024-05-01T12:56:43.367+0000] {processor.py:840} INFO - DAG(s) 'example_bash_operator' retrieved from /home/airflow/.local/lib/python3.12/site-packages/airflow/example_dags/example_bash_operator.py
[2024-05-01T12:56:43.396+0000] {logging_mixin.py:188} INFO - [2024-05-01T12:56:43.396+0000] {dag.py:3096} INFO - Sync 1 DAGs
[2024-05-01T12:56:43.421+0000] {logging_mixin.py:188} INFO - [2024-05-01T12:56:43.421+0000] {dag.py:3954} INFO - Setting next_dagrun for example_bash_operator to 2024-04-30 00:00:00+00:00, run_after=2024-05-01 00:00:00+00:00
[2024-05-01T12:56:43.441+0000] {processor.py:183} INFO - Processing /home/airflow/.local/lib/python3.12/site-packages/airflow/example_dags/example_bash_operator.py took 0.096 seconds
[2024-05-01T12:57:14.389+0000] {processor.py:161} INFO - Started process (PID=3359) to work on /home/airflow/.local/lib/python3.12/site-packages/airflow/example_dags/example_bash_operator.py
[2024-05-01T12:57:14.390+0000] {processor.py:830} INFO - Processing file /home/airflow/.local/lib/python3.12/site-packages/airflow/example_dags/example_bash_operator.py for tasks to queue
[2024-05-01T12:57:14.392+0000] {logging_mixin.py:188} INFO - [2024-05-01T12:57:14.392+0000] {dagbag.py:540} INFO - Filling up the DagBag from /home/airflow/.local/lib/python3.12/site-packages/airflow/example_dags/example_bash_operator.py
[2024-05-01T12:57:14.405+0000] {processor.py:840} INFO - DAG(s) 'example_bash_operator' retrieved from /home/airflow/.local/lib/python3.12/site-packages/airflow/example_dags/example_bash_operator.py
[2024-05-01T12:57:14.435+0000] {logging_mixin.py:188} INFO - [2024-05-01T12:57:14.435+0000] {dag.py:3096} INFO - Sync 1 DAGs
[2024-05-01T12:57:14.460+0000] {logging_mixin.py:188} INFO - [2024-05-01T12:57:14.460+0000] {dag.py:3954} INFO - Setting next_dagrun for example_bash_operator to 2024-04-30 00:00:00+00:00, run_after=2024-05-01 00:00:00+00:00
[2024-05-01T12:57:14.479+0000] {processor.py:183} INFO - Processing /home/airflow/.local/lib/python3.12/site-packages/airflow/example_dags/example_bash_operator.py took 0.096 seconds
[2024-05-01T12:57:44.636+0000] {processor.py:161} INFO - Started process (PID=3417) to work on /home/airflow/.local/lib/python3.12/site-packages/airflow/example_dags/example_bash_operator.py
[2024-05-01T12:57:44.639+0000] {processor.py:830} INFO - Processing file /home/airflow/.local/lib/python3.12/site-packages/airflow/example_dags/example_bash_operator.py for tasks to queue
[2024-05-01T12:57:44.641+0000] {logging_mixin.py:188} INFO - [2024-05-01T12:57:44.641+0000] {dagbag.py:540} INFO - Filling up the DagBag from /home/airflow/.local/lib/python3.12/site-packages/airflow/example_dags/example_bash_operator.py
[2024-05-01T12:57:44.653+0000] {processor.py:840} INFO - DAG(s) 'example_bash_operator' retrieved from /home/airflow/.local/lib/python3.12/site-packages/airflow/example_dags/example_bash_operator.py
[2024-05-01T12:57:44.685+0000] {logging_mixin.py:188} INFO - [2024-05-01T12:57:44.685+0000] {dag.py:3096} INFO - Sync 1 DAGs
[2024-05-01T12:57:44.710+0000] {logging_mixin.py:188} INFO - [2024-05-01T12:57:44.710+0000] {dag.py:3954} INFO - Setting next_dagrun for example_bash_operator to 2024-04-30 00:00:00+00:00, run_after=2024-05-01 00:00:00+00:00
[2024-05-01T12:57:44.729+0000] {processor.py:183} INFO - Processing /home/airflow/.local/lib/python3.12/site-packages/airflow/example_dags/example_bash_operator.py took 0.099 seconds
[2024-05-01T12:58:14.960+0000] {processor.py:161} INFO - Started process (PID=3475) to work on /home/airflow/.local/lib/python3.12/site-packages/airflow/example_dags/example_bash_operator.py
[2024-05-01T12:58:14.961+0000] {processor.py:830} INFO - Processing file /home/airflow/.local/lib/python3.12/site-packages/airflow/example_dags/example_bash_operator.py for tasks to queue
[2024-05-01T12:58:14.964+0000] {logging_mixin.py:188} INFO - [2024-05-01T12:58:14.964+0000] {dagbag.py:540} INFO - Filling up the DagBag from /home/airflow/.local/lib/python3.12/site-packages/airflow/example_dags/example_bash_operator.py
[2024-05-01T12:58:14.976+0000] {processor.py:840} INFO - DAG(s) 'example_bash_operator' retrieved from /home/airflow/.local/lib/python3.12/site-packages/airflow/example_dags/example_bash_operator.py
[2024-05-01T12:58:15.006+0000] {logging_mixin.py:188} INFO - [2024-05-01T12:58:15.006+0000] {dag.py:3096} INFO - Sync 1 DAGs
[2024-05-01T12:58:15.031+0000] {logging_mixin.py:188} INFO - [2024-05-01T12:58:15.031+0000] {dag.py:3954} INFO - Setting next_dagrun for example_bash_operator to 2024-04-30 00:00:00+00:00, run_after=2024-05-01 00:00:00+00:00
[2024-05-01T12:58:15.049+0000] {processor.py:183} INFO - Processing /home/airflow/.local/lib/python3.12/site-packages/airflow/example_dags/example_bash_operator.py took 0.097 seconds
[2024-05-01T12:58:45.166+0000] {processor.py:161} INFO - Started process (PID=3533) to work on /home/airflow/.local/lib/python3.12/site-packages/airflow/example_dags/example_bash_operator.py
[2024-05-01T12:58:45.167+0000] {processor.py:830} INFO - Processing file /home/airflow/.local/lib/python3.12/site-packages/airflow/example_dags/example_bash_operator.py for tasks to queue
[2024-05-01T12:58:45.170+0000] {logging_mixin.py:188} INFO - [2024-05-01T12:58:45.169+0000] {dagbag.py:540} INFO - Filling up the DagBag from /home/airflow/.local/lib/python3.12/site-packages/airflow/example_dags/example_bash_operator.py
[2024-05-01T12:58:45.182+0000] {processor.py:840} INFO - DAG(s) 'example_bash_operator' retrieved from /home/airflow/.local/lib/python3.12/site-packages/airflow/example_dags/example_bash_operator.py
[2024-05-01T12:58:45.233+0000] {logging_mixin.py:188} INFO - [2024-05-01T12:58:45.233+0000] {dag.py:3096} INFO - Sync 1 DAGs
[2024-05-01T12:58:45.263+0000] {logging_mixin.py:188} INFO - [2024-05-01T12:58:45.263+0000] {dag.py:3954} INFO - Setting next_dagrun for example_bash_operator to 2024-04-30 00:00:00+00:00, run_after=2024-05-01 00:00:00+00:00
[2024-05-01T12:58:45.295+0000] {processor.py:183} INFO - Processing /home/airflow/.local/lib/python3.12/site-packages/airflow/example_dags/example_bash_operator.py took 0.136 seconds
[2024-05-01T12:59:15.424+0000] {processor.py:161} INFO - Started process (PID=3591) to work on /home/airflow/.local/lib/python3.12/site-packages/airflow/example_dags/example_bash_operator.py
[2024-05-01T12:59:15.426+0000] {processor.py:830} INFO - Processing file /home/airflow/.local/lib/python3.12/site-packages/airflow/example_dags/example_bash_operator.py for tasks to queue
[2024-05-01T12:59:15.428+0000] {logging_mixin.py:188} INFO - [2024-05-01T12:59:15.428+0000] {dagbag.py:540} INFO - Filling up the DagBag from /home/airflow/.local/lib/python3.12/site-packages/airflow/example_dags/example_bash_operator.py
[2024-05-01T12:59:15.440+0000] {processor.py:840} INFO - DAG(s) 'example_bash_operator' retrieved from /home/airflow/.local/lib/python3.12/site-packages/airflow/example_dags/example_bash_operator.py
[2024-05-01T12:59:15.471+0000] {logging_mixin.py:188} INFO - [2024-05-01T12:59:15.470+0000] {dag.py:3096} INFO - Sync 1 DAGs
[2024-05-01T12:59:15.496+0000] {logging_mixin.py:188} INFO - [2024-05-01T12:59:15.495+0000] {dag.py:3954} INFO - Setting next_dagrun for example_bash_operator to 2024-04-30 00:00:00+00:00, run_after=2024-05-01 00:00:00+00:00
[2024-05-01T12:59:15.515+0000] {processor.py:183} INFO - Processing /home/airflow/.local/lib/python3.12/site-packages/airflow/example_dags/example_bash_operator.py took 0.097 seconds
[2024-05-01T12:59:45.662+0000] {processor.py:161} INFO - Started process (PID=3649) to work on /home/airflow/.local/lib/python3.12/site-packages/airflow/example_dags/example_bash_operator.py
[2024-05-01T12:59:45.663+0000] {processor.py:830} INFO - Processing file /home/airflow/.local/lib/python3.12/site-packages/airflow/example_dags/example_bash_operator.py for tasks to queue
[2024-05-01T12:59:45.666+0000] {logging_mixin.py:188} INFO - [2024-05-01T12:59:45.665+0000] {dagbag.py:540} INFO - Filling up the DagBag from /home/airflow/.local/lib/python3.12/site-packages/airflow/example_dags/example_bash_operator.py
[2024-05-01T12:59:45.678+0000] {processor.py:840} INFO - DAG(s) 'example_bash_operator' retrieved from /home/airflow/.local/lib/python3.12/site-packages/airflow/example_dags/example_bash_operator.py
[2024-05-01T12:59:45.707+0000] {logging_mixin.py:188} INFO - [2024-05-01T12:59:45.707+0000] {dag.py:3096} INFO - Sync 1 DAGs
[2024-05-01T12:59:45.733+0000] {logging_mixin.py:188} INFO - [2024-05-01T12:59:45.732+0000] {dag.py:3954} INFO - Setting next_dagrun for example_bash_operator to 2024-04-30 00:00:00+00:00, run_after=2024-05-01 00:00:00+00:00
[2024-05-01T12:59:45.751+0000] {processor.py:183} INFO - Processing /home/airflow/.local/lib/python3.12/site-packages/airflow/example_dags/example_bash_operator.py took 0.096 seconds
[2024-05-01T13:00:15.900+0000] {processor.py:161} INFO - Started process (PID=3707) to work on /home/airflow/.local/lib/python3.12/site-packages/airflow/example_dags/example_bash_operator.py
[2024-05-01T13:00:15.904+0000] {processor.py:830} INFO - Processing file /home/airflow/.local/lib/python3.12/site-packages/airflow/example_dags/example_bash_operator.py for tasks to queue
[2024-05-01T13:00:15.909+0000] {logging_mixin.py:188} INFO - [2024-05-01T13:00:15.908+0000] {dagbag.py:540} INFO - Filling up the DagBag from /home/airflow/.local/lib/python3.12/site-packages/airflow/example_dags/example_bash_operator.py
[2024-05-01T13:00:15.935+0000] {processor.py:840} INFO - DAG(s) 'example_bash_operator' retrieved from /home/airflow/.local/lib/python3.12/site-packages/airflow/example_dags/example_bash_operator.py
[2024-05-01T13:00:15.995+0000] {logging_mixin.py:188} INFO - [2024-05-01T13:00:15.994+0000] {dag.py:3096} INFO - Sync 1 DAGs
[2024-05-01T13:00:16.023+0000] {logging_mixin.py:188} INFO - [2024-05-01T13:00:16.022+0000] {dag.py:3954} INFO - Setting next_dagrun for example_bash_operator to 2024-04-30 00:00:00+00:00, run_after=2024-05-01 00:00:00+00:00
[2024-05-01T13:00:16.042+0000] {processor.py:183} INFO - Processing /home/airflow/.local/lib/python3.12/site-packages/airflow/example_dags/example_bash_operator.py took 0.154 seconds
[2024-05-01T13:00:46.563+0000] {processor.py:161} INFO - Started process (PID=3765) to work on /home/airflow/.local/lib/python3.12/site-packages/airflow/example_dags/example_bash_operator.py
[2024-05-01T13:00:46.566+0000] {processor.py:830} INFO - Processing file /home/airflow/.local/lib/python3.12/site-packages/airflow/example_dags/example_bash_operator.py for tasks to queue
[2024-05-01T13:00:46.568+0000] {logging_mixin.py:188} INFO - [2024-05-01T13:00:46.568+0000] {dagbag.py:540} INFO - Filling up the DagBag from /home/airflow/.local/lib/python3.12/site-packages/airflow/example_dags/example_bash_operator.py
[2024-05-01T13:00:46.582+0000] {processor.py:840} INFO - DAG(s) 'example_bash_operator' retrieved from /home/airflow/.local/lib/python3.12/site-packages/airflow/example_dags/example_bash_operator.py
[2024-05-01T13:00:46.616+0000] {logging_mixin.py:188} INFO - [2024-05-01T13:00:46.616+0000] {dag.py:3096} INFO - Sync 1 DAGs
[2024-05-01T13:00:46.644+0000] {logging_mixin.py:188} INFO - [2024-05-01T13:00:46.644+0000] {dag.py:3954} INFO - Setting next_dagrun for example_bash_operator to 2024-04-30 00:00:00+00:00, run_after=2024-05-01 00:00:00+00:00
[2024-05-01T13:00:46.664+0000] {processor.py:183} INFO - Processing /home/airflow/.local/lib/python3.12/site-packages/airflow/example_dags/example_bash_operator.py took 0.109 seconds
[2024-05-01T13:01:16.746+0000] {processor.py:161} INFO - Started process (PID=3823) to work on /home/airflow/.local/lib/python3.12/site-packages/airflow/example_dags/example_bash_operator.py
[2024-05-01T13:01:16.747+0000] {processor.py:830} INFO - Processing file /home/airflow/.local/lib/python3.12/site-packages/airflow/example_dags/example_bash_operator.py for tasks to queue
[2024-05-01T13:01:16.750+0000] {logging_mixin.py:188} INFO - [2024-05-01T13:01:16.749+0000] {dagbag.py:540} INFO - Filling up the DagBag from /home/airflow/.local/lib/python3.12/site-packages/airflow/example_dags/example_bash_operator.py
[2024-05-01T13:01:16.762+0000] {processor.py:840} INFO - DAG(s) 'example_bash_operator' retrieved from /home/airflow/.local/lib/python3.12/site-packages/airflow/example_dags/example_bash_operator.py
[2024-05-01T13:01:16.792+0000] {logging_mixin.py:188} INFO - [2024-05-01T13:01:16.792+0000] {dag.py:3096} INFO - Sync 1 DAGs
[2024-05-01T13:01:16.817+0000] {logging_mixin.py:188} INFO - [2024-05-01T13:01:16.817+0000] {dag.py:3954} INFO - Setting next_dagrun for example_bash_operator to 2024-04-30 00:00:00+00:00, run_after=2024-05-01 00:00:00+00:00
[2024-05-01T13:01:16.835+0000] {processor.py:183} INFO - Processing /home/airflow/.local/lib/python3.12/site-packages/airflow/example_dags/example_bash_operator.py took 0.095 seconds
[2024-05-01T13:01:47.245+0000] {processor.py:161} INFO - Started process (PID=3880) to work on /home/airflow/.local/lib/python3.12/site-packages/airflow/example_dags/example_bash_operator.py
[2024-05-01T13:01:47.247+0000] {processor.py:830} INFO - Processing file /home/airflow/.local/lib/python3.12/site-packages/airflow/example_dags/example_bash_operator.py for tasks to queue
[2024-05-01T13:01:47.250+0000] {logging_mixin.py:188} INFO - [2024-05-01T13:01:47.249+0000] {dagbag.py:540} INFO - Filling up the DagBag from /home/airflow/.local/lib/python3.12/site-packages/airflow/example_dags/example_bash_operator.py
[2024-05-01T13:01:47.270+0000] {processor.py:840} INFO - DAG(s) 'example_bash_operator' retrieved from /home/airflow/.local/lib/python3.12/site-packages/airflow/example_dags/example_bash_operator.py
[2024-05-01T13:01:47.312+0000] {logging_mixin.py:188} INFO - [2024-05-01T13:01:47.312+0000] {dag.py:3096} INFO - Sync 1 DAGs
[2024-05-01T13:01:47.350+0000] {logging_mixin.py:188} INFO - [2024-05-01T13:01:47.350+0000] {dag.py:3954} INFO - Setting next_dagrun for example_bash_operator to 2024-04-30 00:00:00+00:00, run_after=2024-05-01 00:00:00+00:00
[2024-05-01T13:01:47.383+0000] {processor.py:183} INFO - Processing /home/airflow/.local/lib/python3.12/site-packages/airflow/example_dags/example_bash_operator.py took 0.146 seconds
[2024-05-01T13:02:17.887+0000] {processor.py:161} INFO - Started process (PID=3938) to work on /home/airflow/.local/lib/python3.12/site-packages/airflow/example_dags/example_bash_operator.py
[2024-05-01T13:02:17.888+0000] {processor.py:830} INFO - Processing file /home/airflow/.local/lib/python3.12/site-packages/airflow/example_dags/example_bash_operator.py for tasks to queue
[2024-05-01T13:02:17.890+0000] {logging_mixin.py:188} INFO - [2024-05-01T13:02:17.890+0000] {dagbag.py:540} INFO - Filling up the DagBag from /home/airflow/.local/lib/python3.12/site-packages/airflow/example_dags/example_bash_operator.py
[2024-05-01T13:02:17.902+0000] {processor.py:840} INFO - DAG(s) 'example_bash_operator' retrieved from /home/airflow/.local/lib/python3.12/site-packages/airflow/example_dags/example_bash_operator.py
[2024-05-01T13:02:17.936+0000] {logging_mixin.py:188} INFO - [2024-05-01T13:02:17.935+0000] {dag.py:3096} INFO - Sync 1 DAGs
[2024-05-01T13:02:17.967+0000] {logging_mixin.py:188} INFO - [2024-05-01T13:02:17.967+0000] {dag.py:3954} INFO - Setting next_dagrun for example_bash_operator to 2024-04-30 00:00:00+00:00, run_after=2024-05-01 00:00:00+00:00
[2024-05-01T13:02:17.988+0000] {processor.py:183} INFO - Processing /home/airflow/.local/lib/python3.12/site-packages/airflow/example_dags/example_bash_operator.py took 0.108 seconds
[2024-05-01T13:02:48.116+0000] {processor.py:161} INFO - Started process (PID=3996) to work on /home/airflow/.local/lib/python3.12/site-packages/airflow/example_dags/example_bash_operator.py
[2024-05-01T13:02:48.118+0000] {processor.py:830} INFO - Processing file /home/airflow/.local/lib/python3.12/site-packages/airflow/example_dags/example_bash_operator.py for tasks to queue
[2024-05-01T13:02:48.121+0000] {logging_mixin.py:188} INFO - [2024-05-01T13:02:48.120+0000] {dagbag.py:540} INFO - Filling up the DagBag from /home/airflow/.local/lib/python3.12/site-packages/airflow/example_dags/example_bash_operator.py
[2024-05-01T13:02:48.136+0000] {processor.py:840} INFO - DAG(s) 'example_bash_operator' retrieved from /home/airflow/.local/lib/python3.12/site-packages/airflow/example_dags/example_bash_operator.py
[2024-05-01T13:02:48.173+0000] {logging_mixin.py:188} INFO - [2024-05-01T13:02:48.173+0000] {dag.py:3096} INFO - Sync 1 DAGs
[2024-05-01T13:02:48.206+0000] {logging_mixin.py:188} INFO - [2024-05-01T13:02:48.206+0000] {dag.py:3954} INFO - Setting next_dagrun for example_bash_operator to 2024-04-30 00:00:00+00:00, run_after=2024-05-01 00:00:00+00:00
[2024-05-01T13:02:48.229+0000] {processor.py:183} INFO - Processing /home/airflow/.local/lib/python3.12/site-packages/airflow/example_dags/example_bash_operator.py took 0.121 seconds
[2024-05-01T13:06:40.734+0000] {processor.py:161} INFO - Started process (PID=4057) to work on /home/airflow/.local/lib/python3.12/site-packages/airflow/example_dags/example_bash_operator.py
[2024-05-01T13:06:40.736+0000] {processor.py:830} INFO - Processing file /home/airflow/.local/lib/python3.12/site-packages/airflow/example_dags/example_bash_operator.py for tasks to queue
[2024-05-01T13:06:40.745+0000] {logging_mixin.py:188} INFO - [2024-05-01T13:06:40.744+0000] {dagbag.py:540} INFO - Filling up the DagBag from /home/airflow/.local/lib/python3.12/site-packages/airflow/example_dags/example_bash_operator.py
[2024-05-01T13:06:40.764+0000] {processor.py:840} INFO - DAG(s) 'example_bash_operator' retrieved from /home/airflow/.local/lib/python3.12/site-packages/airflow/example_dags/example_bash_operator.py
[2024-05-01T13:06:40.822+0000] {logging_mixin.py:188} INFO - [2024-05-01T13:06:40.822+0000] {dag.py:3096} INFO - Sync 1 DAGs
[2024-05-01T13:06:40.877+0000] {logging_mixin.py:188} INFO - [2024-05-01T13:06:40.877+0000] {dag.py:3954} INFO - Setting next_dagrun for example_bash_operator to 2024-04-30 00:00:00+00:00, run_after=2024-05-01 00:00:00+00:00
[2024-05-01T13:06:40.932+0000] {processor.py:183} INFO - Processing /home/airflow/.local/lib/python3.12/site-packages/airflow/example_dags/example_bash_operator.py took 0.213 seconds
[2024-05-01T13:07:11.392+0000] {processor.py:161} INFO - Started process (PID=4115) to work on /home/airflow/.local/lib/python3.12/site-packages/airflow/example_dags/example_bash_operator.py
[2024-05-01T13:07:11.394+0000] {processor.py:830} INFO - Processing file /home/airflow/.local/lib/python3.12/site-packages/airflow/example_dags/example_bash_operator.py for tasks to queue
[2024-05-01T13:07:11.396+0000] {logging_mixin.py:188} INFO - [2024-05-01T13:07:11.396+0000] {dagbag.py:540} INFO - Filling up the DagBag from /home/airflow/.local/lib/python3.12/site-packages/airflow/example_dags/example_bash_operator.py
[2024-05-01T13:07:11.408+0000] {processor.py:840} INFO - DAG(s) 'example_bash_operator' retrieved from /home/airflow/.local/lib/python3.12/site-packages/airflow/example_dags/example_bash_operator.py
[2024-05-01T13:07:11.437+0000] {logging_mixin.py:188} INFO - [2024-05-01T13:07:11.437+0000] {dag.py:3096} INFO - Sync 1 DAGs
[2024-05-01T13:07:11.461+0000] {logging_mixin.py:188} INFO - [2024-05-01T13:07:11.460+0000] {dag.py:3954} INFO - Setting next_dagrun for example_bash_operator to 2024-04-30 00:00:00+00:00, run_after=2024-05-01 00:00:00+00:00
[2024-05-01T13:07:11.479+0000] {processor.py:183} INFO - Processing /home/airflow/.local/lib/python3.12/site-packages/airflow/example_dags/example_bash_operator.py took 0.093 seconds
[2024-05-01T13:07:41.994+0000] {processor.py:161} INFO - Started process (PID=4173) to work on /home/airflow/.local/lib/python3.12/site-packages/airflow/example_dags/example_bash_operator.py
[2024-05-01T13:07:41.996+0000] {processor.py:830} INFO - Processing file /home/airflow/.local/lib/python3.12/site-packages/airflow/example_dags/example_bash_operator.py for tasks to queue
[2024-05-01T13:07:41.998+0000] {logging_mixin.py:188} INFO - [2024-05-01T13:07:41.998+0000] {dagbag.py:540} INFO - Filling up the DagBag from /home/airflow/.local/lib/python3.12/site-packages/airflow/example_dags/example_bash_operator.py
[2024-05-01T13:07:42.011+0000] {processor.py:840} INFO - DAG(s) 'example_bash_operator' retrieved from /home/airflow/.local/lib/python3.12/site-packages/airflow/example_dags/example_bash_operator.py
[2024-05-01T13:07:42.047+0000] {logging_mixin.py:188} INFO - [2024-05-01T13:07:42.046+0000] {dag.py:3096} INFO - Sync 1 DAGs
[2024-05-01T13:07:42.080+0000] {logging_mixin.py:188} INFO - [2024-05-01T13:07:42.080+0000] {dag.py:3954} INFO - Setting next_dagrun for example_bash_operator to 2024-04-30 00:00:00+00:00, run_after=2024-05-01 00:00:00+00:00
[2024-05-01T13:07:42.107+0000] {processor.py:183} INFO - Processing /home/airflow/.local/lib/python3.12/site-packages/airflow/example_dags/example_bash_operator.py took 0.119 seconds
[2024-05-01T13:08:12.153+0000] {processor.py:161} INFO - Started process (PID=4231) to work on /home/airflow/.local/lib/python3.12/site-packages/airflow/example_dags/example_bash_operator.py
[2024-05-01T13:08:12.154+0000] {processor.py:830} INFO - Processing file /home/airflow/.local/lib/python3.12/site-packages/airflow/example_dags/example_bash_operator.py for tasks to queue
[2024-05-01T13:08:12.157+0000] {logging_mixin.py:188} INFO - [2024-05-01T13:08:12.156+0000] {dagbag.py:540} INFO - Filling up the DagBag from /home/airflow/.local/lib/python3.12/site-packages/airflow/example_dags/example_bash_operator.py
[2024-05-01T13:08:12.170+0000] {processor.py:840} INFO - DAG(s) 'example_bash_operator' retrieved from /home/airflow/.local/lib/python3.12/site-packages/airflow/example_dags/example_bash_operator.py
[2024-05-01T13:08:12.203+0000] {logging_mixin.py:188} INFO - [2024-05-01T13:08:12.203+0000] {dag.py:3096} INFO - Sync 1 DAGs
[2024-05-01T13:08:12.232+0000] {logging_mixin.py:188} INFO - [2024-05-01T13:08:12.231+0000] {dag.py:3954} INFO - Setting next_dagrun for example_bash_operator to 2024-04-30 00:00:00+00:00, run_after=2024-05-01 00:00:00+00:00
[2024-05-01T13:08:12.250+0000] {processor.py:183} INFO - Processing /home/airflow/.local/lib/python3.12/site-packages/airflow/example_dags/example_bash_operator.py took 0.104 seconds
[2024-05-01T13:08:42.462+0000] {processor.py:161} INFO - Started process (PID=4287) to work on /home/airflow/.local/lib/python3.12/site-packages/airflow/example_dags/example_bash_operator.py
[2024-05-01T13:08:42.463+0000] {processor.py:830} INFO - Processing file /home/airflow/.local/lib/python3.12/site-packages/airflow/example_dags/example_bash_operator.py for tasks to queue
[2024-05-01T13:08:42.465+0000] {logging_mixin.py:188} INFO - [2024-05-01T13:08:42.465+0000] {dagbag.py:540} INFO - Filling up the DagBag from /home/airflow/.local/lib/python3.12/site-packages/airflow/example_dags/example_bash_operator.py
[2024-05-01T13:08:42.478+0000] {processor.py:840} INFO - DAG(s) 'example_bash_operator' retrieved from /home/airflow/.local/lib/python3.12/site-packages/airflow/example_dags/example_bash_operator.py
[2024-05-01T13:08:42.508+0000] {logging_mixin.py:188} INFO - [2024-05-01T13:08:42.507+0000] {dag.py:3096} INFO - Sync 1 DAGs
[2024-05-01T13:08:42.533+0000] {logging_mixin.py:188} INFO - [2024-05-01T13:08:42.533+0000] {dag.py:3954} INFO - Setting next_dagrun for example_bash_operator to 2024-04-30 00:00:00+00:00, run_after=2024-05-01 00:00:00+00:00
[2024-05-01T13:08:42.551+0000] {processor.py:183} INFO - Processing /home/airflow/.local/lib/python3.12/site-packages/airflow/example_dags/example_bash_operator.py took 0.096 seconds
