[2024-05-01T12:28:12.456+0000] {processor.py:161} INFO - Started process (PID=38) to work on /home/airflow/.local/lib/python3.12/site-packages/airflow/example_dags/example_sla_dag.py
[2024-05-01T12:28:12.458+0000] {processor.py:830} INFO - Processing file /home/airflow/.local/lib/python3.12/site-packages/airflow/example_dags/example_sla_dag.py for tasks to queue
[2024-05-01T12:28:12.460+0000] {logging_mixin.py:188} INFO - [2024-05-01T12:28:12.460+0000] {dagbag.py:540} INFO - Filling up the DagBag from /home/airflow/.local/lib/python3.12/site-packages/airflow/example_dags/example_sla_dag.py
[2024-05-01T12:28:12.478+0000] {processor.py:840} INFO - DAG(s) 'example_sla_dag' retrieved from /home/airflow/.local/lib/python3.12/site-packages/airflow/example_dags/example_sla_dag.py
[2024-05-01T12:28:12.507+0000] {logging_mixin.py:188} INFO - [2024-05-01T12:28:12.507+0000] {dag.py:3096} INFO - Sync 1 DAGs
[2024-05-01T12:28:12.534+0000] {logging_mixin.py:188} INFO - [2024-05-01T12:28:12.534+0000] {dag.py:3954} INFO - Setting next_dagrun for example_sla_dag to 2024-05-01 12:26:00+00:00, run_after=2024-05-01 12:28:00+00:00
[2024-05-01T12:28:12.555+0000] {processor.py:183} INFO - Processing /home/airflow/.local/lib/python3.12/site-packages/airflow/example_dags/example_sla_dag.py took 0.110 seconds
[2024-05-01T12:28:42.868+0000] {processor.py:161} INFO - Started process (PID=96) to work on /home/airflow/.local/lib/python3.12/site-packages/airflow/example_dags/example_sla_dag.py
[2024-05-01T12:28:42.870+0000] {processor.py:830} INFO - Processing file /home/airflow/.local/lib/python3.12/site-packages/airflow/example_dags/example_sla_dag.py for tasks to queue
[2024-05-01T12:28:42.872+0000] {logging_mixin.py:188} INFO - [2024-05-01T12:28:42.872+0000] {dagbag.py:540} INFO - Filling up the DagBag from /home/airflow/.local/lib/python3.12/site-packages/airflow/example_dags/example_sla_dag.py
[2024-05-01T12:28:42.882+0000] {processor.py:840} INFO - DAG(s) 'example_sla_dag' retrieved from /home/airflow/.local/lib/python3.12/site-packages/airflow/example_dags/example_sla_dag.py
[2024-05-01T12:28:43.092+0000] {logging_mixin.py:188} INFO - [2024-05-01T12:28:43.092+0000] {dag.py:3096} INFO - Sync 1 DAGs
[2024-05-01T12:28:43.116+0000] {logging_mixin.py:188} INFO - [2024-05-01T12:28:43.116+0000] {dag.py:3954} INFO - Setting next_dagrun for example_sla_dag to 2024-05-01 12:26:00+00:00, run_after=2024-05-01 12:28:00+00:00
[2024-05-01T12:28:43.135+0000] {processor.py:183} INFO - Processing /home/airflow/.local/lib/python3.12/site-packages/airflow/example_dags/example_sla_dag.py took 0.274 seconds
[2024-05-01T12:29:13.238+0000] {processor.py:161} INFO - Started process (PID=154) to work on /home/airflow/.local/lib/python3.12/site-packages/airflow/example_dags/example_sla_dag.py
[2024-05-01T12:29:13.240+0000] {processor.py:830} INFO - Processing file /home/airflow/.local/lib/python3.12/site-packages/airflow/example_dags/example_sla_dag.py for tasks to queue
[2024-05-01T12:29:13.243+0000] {logging_mixin.py:188} INFO - [2024-05-01T12:29:13.242+0000] {dagbag.py:540} INFO - Filling up the DagBag from /home/airflow/.local/lib/python3.12/site-packages/airflow/example_dags/example_sla_dag.py
[2024-05-01T12:29:13.255+0000] {processor.py:840} INFO - DAG(s) 'example_sla_dag' retrieved from /home/airflow/.local/lib/python3.12/site-packages/airflow/example_dags/example_sla_dag.py
[2024-05-01T12:29:13.279+0000] {logging_mixin.py:188} INFO - [2024-05-01T12:29:13.279+0000] {dag.py:3096} INFO - Sync 1 DAGs
[2024-05-01T12:29:13.310+0000] {logging_mixin.py:188} INFO - [2024-05-01T12:29:13.310+0000] {dag.py:3954} INFO - Setting next_dagrun for example_sla_dag to 2024-05-01 12:26:00+00:00, run_after=2024-05-01 12:28:00+00:00
[2024-05-01T12:29:13.332+0000] {processor.py:183} INFO - Processing /home/airflow/.local/lib/python3.12/site-packages/airflow/example_dags/example_sla_dag.py took 0.103 seconds
[2024-05-01T12:29:43.783+0000] {processor.py:161} INFO - Started process (PID=212) to work on /home/airflow/.local/lib/python3.12/site-packages/airflow/example_dags/example_sla_dag.py
[2024-05-01T12:29:43.787+0000] {processor.py:830} INFO - Processing file /home/airflow/.local/lib/python3.12/site-packages/airflow/example_dags/example_sla_dag.py for tasks to queue
[2024-05-01T12:29:43.794+0000] {logging_mixin.py:188} INFO - [2024-05-01T12:29:43.793+0000] {dagbag.py:540} INFO - Filling up the DagBag from /home/airflow/.local/lib/python3.12/site-packages/airflow/example_dags/example_sla_dag.py
[2024-05-01T12:29:43.810+0000] {processor.py:840} INFO - DAG(s) 'example_sla_dag' retrieved from /home/airflow/.local/lib/python3.12/site-packages/airflow/example_dags/example_sla_dag.py
[2024-05-01T12:29:43.846+0000] {logging_mixin.py:188} INFO - [2024-05-01T12:29:43.846+0000] {dag.py:3096} INFO - Sync 1 DAGs
[2024-05-01T12:29:43.884+0000] {logging_mixin.py:188} INFO - [2024-05-01T12:29:43.884+0000] {dag.py:3954} INFO - Setting next_dagrun for example_sla_dag to 2024-05-01 12:26:00+00:00, run_after=2024-05-01 12:28:00+00:00
[2024-05-01T12:29:43.903+0000] {processor.py:183} INFO - Processing /home/airflow/.local/lib/python3.12/site-packages/airflow/example_dags/example_sla_dag.py took 0.135 seconds
[2024-05-01T12:30:14.275+0000] {processor.py:161} INFO - Started process (PID=270) to work on /home/airflow/.local/lib/python3.12/site-packages/airflow/example_dags/example_sla_dag.py
[2024-05-01T12:30:14.277+0000] {processor.py:830} INFO - Processing file /home/airflow/.local/lib/python3.12/site-packages/airflow/example_dags/example_sla_dag.py for tasks to queue
[2024-05-01T12:30:14.279+0000] {logging_mixin.py:188} INFO - [2024-05-01T12:30:14.279+0000] {dagbag.py:540} INFO - Filling up the DagBag from /home/airflow/.local/lib/python3.12/site-packages/airflow/example_dags/example_sla_dag.py
[2024-05-01T12:30:14.291+0000] {processor.py:840} INFO - DAG(s) 'example_sla_dag' retrieved from /home/airflow/.local/lib/python3.12/site-packages/airflow/example_dags/example_sla_dag.py
[2024-05-01T12:30:14.314+0000] {logging_mixin.py:188} INFO - [2024-05-01T12:30:14.314+0000] {dag.py:3096} INFO - Sync 1 DAGs
[2024-05-01T12:30:14.342+0000] {logging_mixin.py:188} INFO - [2024-05-01T12:30:14.341+0000] {dag.py:3954} INFO - Setting next_dagrun for example_sla_dag to 2024-05-01 12:28:00+00:00, run_after=2024-05-01 12:30:00+00:00
[2024-05-01T12:30:14.361+0000] {processor.py:183} INFO - Processing /home/airflow/.local/lib/python3.12/site-packages/airflow/example_dags/example_sla_dag.py took 0.093 seconds
[2024-05-01T12:30:44.828+0000] {processor.py:161} INFO - Started process (PID=328) to work on /home/airflow/.local/lib/python3.12/site-packages/airflow/example_dags/example_sla_dag.py
[2024-05-01T12:30:44.829+0000] {processor.py:830} INFO - Processing file /home/airflow/.local/lib/python3.12/site-packages/airflow/example_dags/example_sla_dag.py for tasks to queue
[2024-05-01T12:30:44.832+0000] {logging_mixin.py:188} INFO - [2024-05-01T12:30:44.831+0000] {dagbag.py:540} INFO - Filling up the DagBag from /home/airflow/.local/lib/python3.12/site-packages/airflow/example_dags/example_sla_dag.py
[2024-05-01T12:30:44.841+0000] {processor.py:840} INFO - DAG(s) 'example_sla_dag' retrieved from /home/airflow/.local/lib/python3.12/site-packages/airflow/example_dags/example_sla_dag.py
[2024-05-01T12:30:44.861+0000] {logging_mixin.py:188} INFO - [2024-05-01T12:30:44.861+0000] {dag.py:3096} INFO - Sync 1 DAGs
[2024-05-01T12:30:44.887+0000] {logging_mixin.py:188} INFO - [2024-05-01T12:30:44.887+0000] {dag.py:3954} INFO - Setting next_dagrun for example_sla_dag to 2024-05-01 12:28:00+00:00, run_after=2024-05-01 12:30:00+00:00
[2024-05-01T12:30:44.906+0000] {processor.py:183} INFO - Processing /home/airflow/.local/lib/python3.12/site-packages/airflow/example_dags/example_sla_dag.py took 0.084 seconds
[2024-05-01T12:31:15.100+0000] {processor.py:161} INFO - Started process (PID=386) to work on /home/airflow/.local/lib/python3.12/site-packages/airflow/example_dags/example_sla_dag.py
[2024-05-01T12:31:15.103+0000] {processor.py:830} INFO - Processing file /home/airflow/.local/lib/python3.12/site-packages/airflow/example_dags/example_sla_dag.py for tasks to queue
[2024-05-01T12:31:15.108+0000] {logging_mixin.py:188} INFO - [2024-05-01T12:31:15.107+0000] {dagbag.py:540} INFO - Filling up the DagBag from /home/airflow/.local/lib/python3.12/site-packages/airflow/example_dags/example_sla_dag.py
[2024-05-01T12:31:15.127+0000] {processor.py:840} INFO - DAG(s) 'example_sla_dag' retrieved from /home/airflow/.local/lib/python3.12/site-packages/airflow/example_dags/example_sla_dag.py
[2024-05-01T12:31:15.354+0000] {logging_mixin.py:188} INFO - [2024-05-01T12:31:15.347+0000] {dag.py:3096} INFO - Sync 1 DAGs
[2024-05-01T12:31:15.631+0000] {logging_mixin.py:188} INFO - [2024-05-01T12:31:15.630+0000] {dag.py:3954} INFO - Setting next_dagrun for example_sla_dag to 2024-05-01 12:28:00+00:00, run_after=2024-05-01 12:30:00+00:00
[2024-05-01T12:31:15.777+0000] {processor.py:183} INFO - Processing /home/airflow/.local/lib/python3.12/site-packages/airflow/example_dags/example_sla_dag.py took 0.684 seconds
[2024-05-01T12:31:45.967+0000] {processor.py:161} INFO - Started process (PID=444) to work on /home/airflow/.local/lib/python3.12/site-packages/airflow/example_dags/example_sla_dag.py
[2024-05-01T12:31:45.968+0000] {processor.py:830} INFO - Processing file /home/airflow/.local/lib/python3.12/site-packages/airflow/example_dags/example_sla_dag.py for tasks to queue
[2024-05-01T12:31:45.971+0000] {logging_mixin.py:188} INFO - [2024-05-01T12:31:45.970+0000] {dagbag.py:540} INFO - Filling up the DagBag from /home/airflow/.local/lib/python3.12/site-packages/airflow/example_dags/example_sla_dag.py
[2024-05-01T12:31:45.983+0000] {processor.py:840} INFO - DAG(s) 'example_sla_dag' retrieved from /home/airflow/.local/lib/python3.12/site-packages/airflow/example_dags/example_sla_dag.py
[2024-05-01T12:31:46.013+0000] {logging_mixin.py:188} INFO - [2024-05-01T12:31:46.013+0000] {dag.py:3096} INFO - Sync 1 DAGs
[2024-05-01T12:31:46.047+0000] {logging_mixin.py:188} INFO - [2024-05-01T12:31:46.046+0000] {dag.py:3954} INFO - Setting next_dagrun for example_sla_dag to 2024-05-01 12:28:00+00:00, run_after=2024-05-01 12:30:00+00:00
[2024-05-01T12:31:46.067+0000] {processor.py:183} INFO - Processing /home/airflow/.local/lib/python3.12/site-packages/airflow/example_dags/example_sla_dag.py took 0.106 seconds
[2024-05-01T12:32:16.270+0000] {processor.py:161} INFO - Started process (PID=502) to work on /home/airflow/.local/lib/python3.12/site-packages/airflow/example_dags/example_sla_dag.py
[2024-05-01T12:32:16.272+0000] {processor.py:830} INFO - Processing file /home/airflow/.local/lib/python3.12/site-packages/airflow/example_dags/example_sla_dag.py for tasks to queue
[2024-05-01T12:32:16.275+0000] {logging_mixin.py:188} INFO - [2024-05-01T12:32:16.274+0000] {dagbag.py:540} INFO - Filling up the DagBag from /home/airflow/.local/lib/python3.12/site-packages/airflow/example_dags/example_sla_dag.py
[2024-05-01T12:32:16.285+0000] {processor.py:840} INFO - DAG(s) 'example_sla_dag' retrieved from /home/airflow/.local/lib/python3.12/site-packages/airflow/example_dags/example_sla_dag.py
[2024-05-01T12:32:16.306+0000] {logging_mixin.py:188} INFO - [2024-05-01T12:32:16.306+0000] {dag.py:3096} INFO - Sync 1 DAGs
[2024-05-01T12:32:16.333+0000] {logging_mixin.py:188} INFO - [2024-05-01T12:32:16.332+0000] {dag.py:3954} INFO - Setting next_dagrun for example_sla_dag to 2024-05-01 12:30:00+00:00, run_after=2024-05-01 12:32:00+00:00
[2024-05-01T12:32:16.352+0000] {processor.py:183} INFO - Processing /home/airflow/.local/lib/python3.12/site-packages/airflow/example_dags/example_sla_dag.py took 0.088 seconds
[2024-05-01T12:32:46.558+0000] {processor.py:161} INFO - Started process (PID=560) to work on /home/airflow/.local/lib/python3.12/site-packages/airflow/example_dags/example_sla_dag.py
[2024-05-01T12:32:46.559+0000] {processor.py:830} INFO - Processing file /home/airflow/.local/lib/python3.12/site-packages/airflow/example_dags/example_sla_dag.py for tasks to queue
[2024-05-01T12:32:46.561+0000] {logging_mixin.py:188} INFO - [2024-05-01T12:32:46.561+0000] {dagbag.py:540} INFO - Filling up the DagBag from /home/airflow/.local/lib/python3.12/site-packages/airflow/example_dags/example_sla_dag.py
[2024-05-01T12:32:46.571+0000] {processor.py:840} INFO - DAG(s) 'example_sla_dag' retrieved from /home/airflow/.local/lib/python3.12/site-packages/airflow/example_dags/example_sla_dag.py
[2024-05-01T12:32:46.592+0000] {logging_mixin.py:188} INFO - [2024-05-01T12:32:46.592+0000] {dag.py:3096} INFO - Sync 1 DAGs
[2024-05-01T12:32:46.619+0000] {logging_mixin.py:188} INFO - [2024-05-01T12:32:46.619+0000] {dag.py:3954} INFO - Setting next_dagrun for example_sla_dag to 2024-05-01 12:30:00+00:00, run_after=2024-05-01 12:32:00+00:00
[2024-05-01T12:32:46.639+0000] {processor.py:183} INFO - Processing /home/airflow/.local/lib/python3.12/site-packages/airflow/example_dags/example_sla_dag.py took 0.089 seconds
[2024-05-01T12:33:16.891+0000] {processor.py:161} INFO - Started process (PID=618) to work on /home/airflow/.local/lib/python3.12/site-packages/airflow/example_dags/example_sla_dag.py
[2024-05-01T12:33:16.893+0000] {processor.py:830} INFO - Processing file /home/airflow/.local/lib/python3.12/site-packages/airflow/example_dags/example_sla_dag.py for tasks to queue
[2024-05-01T12:33:16.896+0000] {logging_mixin.py:188} INFO - [2024-05-01T12:33:16.895+0000] {dagbag.py:540} INFO - Filling up the DagBag from /home/airflow/.local/lib/python3.12/site-packages/airflow/example_dags/example_sla_dag.py
[2024-05-01T12:33:16.908+0000] {processor.py:840} INFO - DAG(s) 'example_sla_dag' retrieved from /home/airflow/.local/lib/python3.12/site-packages/airflow/example_dags/example_sla_dag.py
[2024-05-01T12:33:16.931+0000] {logging_mixin.py:188} INFO - [2024-05-01T12:33:16.931+0000] {dag.py:3096} INFO - Sync 1 DAGs
[2024-05-01T12:33:16.959+0000] {logging_mixin.py:188} INFO - [2024-05-01T12:33:16.958+0000] {dag.py:3954} INFO - Setting next_dagrun for example_sla_dag to 2024-05-01 12:30:00+00:00, run_after=2024-05-01 12:32:00+00:00
[2024-05-01T12:33:17.012+0000] {processor.py:183} INFO - Processing /home/airflow/.local/lib/python3.12/site-packages/airflow/example_dags/example_sla_dag.py took 0.129 seconds
[2024-05-01T12:33:47.816+0000] {processor.py:161} INFO - Started process (PID=676) to work on /home/airflow/.local/lib/python3.12/site-packages/airflow/example_dags/example_sla_dag.py
[2024-05-01T12:33:47.818+0000] {processor.py:830} INFO - Processing file /home/airflow/.local/lib/python3.12/site-packages/airflow/example_dags/example_sla_dag.py for tasks to queue
[2024-05-01T12:33:47.821+0000] {logging_mixin.py:188} INFO - [2024-05-01T12:33:47.820+0000] {dagbag.py:540} INFO - Filling up the DagBag from /home/airflow/.local/lib/python3.12/site-packages/airflow/example_dags/example_sla_dag.py
[2024-05-01T12:33:47.832+0000] {processor.py:840} INFO - DAG(s) 'example_sla_dag' retrieved from /home/airflow/.local/lib/python3.12/site-packages/airflow/example_dags/example_sla_dag.py
[2024-05-01T12:33:47.854+0000] {logging_mixin.py:188} INFO - [2024-05-01T12:33:47.854+0000] {dag.py:3096} INFO - Sync 1 DAGs
[2024-05-01T12:33:47.883+0000] {logging_mixin.py:188} INFO - [2024-05-01T12:33:47.883+0000] {dag.py:3954} INFO - Setting next_dagrun for example_sla_dag to 2024-05-01 12:30:00+00:00, run_after=2024-05-01 12:32:00+00:00
[2024-05-01T12:33:48.029+0000] {processor.py:183} INFO - Processing /home/airflow/.local/lib/python3.12/site-packages/airflow/example_dags/example_sla_dag.py took 0.220 seconds
[2024-05-01T12:34:18.068+0000] {processor.py:161} INFO - Started process (PID=734) to work on /home/airflow/.local/lib/python3.12/site-packages/airflow/example_dags/example_sla_dag.py
[2024-05-01T12:34:18.070+0000] {processor.py:830} INFO - Processing file /home/airflow/.local/lib/python3.12/site-packages/airflow/example_dags/example_sla_dag.py for tasks to queue
[2024-05-01T12:34:18.072+0000] {logging_mixin.py:188} INFO - [2024-05-01T12:34:18.072+0000] {dagbag.py:540} INFO - Filling up the DagBag from /home/airflow/.local/lib/python3.12/site-packages/airflow/example_dags/example_sla_dag.py
[2024-05-01T12:34:18.083+0000] {processor.py:840} INFO - DAG(s) 'example_sla_dag' retrieved from /home/airflow/.local/lib/python3.12/site-packages/airflow/example_dags/example_sla_dag.py
[2024-05-01T12:34:18.108+0000] {logging_mixin.py:188} INFO - [2024-05-01T12:34:18.107+0000] {dag.py:3096} INFO - Sync 1 DAGs
[2024-05-01T12:34:18.134+0000] {logging_mixin.py:188} INFO - [2024-05-01T12:34:18.134+0000] {dag.py:3954} INFO - Setting next_dagrun for example_sla_dag to 2024-05-01 12:32:00+00:00, run_after=2024-05-01 12:34:00+00:00
[2024-05-01T12:34:18.154+0000] {processor.py:183} INFO - Processing /home/airflow/.local/lib/python3.12/site-packages/airflow/example_dags/example_sla_dag.py took 0.094 seconds
[2024-05-01T12:34:48.283+0000] {processor.py:161} INFO - Started process (PID=792) to work on /home/airflow/.local/lib/python3.12/site-packages/airflow/example_dags/example_sla_dag.py
[2024-05-01T12:34:48.285+0000] {processor.py:830} INFO - Processing file /home/airflow/.local/lib/python3.12/site-packages/airflow/example_dags/example_sla_dag.py for tasks to queue
[2024-05-01T12:34:48.288+0000] {logging_mixin.py:188} INFO - [2024-05-01T12:34:48.287+0000] {dagbag.py:540} INFO - Filling up the DagBag from /home/airflow/.local/lib/python3.12/site-packages/airflow/example_dags/example_sla_dag.py
[2024-05-01T12:34:48.299+0000] {processor.py:840} INFO - DAG(s) 'example_sla_dag' retrieved from /home/airflow/.local/lib/python3.12/site-packages/airflow/example_dags/example_sla_dag.py
[2024-05-01T12:34:48.320+0000] {logging_mixin.py:188} INFO - [2024-05-01T12:34:48.320+0000] {dag.py:3096} INFO - Sync 1 DAGs
[2024-05-01T12:34:48.348+0000] {logging_mixin.py:188} INFO - [2024-05-01T12:34:48.347+0000] {dag.py:3954} INFO - Setting next_dagrun for example_sla_dag to 2024-05-01 12:32:00+00:00, run_after=2024-05-01 12:34:00+00:00
[2024-05-01T12:34:48.367+0000] {processor.py:183} INFO - Processing /home/airflow/.local/lib/python3.12/site-packages/airflow/example_dags/example_sla_dag.py took 0.092 seconds
[2024-05-01T12:35:19.346+0000] {processor.py:161} INFO - Started process (PID=850) to work on /home/airflow/.local/lib/python3.12/site-packages/airflow/example_dags/example_sla_dag.py
[2024-05-01T12:35:19.348+0000] {processor.py:830} INFO - Processing file /home/airflow/.local/lib/python3.12/site-packages/airflow/example_dags/example_sla_dag.py for tasks to queue
[2024-05-01T12:35:19.351+0000] {logging_mixin.py:188} INFO - [2024-05-01T12:35:19.350+0000] {dagbag.py:540} INFO - Filling up the DagBag from /home/airflow/.local/lib/python3.12/site-packages/airflow/example_dags/example_sla_dag.py
[2024-05-01T12:35:19.363+0000] {processor.py:840} INFO - DAG(s) 'example_sla_dag' retrieved from /home/airflow/.local/lib/python3.12/site-packages/airflow/example_dags/example_sla_dag.py
[2024-05-01T12:35:19.387+0000] {logging_mixin.py:188} INFO - [2024-05-01T12:35:19.386+0000] {dag.py:3096} INFO - Sync 1 DAGs
[2024-05-01T12:35:19.414+0000] {logging_mixin.py:188} INFO - [2024-05-01T12:35:19.414+0000] {dag.py:3954} INFO - Setting next_dagrun for example_sla_dag to 2024-05-01 12:32:00+00:00, run_after=2024-05-01 12:34:00+00:00
[2024-05-01T12:35:19.432+0000] {processor.py:183} INFO - Processing /home/airflow/.local/lib/python3.12/site-packages/airflow/example_dags/example_sla_dag.py took 0.094 seconds
[2024-05-01T12:35:49.542+0000] {processor.py:161} INFO - Started process (PID=908) to work on /home/airflow/.local/lib/python3.12/site-packages/airflow/example_dags/example_sla_dag.py
[2024-05-01T12:35:49.544+0000] {processor.py:830} INFO - Processing file /home/airflow/.local/lib/python3.12/site-packages/airflow/example_dags/example_sla_dag.py for tasks to queue
[2024-05-01T12:35:49.550+0000] {logging_mixin.py:188} INFO - [2024-05-01T12:35:49.549+0000] {dagbag.py:540} INFO - Filling up the DagBag from /home/airflow/.local/lib/python3.12/site-packages/airflow/example_dags/example_sla_dag.py
[2024-05-01T12:35:49.566+0000] {processor.py:840} INFO - DAG(s) 'example_sla_dag' retrieved from /home/airflow/.local/lib/python3.12/site-packages/airflow/example_dags/example_sla_dag.py
[2024-05-01T12:35:49.593+0000] {logging_mixin.py:188} INFO - [2024-05-01T12:35:49.593+0000] {dag.py:3096} INFO - Sync 1 DAGs
[2024-05-01T12:35:49.624+0000] {logging_mixin.py:188} INFO - [2024-05-01T12:35:49.624+0000] {dag.py:3954} INFO - Setting next_dagrun for example_sla_dag to 2024-05-01 12:32:00+00:00, run_after=2024-05-01 12:34:00+00:00
[2024-05-01T12:35:49.645+0000] {processor.py:183} INFO - Processing /home/airflow/.local/lib/python3.12/site-packages/airflow/example_dags/example_sla_dag.py took 0.117 seconds
[2024-05-01T12:36:20.500+0000] {processor.py:161} INFO - Started process (PID=966) to work on /home/airflow/.local/lib/python3.12/site-packages/airflow/example_dags/example_sla_dag.py
[2024-05-01T12:36:20.502+0000] {processor.py:830} INFO - Processing file /home/airflow/.local/lib/python3.12/site-packages/airflow/example_dags/example_sla_dag.py for tasks to queue
[2024-05-01T12:36:20.506+0000] {logging_mixin.py:188} INFO - [2024-05-01T12:36:20.505+0000] {dagbag.py:540} INFO - Filling up the DagBag from /home/airflow/.local/lib/python3.12/site-packages/airflow/example_dags/example_sla_dag.py
[2024-05-01T12:36:20.517+0000] {processor.py:840} INFO - DAG(s) 'example_sla_dag' retrieved from /home/airflow/.local/lib/python3.12/site-packages/airflow/example_dags/example_sla_dag.py
[2024-05-01T12:36:20.546+0000] {logging_mixin.py:188} INFO - [2024-05-01T12:36:20.546+0000] {dag.py:3096} INFO - Sync 1 DAGs
[2024-05-01T12:36:20.625+0000] {logging_mixin.py:188} INFO - [2024-05-01T12:36:20.624+0000] {dag.py:3954} INFO - Setting next_dagrun for example_sla_dag to 2024-05-01 12:34:00+00:00, run_after=2024-05-01 12:36:00+00:00
[2024-05-01T12:36:20.650+0000] {processor.py:183} INFO - Processing /home/airflow/.local/lib/python3.12/site-packages/airflow/example_dags/example_sla_dag.py took 0.158 seconds
[2024-05-01T12:36:50.721+0000] {processor.py:161} INFO - Started process (PID=1024) to work on /home/airflow/.local/lib/python3.12/site-packages/airflow/example_dags/example_sla_dag.py
[2024-05-01T12:36:50.723+0000] {processor.py:830} INFO - Processing file /home/airflow/.local/lib/python3.12/site-packages/airflow/example_dags/example_sla_dag.py for tasks to queue
[2024-05-01T12:36:50.726+0000] {logging_mixin.py:188} INFO - [2024-05-01T12:36:50.726+0000] {dagbag.py:540} INFO - Filling up the DagBag from /home/airflow/.local/lib/python3.12/site-packages/airflow/example_dags/example_sla_dag.py
[2024-05-01T12:36:50.878+0000] {processor.py:840} INFO - DAG(s) 'example_sla_dag' retrieved from /home/airflow/.local/lib/python3.12/site-packages/airflow/example_dags/example_sla_dag.py
[2024-05-01T12:36:50.900+0000] {logging_mixin.py:188} INFO - [2024-05-01T12:36:50.900+0000] {dag.py:3096} INFO - Sync 1 DAGs
[2024-05-01T12:36:50.928+0000] {logging_mixin.py:188} INFO - [2024-05-01T12:36:50.928+0000] {dag.py:3954} INFO - Setting next_dagrun for example_sla_dag to 2024-05-01 12:34:00+00:00, run_after=2024-05-01 12:36:00+00:00
[2024-05-01T12:36:50.946+0000] {processor.py:183} INFO - Processing /home/airflow/.local/lib/python3.12/site-packages/airflow/example_dags/example_sla_dag.py took 0.232 seconds
[2024-05-01T12:37:21.103+0000] {processor.py:161} INFO - Started process (PID=1082) to work on /home/airflow/.local/lib/python3.12/site-packages/airflow/example_dags/example_sla_dag.py
[2024-05-01T12:37:21.104+0000] {processor.py:830} INFO - Processing file /home/airflow/.local/lib/python3.12/site-packages/airflow/example_dags/example_sla_dag.py for tasks to queue
[2024-05-01T12:37:21.107+0000] {logging_mixin.py:188} INFO - [2024-05-01T12:37:21.107+0000] {dagbag.py:540} INFO - Filling up the DagBag from /home/airflow/.local/lib/python3.12/site-packages/airflow/example_dags/example_sla_dag.py
[2024-05-01T12:37:21.117+0000] {processor.py:840} INFO - DAG(s) 'example_sla_dag' retrieved from /home/airflow/.local/lib/python3.12/site-packages/airflow/example_dags/example_sla_dag.py
[2024-05-01T12:37:21.138+0000] {logging_mixin.py:188} INFO - [2024-05-01T12:37:21.138+0000] {dag.py:3096} INFO - Sync 1 DAGs
[2024-05-01T12:37:21.165+0000] {logging_mixin.py:188} INFO - [2024-05-01T12:37:21.165+0000] {dag.py:3954} INFO - Setting next_dagrun for example_sla_dag to 2024-05-01 12:34:00+00:00, run_after=2024-05-01 12:36:00+00:00
[2024-05-01T12:37:21.183+0000] {processor.py:183} INFO - Processing /home/airflow/.local/lib/python3.12/site-packages/airflow/example_dags/example_sla_dag.py took 0.088 seconds
[2024-05-01T12:37:51.472+0000] {processor.py:161} INFO - Started process (PID=1140) to work on /home/airflow/.local/lib/python3.12/site-packages/airflow/example_dags/example_sla_dag.py
[2024-05-01T12:37:51.474+0000] {processor.py:830} INFO - Processing file /home/airflow/.local/lib/python3.12/site-packages/airflow/example_dags/example_sla_dag.py for tasks to queue
[2024-05-01T12:37:51.479+0000] {logging_mixin.py:188} INFO - [2024-05-01T12:37:51.478+0000] {dagbag.py:540} INFO - Filling up the DagBag from /home/airflow/.local/lib/python3.12/site-packages/airflow/example_dags/example_sla_dag.py
[2024-05-01T12:37:51.496+0000] {processor.py:840} INFO - DAG(s) 'example_sla_dag' retrieved from /home/airflow/.local/lib/python3.12/site-packages/airflow/example_dags/example_sla_dag.py
[2024-05-01T12:37:51.532+0000] {logging_mixin.py:188} INFO - [2024-05-01T12:37:51.532+0000] {dag.py:3096} INFO - Sync 1 DAGs
[2024-05-01T12:37:51.570+0000] {logging_mixin.py:188} INFO - [2024-05-01T12:37:51.569+0000] {dag.py:3954} INFO - Setting next_dagrun for example_sla_dag to 2024-05-01 12:34:00+00:00, run_after=2024-05-01 12:36:00+00:00
[2024-05-01T12:37:51.594+0000] {processor.py:183} INFO - Processing /home/airflow/.local/lib/python3.12/site-packages/airflow/example_dags/example_sla_dag.py took 0.134 seconds
[2024-05-01T12:38:21.917+0000] {processor.py:161} INFO - Started process (PID=1198) to work on /home/airflow/.local/lib/python3.12/site-packages/airflow/example_dags/example_sla_dag.py
[2024-05-01T12:38:21.918+0000] {processor.py:830} INFO - Processing file /home/airflow/.local/lib/python3.12/site-packages/airflow/example_dags/example_sla_dag.py for tasks to queue
[2024-05-01T12:38:21.922+0000] {logging_mixin.py:188} INFO - [2024-05-01T12:38:21.921+0000] {dagbag.py:540} INFO - Filling up the DagBag from /home/airflow/.local/lib/python3.12/site-packages/airflow/example_dags/example_sla_dag.py
[2024-05-01T12:38:21.931+0000] {processor.py:840} INFO - DAG(s) 'example_sla_dag' retrieved from /home/airflow/.local/lib/python3.12/site-packages/airflow/example_dags/example_sla_dag.py
[2024-05-01T12:38:21.952+0000] {logging_mixin.py:188} INFO - [2024-05-01T12:38:21.952+0000] {dag.py:3096} INFO - Sync 1 DAGs
[2024-05-01T12:38:21.987+0000] {logging_mixin.py:188} INFO - [2024-05-01T12:38:21.987+0000] {dag.py:3954} INFO - Setting next_dagrun for example_sla_dag to 2024-05-01 12:36:00+00:00, run_after=2024-05-01 12:38:00+00:00
[2024-05-01T12:38:22.010+0000] {processor.py:183} INFO - Processing /home/airflow/.local/lib/python3.12/site-packages/airflow/example_dags/example_sla_dag.py took 0.100 seconds
[2024-05-01T12:38:52.783+0000] {processor.py:161} INFO - Started process (PID=1256) to work on /home/airflow/.local/lib/python3.12/site-packages/airflow/example_dags/example_sla_dag.py
[2024-05-01T12:38:52.785+0000] {processor.py:830} INFO - Processing file /home/airflow/.local/lib/python3.12/site-packages/airflow/example_dags/example_sla_dag.py for tasks to queue
[2024-05-01T12:38:52.788+0000] {logging_mixin.py:188} INFO - [2024-05-01T12:38:52.787+0000] {dagbag.py:540} INFO - Filling up the DagBag from /home/airflow/.local/lib/python3.12/site-packages/airflow/example_dags/example_sla_dag.py
[2024-05-01T12:38:52.797+0000] {processor.py:840} INFO - DAG(s) 'example_sla_dag' retrieved from /home/airflow/.local/lib/python3.12/site-packages/airflow/example_dags/example_sla_dag.py
[2024-05-01T12:38:52.817+0000] {logging_mixin.py:188} INFO - [2024-05-01T12:38:52.817+0000] {dag.py:3096} INFO - Sync 1 DAGs
[2024-05-01T12:38:52.844+0000] {logging_mixin.py:188} INFO - [2024-05-01T12:38:52.844+0000] {dag.py:3954} INFO - Setting next_dagrun for example_sla_dag to 2024-05-01 12:36:00+00:00, run_after=2024-05-01 12:38:00+00:00
[2024-05-01T12:38:52.863+0000] {processor.py:183} INFO - Processing /home/airflow/.local/lib/python3.12/site-packages/airflow/example_dags/example_sla_dag.py took 0.086 seconds
[2024-05-01T12:39:23.029+0000] {processor.py:161} INFO - Started process (PID=1314) to work on /home/airflow/.local/lib/python3.12/site-packages/airflow/example_dags/example_sla_dag.py
[2024-05-01T12:39:23.030+0000] {processor.py:830} INFO - Processing file /home/airflow/.local/lib/python3.12/site-packages/airflow/example_dags/example_sla_dag.py for tasks to queue
[2024-05-01T12:39:23.033+0000] {logging_mixin.py:188} INFO - [2024-05-01T12:39:23.033+0000] {dagbag.py:540} INFO - Filling up the DagBag from /home/airflow/.local/lib/python3.12/site-packages/airflow/example_dags/example_sla_dag.py
[2024-05-01T12:39:23.044+0000] {processor.py:840} INFO - DAG(s) 'example_sla_dag' retrieved from /home/airflow/.local/lib/python3.12/site-packages/airflow/example_dags/example_sla_dag.py
[2024-05-01T12:39:23.067+0000] {logging_mixin.py:188} INFO - [2024-05-01T12:39:23.067+0000] {dag.py:3096} INFO - Sync 1 DAGs
[2024-05-01T12:39:23.096+0000] {logging_mixin.py:188} INFO - [2024-05-01T12:39:23.096+0000] {dag.py:3954} INFO - Setting next_dagrun for example_sla_dag to 2024-05-01 12:36:00+00:00, run_after=2024-05-01 12:38:00+00:00
[2024-05-01T12:39:23.114+0000] {processor.py:183} INFO - Processing /home/airflow/.local/lib/python3.12/site-packages/airflow/example_dags/example_sla_dag.py took 0.093 seconds
[2024-05-01T12:39:53.589+0000] {processor.py:161} INFO - Started process (PID=1371) to work on /home/airflow/.local/lib/python3.12/site-packages/airflow/example_dags/example_sla_dag.py
[2024-05-01T12:39:53.591+0000] {processor.py:830} INFO - Processing file /home/airflow/.local/lib/python3.12/site-packages/airflow/example_dags/example_sla_dag.py for tasks to queue
[2024-05-01T12:39:53.593+0000] {logging_mixin.py:188} INFO - [2024-05-01T12:39:53.593+0000] {dagbag.py:540} INFO - Filling up the DagBag from /home/airflow/.local/lib/python3.12/site-packages/airflow/example_dags/example_sla_dag.py
[2024-05-01T12:39:53.602+0000] {processor.py:840} INFO - DAG(s) 'example_sla_dag' retrieved from /home/airflow/.local/lib/python3.12/site-packages/airflow/example_dags/example_sla_dag.py
[2024-05-01T12:39:53.624+0000] {logging_mixin.py:188} INFO - [2024-05-01T12:39:53.624+0000] {dag.py:3096} INFO - Sync 1 DAGs
[2024-05-01T12:39:53.658+0000] {logging_mixin.py:188} INFO - [2024-05-01T12:39:53.658+0000] {dag.py:3954} INFO - Setting next_dagrun for example_sla_dag to 2024-05-01 12:36:00+00:00, run_after=2024-05-01 12:38:00+00:00
[2024-05-01T12:39:53.681+0000] {processor.py:183} INFO - Processing /home/airflow/.local/lib/python3.12/site-packages/airflow/example_dags/example_sla_dag.py took 0.098 seconds
[2024-05-01T12:40:23.891+0000] {processor.py:161} INFO - Started process (PID=1429) to work on /home/airflow/.local/lib/python3.12/site-packages/airflow/example_dags/example_sla_dag.py
[2024-05-01T12:40:23.893+0000] {processor.py:830} INFO - Processing file /home/airflow/.local/lib/python3.12/site-packages/airflow/example_dags/example_sla_dag.py for tasks to queue
[2024-05-01T12:40:23.899+0000] {logging_mixin.py:188} INFO - [2024-05-01T12:40:23.897+0000] {dagbag.py:540} INFO - Filling up the DagBag from /home/airflow/.local/lib/python3.12/site-packages/airflow/example_dags/example_sla_dag.py
[2024-05-01T12:40:23.915+0000] {processor.py:840} INFO - DAG(s) 'example_sla_dag' retrieved from /home/airflow/.local/lib/python3.12/site-packages/airflow/example_dags/example_sla_dag.py
[2024-05-01T12:40:23.953+0000] {logging_mixin.py:188} INFO - [2024-05-01T12:40:23.953+0000] {dag.py:3096} INFO - Sync 1 DAGs
[2024-05-01T12:40:24.010+0000] {logging_mixin.py:188} INFO - [2024-05-01T12:40:24.009+0000] {dag.py:3954} INFO - Setting next_dagrun for example_sla_dag to 2024-05-01 12:38:00+00:00, run_after=2024-05-01 12:40:00+00:00
[2024-05-01T12:40:24.067+0000] {processor.py:183} INFO - Processing /home/airflow/.local/lib/python3.12/site-packages/airflow/example_dags/example_sla_dag.py took 0.191 seconds
[2024-05-01T12:40:54.105+0000] {processor.py:161} INFO - Started process (PID=1487) to work on /home/airflow/.local/lib/python3.12/site-packages/airflow/example_dags/example_sla_dag.py
[2024-05-01T12:40:54.107+0000] {processor.py:830} INFO - Processing file /home/airflow/.local/lib/python3.12/site-packages/airflow/example_dags/example_sla_dag.py for tasks to queue
[2024-05-01T12:40:54.109+0000] {logging_mixin.py:188} INFO - [2024-05-01T12:40:54.109+0000] {dagbag.py:540} INFO - Filling up the DagBag from /home/airflow/.local/lib/python3.12/site-packages/airflow/example_dags/example_sla_dag.py
[2024-05-01T12:40:54.120+0000] {processor.py:840} INFO - DAG(s) 'example_sla_dag' retrieved from /home/airflow/.local/lib/python3.12/site-packages/airflow/example_dags/example_sla_dag.py
[2024-05-01T12:40:54.142+0000] {logging_mixin.py:188} INFO - [2024-05-01T12:40:54.142+0000] {dag.py:3096} INFO - Sync 1 DAGs
[2024-05-01T12:40:54.168+0000] {logging_mixin.py:188} INFO - [2024-05-01T12:40:54.168+0000] {dag.py:3954} INFO - Setting next_dagrun for example_sla_dag to 2024-05-01 12:38:00+00:00, run_after=2024-05-01 12:40:00+00:00
[2024-05-01T12:40:54.186+0000] {processor.py:183} INFO - Processing /home/airflow/.local/lib/python3.12/site-packages/airflow/example_dags/example_sla_dag.py took 0.089 seconds
[2024-05-01T12:41:24.244+0000] {processor.py:161} INFO - Started process (PID=1545) to work on /home/airflow/.local/lib/python3.12/site-packages/airflow/example_dags/example_sla_dag.py
[2024-05-01T12:41:24.246+0000] {processor.py:830} INFO - Processing file /home/airflow/.local/lib/python3.12/site-packages/airflow/example_dags/example_sla_dag.py for tasks to queue
[2024-05-01T12:41:24.249+0000] {logging_mixin.py:188} INFO - [2024-05-01T12:41:24.248+0000] {dagbag.py:540} INFO - Filling up the DagBag from /home/airflow/.local/lib/python3.12/site-packages/airflow/example_dags/example_sla_dag.py
[2024-05-01T12:41:24.260+0000] {processor.py:840} INFO - DAG(s) 'example_sla_dag' retrieved from /home/airflow/.local/lib/python3.12/site-packages/airflow/example_dags/example_sla_dag.py
[2024-05-01T12:41:24.283+0000] {logging_mixin.py:188} INFO - [2024-05-01T12:41:24.283+0000] {dag.py:3096} INFO - Sync 1 DAGs
[2024-05-01T12:41:24.311+0000] {logging_mixin.py:188} INFO - [2024-05-01T12:41:24.311+0000] {dag.py:3954} INFO - Setting next_dagrun for example_sla_dag to 2024-05-01 12:38:00+00:00, run_after=2024-05-01 12:40:00+00:00
[2024-05-01T12:41:24.330+0000] {processor.py:183} INFO - Processing /home/airflow/.local/lib/python3.12/site-packages/airflow/example_dags/example_sla_dag.py took 0.093 seconds
[2024-05-01T12:41:54.925+0000] {processor.py:161} INFO - Started process (PID=1603) to work on /home/airflow/.local/lib/python3.12/site-packages/airflow/example_dags/example_sla_dag.py
[2024-05-01T12:41:54.927+0000] {processor.py:830} INFO - Processing file /home/airflow/.local/lib/python3.12/site-packages/airflow/example_dags/example_sla_dag.py for tasks to queue
[2024-05-01T12:41:54.930+0000] {logging_mixin.py:188} INFO - [2024-05-01T12:41:54.930+0000] {dagbag.py:540} INFO - Filling up the DagBag from /home/airflow/.local/lib/python3.12/site-packages/airflow/example_dags/example_sla_dag.py
[2024-05-01T12:41:54.941+0000] {processor.py:840} INFO - DAG(s) 'example_sla_dag' retrieved from /home/airflow/.local/lib/python3.12/site-packages/airflow/example_dags/example_sla_dag.py
[2024-05-01T12:41:54.965+0000] {logging_mixin.py:188} INFO - [2024-05-01T12:41:54.965+0000] {dag.py:3096} INFO - Sync 1 DAGs
[2024-05-01T12:41:54.992+0000] {logging_mixin.py:188} INFO - [2024-05-01T12:41:54.992+0000] {dag.py:3954} INFO - Setting next_dagrun for example_sla_dag to 2024-05-01 12:38:00+00:00, run_after=2024-05-01 12:40:00+00:00
[2024-05-01T12:41:55.010+0000] {processor.py:183} INFO - Processing /home/airflow/.local/lib/python3.12/site-packages/airflow/example_dags/example_sla_dag.py took 0.094 seconds
[2024-05-01T12:42:25.160+0000] {processor.py:161} INFO - Started process (PID=1667) to work on /home/airflow/.local/lib/python3.12/site-packages/airflow/example_dags/example_sla_dag.py
[2024-05-01T12:42:25.162+0000] {processor.py:830} INFO - Processing file /home/airflow/.local/lib/python3.12/site-packages/airflow/example_dags/example_sla_dag.py for tasks to queue
[2024-05-01T12:42:25.164+0000] {logging_mixin.py:188} INFO - [2024-05-01T12:42:25.164+0000] {dagbag.py:540} INFO - Filling up the DagBag from /home/airflow/.local/lib/python3.12/site-packages/airflow/example_dags/example_sla_dag.py
[2024-05-01T12:42:25.174+0000] {processor.py:840} INFO - DAG(s) 'example_sla_dag' retrieved from /home/airflow/.local/lib/python3.12/site-packages/airflow/example_dags/example_sla_dag.py
[2024-05-01T12:42:25.194+0000] {logging_mixin.py:188} INFO - [2024-05-01T12:42:25.194+0000] {dag.py:3096} INFO - Sync 1 DAGs
[2024-05-01T12:42:25.221+0000] {logging_mixin.py:188} INFO - [2024-05-01T12:42:25.221+0000] {dag.py:3954} INFO - Setting next_dagrun for example_sla_dag to 2024-05-01 12:40:00+00:00, run_after=2024-05-01 12:42:00+00:00
[2024-05-01T12:42:25.240+0000] {processor.py:183} INFO - Processing /home/airflow/.local/lib/python3.12/site-packages/airflow/example_dags/example_sla_dag.py took 0.087 seconds
[2024-05-01T12:42:55.478+0000] {processor.py:161} INFO - Started process (PID=1725) to work on /home/airflow/.local/lib/python3.12/site-packages/airflow/example_dags/example_sla_dag.py
[2024-05-01T12:42:55.480+0000] {processor.py:830} INFO - Processing file /home/airflow/.local/lib/python3.12/site-packages/airflow/example_dags/example_sla_dag.py for tasks to queue
[2024-05-01T12:42:55.483+0000] {logging_mixin.py:188} INFO - [2024-05-01T12:42:55.482+0000] {dagbag.py:540} INFO - Filling up the DagBag from /home/airflow/.local/lib/python3.12/site-packages/airflow/example_dags/example_sla_dag.py
[2024-05-01T12:42:55.492+0000] {processor.py:840} INFO - DAG(s) 'example_sla_dag' retrieved from /home/airflow/.local/lib/python3.12/site-packages/airflow/example_dags/example_sla_dag.py
[2024-05-01T12:42:55.513+0000] {logging_mixin.py:188} INFO - [2024-05-01T12:42:55.513+0000] {dag.py:3096} INFO - Sync 1 DAGs
[2024-05-01T12:42:55.540+0000] {logging_mixin.py:188} INFO - [2024-05-01T12:42:55.540+0000] {dag.py:3954} INFO - Setting next_dagrun for example_sla_dag to 2024-05-01 12:40:00+00:00, run_after=2024-05-01 12:42:00+00:00
[2024-05-01T12:42:55.559+0000] {processor.py:183} INFO - Processing /home/airflow/.local/lib/python3.12/site-packages/airflow/example_dags/example_sla_dag.py took 0.088 seconds
[2024-05-01T12:43:25.891+0000] {processor.py:161} INFO - Started process (PID=1783) to work on /home/airflow/.local/lib/python3.12/site-packages/airflow/example_dags/example_sla_dag.py
[2024-05-01T12:43:25.892+0000] {processor.py:830} INFO - Processing file /home/airflow/.local/lib/python3.12/site-packages/airflow/example_dags/example_sla_dag.py for tasks to queue
[2024-05-01T12:43:25.896+0000] {logging_mixin.py:188} INFO - [2024-05-01T12:43:25.895+0000] {dagbag.py:540} INFO - Filling up the DagBag from /home/airflow/.local/lib/python3.12/site-packages/airflow/example_dags/example_sla_dag.py
[2024-05-01T12:43:25.905+0000] {processor.py:840} INFO - DAG(s) 'example_sla_dag' retrieved from /home/airflow/.local/lib/python3.12/site-packages/airflow/example_dags/example_sla_dag.py
[2024-05-01T12:43:25.925+0000] {logging_mixin.py:188} INFO - [2024-05-01T12:43:25.925+0000] {dag.py:3096} INFO - Sync 1 DAGs
[2024-05-01T12:43:25.951+0000] {logging_mixin.py:188} INFO - [2024-05-01T12:43:25.951+0000] {dag.py:3954} INFO - Setting next_dagrun for example_sla_dag to 2024-05-01 12:40:00+00:00, run_after=2024-05-01 12:42:00+00:00
[2024-05-01T12:43:25.971+0000] {processor.py:183} INFO - Processing /home/airflow/.local/lib/python3.12/site-packages/airflow/example_dags/example_sla_dag.py took 0.087 seconds
[2024-05-01T12:43:56.128+0000] {processor.py:161} INFO - Started process (PID=1841) to work on /home/airflow/.local/lib/python3.12/site-packages/airflow/example_dags/example_sla_dag.py
[2024-05-01T12:43:56.130+0000] {processor.py:830} INFO - Processing file /home/airflow/.local/lib/python3.12/site-packages/airflow/example_dags/example_sla_dag.py for tasks to queue
[2024-05-01T12:43:56.133+0000] {logging_mixin.py:188} INFO - [2024-05-01T12:43:56.132+0000] {dagbag.py:540} INFO - Filling up the DagBag from /home/airflow/.local/lib/python3.12/site-packages/airflow/example_dags/example_sla_dag.py
[2024-05-01T12:43:56.143+0000] {processor.py:840} INFO - DAG(s) 'example_sla_dag' retrieved from /home/airflow/.local/lib/python3.12/site-packages/airflow/example_dags/example_sla_dag.py
[2024-05-01T12:43:56.164+0000] {logging_mixin.py:188} INFO - [2024-05-01T12:43:56.163+0000] {dag.py:3096} INFO - Sync 1 DAGs
[2024-05-01T12:43:56.191+0000] {logging_mixin.py:188} INFO - [2024-05-01T12:43:56.190+0000] {dag.py:3954} INFO - Setting next_dagrun for example_sla_dag to 2024-05-01 12:40:00+00:00, run_after=2024-05-01 12:42:00+00:00
[2024-05-01T12:43:56.209+0000] {processor.py:183} INFO - Processing /home/airflow/.local/lib/python3.12/site-packages/airflow/example_dags/example_sla_dag.py took 0.088 seconds
[2024-05-01T12:44:26.526+0000] {processor.py:161} INFO - Started process (PID=1899) to work on /home/airflow/.local/lib/python3.12/site-packages/airflow/example_dags/example_sla_dag.py
[2024-05-01T12:44:26.528+0000] {processor.py:830} INFO - Processing file /home/airflow/.local/lib/python3.12/site-packages/airflow/example_dags/example_sla_dag.py for tasks to queue
[2024-05-01T12:44:26.531+0000] {logging_mixin.py:188} INFO - [2024-05-01T12:44:26.530+0000] {dagbag.py:540} INFO - Filling up the DagBag from /home/airflow/.local/lib/python3.12/site-packages/airflow/example_dags/example_sla_dag.py
[2024-05-01T12:44:26.542+0000] {processor.py:840} INFO - DAG(s) 'example_sla_dag' retrieved from /home/airflow/.local/lib/python3.12/site-packages/airflow/example_dags/example_sla_dag.py
[2024-05-01T12:44:26.568+0000] {logging_mixin.py:188} INFO - [2024-05-01T12:44:26.568+0000] {dag.py:3096} INFO - Sync 1 DAGs
[2024-05-01T12:44:26.597+0000] {logging_mixin.py:188} INFO - [2024-05-01T12:44:26.597+0000] {dag.py:3954} INFO - Setting next_dagrun for example_sla_dag to 2024-05-01 12:42:00+00:00, run_after=2024-05-01 12:44:00+00:00
[2024-05-01T12:44:26.617+0000] {processor.py:183} INFO - Processing /home/airflow/.local/lib/python3.12/site-packages/airflow/example_dags/example_sla_dag.py took 0.100 seconds
[2024-05-01T12:44:57.476+0000] {processor.py:161} INFO - Started process (PID=1957) to work on /home/airflow/.local/lib/python3.12/site-packages/airflow/example_dags/example_sla_dag.py
[2024-05-01T12:44:57.478+0000] {processor.py:830} INFO - Processing file /home/airflow/.local/lib/python3.12/site-packages/airflow/example_dags/example_sla_dag.py for tasks to queue
[2024-05-01T12:44:57.480+0000] {logging_mixin.py:188} INFO - [2024-05-01T12:44:57.480+0000] {dagbag.py:540} INFO - Filling up the DagBag from /home/airflow/.local/lib/python3.12/site-packages/airflow/example_dags/example_sla_dag.py
[2024-05-01T12:44:57.489+0000] {processor.py:840} INFO - DAG(s) 'example_sla_dag' retrieved from /home/airflow/.local/lib/python3.12/site-packages/airflow/example_dags/example_sla_dag.py
[2024-05-01T12:44:57.509+0000] {logging_mixin.py:188} INFO - [2024-05-01T12:44:57.509+0000] {dag.py:3096} INFO - Sync 1 DAGs
[2024-05-01T12:44:57.536+0000] {logging_mixin.py:188} INFO - [2024-05-01T12:44:57.535+0000] {dag.py:3954} INFO - Setting next_dagrun for example_sla_dag to 2024-05-01 12:42:00+00:00, run_after=2024-05-01 12:44:00+00:00
[2024-05-01T12:44:57.554+0000] {processor.py:183} INFO - Processing /home/airflow/.local/lib/python3.12/site-packages/airflow/example_dags/example_sla_dag.py took 0.085 seconds
[2024-05-01T12:45:27.734+0000] {processor.py:161} INFO - Started process (PID=2015) to work on /home/airflow/.local/lib/python3.12/site-packages/airflow/example_dags/example_sla_dag.py
[2024-05-01T12:45:27.736+0000] {processor.py:830} INFO - Processing file /home/airflow/.local/lib/python3.12/site-packages/airflow/example_dags/example_sla_dag.py for tasks to queue
[2024-05-01T12:45:27.738+0000] {logging_mixin.py:188} INFO - [2024-05-01T12:45:27.737+0000] {dagbag.py:540} INFO - Filling up the DagBag from /home/airflow/.local/lib/python3.12/site-packages/airflow/example_dags/example_sla_dag.py
[2024-05-01T12:45:27.747+0000] {processor.py:840} INFO - DAG(s) 'example_sla_dag' retrieved from /home/airflow/.local/lib/python3.12/site-packages/airflow/example_dags/example_sla_dag.py
[2024-05-01T12:45:27.767+0000] {logging_mixin.py:188} INFO - [2024-05-01T12:45:27.767+0000] {dag.py:3096} INFO - Sync 1 DAGs
[2024-05-01T12:45:27.794+0000] {logging_mixin.py:188} INFO - [2024-05-01T12:45:27.794+0000] {dag.py:3954} INFO - Setting next_dagrun for example_sla_dag to 2024-05-01 12:42:00+00:00, run_after=2024-05-01 12:44:00+00:00
[2024-05-01T12:45:27.813+0000] {processor.py:183} INFO - Processing /home/airflow/.local/lib/python3.12/site-packages/airflow/example_dags/example_sla_dag.py took 0.086 seconds
[2024-05-01T12:45:57.887+0000] {processor.py:161} INFO - Started process (PID=2073) to work on /home/airflow/.local/lib/python3.12/site-packages/airflow/example_dags/example_sla_dag.py
[2024-05-01T12:45:57.889+0000] {processor.py:830} INFO - Processing file /home/airflow/.local/lib/python3.12/site-packages/airflow/example_dags/example_sla_dag.py for tasks to queue
[2024-05-01T12:45:57.892+0000] {logging_mixin.py:188} INFO - [2024-05-01T12:45:57.891+0000] {dagbag.py:540} INFO - Filling up the DagBag from /home/airflow/.local/lib/python3.12/site-packages/airflow/example_dags/example_sla_dag.py
[2024-05-01T12:45:57.903+0000] {processor.py:840} INFO - DAG(s) 'example_sla_dag' retrieved from /home/airflow/.local/lib/python3.12/site-packages/airflow/example_dags/example_sla_dag.py
[2024-05-01T12:45:57.928+0000] {logging_mixin.py:188} INFO - [2024-05-01T12:45:57.928+0000] {dag.py:3096} INFO - Sync 1 DAGs
[2024-05-01T12:45:57.959+0000] {logging_mixin.py:188} INFO - [2024-05-01T12:45:57.959+0000] {dag.py:3954} INFO - Setting next_dagrun for example_sla_dag to 2024-05-01 12:42:00+00:00, run_after=2024-05-01 12:44:00+00:00
[2024-05-01T12:45:57.978+0000] {processor.py:183} INFO - Processing /home/airflow/.local/lib/python3.12/site-packages/airflow/example_dags/example_sla_dag.py took 0.100 seconds
[2024-05-01T12:46:28.333+0000] {processor.py:161} INFO - Started process (PID=2131) to work on /home/airflow/.local/lib/python3.12/site-packages/airflow/example_dags/example_sla_dag.py
[2024-05-01T12:46:28.336+0000] {processor.py:830} INFO - Processing file /home/airflow/.local/lib/python3.12/site-packages/airflow/example_dags/example_sla_dag.py for tasks to queue
[2024-05-01T12:46:28.339+0000] {logging_mixin.py:188} INFO - [2024-05-01T12:46:28.339+0000] {dagbag.py:540} INFO - Filling up the DagBag from /home/airflow/.local/lib/python3.12/site-packages/airflow/example_dags/example_sla_dag.py
[2024-05-01T12:46:28.350+0000] {processor.py:840} INFO - DAG(s) 'example_sla_dag' retrieved from /home/airflow/.local/lib/python3.12/site-packages/airflow/example_dags/example_sla_dag.py
[2024-05-01T12:46:28.376+0000] {logging_mixin.py:188} INFO - [2024-05-01T12:46:28.376+0000] {dag.py:3096} INFO - Sync 1 DAGs
[2024-05-01T12:46:28.404+0000] {logging_mixin.py:188} INFO - [2024-05-01T12:46:28.403+0000] {dag.py:3954} INFO - Setting next_dagrun for example_sla_dag to 2024-05-01 12:44:00+00:00, run_after=2024-05-01 12:46:00+00:00
[2024-05-01T12:46:28.424+0000] {processor.py:183} INFO - Processing /home/airflow/.local/lib/python3.12/site-packages/airflow/example_dags/example_sla_dag.py took 0.098 seconds
[2024-05-01T12:46:58.740+0000] {processor.py:161} INFO - Started process (PID=2189) to work on /home/airflow/.local/lib/python3.12/site-packages/airflow/example_dags/example_sla_dag.py
[2024-05-01T12:46:58.741+0000] {processor.py:830} INFO - Processing file /home/airflow/.local/lib/python3.12/site-packages/airflow/example_dags/example_sla_dag.py for tasks to queue
[2024-05-01T12:46:58.744+0000] {logging_mixin.py:188} INFO - [2024-05-01T12:46:58.743+0000] {dagbag.py:540} INFO - Filling up the DagBag from /home/airflow/.local/lib/python3.12/site-packages/airflow/example_dags/example_sla_dag.py
[2024-05-01T12:46:58.754+0000] {processor.py:840} INFO - DAG(s) 'example_sla_dag' retrieved from /home/airflow/.local/lib/python3.12/site-packages/airflow/example_dags/example_sla_dag.py
[2024-05-01T12:46:58.776+0000] {logging_mixin.py:188} INFO - [2024-05-01T12:46:58.776+0000] {dag.py:3096} INFO - Sync 1 DAGs
[2024-05-01T12:46:58.803+0000] {logging_mixin.py:188} INFO - [2024-05-01T12:46:58.803+0000] {dag.py:3954} INFO - Setting next_dagrun for example_sla_dag to 2024-05-01 12:44:00+00:00, run_after=2024-05-01 12:46:00+00:00
[2024-05-01T12:46:58.822+0000] {processor.py:183} INFO - Processing /home/airflow/.local/lib/python3.12/site-packages/airflow/example_dags/example_sla_dag.py took 0.091 seconds
[2024-05-01T12:47:28.924+0000] {processor.py:161} INFO - Started process (PID=2247) to work on /home/airflow/.local/lib/python3.12/site-packages/airflow/example_dags/example_sla_dag.py
[2024-05-01T12:47:28.925+0000] {processor.py:830} INFO - Processing file /home/airflow/.local/lib/python3.12/site-packages/airflow/example_dags/example_sla_dag.py for tasks to queue
[2024-05-01T12:47:28.929+0000] {logging_mixin.py:188} INFO - [2024-05-01T12:47:28.928+0000] {dagbag.py:540} INFO - Filling up the DagBag from /home/airflow/.local/lib/python3.12/site-packages/airflow/example_dags/example_sla_dag.py
[2024-05-01T12:47:28.937+0000] {processor.py:840} INFO - DAG(s) 'example_sla_dag' retrieved from /home/airflow/.local/lib/python3.12/site-packages/airflow/example_dags/example_sla_dag.py
[2024-05-01T12:47:28.959+0000] {logging_mixin.py:188} INFO - [2024-05-01T12:47:28.959+0000] {dag.py:3096} INFO - Sync 1 DAGs
[2024-05-01T12:47:28.988+0000] {logging_mixin.py:188} INFO - [2024-05-01T12:47:28.988+0000] {dag.py:3954} INFO - Setting next_dagrun for example_sla_dag to 2024-05-01 12:44:00+00:00, run_after=2024-05-01 12:46:00+00:00
[2024-05-01T12:47:29.009+0000] {processor.py:183} INFO - Processing /home/airflow/.local/lib/python3.12/site-packages/airflow/example_dags/example_sla_dag.py took 0.090 seconds
[2024-05-01T12:47:59.472+0000] {processor.py:161} INFO - Started process (PID=2305) to work on /home/airflow/.local/lib/python3.12/site-packages/airflow/example_dags/example_sla_dag.py
[2024-05-01T12:47:59.474+0000] {processor.py:830} INFO - Processing file /home/airflow/.local/lib/python3.12/site-packages/airflow/example_dags/example_sla_dag.py for tasks to queue
[2024-05-01T12:47:59.478+0000] {logging_mixin.py:188} INFO - [2024-05-01T12:47:59.477+0000] {dagbag.py:540} INFO - Filling up the DagBag from /home/airflow/.local/lib/python3.12/site-packages/airflow/example_dags/example_sla_dag.py
[2024-05-01T12:47:59.489+0000] {processor.py:840} INFO - DAG(s) 'example_sla_dag' retrieved from /home/airflow/.local/lib/python3.12/site-packages/airflow/example_dags/example_sla_dag.py
[2024-05-01T12:47:59.511+0000] {logging_mixin.py:188} INFO - [2024-05-01T12:47:59.511+0000] {dag.py:3096} INFO - Sync 1 DAGs
[2024-05-01T12:47:59.538+0000] {logging_mixin.py:188} INFO - [2024-05-01T12:47:59.538+0000] {dag.py:3954} INFO - Setting next_dagrun for example_sla_dag to 2024-05-01 12:44:00+00:00, run_after=2024-05-01 12:46:00+00:00
[2024-05-01T12:47:59.556+0000] {processor.py:183} INFO - Processing /home/airflow/.local/lib/python3.12/site-packages/airflow/example_dags/example_sla_dag.py took 0.092 seconds
[2024-05-01T12:48:30.479+0000] {processor.py:161} INFO - Started process (PID=2363) to work on /home/airflow/.local/lib/python3.12/site-packages/airflow/example_dags/example_sla_dag.py
[2024-05-01T12:48:30.480+0000] {processor.py:830} INFO - Processing file /home/airflow/.local/lib/python3.12/site-packages/airflow/example_dags/example_sla_dag.py for tasks to queue
[2024-05-01T12:48:30.484+0000] {logging_mixin.py:188} INFO - [2024-05-01T12:48:30.483+0000] {dagbag.py:540} INFO - Filling up the DagBag from /home/airflow/.local/lib/python3.12/site-packages/airflow/example_dags/example_sla_dag.py
[2024-05-01T12:48:30.493+0000] {processor.py:840} INFO - DAG(s) 'example_sla_dag' retrieved from /home/airflow/.local/lib/python3.12/site-packages/airflow/example_dags/example_sla_dag.py
[2024-05-01T12:48:30.514+0000] {logging_mixin.py:188} INFO - [2024-05-01T12:48:30.513+0000] {dag.py:3096} INFO - Sync 1 DAGs
[2024-05-01T12:48:30.541+0000] {logging_mixin.py:188} INFO - [2024-05-01T12:48:30.540+0000] {dag.py:3954} INFO - Setting next_dagrun for example_sla_dag to 2024-05-01 12:46:00+00:00, run_after=2024-05-01 12:48:00+00:00
[2024-05-01T12:48:30.559+0000] {processor.py:183} INFO - Processing /home/airflow/.local/lib/python3.12/site-packages/airflow/example_dags/example_sla_dag.py took 0.088 seconds
[2024-05-01T12:49:00.801+0000] {processor.py:161} INFO - Started process (PID=2421) to work on /home/airflow/.local/lib/python3.12/site-packages/airflow/example_dags/example_sla_dag.py
[2024-05-01T12:49:00.802+0000] {processor.py:830} INFO - Processing file /home/airflow/.local/lib/python3.12/site-packages/airflow/example_dags/example_sla_dag.py for tasks to queue
[2024-05-01T12:49:00.805+0000] {logging_mixin.py:188} INFO - [2024-05-01T12:49:00.804+0000] {dagbag.py:540} INFO - Filling up the DagBag from /home/airflow/.local/lib/python3.12/site-packages/airflow/example_dags/example_sla_dag.py
[2024-05-01T12:49:00.815+0000] {processor.py:840} INFO - DAG(s) 'example_sla_dag' retrieved from /home/airflow/.local/lib/python3.12/site-packages/airflow/example_dags/example_sla_dag.py
[2024-05-01T12:49:00.836+0000] {logging_mixin.py:188} INFO - [2024-05-01T12:49:00.836+0000] {dag.py:3096} INFO - Sync 1 DAGs
[2024-05-01T12:49:00.862+0000] {logging_mixin.py:188} INFO - [2024-05-01T12:49:00.862+0000] {dag.py:3954} INFO - Setting next_dagrun for example_sla_dag to 2024-05-01 12:46:00+00:00, run_after=2024-05-01 12:48:00+00:00
[2024-05-01T12:49:00.880+0000] {processor.py:183} INFO - Processing /home/airflow/.local/lib/python3.12/site-packages/airflow/example_dags/example_sla_dag.py took 0.087 seconds
[2024-05-01T12:49:30.999+0000] {processor.py:161} INFO - Started process (PID=2479) to work on /home/airflow/.local/lib/python3.12/site-packages/airflow/example_dags/example_sla_dag.py
[2024-05-01T12:49:31.001+0000] {processor.py:830} INFO - Processing file /home/airflow/.local/lib/python3.12/site-packages/airflow/example_dags/example_sla_dag.py for tasks to queue
[2024-05-01T12:49:31.004+0000] {logging_mixin.py:188} INFO - [2024-05-01T12:49:31.003+0000] {dagbag.py:540} INFO - Filling up the DagBag from /home/airflow/.local/lib/python3.12/site-packages/airflow/example_dags/example_sla_dag.py
[2024-05-01T12:49:31.014+0000] {processor.py:840} INFO - DAG(s) 'example_sla_dag' retrieved from /home/airflow/.local/lib/python3.12/site-packages/airflow/example_dags/example_sla_dag.py
[2024-05-01T12:49:31.035+0000] {logging_mixin.py:188} INFO - [2024-05-01T12:49:31.035+0000] {dag.py:3096} INFO - Sync 1 DAGs
[2024-05-01T12:49:31.061+0000] {logging_mixin.py:188} INFO - [2024-05-01T12:49:31.061+0000] {dag.py:3954} INFO - Setting next_dagrun for example_sla_dag to 2024-05-01 12:46:00+00:00, run_after=2024-05-01 12:48:00+00:00
[2024-05-01T12:49:31.080+0000] {processor.py:183} INFO - Processing /home/airflow/.local/lib/python3.12/site-packages/airflow/example_dags/example_sla_dag.py took 0.090 seconds
[2024-05-01T12:50:01.665+0000] {processor.py:161} INFO - Started process (PID=2537) to work on /home/airflow/.local/lib/python3.12/site-packages/airflow/example_dags/example_sla_dag.py
[2024-05-01T12:50:01.666+0000] {processor.py:830} INFO - Processing file /home/airflow/.local/lib/python3.12/site-packages/airflow/example_dags/example_sla_dag.py for tasks to queue
[2024-05-01T12:50:01.669+0000] {logging_mixin.py:188} INFO - [2024-05-01T12:50:01.668+0000] {dagbag.py:540} INFO - Filling up the DagBag from /home/airflow/.local/lib/python3.12/site-packages/airflow/example_dags/example_sla_dag.py
[2024-05-01T12:50:01.678+0000] {processor.py:840} INFO - DAG(s) 'example_sla_dag' retrieved from /home/airflow/.local/lib/python3.12/site-packages/airflow/example_dags/example_sla_dag.py
[2024-05-01T12:50:01.697+0000] {logging_mixin.py:188} INFO - [2024-05-01T12:50:01.697+0000] {dag.py:3096} INFO - Sync 1 DAGs
[2024-05-01T12:50:01.724+0000] {logging_mixin.py:188} INFO - [2024-05-01T12:50:01.724+0000] {dag.py:3954} INFO - Setting next_dagrun for example_sla_dag to 2024-05-01 12:48:00+00:00, run_after=2024-05-01 12:50:00+00:00
[2024-05-01T12:50:01.742+0000] {processor.py:183} INFO - Processing /home/airflow/.local/lib/python3.12/site-packages/airflow/example_dags/example_sla_dag.py took 0.084 seconds
[2024-05-01T12:50:31.814+0000] {processor.py:161} INFO - Started process (PID=2594) to work on /home/airflow/.local/lib/python3.12/site-packages/airflow/example_dags/example_sla_dag.py
[2024-05-01T12:50:31.816+0000] {processor.py:830} INFO - Processing file /home/airflow/.local/lib/python3.12/site-packages/airflow/example_dags/example_sla_dag.py for tasks to queue
[2024-05-01T12:50:31.820+0000] {logging_mixin.py:188} INFO - [2024-05-01T12:50:31.819+0000] {dagbag.py:540} INFO - Filling up the DagBag from /home/airflow/.local/lib/python3.12/site-packages/airflow/example_dags/example_sla_dag.py
[2024-05-01T12:50:31.830+0000] {processor.py:840} INFO - DAG(s) 'example_sla_dag' retrieved from /home/airflow/.local/lib/python3.12/site-packages/airflow/example_dags/example_sla_dag.py
[2024-05-01T12:50:31.852+0000] {logging_mixin.py:188} INFO - [2024-05-01T12:50:31.851+0000] {dag.py:3096} INFO - Sync 1 DAGs
[2024-05-01T12:50:31.877+0000] {logging_mixin.py:188} INFO - [2024-05-01T12:50:31.877+0000] {dag.py:3954} INFO - Setting next_dagrun for example_sla_dag to 2024-05-01 12:48:00+00:00, run_after=2024-05-01 12:50:00+00:00
[2024-05-01T12:50:31.895+0000] {processor.py:183} INFO - Processing /home/airflow/.local/lib/python3.12/site-packages/airflow/example_dags/example_sla_dag.py took 0.089 seconds
[2024-05-01T12:51:02.433+0000] {processor.py:161} INFO - Started process (PID=2652) to work on /home/airflow/.local/lib/python3.12/site-packages/airflow/example_dags/example_sla_dag.py
[2024-05-01T12:51:02.435+0000] {processor.py:830} INFO - Processing file /home/airflow/.local/lib/python3.12/site-packages/airflow/example_dags/example_sla_dag.py for tasks to queue
[2024-05-01T12:51:02.439+0000] {logging_mixin.py:188} INFO - [2024-05-01T12:51:02.438+0000] {dagbag.py:540} INFO - Filling up the DagBag from /home/airflow/.local/lib/python3.12/site-packages/airflow/example_dags/example_sla_dag.py
[2024-05-01T12:51:02.450+0000] {processor.py:840} INFO - DAG(s) 'example_sla_dag' retrieved from /home/airflow/.local/lib/python3.12/site-packages/airflow/example_dags/example_sla_dag.py
[2024-05-01T12:51:02.471+0000] {logging_mixin.py:188} INFO - [2024-05-01T12:51:02.471+0000] {dag.py:3096} INFO - Sync 1 DAGs
[2024-05-01T12:51:02.499+0000] {logging_mixin.py:188} INFO - [2024-05-01T12:51:02.498+0000] {dag.py:3954} INFO - Setting next_dagrun for example_sla_dag to 2024-05-01 12:48:00+00:00, run_after=2024-05-01 12:50:00+00:00
[2024-05-01T12:51:02.519+0000] {processor.py:183} INFO - Processing /home/airflow/.local/lib/python3.12/site-packages/airflow/example_dags/example_sla_dag.py took 0.094 seconds
[2024-05-01T12:51:32.789+0000] {processor.py:161} INFO - Started process (PID=2710) to work on /home/airflow/.local/lib/python3.12/site-packages/airflow/example_dags/example_sla_dag.py
[2024-05-01T12:51:32.791+0000] {processor.py:830} INFO - Processing file /home/airflow/.local/lib/python3.12/site-packages/airflow/example_dags/example_sla_dag.py for tasks to queue
[2024-05-01T12:51:32.795+0000] {logging_mixin.py:188} INFO - [2024-05-01T12:51:32.794+0000] {dagbag.py:540} INFO - Filling up the DagBag from /home/airflow/.local/lib/python3.12/site-packages/airflow/example_dags/example_sla_dag.py
[2024-05-01T12:51:32.805+0000] {processor.py:840} INFO - DAG(s) 'example_sla_dag' retrieved from /home/airflow/.local/lib/python3.12/site-packages/airflow/example_dags/example_sla_dag.py
[2024-05-01T12:51:32.827+0000] {logging_mixin.py:188} INFO - [2024-05-01T12:51:32.827+0000] {dag.py:3096} INFO - Sync 1 DAGs
[2024-05-01T12:51:32.853+0000] {logging_mixin.py:188} INFO - [2024-05-01T12:51:32.853+0000] {dag.py:3954} INFO - Setting next_dagrun for example_sla_dag to 2024-05-01 12:48:00+00:00, run_after=2024-05-01 12:50:00+00:00
[2024-05-01T12:51:32.871+0000] {processor.py:183} INFO - Processing /home/airflow/.local/lib/python3.12/site-packages/airflow/example_dags/example_sla_dag.py took 0.089 seconds
[2024-05-01T12:52:03.709+0000] {processor.py:161} INFO - Started process (PID=2768) to work on /home/airflow/.local/lib/python3.12/site-packages/airflow/example_dags/example_sla_dag.py
[2024-05-01T12:52:03.711+0000] {processor.py:830} INFO - Processing file /home/airflow/.local/lib/python3.12/site-packages/airflow/example_dags/example_sla_dag.py for tasks to queue
[2024-05-01T12:52:03.714+0000] {logging_mixin.py:188} INFO - [2024-05-01T12:52:03.714+0000] {dagbag.py:540} INFO - Filling up the DagBag from /home/airflow/.local/lib/python3.12/site-packages/airflow/example_dags/example_sla_dag.py
[2024-05-01T12:52:03.725+0000] {processor.py:840} INFO - DAG(s) 'example_sla_dag' retrieved from /home/airflow/.local/lib/python3.12/site-packages/airflow/example_dags/example_sla_dag.py
[2024-05-01T12:52:03.747+0000] {logging_mixin.py:188} INFO - [2024-05-01T12:52:03.746+0000] {dag.py:3096} INFO - Sync 1 DAGs
[2024-05-01T12:52:03.773+0000] {logging_mixin.py:188} INFO - [2024-05-01T12:52:03.773+0000] {dag.py:3954} INFO - Setting next_dagrun for example_sla_dag to 2024-05-01 12:50:00+00:00, run_after=2024-05-01 12:52:00+00:00
[2024-05-01T12:52:03.791+0000] {processor.py:183} INFO - Processing /home/airflow/.local/lib/python3.12/site-packages/airflow/example_dags/example_sla_dag.py took 0.090 seconds
[2024-05-01T12:52:34.664+0000] {processor.py:161} INFO - Started process (PID=2826) to work on /home/airflow/.local/lib/python3.12/site-packages/airflow/example_dags/example_sla_dag.py
[2024-05-01T12:52:34.665+0000] {processor.py:830} INFO - Processing file /home/airflow/.local/lib/python3.12/site-packages/airflow/example_dags/example_sla_dag.py for tasks to queue
[2024-05-01T12:52:34.669+0000] {logging_mixin.py:188} INFO - [2024-05-01T12:52:34.668+0000] {dagbag.py:540} INFO - Filling up the DagBag from /home/airflow/.local/lib/python3.12/site-packages/airflow/example_dags/example_sla_dag.py
[2024-05-01T12:52:34.680+0000] {processor.py:840} INFO - DAG(s) 'example_sla_dag' retrieved from /home/airflow/.local/lib/python3.12/site-packages/airflow/example_dags/example_sla_dag.py
[2024-05-01T12:52:34.702+0000] {logging_mixin.py:188} INFO - [2024-05-01T12:52:34.702+0000] {dag.py:3096} INFO - Sync 1 DAGs
[2024-05-01T12:52:34.729+0000] {logging_mixin.py:188} INFO - [2024-05-01T12:52:34.728+0000] {dag.py:3954} INFO - Setting next_dagrun for example_sla_dag to 2024-05-01 12:50:00+00:00, run_after=2024-05-01 12:52:00+00:00
[2024-05-01T12:52:34.747+0000] {processor.py:183} INFO - Processing /home/airflow/.local/lib/python3.12/site-packages/airflow/example_dags/example_sla_dag.py took 0.091 seconds
[2024-05-01T12:53:05.621+0000] {processor.py:161} INFO - Started process (PID=2884) to work on /home/airflow/.local/lib/python3.12/site-packages/airflow/example_dags/example_sla_dag.py
[2024-05-01T12:53:05.623+0000] {processor.py:830} INFO - Processing file /home/airflow/.local/lib/python3.12/site-packages/airflow/example_dags/example_sla_dag.py for tasks to queue
[2024-05-01T12:53:05.626+0000] {logging_mixin.py:188} INFO - [2024-05-01T12:53:05.626+0000] {dagbag.py:540} INFO - Filling up the DagBag from /home/airflow/.local/lib/python3.12/site-packages/airflow/example_dags/example_sla_dag.py
[2024-05-01T12:53:05.637+0000] {processor.py:840} INFO - DAG(s) 'example_sla_dag' retrieved from /home/airflow/.local/lib/python3.12/site-packages/airflow/example_dags/example_sla_dag.py
[2024-05-01T12:53:05.658+0000] {logging_mixin.py:188} INFO - [2024-05-01T12:53:05.658+0000] {dag.py:3096} INFO - Sync 1 DAGs
[2024-05-01T12:53:05.684+0000] {logging_mixin.py:188} INFO - [2024-05-01T12:53:05.684+0000] {dag.py:3954} INFO - Setting next_dagrun for example_sla_dag to 2024-05-01 12:50:00+00:00, run_after=2024-05-01 12:52:00+00:00
[2024-05-01T12:53:05.702+0000] {processor.py:183} INFO - Processing /home/airflow/.local/lib/python3.12/site-packages/airflow/example_dags/example_sla_dag.py took 0.089 seconds
[2024-05-01T12:53:35.771+0000] {processor.py:161} INFO - Started process (PID=2942) to work on /home/airflow/.local/lib/python3.12/site-packages/airflow/example_dags/example_sla_dag.py
[2024-05-01T12:53:35.772+0000] {processor.py:830} INFO - Processing file /home/airflow/.local/lib/python3.12/site-packages/airflow/example_dags/example_sla_dag.py for tasks to queue
[2024-05-01T12:53:35.777+0000] {logging_mixin.py:188} INFO - [2024-05-01T12:53:35.776+0000] {dagbag.py:540} INFO - Filling up the DagBag from /home/airflow/.local/lib/python3.12/site-packages/airflow/example_dags/example_sla_dag.py
[2024-05-01T12:53:35.787+0000] {processor.py:840} INFO - DAG(s) 'example_sla_dag' retrieved from /home/airflow/.local/lib/python3.12/site-packages/airflow/example_dags/example_sla_dag.py
[2024-05-01T12:53:35.809+0000] {logging_mixin.py:188} INFO - [2024-05-01T12:53:35.809+0000] {dag.py:3096} INFO - Sync 1 DAGs
[2024-05-01T12:53:35.834+0000] {logging_mixin.py:188} INFO - [2024-05-01T12:53:35.834+0000] {dag.py:3954} INFO - Setting next_dagrun for example_sla_dag to 2024-05-01 12:50:00+00:00, run_after=2024-05-01 12:52:00+00:00
[2024-05-01T12:53:35.853+0000] {processor.py:183} INFO - Processing /home/airflow/.local/lib/python3.12/site-packages/airflow/example_dags/example_sla_dag.py took 0.090 seconds
[2024-05-01T12:54:06.775+0000] {processor.py:161} INFO - Started process (PID=3000) to work on /home/airflow/.local/lib/python3.12/site-packages/airflow/example_dags/example_sla_dag.py
[2024-05-01T12:54:06.776+0000] {processor.py:830} INFO - Processing file /home/airflow/.local/lib/python3.12/site-packages/airflow/example_dags/example_sla_dag.py for tasks to queue
[2024-05-01T12:54:06.779+0000] {logging_mixin.py:188} INFO - [2024-05-01T12:54:06.779+0000] {dagbag.py:540} INFO - Filling up the DagBag from /home/airflow/.local/lib/python3.12/site-packages/airflow/example_dags/example_sla_dag.py
[2024-05-01T12:54:06.788+0000] {processor.py:840} INFO - DAG(s) 'example_sla_dag' retrieved from /home/airflow/.local/lib/python3.12/site-packages/airflow/example_dags/example_sla_dag.py
[2024-05-01T12:54:06.808+0000] {logging_mixin.py:188} INFO - [2024-05-01T12:54:06.808+0000] {dag.py:3096} INFO - Sync 1 DAGs
[2024-05-01T12:54:06.833+0000] {logging_mixin.py:188} INFO - [2024-05-01T12:54:06.833+0000] {dag.py:3954} INFO - Setting next_dagrun for example_sla_dag to 2024-05-01 12:52:00+00:00, run_after=2024-05-01 12:54:00+00:00
[2024-05-01T12:54:06.853+0000] {processor.py:183} INFO - Processing /home/airflow/.local/lib/python3.12/site-packages/airflow/example_dags/example_sla_dag.py took 0.086 seconds
[2024-05-01T12:54:37.771+0000] {processor.py:161} INFO - Started process (PID=3058) to work on /home/airflow/.local/lib/python3.12/site-packages/airflow/example_dags/example_sla_dag.py
[2024-05-01T12:54:37.773+0000] {processor.py:830} INFO - Processing file /home/airflow/.local/lib/python3.12/site-packages/airflow/example_dags/example_sla_dag.py for tasks to queue
[2024-05-01T12:54:37.775+0000] {logging_mixin.py:188} INFO - [2024-05-01T12:54:37.775+0000] {dagbag.py:540} INFO - Filling up the DagBag from /home/airflow/.local/lib/python3.12/site-packages/airflow/example_dags/example_sla_dag.py
[2024-05-01T12:54:37.785+0000] {processor.py:840} INFO - DAG(s) 'example_sla_dag' retrieved from /home/airflow/.local/lib/python3.12/site-packages/airflow/example_dags/example_sla_dag.py
[2024-05-01T12:54:37.806+0000] {logging_mixin.py:188} INFO - [2024-05-01T12:54:37.806+0000] {dag.py:3096} INFO - Sync 1 DAGs
[2024-05-01T12:54:37.831+0000] {logging_mixin.py:188} INFO - [2024-05-01T12:54:37.831+0000] {dag.py:3954} INFO - Setting next_dagrun for example_sla_dag to 2024-05-01 12:52:00+00:00, run_after=2024-05-01 12:54:00+00:00
[2024-05-01T12:54:37.850+0000] {processor.py:183} INFO - Processing /home/airflow/.local/lib/python3.12/site-packages/airflow/example_dags/example_sla_dag.py took 0.086 seconds
[2024-05-01T12:55:08.691+0000] {processor.py:161} INFO - Started process (PID=3116) to work on /home/airflow/.local/lib/python3.12/site-packages/airflow/example_dags/example_sla_dag.py
[2024-05-01T12:55:08.693+0000] {processor.py:830} INFO - Processing file /home/airflow/.local/lib/python3.12/site-packages/airflow/example_dags/example_sla_dag.py for tasks to queue
[2024-05-01T12:55:08.696+0000] {logging_mixin.py:188} INFO - [2024-05-01T12:55:08.696+0000] {dagbag.py:540} INFO - Filling up the DagBag from /home/airflow/.local/lib/python3.12/site-packages/airflow/example_dags/example_sla_dag.py
[2024-05-01T12:55:08.707+0000] {processor.py:840} INFO - DAG(s) 'example_sla_dag' retrieved from /home/airflow/.local/lib/python3.12/site-packages/airflow/example_dags/example_sla_dag.py
[2024-05-01T12:55:08.728+0000] {logging_mixin.py:188} INFO - [2024-05-01T12:55:08.727+0000] {dag.py:3096} INFO - Sync 1 DAGs
[2024-05-01T12:55:08.753+0000] {logging_mixin.py:188} INFO - [2024-05-01T12:55:08.753+0000] {dag.py:3954} INFO - Setting next_dagrun for example_sla_dag to 2024-05-01 12:52:00+00:00, run_after=2024-05-01 12:54:00+00:00
[2024-05-01T12:55:08.771+0000] {processor.py:183} INFO - Processing /home/airflow/.local/lib/python3.12/site-packages/airflow/example_dags/example_sla_dag.py took 0.088 seconds
[2024-05-01T12:55:39.636+0000] {processor.py:161} INFO - Started process (PID=3174) to work on /home/airflow/.local/lib/python3.12/site-packages/airflow/example_dags/example_sla_dag.py
[2024-05-01T12:55:39.637+0000] {processor.py:830} INFO - Processing file /home/airflow/.local/lib/python3.12/site-packages/airflow/example_dags/example_sla_dag.py for tasks to queue
[2024-05-01T12:55:39.640+0000] {logging_mixin.py:188} INFO - [2024-05-01T12:55:39.640+0000] {dagbag.py:540} INFO - Filling up the DagBag from /home/airflow/.local/lib/python3.12/site-packages/airflow/example_dags/example_sla_dag.py
[2024-05-01T12:55:39.651+0000] {processor.py:840} INFO - DAG(s) 'example_sla_dag' retrieved from /home/airflow/.local/lib/python3.12/site-packages/airflow/example_dags/example_sla_dag.py
[2024-05-01T12:55:39.673+0000] {logging_mixin.py:188} INFO - [2024-05-01T12:55:39.672+0000] {dag.py:3096} INFO - Sync 1 DAGs
[2024-05-01T12:55:39.698+0000] {logging_mixin.py:188} INFO - [2024-05-01T12:55:39.698+0000] {dag.py:3954} INFO - Setting next_dagrun for example_sla_dag to 2024-05-01 12:52:00+00:00, run_after=2024-05-01 12:54:00+00:00
[2024-05-01T12:55:39.716+0000] {processor.py:183} INFO - Processing /home/airflow/.local/lib/python3.12/site-packages/airflow/example_dags/example_sla_dag.py took 0.088 seconds
[2024-05-01T12:56:10.558+0000] {processor.py:161} INFO - Started process (PID=3232) to work on /home/airflow/.local/lib/python3.12/site-packages/airflow/example_dags/example_sla_dag.py
[2024-05-01T12:56:10.559+0000] {processor.py:830} INFO - Processing file /home/airflow/.local/lib/python3.12/site-packages/airflow/example_dags/example_sla_dag.py for tasks to queue
[2024-05-01T12:56:10.563+0000] {logging_mixin.py:188} INFO - [2024-05-01T12:56:10.562+0000] {dagbag.py:540} INFO - Filling up the DagBag from /home/airflow/.local/lib/python3.12/site-packages/airflow/example_dags/example_sla_dag.py
[2024-05-01T12:56:10.572+0000] {processor.py:840} INFO - DAG(s) 'example_sla_dag' retrieved from /home/airflow/.local/lib/python3.12/site-packages/airflow/example_dags/example_sla_dag.py
[2024-05-01T12:56:10.591+0000] {logging_mixin.py:188} INFO - [2024-05-01T12:56:10.591+0000] {dag.py:3096} INFO - Sync 1 DAGs
[2024-05-01T12:56:10.616+0000] {logging_mixin.py:188} INFO - [2024-05-01T12:56:10.616+0000] {dag.py:3954} INFO - Setting next_dagrun for example_sla_dag to 2024-05-01 12:54:00+00:00, run_after=2024-05-01 12:56:00+00:00
[2024-05-01T12:56:10.635+0000] {processor.py:183} INFO - Processing /home/airflow/.local/lib/python3.12/site-packages/airflow/example_dags/example_sla_dag.py took 0.084 seconds
[2024-05-01T12:56:40.751+0000] {processor.py:161} INFO - Started process (PID=3290) to work on /home/airflow/.local/lib/python3.12/site-packages/airflow/example_dags/example_sla_dag.py
[2024-05-01T12:56:40.753+0000] {processor.py:830} INFO - Processing file /home/airflow/.local/lib/python3.12/site-packages/airflow/example_dags/example_sla_dag.py for tasks to queue
[2024-05-01T12:56:40.756+0000] {logging_mixin.py:188} INFO - [2024-05-01T12:56:40.756+0000] {dagbag.py:540} INFO - Filling up the DagBag from /home/airflow/.local/lib/python3.12/site-packages/airflow/example_dags/example_sla_dag.py
[2024-05-01T12:56:40.767+0000] {processor.py:840} INFO - DAG(s) 'example_sla_dag' retrieved from /home/airflow/.local/lib/python3.12/site-packages/airflow/example_dags/example_sla_dag.py
[2024-05-01T12:56:40.786+0000] {logging_mixin.py:188} INFO - [2024-05-01T12:56:40.786+0000] {dag.py:3096} INFO - Sync 1 DAGs
[2024-05-01T12:56:40.812+0000] {logging_mixin.py:188} INFO - [2024-05-01T12:56:40.812+0000] {dag.py:3954} INFO - Setting next_dagrun for example_sla_dag to 2024-05-01 12:54:00+00:00, run_after=2024-05-01 12:56:00+00:00
[2024-05-01T12:56:40.831+0000] {processor.py:183} INFO - Processing /home/airflow/.local/lib/python3.12/site-packages/airflow/example_dags/example_sla_dag.py took 0.088 seconds
[2024-05-01T12:57:11.776+0000] {processor.py:161} INFO - Started process (PID=3348) to work on /home/airflow/.local/lib/python3.12/site-packages/airflow/example_dags/example_sla_dag.py
[2024-05-01T12:57:11.780+0000] {processor.py:830} INFO - Processing file /home/airflow/.local/lib/python3.12/site-packages/airflow/example_dags/example_sla_dag.py for tasks to queue
[2024-05-01T12:57:11.785+0000] {logging_mixin.py:188} INFO - [2024-05-01T12:57:11.784+0000] {dagbag.py:540} INFO - Filling up the DagBag from /home/airflow/.local/lib/python3.12/site-packages/airflow/example_dags/example_sla_dag.py
[2024-05-01T12:57:11.795+0000] {processor.py:840} INFO - DAG(s) 'example_sla_dag' retrieved from /home/airflow/.local/lib/python3.12/site-packages/airflow/example_dags/example_sla_dag.py
[2024-05-01T12:57:11.814+0000] {logging_mixin.py:188} INFO - [2024-05-01T12:57:11.814+0000] {dag.py:3096} INFO - Sync 1 DAGs
[2024-05-01T12:57:11.839+0000] {logging_mixin.py:188} INFO - [2024-05-01T12:57:11.839+0000] {dag.py:3954} INFO - Setting next_dagrun for example_sla_dag to 2024-05-01 12:54:00+00:00, run_after=2024-05-01 12:56:00+00:00
[2024-05-01T12:57:11.857+0000] {processor.py:183} INFO - Processing /home/airflow/.local/lib/python3.12/site-packages/airflow/example_dags/example_sla_dag.py took 0.088 seconds
[2024-05-01T12:57:42.036+0000] {processor.py:161} INFO - Started process (PID=3406) to work on /home/airflow/.local/lib/python3.12/site-packages/airflow/example_dags/example_sla_dag.py
[2024-05-01T12:57:42.038+0000] {processor.py:830} INFO - Processing file /home/airflow/.local/lib/python3.12/site-packages/airflow/example_dags/example_sla_dag.py for tasks to queue
[2024-05-01T12:57:42.041+0000] {logging_mixin.py:188} INFO - [2024-05-01T12:57:42.041+0000] {dagbag.py:540} INFO - Filling up the DagBag from /home/airflow/.local/lib/python3.12/site-packages/airflow/example_dags/example_sla_dag.py
[2024-05-01T12:57:42.052+0000] {processor.py:840} INFO - DAG(s) 'example_sla_dag' retrieved from /home/airflow/.local/lib/python3.12/site-packages/airflow/example_dags/example_sla_dag.py
[2024-05-01T12:57:42.074+0000] {logging_mixin.py:188} INFO - [2024-05-01T12:57:42.074+0000] {dag.py:3096} INFO - Sync 1 DAGs
[2024-05-01T12:57:42.100+0000] {logging_mixin.py:188} INFO - [2024-05-01T12:57:42.100+0000] {dag.py:3954} INFO - Setting next_dagrun for example_sla_dag to 2024-05-01 12:54:00+00:00, run_after=2024-05-01 12:56:00+00:00
[2024-05-01T12:57:42.118+0000] {processor.py:183} INFO - Processing /home/airflow/.local/lib/python3.12/site-packages/airflow/example_dags/example_sla_dag.py took 0.089 seconds
[2024-05-01T12:58:12.339+0000] {processor.py:161} INFO - Started process (PID=3464) to work on /home/airflow/.local/lib/python3.12/site-packages/airflow/example_dags/example_sla_dag.py
[2024-05-01T12:58:12.341+0000] {processor.py:830} INFO - Processing file /home/airflow/.local/lib/python3.12/site-packages/airflow/example_dags/example_sla_dag.py for tasks to queue
[2024-05-01T12:58:12.344+0000] {logging_mixin.py:188} INFO - [2024-05-01T12:58:12.344+0000] {dagbag.py:540} INFO - Filling up the DagBag from /home/airflow/.local/lib/python3.12/site-packages/airflow/example_dags/example_sla_dag.py
[2024-05-01T12:58:12.354+0000] {processor.py:840} INFO - DAG(s) 'example_sla_dag' retrieved from /home/airflow/.local/lib/python3.12/site-packages/airflow/example_dags/example_sla_dag.py
[2024-05-01T12:58:12.375+0000] {logging_mixin.py:188} INFO - [2024-05-01T12:58:12.375+0000] {dag.py:3096} INFO - Sync 1 DAGs
[2024-05-01T12:58:12.401+0000] {logging_mixin.py:188} INFO - [2024-05-01T12:58:12.401+0000] {dag.py:3954} INFO - Setting next_dagrun for example_sla_dag to 2024-05-01 12:56:00+00:00, run_after=2024-05-01 12:58:00+00:00
[2024-05-01T12:58:12.419+0000] {processor.py:183} INFO - Processing /home/airflow/.local/lib/python3.12/site-packages/airflow/example_dags/example_sla_dag.py took 0.090 seconds
[2024-05-01T12:58:42.557+0000] {processor.py:161} INFO - Started process (PID=3522) to work on /home/airflow/.local/lib/python3.12/site-packages/airflow/example_dags/example_sla_dag.py
[2024-05-01T12:58:42.559+0000] {processor.py:830} INFO - Processing file /home/airflow/.local/lib/python3.12/site-packages/airflow/example_dags/example_sla_dag.py for tasks to queue
[2024-05-01T12:58:42.561+0000] {logging_mixin.py:188} INFO - [2024-05-01T12:58:42.561+0000] {dagbag.py:540} INFO - Filling up the DagBag from /home/airflow/.local/lib/python3.12/site-packages/airflow/example_dags/example_sla_dag.py
[2024-05-01T12:58:42.570+0000] {processor.py:840} INFO - DAG(s) 'example_sla_dag' retrieved from /home/airflow/.local/lib/python3.12/site-packages/airflow/example_dags/example_sla_dag.py
[2024-05-01T12:58:42.591+0000] {logging_mixin.py:188} INFO - [2024-05-01T12:58:42.591+0000] {dag.py:3096} INFO - Sync 1 DAGs
[2024-05-01T12:58:42.617+0000] {logging_mixin.py:188} INFO - [2024-05-01T12:58:42.617+0000] {dag.py:3954} INFO - Setting next_dagrun for example_sla_dag to 2024-05-01 12:56:00+00:00, run_after=2024-05-01 12:58:00+00:00
[2024-05-01T12:58:42.635+0000] {processor.py:183} INFO - Processing /home/airflow/.local/lib/python3.12/site-packages/airflow/example_dags/example_sla_dag.py took 0.085 seconds
[2024-05-01T12:59:12.680+0000] {processor.py:161} INFO - Started process (PID=3580) to work on /home/airflow/.local/lib/python3.12/site-packages/airflow/example_dags/example_sla_dag.py
[2024-05-01T12:59:12.681+0000] {processor.py:830} INFO - Processing file /home/airflow/.local/lib/python3.12/site-packages/airflow/example_dags/example_sla_dag.py for tasks to queue
[2024-05-01T12:59:12.684+0000] {logging_mixin.py:188} INFO - [2024-05-01T12:59:12.684+0000] {dagbag.py:540} INFO - Filling up the DagBag from /home/airflow/.local/lib/python3.12/site-packages/airflow/example_dags/example_sla_dag.py
[2024-05-01T12:59:12.695+0000] {processor.py:840} INFO - DAG(s) 'example_sla_dag' retrieved from /home/airflow/.local/lib/python3.12/site-packages/airflow/example_dags/example_sla_dag.py
[2024-05-01T12:59:12.716+0000] {logging_mixin.py:188} INFO - [2024-05-01T12:59:12.716+0000] {dag.py:3096} INFO - Sync 1 DAGs
[2024-05-01T12:59:12.743+0000] {logging_mixin.py:188} INFO - [2024-05-01T12:59:12.743+0000] {dag.py:3954} INFO - Setting next_dagrun for example_sla_dag to 2024-05-01 12:56:00+00:00, run_after=2024-05-01 12:58:00+00:00
[2024-05-01T12:59:12.761+0000] {processor.py:183} INFO - Processing /home/airflow/.local/lib/python3.12/site-packages/airflow/example_dags/example_sla_dag.py took 0.089 seconds
[2024-05-01T12:59:42.993+0000] {processor.py:161} INFO - Started process (PID=3638) to work on /home/airflow/.local/lib/python3.12/site-packages/airflow/example_dags/example_sla_dag.py
[2024-05-01T12:59:42.994+0000] {processor.py:830} INFO - Processing file /home/airflow/.local/lib/python3.12/site-packages/airflow/example_dags/example_sla_dag.py for tasks to queue
[2024-05-01T12:59:42.997+0000] {logging_mixin.py:188} INFO - [2024-05-01T12:59:42.996+0000] {dagbag.py:540} INFO - Filling up the DagBag from /home/airflow/.local/lib/python3.12/site-packages/airflow/example_dags/example_sla_dag.py
[2024-05-01T12:59:43.006+0000] {processor.py:840} INFO - DAG(s) 'example_sla_dag' retrieved from /home/airflow/.local/lib/python3.12/site-packages/airflow/example_dags/example_sla_dag.py
[2024-05-01T12:59:43.026+0000] {logging_mixin.py:188} INFO - [2024-05-01T12:59:43.026+0000] {dag.py:3096} INFO - Sync 1 DAGs
[2024-05-01T12:59:43.053+0000] {logging_mixin.py:188} INFO - [2024-05-01T12:59:43.052+0000] {dag.py:3954} INFO - Setting next_dagrun for example_sla_dag to 2024-05-01 12:56:00+00:00, run_after=2024-05-01 12:58:00+00:00
[2024-05-01T12:59:43.071+0000] {processor.py:183} INFO - Processing /home/airflow/.local/lib/python3.12/site-packages/airflow/example_dags/example_sla_dag.py took 0.086 seconds
[2024-05-01T13:00:13.152+0000] {processor.py:161} INFO - Started process (PID=3696) to work on /home/airflow/.local/lib/python3.12/site-packages/airflow/example_dags/example_sla_dag.py
[2024-05-01T13:00:13.154+0000] {processor.py:830} INFO - Processing file /home/airflow/.local/lib/python3.12/site-packages/airflow/example_dags/example_sla_dag.py for tasks to queue
[2024-05-01T13:00:13.156+0000] {logging_mixin.py:188} INFO - [2024-05-01T13:00:13.156+0000] {dagbag.py:540} INFO - Filling up the DagBag from /home/airflow/.local/lib/python3.12/site-packages/airflow/example_dags/example_sla_dag.py
[2024-05-01T13:00:13.165+0000] {processor.py:840} INFO - DAG(s) 'example_sla_dag' retrieved from /home/airflow/.local/lib/python3.12/site-packages/airflow/example_dags/example_sla_dag.py
[2024-05-01T13:00:13.185+0000] {logging_mixin.py:188} INFO - [2024-05-01T13:00:13.184+0000] {dag.py:3096} INFO - Sync 1 DAGs
[2024-05-01T13:00:13.211+0000] {logging_mixin.py:188} INFO - [2024-05-01T13:00:13.211+0000] {dag.py:3954} INFO - Setting next_dagrun for example_sla_dag to 2024-05-01 12:58:00+00:00, run_after=2024-05-01 13:00:00+00:00
[2024-05-01T13:00:13.229+0000] {processor.py:183} INFO - Processing /home/airflow/.local/lib/python3.12/site-packages/airflow/example_dags/example_sla_dag.py took 0.083 seconds
[2024-05-01T13:00:43.407+0000] {processor.py:161} INFO - Started process (PID=3754) to work on /home/airflow/.local/lib/python3.12/site-packages/airflow/example_dags/example_sla_dag.py
[2024-05-01T13:00:43.411+0000] {processor.py:830} INFO - Processing file /home/airflow/.local/lib/python3.12/site-packages/airflow/example_dags/example_sla_dag.py for tasks to queue
[2024-05-01T13:00:43.417+0000] {logging_mixin.py:188} INFO - [2024-05-01T13:00:43.416+0000] {dagbag.py:540} INFO - Filling up the DagBag from /home/airflow/.local/lib/python3.12/site-packages/airflow/example_dags/example_sla_dag.py
[2024-05-01T13:00:43.442+0000] {processor.py:840} INFO - DAG(s) 'example_sla_dag' retrieved from /home/airflow/.local/lib/python3.12/site-packages/airflow/example_dags/example_sla_dag.py
[2024-05-01T13:00:43.578+0000] {logging_mixin.py:188} INFO - [2024-05-01T13:00:43.577+0000] {dag.py:3096} INFO - Sync 1 DAGs
[2024-05-01T13:00:43.686+0000] {logging_mixin.py:188} INFO - [2024-05-01T13:00:43.686+0000] {dag.py:3954} INFO - Setting next_dagrun for example_sla_dag to 2024-05-01 12:58:00+00:00, run_after=2024-05-01 13:00:00+00:00
[2024-05-01T13:00:43.821+0000] {processor.py:183} INFO - Processing /home/airflow/.local/lib/python3.12/site-packages/airflow/example_dags/example_sla_dag.py took 0.431 seconds
[2024-05-01T13:01:14.109+0000] {processor.py:161} INFO - Started process (PID=3812) to work on /home/airflow/.local/lib/python3.12/site-packages/airflow/example_dags/example_sla_dag.py
[2024-05-01T13:01:14.110+0000] {processor.py:830} INFO - Processing file /home/airflow/.local/lib/python3.12/site-packages/airflow/example_dags/example_sla_dag.py for tasks to queue
[2024-05-01T13:01:14.093+0000] {logging_mixin.py:188} INFO - [2024-05-01T13:01:14.092+0000] {dagbag.py:540} INFO - Filling up the DagBag from /home/airflow/.local/lib/python3.12/site-packages/airflow/example_dags/example_sla_dag.py
[2024-05-01T13:01:14.104+0000] {processor.py:840} INFO - DAG(s) 'example_sla_dag' retrieved from /home/airflow/.local/lib/python3.12/site-packages/airflow/example_dags/example_sla_dag.py
[2024-05-01T13:01:14.124+0000] {logging_mixin.py:188} INFO - [2024-05-01T13:01:14.124+0000] {dag.py:3096} INFO - Sync 1 DAGs
[2024-05-01T13:01:14.151+0000] {logging_mixin.py:188} INFO - [2024-05-01T13:01:14.150+0000] {dag.py:3954} INFO - Setting next_dagrun for example_sla_dag to 2024-05-01 12:58:00+00:00, run_after=2024-05-01 13:00:00+00:00
[2024-05-01T13:01:14.170+0000] {processor.py:183} INFO - Processing /home/airflow/.local/lib/python3.12/site-packages/airflow/example_dags/example_sla_dag.py took 0.089 seconds
[2024-05-01T13:01:44.237+0000] {processor.py:161} INFO - Started process (PID=3869) to work on /home/airflow/.local/lib/python3.12/site-packages/airflow/example_dags/example_sla_dag.py
[2024-05-01T13:01:44.240+0000] {processor.py:830} INFO - Processing file /home/airflow/.local/lib/python3.12/site-packages/airflow/example_dags/example_sla_dag.py for tasks to queue
[2024-05-01T13:01:44.242+0000] {logging_mixin.py:188} INFO - [2024-05-01T13:01:44.241+0000] {dagbag.py:540} INFO - Filling up the DagBag from /home/airflow/.local/lib/python3.12/site-packages/airflow/example_dags/example_sla_dag.py
[2024-05-01T13:01:44.252+0000] {processor.py:840} INFO - DAG(s) 'example_sla_dag' retrieved from /home/airflow/.local/lib/python3.12/site-packages/airflow/example_dags/example_sla_dag.py
[2024-05-01T13:01:44.273+0000] {logging_mixin.py:188} INFO - [2024-05-01T13:01:44.273+0000] {dag.py:3096} INFO - Sync 1 DAGs
[2024-05-01T13:01:44.303+0000] {logging_mixin.py:188} INFO - [2024-05-01T13:01:44.303+0000] {dag.py:3954} INFO - Setting next_dagrun for example_sla_dag to 2024-05-01 12:58:00+00:00, run_after=2024-05-01 13:00:00+00:00
[2024-05-01T13:01:44.323+0000] {processor.py:183} INFO - Processing /home/airflow/.local/lib/python3.12/site-packages/airflow/example_dags/example_sla_dag.py took 0.092 seconds
[2024-05-01T13:02:15.091+0000] {processor.py:161} INFO - Started process (PID=3927) to work on /home/airflow/.local/lib/python3.12/site-packages/airflow/example_dags/example_sla_dag.py
[2024-05-01T13:02:15.093+0000] {processor.py:830} INFO - Processing file /home/airflow/.local/lib/python3.12/site-packages/airflow/example_dags/example_sla_dag.py for tasks to queue
[2024-05-01T13:02:15.099+0000] {logging_mixin.py:188} INFO - [2024-05-01T13:02:15.098+0000] {dagbag.py:540} INFO - Filling up the DagBag from /home/airflow/.local/lib/python3.12/site-packages/airflow/example_dags/example_sla_dag.py
[2024-05-01T13:02:15.142+0000] {processor.py:840} INFO - DAG(s) 'example_sla_dag' retrieved from /home/airflow/.local/lib/python3.12/site-packages/airflow/example_dags/example_sla_dag.py
[2024-05-01T13:02:15.177+0000] {logging_mixin.py:188} INFO - [2024-05-01T13:02:15.176+0000] {dag.py:3096} INFO - Sync 1 DAGs
[2024-05-01T13:02:15.225+0000] {logging_mixin.py:188} INFO - [2024-05-01T13:02:15.224+0000] {dag.py:3954} INFO - Setting next_dagrun for example_sla_dag to 2024-05-01 13:00:00+00:00, run_after=2024-05-01 13:02:00+00:00
[2024-05-01T13:02:15.265+0000] {processor.py:183} INFO - Processing /home/airflow/.local/lib/python3.12/site-packages/airflow/example_dags/example_sla_dag.py took 0.189 seconds
[2024-05-01T13:02:45.383+0000] {processor.py:161} INFO - Started process (PID=3986) to work on /home/airflow/.local/lib/python3.12/site-packages/airflow/example_dags/example_sla_dag.py
[2024-05-01T13:02:45.385+0000] {processor.py:830} INFO - Processing file /home/airflow/.local/lib/python3.12/site-packages/airflow/example_dags/example_sla_dag.py for tasks to queue
[2024-05-01T13:02:45.388+0000] {logging_mixin.py:188} INFO - [2024-05-01T13:02:45.387+0000] {dagbag.py:540} INFO - Filling up the DagBag from /home/airflow/.local/lib/python3.12/site-packages/airflow/example_dags/example_sla_dag.py
[2024-05-01T13:02:45.400+0000] {processor.py:840} INFO - DAG(s) 'example_sla_dag' retrieved from /home/airflow/.local/lib/python3.12/site-packages/airflow/example_dags/example_sla_dag.py
[2024-05-01T13:02:45.424+0000] {logging_mixin.py:188} INFO - [2024-05-01T13:02:45.423+0000] {dag.py:3096} INFO - Sync 1 DAGs
[2024-05-01T13:02:45.451+0000] {logging_mixin.py:188} INFO - [2024-05-01T13:02:45.451+0000] {dag.py:3954} INFO - Setting next_dagrun for example_sla_dag to 2024-05-01 13:00:00+00:00, run_after=2024-05-01 13:02:00+00:00
[2024-05-01T13:02:45.470+0000] {processor.py:183} INFO - Processing /home/airflow/.local/lib/python3.12/site-packages/airflow/example_dags/example_sla_dag.py took 0.094 seconds
[2024-05-01T13:06:39.894+0000] {processor.py:161} INFO - Started process (PID=4046) to work on /home/airflow/.local/lib/python3.12/site-packages/airflow/example_dags/example_sla_dag.py
[2024-05-01T13:06:39.896+0000] {processor.py:830} INFO - Processing file /home/airflow/.local/lib/python3.12/site-packages/airflow/example_dags/example_sla_dag.py for tasks to queue
[2024-05-01T13:06:39.898+0000] {logging_mixin.py:188} INFO - [2024-05-01T13:06:39.898+0000] {dagbag.py:540} INFO - Filling up the DagBag from /home/airflow/.local/lib/python3.12/site-packages/airflow/example_dags/example_sla_dag.py
[2024-05-01T13:06:39.909+0000] {processor.py:840} INFO - DAG(s) 'example_sla_dag' retrieved from /home/airflow/.local/lib/python3.12/site-packages/airflow/example_dags/example_sla_dag.py
[2024-05-01T13:06:39.934+0000] {logging_mixin.py:188} INFO - [2024-05-01T13:06:39.933+0000] {dag.py:3096} INFO - Sync 1 DAGs
[2024-05-01T13:06:39.967+0000] {logging_mixin.py:188} INFO - [2024-05-01T13:06:39.967+0000] {dag.py:3954} INFO - Setting next_dagrun for example_sla_dag to 2024-05-01 13:04:00+00:00, run_after=2024-05-01 13:06:00+00:00
[2024-05-01T13:06:39.988+0000] {processor.py:183} INFO - Processing /home/airflow/.local/lib/python3.12/site-packages/airflow/example_dags/example_sla_dag.py took 0.101 seconds
[2024-05-01T13:07:10.561+0000] {processor.py:161} INFO - Started process (PID=4098) to work on /home/airflow/.local/lib/python3.12/site-packages/airflow/example_dags/example_sla_dag.py
[2024-05-01T13:07:10.562+0000] {processor.py:830} INFO - Processing file /home/airflow/.local/lib/python3.12/site-packages/airflow/example_dags/example_sla_dag.py for tasks to queue
[2024-05-01T13:07:10.564+0000] {logging_mixin.py:188} INFO - [2024-05-01T13:07:10.564+0000] {dagbag.py:540} INFO - Filling up the DagBag from /home/airflow/.local/lib/python3.12/site-packages/airflow/example_dags/example_sla_dag.py
[2024-05-01T13:07:10.574+0000] {processor.py:840} INFO - DAG(s) 'example_sla_dag' retrieved from /home/airflow/.local/lib/python3.12/site-packages/airflow/example_dags/example_sla_dag.py
[2024-05-01T13:07:10.594+0000] {logging_mixin.py:188} INFO - [2024-05-01T13:07:10.594+0000] {dag.py:3096} INFO - Sync 1 DAGs
[2024-05-01T13:07:10.620+0000] {logging_mixin.py:188} INFO - [2024-05-01T13:07:10.620+0000] {dag.py:3954} INFO - Setting next_dagrun for example_sla_dag to 2024-05-01 13:04:00+00:00, run_after=2024-05-01 13:06:00+00:00
[2024-05-01T13:07:10.638+0000] {processor.py:183} INFO - Processing /home/airflow/.local/lib/python3.12/site-packages/airflow/example_dags/example_sla_dag.py took 0.086 seconds
[2024-05-01T13:07:41.063+0000] {processor.py:161} INFO - Started process (PID=4156) to work on /home/airflow/.local/lib/python3.12/site-packages/airflow/example_dags/example_sla_dag.py
[2024-05-01T13:07:41.064+0000] {processor.py:830} INFO - Processing file /home/airflow/.local/lib/python3.12/site-packages/airflow/example_dags/example_sla_dag.py for tasks to queue
[2024-05-01T13:07:41.067+0000] {logging_mixin.py:188} INFO - [2024-05-01T13:07:41.066+0000] {dagbag.py:540} INFO - Filling up the DagBag from /home/airflow/.local/lib/python3.12/site-packages/airflow/example_dags/example_sla_dag.py
[2024-05-01T13:07:41.077+0000] {processor.py:840} INFO - DAG(s) 'example_sla_dag' retrieved from /home/airflow/.local/lib/python3.12/site-packages/airflow/example_dags/example_sla_dag.py
[2024-05-01T13:07:41.098+0000] {logging_mixin.py:188} INFO - [2024-05-01T13:07:41.097+0000] {dag.py:3096} INFO - Sync 1 DAGs
[2024-05-01T13:07:41.123+0000] {logging_mixin.py:188} INFO - [2024-05-01T13:07:41.123+0000] {dag.py:3954} INFO - Setting next_dagrun for example_sla_dag to 2024-05-01 13:04:00+00:00, run_after=2024-05-01 13:06:00+00:00
[2024-05-01T13:07:41.141+0000] {processor.py:183} INFO - Processing /home/airflow/.local/lib/python3.12/site-packages/airflow/example_dags/example_sla_dag.py took 0.085 seconds
[2024-05-01T13:08:11.252+0000] {processor.py:161} INFO - Started process (PID=4214) to work on /home/airflow/.local/lib/python3.12/site-packages/airflow/example_dags/example_sla_dag.py
[2024-05-01T13:08:11.254+0000] {processor.py:830} INFO - Processing file /home/airflow/.local/lib/python3.12/site-packages/airflow/example_dags/example_sla_dag.py for tasks to queue
[2024-05-01T13:08:11.257+0000] {logging_mixin.py:188} INFO - [2024-05-01T13:08:11.256+0000] {dagbag.py:540} INFO - Filling up the DagBag from /home/airflow/.local/lib/python3.12/site-packages/airflow/example_dags/example_sla_dag.py
[2024-05-01T13:08:11.267+0000] {processor.py:840} INFO - DAG(s) 'example_sla_dag' retrieved from /home/airflow/.local/lib/python3.12/site-packages/airflow/example_dags/example_sla_dag.py
[2024-05-01T13:08:11.289+0000] {logging_mixin.py:188} INFO - [2024-05-01T13:08:11.288+0000] {dag.py:3096} INFO - Sync 1 DAGs
[2024-05-01T13:08:11.318+0000] {logging_mixin.py:188} INFO - [2024-05-01T13:08:11.317+0000] {dag.py:3954} INFO - Setting next_dagrun for example_sla_dag to 2024-05-01 13:06:00+00:00, run_after=2024-05-01 13:08:00+00:00
[2024-05-01T13:08:11.337+0000] {processor.py:183} INFO - Processing /home/airflow/.local/lib/python3.12/site-packages/airflow/example_dags/example_sla_dag.py took 0.092 seconds
[2024-05-01T13:08:41.582+0000] {processor.py:161} INFO - Started process (PID=4272) to work on /home/airflow/.local/lib/python3.12/site-packages/airflow/example_dags/example_sla_dag.py
[2024-05-01T13:08:41.583+0000] {processor.py:830} INFO - Processing file /home/airflow/.local/lib/python3.12/site-packages/airflow/example_dags/example_sla_dag.py for tasks to queue
[2024-05-01T13:08:41.586+0000] {logging_mixin.py:188} INFO - [2024-05-01T13:08:41.585+0000] {dagbag.py:540} INFO - Filling up the DagBag from /home/airflow/.local/lib/python3.12/site-packages/airflow/example_dags/example_sla_dag.py
[2024-05-01T13:08:41.595+0000] {processor.py:840} INFO - DAG(s) 'example_sla_dag' retrieved from /home/airflow/.local/lib/python3.12/site-packages/airflow/example_dags/example_sla_dag.py
[2024-05-01T13:08:41.615+0000] {logging_mixin.py:188} INFO - [2024-05-01T13:08:41.615+0000] {dag.py:3096} INFO - Sync 1 DAGs
[2024-05-01T13:08:41.642+0000] {logging_mixin.py:188} INFO - [2024-05-01T13:08:41.642+0000] {dag.py:3954} INFO - Setting next_dagrun for example_sla_dag to 2024-05-01 13:06:00+00:00, run_after=2024-05-01 13:08:00+00:00
[2024-05-01T13:08:41.661+0000] {processor.py:183} INFO - Processing /home/airflow/.local/lib/python3.12/site-packages/airflow/example_dags/example_sla_dag.py took 0.086 seconds
