[2024-05-01T12:28:15.980+0000] {processor.py:161} INFO - Started process (PID=69) to work on /home/airflow/.local/lib/python3.12/site-packages/airflow/example_dags/example_branch_labels.py
[2024-05-01T12:28:15.983+0000] {processor.py:830} INFO - Processing file /home/airflow/.local/lib/python3.12/site-packages/airflow/example_dags/example_branch_labels.py for tasks to queue
[2024-05-01T12:28:15.988+0000] {logging_mixin.py:188} INFO - [2024-05-01T12:28:15.988+0000] {dagbag.py:540} INFO - Filling up the DagBag from /home/airflow/.local/lib/python3.12/site-packages/airflow/example_dags/example_branch_labels.py
[2024-05-01T12:28:16.009+0000] {processor.py:840} INFO - DAG(s) 'example_branch_labels' retrieved from /home/airflow/.local/lib/python3.12/site-packages/airflow/example_dags/example_branch_labels.py
[2024-05-01T12:28:16.038+0000] {logging_mixin.py:188} INFO - [2024-05-01T12:28:16.038+0000] {dag.py:3096} INFO - Sync 1 DAGs
[2024-05-01T12:28:16.094+0000] {logging_mixin.py:188} INFO - [2024-05-01T12:28:16.094+0000] {dag.py:3954} INFO - Setting next_dagrun for example_branch_labels to 2024-04-30 00:00:00+00:00, run_after=2024-05-01 00:00:00+00:00
[2024-05-01T12:28:16.119+0000] {processor.py:183} INFO - Processing /home/airflow/.local/lib/python3.12/site-packages/airflow/example_dags/example_branch_labels.py took 0.150 seconds
[2024-05-01T12:28:46.430+0000] {processor.py:161} INFO - Started process (PID=127) to work on /home/airflow/.local/lib/python3.12/site-packages/airflow/example_dags/example_branch_labels.py
[2024-05-01T12:28:46.432+0000] {processor.py:830} INFO - Processing file /home/airflow/.local/lib/python3.12/site-packages/airflow/example_dags/example_branch_labels.py for tasks to queue
[2024-05-01T12:28:46.434+0000] {logging_mixin.py:188} INFO - [2024-05-01T12:28:46.434+0000] {dagbag.py:540} INFO - Filling up the DagBag from /home/airflow/.local/lib/python3.12/site-packages/airflow/example_dags/example_branch_labels.py
[2024-05-01T12:28:46.443+0000] {processor.py:840} INFO - DAG(s) 'example_branch_labels' retrieved from /home/airflow/.local/lib/python3.12/site-packages/airflow/example_dags/example_branch_labels.py
[2024-05-01T12:28:46.560+0000] {logging_mixin.py:188} INFO - [2024-05-01T12:28:46.559+0000] {dag.py:3096} INFO - Sync 1 DAGs
[2024-05-01T12:28:46.583+0000] {logging_mixin.py:188} INFO - [2024-05-01T12:28:46.583+0000] {dag.py:3954} INFO - Setting next_dagrun for example_branch_labels to 2024-04-30 00:00:00+00:00, run_after=2024-05-01 00:00:00+00:00
[2024-05-01T12:28:46.601+0000] {processor.py:183} INFO - Processing /home/airflow/.local/lib/python3.12/site-packages/airflow/example_dags/example_branch_labels.py took 0.177 seconds
[2024-05-01T12:29:17.391+0000] {processor.py:161} INFO - Started process (PID=185) to work on /home/airflow/.local/lib/python3.12/site-packages/airflow/example_dags/example_branch_labels.py
[2024-05-01T12:29:17.393+0000] {processor.py:830} INFO - Processing file /home/airflow/.local/lib/python3.12/site-packages/airflow/example_dags/example_branch_labels.py for tasks to queue
[2024-05-01T12:29:17.395+0000] {logging_mixin.py:188} INFO - [2024-05-01T12:29:17.395+0000] {dagbag.py:540} INFO - Filling up the DagBag from /home/airflow/.local/lib/python3.12/site-packages/airflow/example_dags/example_branch_labels.py
[2024-05-01T12:29:17.405+0000] {processor.py:840} INFO - DAG(s) 'example_branch_labels' retrieved from /home/airflow/.local/lib/python3.12/site-packages/airflow/example_dags/example_branch_labels.py
[2024-05-01T12:29:17.427+0000] {logging_mixin.py:188} INFO - [2024-05-01T12:29:17.427+0000] {dag.py:3096} INFO - Sync 1 DAGs
[2024-05-01T12:29:17.451+0000] {logging_mixin.py:188} INFO - [2024-05-01T12:29:17.451+0000] {dag.py:3954} INFO - Setting next_dagrun for example_branch_labels to 2024-04-30 00:00:00+00:00, run_after=2024-05-01 00:00:00+00:00
[2024-05-01T12:29:17.471+0000] {processor.py:183} INFO - Processing /home/airflow/.local/lib/python3.12/site-packages/airflow/example_dags/example_branch_labels.py took 0.087 seconds
[2024-05-01T12:29:47.958+0000] {processor.py:161} INFO - Started process (PID=243) to work on /home/airflow/.local/lib/python3.12/site-packages/airflow/example_dags/example_branch_labels.py
[2024-05-01T12:29:47.961+0000] {processor.py:830} INFO - Processing file /home/airflow/.local/lib/python3.12/site-packages/airflow/example_dags/example_branch_labels.py for tasks to queue
[2024-05-01T12:29:47.964+0000] {logging_mixin.py:188} INFO - [2024-05-01T12:29:47.963+0000] {dagbag.py:540} INFO - Filling up the DagBag from /home/airflow/.local/lib/python3.12/site-packages/airflow/example_dags/example_branch_labels.py
[2024-05-01T12:29:47.972+0000] {processor.py:840} INFO - DAG(s) 'example_branch_labels' retrieved from /home/airflow/.local/lib/python3.12/site-packages/airflow/example_dags/example_branch_labels.py
[2024-05-01T12:29:47.995+0000] {logging_mixin.py:188} INFO - [2024-05-01T12:29:47.995+0000] {dag.py:3096} INFO - Sync 1 DAGs
[2024-05-01T12:29:48.020+0000] {logging_mixin.py:188} INFO - [2024-05-01T12:29:48.020+0000] {dag.py:3954} INFO - Setting next_dagrun for example_branch_labels to 2024-04-30 00:00:00+00:00, run_after=2024-05-01 00:00:00+00:00
[2024-05-01T12:29:48.039+0000] {processor.py:183} INFO - Processing /home/airflow/.local/lib/python3.12/site-packages/airflow/example_dags/example_branch_labels.py took 0.087 seconds
[2024-05-01T12:30:18.213+0000] {processor.py:161} INFO - Started process (PID=301) to work on /home/airflow/.local/lib/python3.12/site-packages/airflow/example_dags/example_branch_labels.py
[2024-05-01T12:30:18.214+0000] {processor.py:830} INFO - Processing file /home/airflow/.local/lib/python3.12/site-packages/airflow/example_dags/example_branch_labels.py for tasks to queue
[2024-05-01T12:30:18.216+0000] {logging_mixin.py:188} INFO - [2024-05-01T12:30:18.216+0000] {dagbag.py:540} INFO - Filling up the DagBag from /home/airflow/.local/lib/python3.12/site-packages/airflow/example_dags/example_branch_labels.py
[2024-05-01T12:30:18.225+0000] {processor.py:840} INFO - DAG(s) 'example_branch_labels' retrieved from /home/airflow/.local/lib/python3.12/site-packages/airflow/example_dags/example_branch_labels.py
[2024-05-01T12:30:18.248+0000] {logging_mixin.py:188} INFO - [2024-05-01T12:30:18.248+0000] {dag.py:3096} INFO - Sync 1 DAGs
[2024-05-01T12:30:18.272+0000] {logging_mixin.py:188} INFO - [2024-05-01T12:30:18.272+0000] {dag.py:3954} INFO - Setting next_dagrun for example_branch_labels to 2024-04-30 00:00:00+00:00, run_after=2024-05-01 00:00:00+00:00
[2024-05-01T12:30:18.292+0000] {processor.py:183} INFO - Processing /home/airflow/.local/lib/python3.12/site-packages/airflow/example_dags/example_branch_labels.py took 0.086 seconds
[2024-05-01T12:30:48.541+0000] {processor.py:161} INFO - Started process (PID=359) to work on /home/airflow/.local/lib/python3.12/site-packages/airflow/example_dags/example_branch_labels.py
[2024-05-01T12:30:48.543+0000] {processor.py:830} INFO - Processing file /home/airflow/.local/lib/python3.12/site-packages/airflow/example_dags/example_branch_labels.py for tasks to queue
[2024-05-01T12:30:48.546+0000] {logging_mixin.py:188} INFO - [2024-05-01T12:30:48.545+0000] {dagbag.py:540} INFO - Filling up the DagBag from /home/airflow/.local/lib/python3.12/site-packages/airflow/example_dags/example_branch_labels.py
[2024-05-01T12:30:48.558+0000] {processor.py:840} INFO - DAG(s) 'example_branch_labels' retrieved from /home/airflow/.local/lib/python3.12/site-packages/airflow/example_dags/example_branch_labels.py
[2024-05-01T12:30:48.584+0000] {logging_mixin.py:188} INFO - [2024-05-01T12:30:48.583+0000] {dag.py:3096} INFO - Sync 1 DAGs
[2024-05-01T12:30:48.617+0000] {logging_mixin.py:188} INFO - [2024-05-01T12:30:48.617+0000] {dag.py:3954} INFO - Setting next_dagrun for example_branch_labels to 2024-04-30 00:00:00+00:00, run_after=2024-05-01 00:00:00+00:00
[2024-05-01T12:30:48.639+0000] {processor.py:183} INFO - Processing /home/airflow/.local/lib/python3.12/site-packages/airflow/example_dags/example_branch_labels.py took 0.105 seconds
[2024-05-01T12:31:19.092+0000] {processor.py:161} INFO - Started process (PID=417) to work on /home/airflow/.local/lib/python3.12/site-packages/airflow/example_dags/example_branch_labels.py
[2024-05-01T12:31:19.095+0000] {processor.py:830} INFO - Processing file /home/airflow/.local/lib/python3.12/site-packages/airflow/example_dags/example_branch_labels.py for tasks to queue
[2024-05-01T12:31:19.097+0000] {logging_mixin.py:188} INFO - [2024-05-01T12:31:19.097+0000] {dagbag.py:540} INFO - Filling up the DagBag from /home/airflow/.local/lib/python3.12/site-packages/airflow/example_dags/example_branch_labels.py
[2024-05-01T12:31:19.106+0000] {processor.py:840} INFO - DAG(s) 'example_branch_labels' retrieved from /home/airflow/.local/lib/python3.12/site-packages/airflow/example_dags/example_branch_labels.py
[2024-05-01T12:31:19.128+0000] {logging_mixin.py:188} INFO - [2024-05-01T12:31:19.128+0000] {dag.py:3096} INFO - Sync 1 DAGs
[2024-05-01T12:31:19.154+0000] {logging_mixin.py:188} INFO - [2024-05-01T12:31:19.154+0000] {dag.py:3954} INFO - Setting next_dagrun for example_branch_labels to 2024-04-30 00:00:00+00:00, run_after=2024-05-01 00:00:00+00:00
[2024-05-01T12:31:19.171+0000] {processor.py:183} INFO - Processing /home/airflow/.local/lib/python3.12/site-packages/airflow/example_dags/example_branch_labels.py took 0.088 seconds
[2024-05-01T12:31:49.894+0000] {processor.py:161} INFO - Started process (PID=475) to work on /home/airflow/.local/lib/python3.12/site-packages/airflow/example_dags/example_branch_labels.py
[2024-05-01T12:31:49.896+0000] {processor.py:830} INFO - Processing file /home/airflow/.local/lib/python3.12/site-packages/airflow/example_dags/example_branch_labels.py for tasks to queue
[2024-05-01T12:31:49.898+0000] {logging_mixin.py:188} INFO - [2024-05-01T12:31:49.898+0000] {dagbag.py:540} INFO - Filling up the DagBag from /home/airflow/.local/lib/python3.12/site-packages/airflow/example_dags/example_branch_labels.py
[2024-05-01T12:31:49.908+0000] {processor.py:840} INFO - DAG(s) 'example_branch_labels' retrieved from /home/airflow/.local/lib/python3.12/site-packages/airflow/example_dags/example_branch_labels.py
[2024-05-01T12:31:49.946+0000] {logging_mixin.py:188} INFO - [2024-05-01T12:31:49.946+0000] {dag.py:3096} INFO - Sync 1 DAGs
[2024-05-01T12:31:49.986+0000] {logging_mixin.py:188} INFO - [2024-05-01T12:31:49.986+0000] {dag.py:3954} INFO - Setting next_dagrun for example_branch_labels to 2024-04-30 00:00:00+00:00, run_after=2024-05-01 00:00:00+00:00
[2024-05-01T12:31:50.008+0000] {processor.py:183} INFO - Processing /home/airflow/.local/lib/python3.12/site-packages/airflow/example_dags/example_branch_labels.py took 0.122 seconds
[2024-05-01T12:32:20.155+0000] {processor.py:161} INFO - Started process (PID=533) to work on /home/airflow/.local/lib/python3.12/site-packages/airflow/example_dags/example_branch_labels.py
[2024-05-01T12:32:20.174+0000] {processor.py:830} INFO - Processing file /home/airflow/.local/lib/python3.12/site-packages/airflow/example_dags/example_branch_labels.py for tasks to queue
[2024-05-01T12:32:20.194+0000] {logging_mixin.py:188} INFO - [2024-05-01T12:32:20.193+0000] {dagbag.py:540} INFO - Filling up the DagBag from /home/airflow/.local/lib/python3.12/site-packages/airflow/example_dags/example_branch_labels.py
[2024-05-01T12:32:20.219+0000] {processor.py:840} INFO - DAG(s) 'example_branch_labels' retrieved from /home/airflow/.local/lib/python3.12/site-packages/airflow/example_dags/example_branch_labels.py
[2024-05-01T12:32:20.253+0000] {logging_mixin.py:188} INFO - [2024-05-01T12:32:20.252+0000] {dag.py:3096} INFO - Sync 1 DAGs
[2024-05-01T12:32:20.277+0000] {logging_mixin.py:188} INFO - [2024-05-01T12:32:20.277+0000] {dag.py:3954} INFO - Setting next_dagrun for example_branch_labels to 2024-04-30 00:00:00+00:00, run_after=2024-05-01 00:00:00+00:00
[2024-05-01T12:32:20.298+0000] {processor.py:183} INFO - Processing /home/airflow/.local/lib/python3.12/site-packages/airflow/example_dags/example_branch_labels.py took 0.149 seconds
[2024-05-01T12:32:50.703+0000] {processor.py:161} INFO - Started process (PID=591) to work on /home/airflow/.local/lib/python3.12/site-packages/airflow/example_dags/example_branch_labels.py
[2024-05-01T12:32:50.705+0000] {processor.py:830} INFO - Processing file /home/airflow/.local/lib/python3.12/site-packages/airflow/example_dags/example_branch_labels.py for tasks to queue
[2024-05-01T12:32:50.707+0000] {logging_mixin.py:188} INFO - [2024-05-01T12:32:50.707+0000] {dagbag.py:540} INFO - Filling up the DagBag from /home/airflow/.local/lib/python3.12/site-packages/airflow/example_dags/example_branch_labels.py
[2024-05-01T12:32:50.716+0000] {processor.py:840} INFO - DAG(s) 'example_branch_labels' retrieved from /home/airflow/.local/lib/python3.12/site-packages/airflow/example_dags/example_branch_labels.py
[2024-05-01T12:32:50.740+0000] {logging_mixin.py:188} INFO - [2024-05-01T12:32:50.740+0000] {dag.py:3096} INFO - Sync 1 DAGs
[2024-05-01T12:32:50.766+0000] {logging_mixin.py:188} INFO - [2024-05-01T12:32:50.765+0000] {dag.py:3954} INFO - Setting next_dagrun for example_branch_labels to 2024-04-30 00:00:00+00:00, run_after=2024-05-01 00:00:00+00:00
[2024-05-01T12:32:50.784+0000] {processor.py:183} INFO - Processing /home/airflow/.local/lib/python3.12/site-packages/airflow/example_dags/example_branch_labels.py took 0.087 seconds
[2024-05-01T12:33:21.392+0000] {processor.py:161} INFO - Started process (PID=649) to work on /home/airflow/.local/lib/python3.12/site-packages/airflow/example_dags/example_branch_labels.py
[2024-05-01T12:33:21.394+0000] {processor.py:830} INFO - Processing file /home/airflow/.local/lib/python3.12/site-packages/airflow/example_dags/example_branch_labels.py for tasks to queue
[2024-05-01T12:33:21.396+0000] {logging_mixin.py:188} INFO - [2024-05-01T12:33:21.396+0000] {dagbag.py:540} INFO - Filling up the DagBag from /home/airflow/.local/lib/python3.12/site-packages/airflow/example_dags/example_branch_labels.py
[2024-05-01T12:33:21.405+0000] {processor.py:840} INFO - DAG(s) 'example_branch_labels' retrieved from /home/airflow/.local/lib/python3.12/site-packages/airflow/example_dags/example_branch_labels.py
[2024-05-01T12:33:21.429+0000] {logging_mixin.py:188} INFO - [2024-05-01T12:33:21.429+0000] {dag.py:3096} INFO - Sync 1 DAGs
[2024-05-01T12:33:21.456+0000] {logging_mixin.py:188} INFO - [2024-05-01T12:33:21.456+0000] {dag.py:3954} INFO - Setting next_dagrun for example_branch_labels to 2024-04-30 00:00:00+00:00, run_after=2024-05-01 00:00:00+00:00
[2024-05-01T12:33:21.497+0000] {processor.py:183} INFO - Processing /home/airflow/.local/lib/python3.12/site-packages/airflow/example_dags/example_branch_labels.py took 0.111 seconds
[2024-05-01T12:33:51.669+0000] {processor.py:161} INFO - Started process (PID=707) to work on /home/airflow/.local/lib/python3.12/site-packages/airflow/example_dags/example_branch_labels.py
[2024-05-01T12:33:51.672+0000] {processor.py:830} INFO - Processing file /home/airflow/.local/lib/python3.12/site-packages/airflow/example_dags/example_branch_labels.py for tasks to queue
[2024-05-01T12:33:51.674+0000] {logging_mixin.py:188} INFO - [2024-05-01T12:33:51.674+0000] {dagbag.py:540} INFO - Filling up the DagBag from /home/airflow/.local/lib/python3.12/site-packages/airflow/example_dags/example_branch_labels.py
[2024-05-01T12:33:51.683+0000] {processor.py:840} INFO - DAG(s) 'example_branch_labels' retrieved from /home/airflow/.local/lib/python3.12/site-packages/airflow/example_dags/example_branch_labels.py
[2024-05-01T12:33:51.705+0000] {logging_mixin.py:188} INFO - [2024-05-01T12:33:51.705+0000] {dag.py:3096} INFO - Sync 1 DAGs
[2024-05-01T12:33:51.730+0000] {logging_mixin.py:188} INFO - [2024-05-01T12:33:51.730+0000] {dag.py:3954} INFO - Setting next_dagrun for example_branch_labels to 2024-04-30 00:00:00+00:00, run_after=2024-05-01 00:00:00+00:00
[2024-05-01T12:33:51.749+0000] {processor.py:183} INFO - Processing /home/airflow/.local/lib/python3.12/site-packages/airflow/example_dags/example_branch_labels.py took 0.086 seconds
[2024-05-01T12:34:22.676+0000] {processor.py:161} INFO - Started process (PID=765) to work on /home/airflow/.local/lib/python3.12/site-packages/airflow/example_dags/example_branch_labels.py
[2024-05-01T12:34:22.677+0000] {processor.py:830} INFO - Processing file /home/airflow/.local/lib/python3.12/site-packages/airflow/example_dags/example_branch_labels.py for tasks to queue
[2024-05-01T12:34:22.680+0000] {logging_mixin.py:188} INFO - [2024-05-01T12:34:22.680+0000] {dagbag.py:540} INFO - Filling up the DagBag from /home/airflow/.local/lib/python3.12/site-packages/airflow/example_dags/example_branch_labels.py
[2024-05-01T12:34:22.689+0000] {processor.py:840} INFO - DAG(s) 'example_branch_labels' retrieved from /home/airflow/.local/lib/python3.12/site-packages/airflow/example_dags/example_branch_labels.py
[2024-05-01T12:34:22.711+0000] {logging_mixin.py:188} INFO - [2024-05-01T12:34:22.711+0000] {dag.py:3096} INFO - Sync 1 DAGs
[2024-05-01T12:34:22.736+0000] {logging_mixin.py:188} INFO - [2024-05-01T12:34:22.735+0000] {dag.py:3954} INFO - Setting next_dagrun for example_branch_labels to 2024-04-30 00:00:00+00:00, run_after=2024-05-01 00:00:00+00:00
[2024-05-01T12:34:22.755+0000] {processor.py:183} INFO - Processing /home/airflow/.local/lib/python3.12/site-packages/airflow/example_dags/example_branch_labels.py took 0.085 seconds
[2024-05-01T12:34:52.794+0000] {processor.py:161} INFO - Started process (PID=823) to work on /home/airflow/.local/lib/python3.12/site-packages/airflow/example_dags/example_branch_labels.py
[2024-05-01T12:34:52.795+0000] {processor.py:830} INFO - Processing file /home/airflow/.local/lib/python3.12/site-packages/airflow/example_dags/example_branch_labels.py for tasks to queue
[2024-05-01T12:34:52.797+0000] {logging_mixin.py:188} INFO - [2024-05-01T12:34:52.797+0000] {dagbag.py:540} INFO - Filling up the DagBag from /home/airflow/.local/lib/python3.12/site-packages/airflow/example_dags/example_branch_labels.py
[2024-05-01T12:34:52.805+0000] {processor.py:840} INFO - DAG(s) 'example_branch_labels' retrieved from /home/airflow/.local/lib/python3.12/site-packages/airflow/example_dags/example_branch_labels.py
[2024-05-01T12:34:52.828+0000] {logging_mixin.py:188} INFO - [2024-05-01T12:34:52.827+0000] {dag.py:3096} INFO - Sync 1 DAGs
[2024-05-01T12:34:52.852+0000] {logging_mixin.py:188} INFO - [2024-05-01T12:34:52.852+0000] {dag.py:3954} INFO - Setting next_dagrun for example_branch_labels to 2024-04-30 00:00:00+00:00, run_after=2024-05-01 00:00:00+00:00
[2024-05-01T12:34:52.871+0000] {processor.py:183} INFO - Processing /home/airflow/.local/lib/python3.12/site-packages/airflow/example_dags/example_branch_labels.py took 0.084 seconds
[2024-05-01T12:35:24.167+0000] {processor.py:161} INFO - Started process (PID=881) to work on /home/airflow/.local/lib/python3.12/site-packages/airflow/example_dags/example_branch_labels.py
[2024-05-01T12:35:24.169+0000] {processor.py:830} INFO - Processing file /home/airflow/.local/lib/python3.12/site-packages/airflow/example_dags/example_branch_labels.py for tasks to queue
[2024-05-01T12:35:24.172+0000] {logging_mixin.py:188} INFO - [2024-05-01T12:35:24.172+0000] {dagbag.py:540} INFO - Filling up the DagBag from /home/airflow/.local/lib/python3.12/site-packages/airflow/example_dags/example_branch_labels.py
[2024-05-01T12:35:24.183+0000] {processor.py:840} INFO - DAG(s) 'example_branch_labels' retrieved from /home/airflow/.local/lib/python3.12/site-packages/airflow/example_dags/example_branch_labels.py
[2024-05-01T12:35:24.208+0000] {logging_mixin.py:188} INFO - [2024-05-01T12:35:24.208+0000] {dag.py:3096} INFO - Sync 1 DAGs
[2024-05-01T12:35:24.372+0000] {logging_mixin.py:188} INFO - [2024-05-01T12:35:24.371+0000] {dag.py:3954} INFO - Setting next_dagrun for example_branch_labels to 2024-04-30 00:00:00+00:00, run_after=2024-05-01 00:00:00+00:00
[2024-05-01T12:35:24.398+0000] {processor.py:183} INFO - Processing /home/airflow/.local/lib/python3.12/site-packages/airflow/example_dags/example_branch_labels.py took 0.239 seconds
[2024-05-01T12:35:55.513+0000] {processor.py:161} INFO - Started process (PID=945) to work on /home/airflow/.local/lib/python3.12/site-packages/airflow/example_dags/example_branch_labels.py
[2024-05-01T12:35:55.515+0000] {processor.py:830} INFO - Processing file /home/airflow/.local/lib/python3.12/site-packages/airflow/example_dags/example_branch_labels.py for tasks to queue
[2024-05-01T12:35:55.518+0000] {logging_mixin.py:188} INFO - [2024-05-01T12:35:55.517+0000] {dagbag.py:540} INFO - Filling up the DagBag from /home/airflow/.local/lib/python3.12/site-packages/airflow/example_dags/example_branch_labels.py
[2024-05-01T12:35:55.529+0000] {processor.py:840} INFO - DAG(s) 'example_branch_labels' retrieved from /home/airflow/.local/lib/python3.12/site-packages/airflow/example_dags/example_branch_labels.py
[2024-05-01T12:35:55.558+0000] {logging_mixin.py:188} INFO - [2024-05-01T12:35:55.558+0000] {dag.py:3096} INFO - Sync 1 DAGs
[2024-05-01T12:35:55.593+0000] {logging_mixin.py:188} INFO - [2024-05-01T12:35:55.593+0000] {dag.py:3954} INFO - Setting next_dagrun for example_branch_labels to 2024-04-30 00:00:00+00:00, run_after=2024-05-01 00:00:00+00:00
[2024-05-01T12:35:55.782+0000] {processor.py:183} INFO - Processing /home/airflow/.local/lib/python3.12/site-packages/airflow/example_dags/example_branch_labels.py took 0.278 seconds
[2024-05-01T12:36:26.132+0000] {processor.py:161} INFO - Started process (PID=1003) to work on /home/airflow/.local/lib/python3.12/site-packages/airflow/example_dags/example_branch_labels.py
[2024-05-01T12:36:26.134+0000] {processor.py:830} INFO - Processing file /home/airflow/.local/lib/python3.12/site-packages/airflow/example_dags/example_branch_labels.py for tasks to queue
[2024-05-01T12:36:26.137+0000] {logging_mixin.py:188} INFO - [2024-05-01T12:36:26.137+0000] {dagbag.py:540} INFO - Filling up the DagBag from /home/airflow/.local/lib/python3.12/site-packages/airflow/example_dags/example_branch_labels.py
[2024-05-01T12:36:26.148+0000] {processor.py:840} INFO - DAG(s) 'example_branch_labels' retrieved from /home/airflow/.local/lib/python3.12/site-packages/airflow/example_dags/example_branch_labels.py
[2024-05-01T12:36:26.173+0000] {logging_mixin.py:188} INFO - [2024-05-01T12:36:26.173+0000] {dag.py:3096} INFO - Sync 1 DAGs
[2024-05-01T12:36:26.201+0000] {logging_mixin.py:188} INFO - [2024-05-01T12:36:26.201+0000] {dag.py:3954} INFO - Setting next_dagrun for example_branch_labels to 2024-04-30 00:00:00+00:00, run_after=2024-05-01 00:00:00+00:00
[2024-05-01T12:36:26.221+0000] {processor.py:183} INFO - Processing /home/airflow/.local/lib/python3.12/site-packages/airflow/example_dags/example_branch_labels.py took 0.097 seconds
[2024-05-01T12:36:56.782+0000] {processor.py:161} INFO - Started process (PID=1061) to work on /home/airflow/.local/lib/python3.12/site-packages/airflow/example_dags/example_branch_labels.py
[2024-05-01T12:36:56.783+0000] {processor.py:830} INFO - Processing file /home/airflow/.local/lib/python3.12/site-packages/airflow/example_dags/example_branch_labels.py for tasks to queue
[2024-05-01T12:36:56.786+0000] {logging_mixin.py:188} INFO - [2024-05-01T12:36:56.785+0000] {dagbag.py:540} INFO - Filling up the DagBag from /home/airflow/.local/lib/python3.12/site-packages/airflow/example_dags/example_branch_labels.py
[2024-05-01T12:36:56.796+0000] {processor.py:840} INFO - DAG(s) 'example_branch_labels' retrieved from /home/airflow/.local/lib/python3.12/site-packages/airflow/example_dags/example_branch_labels.py
[2024-05-01T12:36:56.818+0000] {logging_mixin.py:188} INFO - [2024-05-01T12:36:56.818+0000] {dag.py:3096} INFO - Sync 1 DAGs
[2024-05-01T12:36:56.843+0000] {logging_mixin.py:188} INFO - [2024-05-01T12:36:56.842+0000] {dag.py:3954} INFO - Setting next_dagrun for example_branch_labels to 2024-04-30 00:00:00+00:00, run_after=2024-05-01 00:00:00+00:00
[2024-05-01T12:36:56.862+0000] {processor.py:183} INFO - Processing /home/airflow/.local/lib/python3.12/site-packages/airflow/example_dags/example_branch_labels.py took 0.087 seconds
[2024-05-01T12:37:27.098+0000] {processor.py:161} INFO - Started process (PID=1119) to work on /home/airflow/.local/lib/python3.12/site-packages/airflow/example_dags/example_branch_labels.py
[2024-05-01T12:37:27.099+0000] {processor.py:830} INFO - Processing file /home/airflow/.local/lib/python3.12/site-packages/airflow/example_dags/example_branch_labels.py for tasks to queue
[2024-05-01T12:37:27.104+0000] {logging_mixin.py:188} INFO - [2024-05-01T12:37:27.103+0000] {dagbag.py:540} INFO - Filling up the DagBag from /home/airflow/.local/lib/python3.12/site-packages/airflow/example_dags/example_branch_labels.py
[2024-05-01T12:37:27.115+0000] {processor.py:840} INFO - DAG(s) 'example_branch_labels' retrieved from /home/airflow/.local/lib/python3.12/site-packages/airflow/example_dags/example_branch_labels.py
[2024-05-01T12:37:27.141+0000] {logging_mixin.py:188} INFO - [2024-05-01T12:37:27.141+0000] {dag.py:3096} INFO - Sync 1 DAGs
[2024-05-01T12:37:27.166+0000] {logging_mixin.py:188} INFO - [2024-05-01T12:37:27.166+0000] {dag.py:3954} INFO - Setting next_dagrun for example_branch_labels to 2024-04-30 00:00:00+00:00, run_after=2024-05-01 00:00:00+00:00
[2024-05-01T12:37:27.184+0000] {processor.py:183} INFO - Processing /home/airflow/.local/lib/python3.12/site-packages/airflow/example_dags/example_branch_labels.py took 0.094 seconds
[2024-05-01T12:37:57.964+0000] {processor.py:161} INFO - Started process (PID=1177) to work on /home/airflow/.local/lib/python3.12/site-packages/airflow/example_dags/example_branch_labels.py
[2024-05-01T12:37:57.966+0000] {processor.py:830} INFO - Processing file /home/airflow/.local/lib/python3.12/site-packages/airflow/example_dags/example_branch_labels.py for tasks to queue
[2024-05-01T12:37:57.969+0000] {logging_mixin.py:188} INFO - [2024-05-01T12:37:57.968+0000] {dagbag.py:540} INFO - Filling up the DagBag from /home/airflow/.local/lib/python3.12/site-packages/airflow/example_dags/example_branch_labels.py
[2024-05-01T12:37:57.979+0000] {processor.py:840} INFO - DAG(s) 'example_branch_labels' retrieved from /home/airflow/.local/lib/python3.12/site-packages/airflow/example_dags/example_branch_labels.py
[2024-05-01T12:37:58.006+0000] {logging_mixin.py:188} INFO - [2024-05-01T12:37:58.006+0000] {dag.py:3096} INFO - Sync 1 DAGs
[2024-05-01T12:37:58.033+0000] {logging_mixin.py:188} INFO - [2024-05-01T12:37:58.032+0000] {dag.py:3954} INFO - Setting next_dagrun for example_branch_labels to 2024-04-30 00:00:00+00:00, run_after=2024-05-01 00:00:00+00:00
[2024-05-01T12:37:58.050+0000] {processor.py:183} INFO - Processing /home/airflow/.local/lib/python3.12/site-packages/airflow/example_dags/example_branch_labels.py took 0.094 seconds
[2024-05-01T12:38:28.083+0000] {processor.py:161} INFO - Started process (PID=1235) to work on /home/airflow/.local/lib/python3.12/site-packages/airflow/example_dags/example_branch_labels.py
[2024-05-01T12:38:28.085+0000] {processor.py:830} INFO - Processing file /home/airflow/.local/lib/python3.12/site-packages/airflow/example_dags/example_branch_labels.py for tasks to queue
[2024-05-01T12:38:28.088+0000] {logging_mixin.py:188} INFO - [2024-05-01T12:38:28.088+0000] {dagbag.py:540} INFO - Filling up the DagBag from /home/airflow/.local/lib/python3.12/site-packages/airflow/example_dags/example_branch_labels.py
[2024-05-01T12:38:28.099+0000] {processor.py:840} INFO - DAG(s) 'example_branch_labels' retrieved from /home/airflow/.local/lib/python3.12/site-packages/airflow/example_dags/example_branch_labels.py
[2024-05-01T12:38:28.124+0000] {logging_mixin.py:188} INFO - [2024-05-01T12:38:28.123+0000] {dag.py:3096} INFO - Sync 1 DAGs
[2024-05-01T12:38:28.150+0000] {logging_mixin.py:188} INFO - [2024-05-01T12:38:28.150+0000] {dag.py:3954} INFO - Setting next_dagrun for example_branch_labels to 2024-04-30 00:00:00+00:00, run_after=2024-05-01 00:00:00+00:00
[2024-05-01T12:38:28.172+0000] {processor.py:183} INFO - Processing /home/airflow/.local/lib/python3.12/site-packages/airflow/example_dags/example_branch_labels.py took 0.095 seconds
[2024-05-01T12:38:58.677+0000] {processor.py:161} INFO - Started process (PID=1293) to work on /home/airflow/.local/lib/python3.12/site-packages/airflow/example_dags/example_branch_labels.py
[2024-05-01T12:38:58.679+0000] {processor.py:830} INFO - Processing file /home/airflow/.local/lib/python3.12/site-packages/airflow/example_dags/example_branch_labels.py for tasks to queue
[2024-05-01T12:38:58.682+0000] {logging_mixin.py:188} INFO - [2024-05-01T12:38:58.682+0000] {dagbag.py:540} INFO - Filling up the DagBag from /home/airflow/.local/lib/python3.12/site-packages/airflow/example_dags/example_branch_labels.py
[2024-05-01T12:38:58.690+0000] {processor.py:840} INFO - DAG(s) 'example_branch_labels' retrieved from /home/airflow/.local/lib/python3.12/site-packages/airflow/example_dags/example_branch_labels.py
[2024-05-01T12:38:58.718+0000] {logging_mixin.py:188} INFO - [2024-05-01T12:38:58.718+0000] {dag.py:3096} INFO - Sync 1 DAGs
[2024-05-01T12:38:58.747+0000] {logging_mixin.py:188} INFO - [2024-05-01T12:38:58.747+0000] {dag.py:3954} INFO - Setting next_dagrun for example_branch_labels to 2024-04-30 00:00:00+00:00, run_after=2024-05-01 00:00:00+00:00
[2024-05-01T12:38:58.771+0000] {processor.py:183} INFO - Processing /home/airflow/.local/lib/python3.12/site-packages/airflow/example_dags/example_branch_labels.py took 0.100 seconds
[2024-05-01T12:39:29.350+0000] {processor.py:161} INFO - Started process (PID=1350) to work on /home/airflow/.local/lib/python3.12/site-packages/airflow/example_dags/example_branch_labels.py
[2024-05-01T12:39:29.351+0000] {processor.py:830} INFO - Processing file /home/airflow/.local/lib/python3.12/site-packages/airflow/example_dags/example_branch_labels.py for tasks to queue
[2024-05-01T12:39:29.354+0000] {logging_mixin.py:188} INFO - [2024-05-01T12:39:29.353+0000] {dagbag.py:540} INFO - Filling up the DagBag from /home/airflow/.local/lib/python3.12/site-packages/airflow/example_dags/example_branch_labels.py
[2024-05-01T12:39:29.363+0000] {processor.py:840} INFO - DAG(s) 'example_branch_labels' retrieved from /home/airflow/.local/lib/python3.12/site-packages/airflow/example_dags/example_branch_labels.py
[2024-05-01T12:39:29.388+0000] {logging_mixin.py:188} INFO - [2024-05-01T12:39:29.387+0000] {dag.py:3096} INFO - Sync 1 DAGs
[2024-05-01T12:39:29.419+0000] {logging_mixin.py:188} INFO - [2024-05-01T12:39:29.418+0000] {dag.py:3954} INFO - Setting next_dagrun for example_branch_labels to 2024-04-30 00:00:00+00:00, run_after=2024-05-01 00:00:00+00:00
[2024-05-01T12:39:29.439+0000] {processor.py:183} INFO - Processing /home/airflow/.local/lib/python3.12/site-packages/airflow/example_dags/example_branch_labels.py took 0.097 seconds
[2024-05-01T12:39:59.498+0000] {processor.py:161} INFO - Started process (PID=1408) to work on /home/airflow/.local/lib/python3.12/site-packages/airflow/example_dags/example_branch_labels.py
[2024-05-01T12:39:59.499+0000] {processor.py:830} INFO - Processing file /home/airflow/.local/lib/python3.12/site-packages/airflow/example_dags/example_branch_labels.py for tasks to queue
[2024-05-01T12:39:59.502+0000] {logging_mixin.py:188} INFO - [2024-05-01T12:39:59.502+0000] {dagbag.py:540} INFO - Filling up the DagBag from /home/airflow/.local/lib/python3.12/site-packages/airflow/example_dags/example_branch_labels.py
[2024-05-01T12:39:59.511+0000] {processor.py:840} INFO - DAG(s) 'example_branch_labels' retrieved from /home/airflow/.local/lib/python3.12/site-packages/airflow/example_dags/example_branch_labels.py
[2024-05-01T12:39:59.534+0000] {logging_mixin.py:188} INFO - [2024-05-01T12:39:59.533+0000] {dag.py:3096} INFO - Sync 1 DAGs
[2024-05-01T12:39:59.561+0000] {logging_mixin.py:188} INFO - [2024-05-01T12:39:59.560+0000] {dag.py:3954} INFO - Setting next_dagrun for example_branch_labels to 2024-04-30 00:00:00+00:00, run_after=2024-05-01 00:00:00+00:00
[2024-05-01T12:39:59.581+0000] {processor.py:183} INFO - Processing /home/airflow/.local/lib/python3.12/site-packages/airflow/example_dags/example_branch_labels.py took 0.090 seconds
[2024-05-01T12:40:29.652+0000] {processor.py:161} INFO - Started process (PID=1466) to work on /home/airflow/.local/lib/python3.12/site-packages/airflow/example_dags/example_branch_labels.py
[2024-05-01T12:40:29.654+0000] {processor.py:830} INFO - Processing file /home/airflow/.local/lib/python3.12/site-packages/airflow/example_dags/example_branch_labels.py for tasks to queue
[2024-05-01T12:40:29.657+0000] {logging_mixin.py:188} INFO - [2024-05-01T12:40:29.656+0000] {dagbag.py:540} INFO - Filling up the DagBag from /home/airflow/.local/lib/python3.12/site-packages/airflow/example_dags/example_branch_labels.py
[2024-05-01T12:40:29.666+0000] {processor.py:840} INFO - DAG(s) 'example_branch_labels' retrieved from /home/airflow/.local/lib/python3.12/site-packages/airflow/example_dags/example_branch_labels.py
[2024-05-01T12:40:29.689+0000] {logging_mixin.py:188} INFO - [2024-05-01T12:40:29.689+0000] {dag.py:3096} INFO - Sync 1 DAGs
[2024-05-01T12:40:29.714+0000] {logging_mixin.py:188} INFO - [2024-05-01T12:40:29.714+0000] {dag.py:3954} INFO - Setting next_dagrun for example_branch_labels to 2024-04-30 00:00:00+00:00, run_after=2024-05-01 00:00:00+00:00
[2024-05-01T12:40:29.733+0000] {processor.py:183} INFO - Processing /home/airflow/.local/lib/python3.12/site-packages/airflow/example_dags/example_branch_labels.py took 0.090 seconds
[2024-05-01T12:40:59.916+0000] {processor.py:161} INFO - Started process (PID=1524) to work on /home/airflow/.local/lib/python3.12/site-packages/airflow/example_dags/example_branch_labels.py
[2024-05-01T12:40:59.917+0000] {processor.py:830} INFO - Processing file /home/airflow/.local/lib/python3.12/site-packages/airflow/example_dags/example_branch_labels.py for tasks to queue
[2024-05-01T12:40:59.919+0000] {logging_mixin.py:188} INFO - [2024-05-01T12:40:59.919+0000] {dagbag.py:540} INFO - Filling up the DagBag from /home/airflow/.local/lib/python3.12/site-packages/airflow/example_dags/example_branch_labels.py
[2024-05-01T12:40:59.928+0000] {processor.py:840} INFO - DAG(s) 'example_branch_labels' retrieved from /home/airflow/.local/lib/python3.12/site-packages/airflow/example_dags/example_branch_labels.py
[2024-05-01T12:40:59.950+0000] {logging_mixin.py:188} INFO - [2024-05-01T12:40:59.950+0000] {dag.py:3096} INFO - Sync 1 DAGs
[2024-05-01T12:40:59.976+0000] {logging_mixin.py:188} INFO - [2024-05-01T12:40:59.975+0000] {dag.py:3954} INFO - Setting next_dagrun for example_branch_labels to 2024-04-30 00:00:00+00:00, run_after=2024-05-01 00:00:00+00:00
[2024-05-01T12:40:59.993+0000] {processor.py:183} INFO - Processing /home/airflow/.local/lib/python3.12/site-packages/airflow/example_dags/example_branch_labels.py took 0.083 seconds
[2024-05-01T12:41:30.511+0000] {processor.py:161} INFO - Started process (PID=1582) to work on /home/airflow/.local/lib/python3.12/site-packages/airflow/example_dags/example_branch_labels.py
[2024-05-01T12:41:30.537+0000] {processor.py:830} INFO - Processing file /home/airflow/.local/lib/python3.12/site-packages/airflow/example_dags/example_branch_labels.py for tasks to queue
[2024-05-01T12:41:30.539+0000] {logging_mixin.py:188} INFO - [2024-05-01T12:41:30.539+0000] {dagbag.py:540} INFO - Filling up the DagBag from /home/airflow/.local/lib/python3.12/site-packages/airflow/example_dags/example_branch_labels.py
[2024-05-01T12:41:30.550+0000] {processor.py:840} INFO - DAG(s) 'example_branch_labels' retrieved from /home/airflow/.local/lib/python3.12/site-packages/airflow/example_dags/example_branch_labels.py
[2024-05-01T12:41:30.576+0000] {logging_mixin.py:188} INFO - [2024-05-01T12:41:30.576+0000] {dag.py:3096} INFO - Sync 1 DAGs
[2024-05-01T12:41:30.607+0000] {logging_mixin.py:188} INFO - [2024-05-01T12:41:30.607+0000] {dag.py:3954} INFO - Setting next_dagrun for example_branch_labels to 2024-04-30 00:00:00+00:00, run_after=2024-05-01 00:00:00+00:00
[2024-05-01T12:41:30.625+0000] {processor.py:183} INFO - Processing /home/airflow/.local/lib/python3.12/site-packages/airflow/example_dags/example_branch_labels.py took 0.122 seconds
[2024-05-01T12:42:00.766+0000] {processor.py:161} INFO - Started process (PID=1640) to work on /home/airflow/.local/lib/python3.12/site-packages/airflow/example_dags/example_branch_labels.py
[2024-05-01T12:42:00.767+0000] {processor.py:830} INFO - Processing file /home/airflow/.local/lib/python3.12/site-packages/airflow/example_dags/example_branch_labels.py for tasks to queue
[2024-05-01T12:42:00.770+0000] {logging_mixin.py:188} INFO - [2024-05-01T12:42:00.769+0000] {dagbag.py:540} INFO - Filling up the DagBag from /home/airflow/.local/lib/python3.12/site-packages/airflow/example_dags/example_branch_labels.py
[2024-05-01T12:42:00.778+0000] {processor.py:840} INFO - DAG(s) 'example_branch_labels' retrieved from /home/airflow/.local/lib/python3.12/site-packages/airflow/example_dags/example_branch_labels.py
[2024-05-01T12:42:00.800+0000] {logging_mixin.py:188} INFO - [2024-05-01T12:42:00.800+0000] {dag.py:3096} INFO - Sync 1 DAGs
[2024-05-01T12:42:00.825+0000] {logging_mixin.py:188} INFO - [2024-05-01T12:42:00.825+0000] {dag.py:3954} INFO - Setting next_dagrun for example_branch_labels to 2024-04-30 00:00:00+00:00, run_after=2024-05-01 00:00:00+00:00
[2024-05-01T12:42:00.844+0000] {processor.py:183} INFO - Processing /home/airflow/.local/lib/python3.12/site-packages/airflow/example_dags/example_branch_labels.py took 0.084 seconds
[2024-05-01T12:42:31.063+0000] {processor.py:161} INFO - Started process (PID=1698) to work on /home/airflow/.local/lib/python3.12/site-packages/airflow/example_dags/example_branch_labels.py
[2024-05-01T12:42:31.065+0000] {processor.py:830} INFO - Processing file /home/airflow/.local/lib/python3.12/site-packages/airflow/example_dags/example_branch_labels.py for tasks to queue
[2024-05-01T12:42:31.070+0000] {logging_mixin.py:188} INFO - [2024-05-01T12:42:31.069+0000] {dagbag.py:540} INFO - Filling up the DagBag from /home/airflow/.local/lib/python3.12/site-packages/airflow/example_dags/example_branch_labels.py
[2024-05-01T12:42:31.083+0000] {processor.py:840} INFO - DAG(s) 'example_branch_labels' retrieved from /home/airflow/.local/lib/python3.12/site-packages/airflow/example_dags/example_branch_labels.py
[2024-05-01T12:42:31.111+0000] {logging_mixin.py:188} INFO - [2024-05-01T12:42:31.110+0000] {dag.py:3096} INFO - Sync 1 DAGs
[2024-05-01T12:42:31.140+0000] {logging_mixin.py:188} INFO - [2024-05-01T12:42:31.139+0000] {dag.py:3954} INFO - Setting next_dagrun for example_branch_labels to 2024-04-30 00:00:00+00:00, run_after=2024-05-01 00:00:00+00:00
[2024-05-01T12:42:31.163+0000] {processor.py:183} INFO - Processing /home/airflow/.local/lib/python3.12/site-packages/airflow/example_dags/example_branch_labels.py took 0.110 seconds
[2024-05-01T12:43:01.258+0000] {processor.py:161} INFO - Started process (PID=1756) to work on /home/airflow/.local/lib/python3.12/site-packages/airflow/example_dags/example_branch_labels.py
[2024-05-01T12:43:01.259+0000] {processor.py:830} INFO - Processing file /home/airflow/.local/lib/python3.12/site-packages/airflow/example_dags/example_branch_labels.py for tasks to queue
[2024-05-01T12:43:01.262+0000] {logging_mixin.py:188} INFO - [2024-05-01T12:43:01.261+0000] {dagbag.py:540} INFO - Filling up the DagBag from /home/airflow/.local/lib/python3.12/site-packages/airflow/example_dags/example_branch_labels.py
[2024-05-01T12:43:01.270+0000] {processor.py:840} INFO - DAG(s) 'example_branch_labels' retrieved from /home/airflow/.local/lib/python3.12/site-packages/airflow/example_dags/example_branch_labels.py
[2024-05-01T12:43:01.292+0000] {logging_mixin.py:188} INFO - [2024-05-01T12:43:01.292+0000] {dag.py:3096} INFO - Sync 1 DAGs
[2024-05-01T12:43:01.317+0000] {logging_mixin.py:188} INFO - [2024-05-01T12:43:01.317+0000] {dag.py:3954} INFO - Setting next_dagrun for example_branch_labels to 2024-04-30 00:00:00+00:00, run_after=2024-05-01 00:00:00+00:00
[2024-05-01T12:43:01.336+0000] {processor.py:183} INFO - Processing /home/airflow/.local/lib/python3.12/site-packages/airflow/example_dags/example_branch_labels.py took 0.085 seconds
[2024-05-01T12:43:31.595+0000] {processor.py:161} INFO - Started process (PID=1814) to work on /home/airflow/.local/lib/python3.12/site-packages/airflow/example_dags/example_branch_labels.py
[2024-05-01T12:43:31.596+0000] {processor.py:830} INFO - Processing file /home/airflow/.local/lib/python3.12/site-packages/airflow/example_dags/example_branch_labels.py for tasks to queue
[2024-05-01T12:43:31.598+0000] {logging_mixin.py:188} INFO - [2024-05-01T12:43:31.598+0000] {dagbag.py:540} INFO - Filling up the DagBag from /home/airflow/.local/lib/python3.12/site-packages/airflow/example_dags/example_branch_labels.py
[2024-05-01T12:43:31.608+0000] {processor.py:840} INFO - DAG(s) 'example_branch_labels' retrieved from /home/airflow/.local/lib/python3.12/site-packages/airflow/example_dags/example_branch_labels.py
[2024-05-01T12:43:31.630+0000] {logging_mixin.py:188} INFO - [2024-05-01T12:43:31.630+0000] {dag.py:3096} INFO - Sync 1 DAGs
[2024-05-01T12:43:31.655+0000] {logging_mixin.py:188} INFO - [2024-05-01T12:43:31.654+0000] {dag.py:3954} INFO - Setting next_dagrun for example_branch_labels to 2024-04-30 00:00:00+00:00, run_after=2024-05-01 00:00:00+00:00
[2024-05-01T12:43:31.674+0000] {processor.py:183} INFO - Processing /home/airflow/.local/lib/python3.12/site-packages/airflow/example_dags/example_branch_labels.py took 0.085 seconds
[2024-05-01T12:44:01.867+0000] {processor.py:161} INFO - Started process (PID=1872) to work on /home/airflow/.local/lib/python3.12/site-packages/airflow/example_dags/example_branch_labels.py
[2024-05-01T12:44:01.869+0000] {processor.py:830} INFO - Processing file /home/airflow/.local/lib/python3.12/site-packages/airflow/example_dags/example_branch_labels.py for tasks to queue
[2024-05-01T12:44:01.871+0000] {logging_mixin.py:188} INFO - [2024-05-01T12:44:01.871+0000] {dagbag.py:540} INFO - Filling up the DagBag from /home/airflow/.local/lib/python3.12/site-packages/airflow/example_dags/example_branch_labels.py
[2024-05-01T12:44:01.880+0000] {processor.py:840} INFO - DAG(s) 'example_branch_labels' retrieved from /home/airflow/.local/lib/python3.12/site-packages/airflow/example_dags/example_branch_labels.py
[2024-05-01T12:44:01.902+0000] {logging_mixin.py:188} INFO - [2024-05-01T12:44:01.902+0000] {dag.py:3096} INFO - Sync 1 DAGs
[2024-05-01T12:44:01.928+0000] {logging_mixin.py:188} INFO - [2024-05-01T12:44:01.927+0000] {dag.py:3954} INFO - Setting next_dagrun for example_branch_labels to 2024-04-30 00:00:00+00:00, run_after=2024-05-01 00:00:00+00:00
[2024-05-01T12:44:01.946+0000] {processor.py:183} INFO - Processing /home/airflow/.local/lib/python3.12/site-packages/airflow/example_dags/example_branch_labels.py took 0.085 seconds
[2024-05-01T12:44:32.218+0000] {processor.py:161} INFO - Started process (PID=1930) to work on /home/airflow/.local/lib/python3.12/site-packages/airflow/example_dags/example_branch_labels.py
[2024-05-01T12:44:32.220+0000] {processor.py:830} INFO - Processing file /home/airflow/.local/lib/python3.12/site-packages/airflow/example_dags/example_branch_labels.py for tasks to queue
[2024-05-01T12:44:32.222+0000] {logging_mixin.py:188} INFO - [2024-05-01T12:44:32.221+0000] {dagbag.py:540} INFO - Filling up the DagBag from /home/airflow/.local/lib/python3.12/site-packages/airflow/example_dags/example_branch_labels.py
[2024-05-01T12:44:32.230+0000] {processor.py:840} INFO - DAG(s) 'example_branch_labels' retrieved from /home/airflow/.local/lib/python3.12/site-packages/airflow/example_dags/example_branch_labels.py
[2024-05-01T12:44:32.253+0000] {logging_mixin.py:188} INFO - [2024-05-01T12:44:32.253+0000] {dag.py:3096} INFO - Sync 1 DAGs
[2024-05-01T12:44:32.279+0000] {logging_mixin.py:188} INFO - [2024-05-01T12:44:32.278+0000] {dag.py:3954} INFO - Setting next_dagrun for example_branch_labels to 2024-04-30 00:00:00+00:00, run_after=2024-05-01 00:00:00+00:00
[2024-05-01T12:44:32.297+0000] {processor.py:183} INFO - Processing /home/airflow/.local/lib/python3.12/site-packages/airflow/example_dags/example_branch_labels.py took 0.085 seconds
[2024-05-01T12:45:03.039+0000] {processor.py:161} INFO - Started process (PID=1988) to work on /home/airflow/.local/lib/python3.12/site-packages/airflow/example_dags/example_branch_labels.py
[2024-05-01T12:45:03.041+0000] {processor.py:830} INFO - Processing file /home/airflow/.local/lib/python3.12/site-packages/airflow/example_dags/example_branch_labels.py for tasks to queue
[2024-05-01T12:45:03.043+0000] {logging_mixin.py:188} INFO - [2024-05-01T12:45:03.043+0000] {dagbag.py:540} INFO - Filling up the DagBag from /home/airflow/.local/lib/python3.12/site-packages/airflow/example_dags/example_branch_labels.py
[2024-05-01T12:45:03.053+0000] {processor.py:840} INFO - DAG(s) 'example_branch_labels' retrieved from /home/airflow/.local/lib/python3.12/site-packages/airflow/example_dags/example_branch_labels.py
[2024-05-01T12:45:03.076+0000] {logging_mixin.py:188} INFO - [2024-05-01T12:45:03.076+0000] {dag.py:3096} INFO - Sync 1 DAGs
[2024-05-01T12:45:03.101+0000] {logging_mixin.py:188} INFO - [2024-05-01T12:45:03.101+0000] {dag.py:3954} INFO - Setting next_dagrun for example_branch_labels to 2024-04-30 00:00:00+00:00, run_after=2024-05-01 00:00:00+00:00
[2024-05-01T12:45:03.119+0000] {processor.py:183} INFO - Processing /home/airflow/.local/lib/python3.12/site-packages/airflow/example_dags/example_branch_labels.py took 0.087 seconds
[2024-05-01T12:45:33.330+0000] {processor.py:161} INFO - Started process (PID=2046) to work on /home/airflow/.local/lib/python3.12/site-packages/airflow/example_dags/example_branch_labels.py
[2024-05-01T12:45:33.331+0000] {processor.py:830} INFO - Processing file /home/airflow/.local/lib/python3.12/site-packages/airflow/example_dags/example_branch_labels.py for tasks to queue
[2024-05-01T12:45:33.333+0000] {logging_mixin.py:188} INFO - [2024-05-01T12:45:33.333+0000] {dagbag.py:540} INFO - Filling up the DagBag from /home/airflow/.local/lib/python3.12/site-packages/airflow/example_dags/example_branch_labels.py
[2024-05-01T12:45:33.342+0000] {processor.py:840} INFO - DAG(s) 'example_branch_labels' retrieved from /home/airflow/.local/lib/python3.12/site-packages/airflow/example_dags/example_branch_labels.py
[2024-05-01T12:45:33.365+0000] {logging_mixin.py:188} INFO - [2024-05-01T12:45:33.364+0000] {dag.py:3096} INFO - Sync 1 DAGs
[2024-05-01T12:45:33.390+0000] {logging_mixin.py:188} INFO - [2024-05-01T12:45:33.389+0000] {dag.py:3954} INFO - Setting next_dagrun for example_branch_labels to 2024-04-30 00:00:00+00:00, run_after=2024-05-01 00:00:00+00:00
[2024-05-01T12:45:33.408+0000] {processor.py:183} INFO - Processing /home/airflow/.local/lib/python3.12/site-packages/airflow/example_dags/example_branch_labels.py took 0.085 seconds
[2024-05-01T12:46:03.731+0000] {processor.py:161} INFO - Started process (PID=2104) to work on /home/airflow/.local/lib/python3.12/site-packages/airflow/example_dags/example_branch_labels.py
[2024-05-01T12:46:03.732+0000] {processor.py:830} INFO - Processing file /home/airflow/.local/lib/python3.12/site-packages/airflow/example_dags/example_branch_labels.py for tasks to queue
[2024-05-01T12:46:03.735+0000] {logging_mixin.py:188} INFO - [2024-05-01T12:46:03.734+0000] {dagbag.py:540} INFO - Filling up the DagBag from /home/airflow/.local/lib/python3.12/site-packages/airflow/example_dags/example_branch_labels.py
[2024-05-01T12:46:03.743+0000] {processor.py:840} INFO - DAG(s) 'example_branch_labels' retrieved from /home/airflow/.local/lib/python3.12/site-packages/airflow/example_dags/example_branch_labels.py
[2024-05-01T12:46:03.765+0000] {logging_mixin.py:188} INFO - [2024-05-01T12:46:03.765+0000] {dag.py:3096} INFO - Sync 1 DAGs
[2024-05-01T12:46:03.791+0000] {logging_mixin.py:188} INFO - [2024-05-01T12:46:03.790+0000] {dag.py:3954} INFO - Setting next_dagrun for example_branch_labels to 2024-04-30 00:00:00+00:00, run_after=2024-05-01 00:00:00+00:00
[2024-05-01T12:46:03.809+0000] {processor.py:183} INFO - Processing /home/airflow/.local/lib/python3.12/site-packages/airflow/example_dags/example_branch_labels.py took 0.084 seconds
[2024-05-01T12:46:34.159+0000] {processor.py:161} INFO - Started process (PID=2162) to work on /home/airflow/.local/lib/python3.12/site-packages/airflow/example_dags/example_branch_labels.py
[2024-05-01T12:46:34.161+0000] {processor.py:830} INFO - Processing file /home/airflow/.local/lib/python3.12/site-packages/airflow/example_dags/example_branch_labels.py for tasks to queue
[2024-05-01T12:46:34.163+0000] {logging_mixin.py:188} INFO - [2024-05-01T12:46:34.163+0000] {dagbag.py:540} INFO - Filling up the DagBag from /home/airflow/.local/lib/python3.12/site-packages/airflow/example_dags/example_branch_labels.py
[2024-05-01T12:46:34.172+0000] {processor.py:840} INFO - DAG(s) 'example_branch_labels' retrieved from /home/airflow/.local/lib/python3.12/site-packages/airflow/example_dags/example_branch_labels.py
[2024-05-01T12:46:34.194+0000] {logging_mixin.py:188} INFO - [2024-05-01T12:46:34.193+0000] {dag.py:3096} INFO - Sync 1 DAGs
[2024-05-01T12:46:34.220+0000] {logging_mixin.py:188} INFO - [2024-05-01T12:46:34.219+0000] {dag.py:3954} INFO - Setting next_dagrun for example_branch_labels to 2024-04-30 00:00:00+00:00, run_after=2024-05-01 00:00:00+00:00
[2024-05-01T12:46:34.238+0000] {processor.py:183} INFO - Processing /home/airflow/.local/lib/python3.12/site-packages/airflow/example_dags/example_branch_labels.py took 0.084 seconds
[2024-05-01T12:47:04.594+0000] {processor.py:161} INFO - Started process (PID=2220) to work on /home/airflow/.local/lib/python3.12/site-packages/airflow/example_dags/example_branch_labels.py
[2024-05-01T12:47:04.595+0000] {processor.py:830} INFO - Processing file /home/airflow/.local/lib/python3.12/site-packages/airflow/example_dags/example_branch_labels.py for tasks to queue
[2024-05-01T12:47:04.598+0000] {logging_mixin.py:188} INFO - [2024-05-01T12:47:04.598+0000] {dagbag.py:540} INFO - Filling up the DagBag from /home/airflow/.local/lib/python3.12/site-packages/airflow/example_dags/example_branch_labels.py
[2024-05-01T12:47:04.606+0000] {processor.py:840} INFO - DAG(s) 'example_branch_labels' retrieved from /home/airflow/.local/lib/python3.12/site-packages/airflow/example_dags/example_branch_labels.py
[2024-05-01T12:47:04.629+0000] {logging_mixin.py:188} INFO - [2024-05-01T12:47:04.629+0000] {dag.py:3096} INFO - Sync 1 DAGs
[2024-05-01T12:47:04.655+0000] {logging_mixin.py:188} INFO - [2024-05-01T12:47:04.655+0000] {dag.py:3954} INFO - Setting next_dagrun for example_branch_labels to 2024-04-30 00:00:00+00:00, run_after=2024-05-01 00:00:00+00:00
[2024-05-01T12:47:04.674+0000] {processor.py:183} INFO - Processing /home/airflow/.local/lib/python3.12/site-packages/airflow/example_dags/example_branch_labels.py took 0.087 seconds
[2024-05-01T12:47:34.749+0000] {processor.py:161} INFO - Started process (PID=2278) to work on /home/airflow/.local/lib/python3.12/site-packages/airflow/example_dags/example_branch_labels.py
[2024-05-01T12:47:34.750+0000] {processor.py:830} INFO - Processing file /home/airflow/.local/lib/python3.12/site-packages/airflow/example_dags/example_branch_labels.py for tasks to queue
[2024-05-01T12:47:34.753+0000] {logging_mixin.py:188} INFO - [2024-05-01T12:47:34.752+0000] {dagbag.py:540} INFO - Filling up the DagBag from /home/airflow/.local/lib/python3.12/site-packages/airflow/example_dags/example_branch_labels.py
[2024-05-01T12:47:34.762+0000] {processor.py:840} INFO - DAG(s) 'example_branch_labels' retrieved from /home/airflow/.local/lib/python3.12/site-packages/airflow/example_dags/example_branch_labels.py
[2024-05-01T12:47:34.785+0000] {logging_mixin.py:188} INFO - [2024-05-01T12:47:34.784+0000] {dag.py:3096} INFO - Sync 1 DAGs
[2024-05-01T12:47:34.810+0000] {logging_mixin.py:188} INFO - [2024-05-01T12:47:34.810+0000] {dag.py:3954} INFO - Setting next_dagrun for example_branch_labels to 2024-04-30 00:00:00+00:00, run_after=2024-05-01 00:00:00+00:00
[2024-05-01T12:47:34.828+0000] {processor.py:183} INFO - Processing /home/airflow/.local/lib/python3.12/site-packages/airflow/example_dags/example_branch_labels.py took 0.086 seconds
[2024-05-01T12:48:05.849+0000] {processor.py:161} INFO - Started process (PID=2336) to work on /home/airflow/.local/lib/python3.12/site-packages/airflow/example_dags/example_branch_labels.py
[2024-05-01T12:48:05.852+0000] {processor.py:830} INFO - Processing file /home/airflow/.local/lib/python3.12/site-packages/airflow/example_dags/example_branch_labels.py for tasks to queue
[2024-05-01T12:48:05.857+0000] {logging_mixin.py:188} INFO - [2024-05-01T12:48:05.856+0000] {dagbag.py:540} INFO - Filling up the DagBag from /home/airflow/.local/lib/python3.12/site-packages/airflow/example_dags/example_branch_labels.py
[2024-05-01T12:48:05.871+0000] {processor.py:840} INFO - DAG(s) 'example_branch_labels' retrieved from /home/airflow/.local/lib/python3.12/site-packages/airflow/example_dags/example_branch_labels.py
[2024-05-01T12:48:05.900+0000] {logging_mixin.py:188} INFO - [2024-05-01T12:48:05.900+0000] {dag.py:3096} INFO - Sync 1 DAGs
[2024-05-01T12:48:05.929+0000] {logging_mixin.py:188} INFO - [2024-05-01T12:48:05.929+0000] {dag.py:3954} INFO - Setting next_dagrun for example_branch_labels to 2024-04-30 00:00:00+00:00, run_after=2024-05-01 00:00:00+00:00
[2024-05-01T12:48:05.948+0000] {processor.py:183} INFO - Processing /home/airflow/.local/lib/python3.12/site-packages/airflow/example_dags/example_branch_labels.py took 0.110 seconds
[2024-05-01T12:48:36.428+0000] {processor.py:161} INFO - Started process (PID=2394) to work on /home/airflow/.local/lib/python3.12/site-packages/airflow/example_dags/example_branch_labels.py
[2024-05-01T12:48:36.429+0000] {processor.py:830} INFO - Processing file /home/airflow/.local/lib/python3.12/site-packages/airflow/example_dags/example_branch_labels.py for tasks to queue
[2024-05-01T12:48:36.431+0000] {logging_mixin.py:188} INFO - [2024-05-01T12:48:36.431+0000] {dagbag.py:540} INFO - Filling up the DagBag from /home/airflow/.local/lib/python3.12/site-packages/airflow/example_dags/example_branch_labels.py
[2024-05-01T12:48:36.439+0000] {processor.py:840} INFO - DAG(s) 'example_branch_labels' retrieved from /home/airflow/.local/lib/python3.12/site-packages/airflow/example_dags/example_branch_labels.py
[2024-05-01T12:48:36.462+0000] {logging_mixin.py:188} INFO - [2024-05-01T12:48:36.462+0000] {dag.py:3096} INFO - Sync 1 DAGs
[2024-05-01T12:48:36.487+0000] {logging_mixin.py:188} INFO - [2024-05-01T12:48:36.487+0000] {dag.py:3954} INFO - Setting next_dagrun for example_branch_labels to 2024-04-30 00:00:00+00:00, run_after=2024-05-01 00:00:00+00:00
[2024-05-01T12:48:36.505+0000] {processor.py:183} INFO - Processing /home/airflow/.local/lib/python3.12/site-packages/airflow/example_dags/example_branch_labels.py took 0.083 seconds
[2024-05-01T12:49:06.585+0000] {processor.py:161} INFO - Started process (PID=2452) to work on /home/airflow/.local/lib/python3.12/site-packages/airflow/example_dags/example_branch_labels.py
[2024-05-01T12:49:06.587+0000] {processor.py:830} INFO - Processing file /home/airflow/.local/lib/python3.12/site-packages/airflow/example_dags/example_branch_labels.py for tasks to queue
[2024-05-01T12:49:06.589+0000] {logging_mixin.py:188} INFO - [2024-05-01T12:49:06.589+0000] {dagbag.py:540} INFO - Filling up the DagBag from /home/airflow/.local/lib/python3.12/site-packages/airflow/example_dags/example_branch_labels.py
[2024-05-01T12:49:06.598+0000] {processor.py:840} INFO - DAG(s) 'example_branch_labels' retrieved from /home/airflow/.local/lib/python3.12/site-packages/airflow/example_dags/example_branch_labels.py
[2024-05-01T12:49:06.620+0000] {logging_mixin.py:188} INFO - [2024-05-01T12:49:06.620+0000] {dag.py:3096} INFO - Sync 1 DAGs
[2024-05-01T12:49:06.645+0000] {logging_mixin.py:188} INFO - [2024-05-01T12:49:06.644+0000] {dag.py:3954} INFO - Setting next_dagrun for example_branch_labels to 2024-04-30 00:00:00+00:00, run_after=2024-05-01 00:00:00+00:00
[2024-05-01T12:49:06.662+0000] {processor.py:183} INFO - Processing /home/airflow/.local/lib/python3.12/site-packages/airflow/example_dags/example_branch_labels.py took 0.083 seconds
[2024-05-01T12:49:37.365+0000] {processor.py:161} INFO - Started process (PID=2510) to work on /home/airflow/.local/lib/python3.12/site-packages/airflow/example_dags/example_branch_labels.py
[2024-05-01T12:49:37.366+0000] {processor.py:830} INFO - Processing file /home/airflow/.local/lib/python3.12/site-packages/airflow/example_dags/example_branch_labels.py for tasks to queue
[2024-05-01T12:49:37.369+0000] {logging_mixin.py:188} INFO - [2024-05-01T12:49:37.368+0000] {dagbag.py:540} INFO - Filling up the DagBag from /home/airflow/.local/lib/python3.12/site-packages/airflow/example_dags/example_branch_labels.py
[2024-05-01T12:49:37.377+0000] {processor.py:840} INFO - DAG(s) 'example_branch_labels' retrieved from /home/airflow/.local/lib/python3.12/site-packages/airflow/example_dags/example_branch_labels.py
[2024-05-01T12:49:37.404+0000] {logging_mixin.py:188} INFO - [2024-05-01T12:49:37.403+0000] {dag.py:3096} INFO - Sync 1 DAGs
[2024-05-01T12:49:37.434+0000] {logging_mixin.py:188} INFO - [2024-05-01T12:49:37.433+0000] {dag.py:3954} INFO - Setting next_dagrun for example_branch_labels to 2024-04-30 00:00:00+00:00, run_after=2024-05-01 00:00:00+00:00
[2024-05-01T12:49:37.454+0000] {processor.py:183} INFO - Processing /home/airflow/.local/lib/python3.12/site-packages/airflow/example_dags/example_branch_labels.py took 0.097 seconds
[2024-05-01T12:50:07.486+0000] {processor.py:161} INFO - Started process (PID=2568) to work on /home/airflow/.local/lib/python3.12/site-packages/airflow/example_dags/example_branch_labels.py
[2024-05-01T12:50:07.487+0000] {processor.py:830} INFO - Processing file /home/airflow/.local/lib/python3.12/site-packages/airflow/example_dags/example_branch_labels.py for tasks to queue
[2024-05-01T12:50:07.490+0000] {logging_mixin.py:188} INFO - [2024-05-01T12:50:07.489+0000] {dagbag.py:540} INFO - Filling up the DagBag from /home/airflow/.local/lib/python3.12/site-packages/airflow/example_dags/example_branch_labels.py
[2024-05-01T12:50:07.498+0000] {processor.py:840} INFO - DAG(s) 'example_branch_labels' retrieved from /home/airflow/.local/lib/python3.12/site-packages/airflow/example_dags/example_branch_labels.py
[2024-05-01T12:50:07.520+0000] {logging_mixin.py:188} INFO - [2024-05-01T12:50:07.520+0000] {dag.py:3096} INFO - Sync 1 DAGs
[2024-05-01T12:50:07.544+0000] {logging_mixin.py:188} INFO - [2024-05-01T12:50:07.544+0000] {dag.py:3954} INFO - Setting next_dagrun for example_branch_labels to 2024-04-30 00:00:00+00:00, run_after=2024-05-01 00:00:00+00:00
[2024-05-01T12:50:07.562+0000] {processor.py:183} INFO - Processing /home/airflow/.local/lib/python3.12/site-packages/airflow/example_dags/example_branch_labels.py took 0.082 seconds
[2024-05-01T12:50:38.202+0000] {processor.py:161} INFO - Started process (PID=2625) to work on /home/airflow/.local/lib/python3.12/site-packages/airflow/example_dags/example_branch_labels.py
[2024-05-01T12:50:38.203+0000] {processor.py:830} INFO - Processing file /home/airflow/.local/lib/python3.12/site-packages/airflow/example_dags/example_branch_labels.py for tasks to queue
[2024-05-01T12:50:38.205+0000] {logging_mixin.py:188} INFO - [2024-05-01T12:50:38.205+0000] {dagbag.py:540} INFO - Filling up the DagBag from /home/airflow/.local/lib/python3.12/site-packages/airflow/example_dags/example_branch_labels.py
[2024-05-01T12:50:38.213+0000] {processor.py:840} INFO - DAG(s) 'example_branch_labels' retrieved from /home/airflow/.local/lib/python3.12/site-packages/airflow/example_dags/example_branch_labels.py
[2024-05-01T12:50:38.235+0000] {logging_mixin.py:188} INFO - [2024-05-01T12:50:38.234+0000] {dag.py:3096} INFO - Sync 1 DAGs
[2024-05-01T12:50:38.259+0000] {logging_mixin.py:188} INFO - [2024-05-01T12:50:38.259+0000] {dag.py:3954} INFO - Setting next_dagrun for example_branch_labels to 2024-04-30 00:00:00+00:00, run_after=2024-05-01 00:00:00+00:00
[2024-05-01T12:50:38.294+0000] {processor.py:183} INFO - Processing /home/airflow/.local/lib/python3.12/site-packages/airflow/example_dags/example_branch_labels.py took 0.099 seconds
[2024-05-01T12:51:09.140+0000] {processor.py:161} INFO - Started process (PID=2683) to work on /home/airflow/.local/lib/python3.12/site-packages/airflow/example_dags/example_branch_labels.py
[2024-05-01T12:51:09.141+0000] {processor.py:830} INFO - Processing file /home/airflow/.local/lib/python3.12/site-packages/airflow/example_dags/example_branch_labels.py for tasks to queue
[2024-05-01T12:51:09.145+0000] {logging_mixin.py:188} INFO - [2024-05-01T12:51:09.144+0000] {dagbag.py:540} INFO - Filling up the DagBag from /home/airflow/.local/lib/python3.12/site-packages/airflow/example_dags/example_branch_labels.py
[2024-05-01T12:51:09.153+0000] {processor.py:840} INFO - DAG(s) 'example_branch_labels' retrieved from /home/airflow/.local/lib/python3.12/site-packages/airflow/example_dags/example_branch_labels.py
[2024-05-01T12:51:09.175+0000] {logging_mixin.py:188} INFO - [2024-05-01T12:51:09.174+0000] {dag.py:3096} INFO - Sync 1 DAGs
[2024-05-01T12:51:09.200+0000] {logging_mixin.py:188} INFO - [2024-05-01T12:51:09.199+0000] {dag.py:3954} INFO - Setting next_dagrun for example_branch_labels to 2024-04-30 00:00:00+00:00, run_after=2024-05-01 00:00:00+00:00
[2024-05-01T12:51:09.217+0000] {processor.py:183} INFO - Processing /home/airflow/.local/lib/python3.12/site-packages/airflow/example_dags/example_branch_labels.py took 0.083 seconds
[2024-05-01T12:51:39.519+0000] {processor.py:161} INFO - Started process (PID=2741) to work on /home/airflow/.local/lib/python3.12/site-packages/airflow/example_dags/example_branch_labels.py
[2024-05-01T12:51:39.520+0000] {processor.py:830} INFO - Processing file /home/airflow/.local/lib/python3.12/site-packages/airflow/example_dags/example_branch_labels.py for tasks to queue
[2024-05-01T12:51:39.523+0000] {logging_mixin.py:188} INFO - [2024-05-01T12:51:39.522+0000] {dagbag.py:540} INFO - Filling up the DagBag from /home/airflow/.local/lib/python3.12/site-packages/airflow/example_dags/example_branch_labels.py
[2024-05-01T12:51:39.531+0000] {processor.py:840} INFO - DAG(s) 'example_branch_labels' retrieved from /home/airflow/.local/lib/python3.12/site-packages/airflow/example_dags/example_branch_labels.py
[2024-05-01T12:51:39.552+0000] {logging_mixin.py:188} INFO - [2024-05-01T12:51:39.552+0000] {dag.py:3096} INFO - Sync 1 DAGs
[2024-05-01T12:51:39.577+0000] {logging_mixin.py:188} INFO - [2024-05-01T12:51:39.577+0000] {dag.py:3954} INFO - Setting next_dagrun for example_branch_labels to 2024-04-30 00:00:00+00:00, run_after=2024-05-01 00:00:00+00:00
[2024-05-01T12:51:39.595+0000] {processor.py:183} INFO - Processing /home/airflow/.local/lib/python3.12/site-packages/airflow/example_dags/example_branch_labels.py took 0.084 seconds
[2024-05-01T12:52:10.430+0000] {processor.py:161} INFO - Started process (PID=2799) to work on /home/airflow/.local/lib/python3.12/site-packages/airflow/example_dags/example_branch_labels.py
[2024-05-01T12:52:10.431+0000] {processor.py:830} INFO - Processing file /home/airflow/.local/lib/python3.12/site-packages/airflow/example_dags/example_branch_labels.py for tasks to queue
[2024-05-01T12:52:10.434+0000] {logging_mixin.py:188} INFO - [2024-05-01T12:52:10.433+0000] {dagbag.py:540} INFO - Filling up the DagBag from /home/airflow/.local/lib/python3.12/site-packages/airflow/example_dags/example_branch_labels.py
[2024-05-01T12:52:10.442+0000] {processor.py:840} INFO - DAG(s) 'example_branch_labels' retrieved from /home/airflow/.local/lib/python3.12/site-packages/airflow/example_dags/example_branch_labels.py
[2024-05-01T12:52:10.463+0000] {logging_mixin.py:188} INFO - [2024-05-01T12:52:10.463+0000] {dag.py:3096} INFO - Sync 1 DAGs
[2024-05-01T12:52:10.487+0000] {logging_mixin.py:188} INFO - [2024-05-01T12:52:10.487+0000] {dag.py:3954} INFO - Setting next_dagrun for example_branch_labels to 2024-04-30 00:00:00+00:00, run_after=2024-05-01 00:00:00+00:00
[2024-05-01T12:52:10.505+0000] {processor.py:183} INFO - Processing /home/airflow/.local/lib/python3.12/site-packages/airflow/example_dags/example_branch_labels.py took 0.081 seconds
[2024-05-01T12:52:41.412+0000] {processor.py:161} INFO - Started process (PID=2857) to work on /home/airflow/.local/lib/python3.12/site-packages/airflow/example_dags/example_branch_labels.py
[2024-05-01T12:52:41.413+0000] {processor.py:830} INFO - Processing file /home/airflow/.local/lib/python3.12/site-packages/airflow/example_dags/example_branch_labels.py for tasks to queue
[2024-05-01T12:52:41.416+0000] {logging_mixin.py:188} INFO - [2024-05-01T12:52:41.415+0000] {dagbag.py:540} INFO - Filling up the DagBag from /home/airflow/.local/lib/python3.12/site-packages/airflow/example_dags/example_branch_labels.py
[2024-05-01T12:52:41.424+0000] {processor.py:840} INFO - DAG(s) 'example_branch_labels' retrieved from /home/airflow/.local/lib/python3.12/site-packages/airflow/example_dags/example_branch_labels.py
[2024-05-01T12:52:41.445+0000] {logging_mixin.py:188} INFO - [2024-05-01T12:52:41.445+0000] {dag.py:3096} INFO - Sync 1 DAGs
[2024-05-01T12:52:41.471+0000] {logging_mixin.py:188} INFO - [2024-05-01T12:52:41.471+0000] {dag.py:3954} INFO - Setting next_dagrun for example_branch_labels to 2024-04-30 00:00:00+00:00, run_after=2024-05-01 00:00:00+00:00
[2024-05-01T12:52:41.489+0000] {processor.py:183} INFO - Processing /home/airflow/.local/lib/python3.12/site-packages/airflow/example_dags/example_branch_labels.py took 0.083 seconds
[2024-05-01T12:53:12.357+0000] {processor.py:161} INFO - Started process (PID=2915) to work on /home/airflow/.local/lib/python3.12/site-packages/airflow/example_dags/example_branch_labels.py
[2024-05-01T12:53:12.358+0000] {processor.py:830} INFO - Processing file /home/airflow/.local/lib/python3.12/site-packages/airflow/example_dags/example_branch_labels.py for tasks to queue
[2024-05-01T12:53:12.361+0000] {logging_mixin.py:188} INFO - [2024-05-01T12:53:12.360+0000] {dagbag.py:540} INFO - Filling up the DagBag from /home/airflow/.local/lib/python3.12/site-packages/airflow/example_dags/example_branch_labels.py
[2024-05-01T12:53:12.369+0000] {processor.py:840} INFO - DAG(s) 'example_branch_labels' retrieved from /home/airflow/.local/lib/python3.12/site-packages/airflow/example_dags/example_branch_labels.py
[2024-05-01T12:53:12.390+0000] {logging_mixin.py:188} INFO - [2024-05-01T12:53:12.390+0000] {dag.py:3096} INFO - Sync 1 DAGs
[2024-05-01T12:53:12.414+0000] {logging_mixin.py:188} INFO - [2024-05-01T12:53:12.414+0000] {dag.py:3954} INFO - Setting next_dagrun for example_branch_labels to 2024-04-30 00:00:00+00:00, run_after=2024-05-01 00:00:00+00:00
[2024-05-01T12:53:12.432+0000] {processor.py:183} INFO - Processing /home/airflow/.local/lib/python3.12/site-packages/airflow/example_dags/example_branch_labels.py took 0.081 seconds
[2024-05-01T12:53:42.576+0000] {processor.py:161} INFO - Started process (PID=2973) to work on /home/airflow/.local/lib/python3.12/site-packages/airflow/example_dags/example_branch_labels.py
[2024-05-01T12:53:42.577+0000] {processor.py:830} INFO - Processing file /home/airflow/.local/lib/python3.12/site-packages/airflow/example_dags/example_branch_labels.py for tasks to queue
[2024-05-01T12:53:42.579+0000] {logging_mixin.py:188} INFO - [2024-05-01T12:53:42.579+0000] {dagbag.py:540} INFO - Filling up the DagBag from /home/airflow/.local/lib/python3.12/site-packages/airflow/example_dags/example_branch_labels.py
[2024-05-01T12:53:42.588+0000] {processor.py:840} INFO - DAG(s) 'example_branch_labels' retrieved from /home/airflow/.local/lib/python3.12/site-packages/airflow/example_dags/example_branch_labels.py
[2024-05-01T12:53:42.610+0000] {logging_mixin.py:188} INFO - [2024-05-01T12:53:42.610+0000] {dag.py:3096} INFO - Sync 1 DAGs
[2024-05-01T12:53:42.635+0000] {logging_mixin.py:188} INFO - [2024-05-01T12:53:42.635+0000] {dag.py:3954} INFO - Setting next_dagrun for example_branch_labels to 2024-04-30 00:00:00+00:00, run_after=2024-05-01 00:00:00+00:00
[2024-05-01T12:53:42.653+0000] {processor.py:183} INFO - Processing /home/airflow/.local/lib/python3.12/site-packages/airflow/example_dags/example_branch_labels.py took 0.083 seconds
[2024-05-01T12:54:13.490+0000] {processor.py:161} INFO - Started process (PID=3031) to work on /home/airflow/.local/lib/python3.12/site-packages/airflow/example_dags/example_branch_labels.py
[2024-05-01T12:54:13.491+0000] {processor.py:830} INFO - Processing file /home/airflow/.local/lib/python3.12/site-packages/airflow/example_dags/example_branch_labels.py for tasks to queue
[2024-05-01T12:54:13.493+0000] {logging_mixin.py:188} INFO - [2024-05-01T12:54:13.493+0000] {dagbag.py:540} INFO - Filling up the DagBag from /home/airflow/.local/lib/python3.12/site-packages/airflow/example_dags/example_branch_labels.py
[2024-05-01T12:54:13.503+0000] {processor.py:840} INFO - DAG(s) 'example_branch_labels' retrieved from /home/airflow/.local/lib/python3.12/site-packages/airflow/example_dags/example_branch_labels.py
[2024-05-01T12:54:13.531+0000] {logging_mixin.py:188} INFO - [2024-05-01T12:54:13.530+0000] {dag.py:3096} INFO - Sync 1 DAGs
[2024-05-01T12:54:13.562+0000] {logging_mixin.py:188} INFO - [2024-05-01T12:54:13.562+0000] {dag.py:3954} INFO - Setting next_dagrun for example_branch_labels to 2024-04-30 00:00:00+00:00, run_after=2024-05-01 00:00:00+00:00
[2024-05-01T12:54:13.585+0000] {processor.py:183} INFO - Processing /home/airflow/.local/lib/python3.12/site-packages/airflow/example_dags/example_branch_labels.py took 0.102 seconds
[2024-05-01T12:54:44.470+0000] {processor.py:161} INFO - Started process (PID=3089) to work on /home/airflow/.local/lib/python3.12/site-packages/airflow/example_dags/example_branch_labels.py
[2024-05-01T12:54:44.471+0000] {processor.py:830} INFO - Processing file /home/airflow/.local/lib/python3.12/site-packages/airflow/example_dags/example_branch_labels.py for tasks to queue
[2024-05-01T12:54:44.473+0000] {logging_mixin.py:188} INFO - [2024-05-01T12:54:44.473+0000] {dagbag.py:540} INFO - Filling up the DagBag from /home/airflow/.local/lib/python3.12/site-packages/airflow/example_dags/example_branch_labels.py
[2024-05-01T12:54:44.482+0000] {processor.py:840} INFO - DAG(s) 'example_branch_labels' retrieved from /home/airflow/.local/lib/python3.12/site-packages/airflow/example_dags/example_branch_labels.py
[2024-05-01T12:54:44.504+0000] {logging_mixin.py:188} INFO - [2024-05-01T12:54:44.503+0000] {dag.py:3096} INFO - Sync 1 DAGs
[2024-05-01T12:54:45.526+0000] {logging_mixin.py:188} INFO - [2024-05-01T12:54:45.526+0000] {dag.py:3954} INFO - Setting next_dagrun for example_branch_labels to 2024-04-30 00:00:00+00:00, run_after=2024-05-01 00:00:00+00:00
[2024-05-01T12:54:45.545+0000] {processor.py:183} INFO - Processing /home/airflow/.local/lib/python3.12/site-packages/airflow/example_dags/example_branch_labels.py took 1.082 seconds
[2024-05-01T12:55:16.385+0000] {processor.py:161} INFO - Started process (PID=3147) to work on /home/airflow/.local/lib/python3.12/site-packages/airflow/example_dags/example_branch_labels.py
[2024-05-01T12:55:16.386+0000] {processor.py:830} INFO - Processing file /home/airflow/.local/lib/python3.12/site-packages/airflow/example_dags/example_branch_labels.py for tasks to queue
[2024-05-01T12:55:16.389+0000] {logging_mixin.py:188} INFO - [2024-05-01T12:55:16.388+0000] {dagbag.py:540} INFO - Filling up the DagBag from /home/airflow/.local/lib/python3.12/site-packages/airflow/example_dags/example_branch_labels.py
[2024-05-01T12:55:16.399+0000] {processor.py:840} INFO - DAG(s) 'example_branch_labels' retrieved from /home/airflow/.local/lib/python3.12/site-packages/airflow/example_dags/example_branch_labels.py
[2024-05-01T12:55:16.422+0000] {logging_mixin.py:188} INFO - [2024-05-01T12:55:16.422+0000] {dag.py:3096} INFO - Sync 1 DAGs
[2024-05-01T12:55:16.446+0000] {logging_mixin.py:188} INFO - [2024-05-01T12:55:16.446+0000] {dag.py:3954} INFO - Setting next_dagrun for example_branch_labels to 2024-04-30 00:00:00+00:00, run_after=2024-05-01 00:00:00+00:00
[2024-05-01T12:55:16.477+0000] {processor.py:183} INFO - Processing /home/airflow/.local/lib/python3.12/site-packages/airflow/example_dags/example_branch_labels.py took 0.100 seconds
[2024-05-01T12:55:47.320+0000] {processor.py:161} INFO - Started process (PID=3205) to work on /home/airflow/.local/lib/python3.12/site-packages/airflow/example_dags/example_branch_labels.py
[2024-05-01T12:55:47.322+0000] {processor.py:830} INFO - Processing file /home/airflow/.local/lib/python3.12/site-packages/airflow/example_dags/example_branch_labels.py for tasks to queue
[2024-05-01T12:55:47.324+0000] {logging_mixin.py:188} INFO - [2024-05-01T12:55:47.324+0000] {dagbag.py:540} INFO - Filling up the DagBag from /home/airflow/.local/lib/python3.12/site-packages/airflow/example_dags/example_branch_labels.py
[2024-05-01T12:55:47.334+0000] {processor.py:840} INFO - DAG(s) 'example_branch_labels' retrieved from /home/airflow/.local/lib/python3.12/site-packages/airflow/example_dags/example_branch_labels.py
[2024-05-01T12:55:47.356+0000] {logging_mixin.py:188} INFO - [2024-05-01T12:55:47.356+0000] {dag.py:3096} INFO - Sync 1 DAGs
[2024-05-01T12:55:47.382+0000] {logging_mixin.py:188} INFO - [2024-05-01T12:55:47.382+0000] {dag.py:3954} INFO - Setting next_dagrun for example_branch_labels to 2024-04-30 00:00:00+00:00, run_after=2024-05-01 00:00:00+00:00
[2024-05-01T12:55:47.400+0000] {processor.py:183} INFO - Processing /home/airflow/.local/lib/python3.12/site-packages/airflow/example_dags/example_branch_labels.py took 0.087 seconds
[2024-05-01T12:56:18.335+0000] {processor.py:161} INFO - Started process (PID=3263) to work on /home/airflow/.local/lib/python3.12/site-packages/airflow/example_dags/example_branch_labels.py
[2024-05-01T12:56:18.373+0000] {processor.py:830} INFO - Processing file /home/airflow/.local/lib/python3.12/site-packages/airflow/example_dags/example_branch_labels.py for tasks to queue
[2024-05-01T12:56:18.394+0000] {logging_mixin.py:188} INFO - [2024-05-01T12:56:18.393+0000] {dagbag.py:540} INFO - Filling up the DagBag from /home/airflow/.local/lib/python3.12/site-packages/airflow/example_dags/example_branch_labels.py
[2024-05-01T12:56:18.420+0000] {processor.py:840} INFO - DAG(s) 'example_branch_labels' retrieved from /home/airflow/.local/lib/python3.12/site-packages/airflow/example_dags/example_branch_labels.py
[2024-05-01T12:56:18.454+0000] {logging_mixin.py:188} INFO - [2024-05-01T12:56:18.454+0000] {dag.py:3096} INFO - Sync 1 DAGs
[2024-05-01T12:56:18.479+0000] {logging_mixin.py:188} INFO - [2024-05-01T12:56:18.479+0000] {dag.py:3954} INFO - Setting next_dagrun for example_branch_labels to 2024-04-30 00:00:00+00:00, run_after=2024-05-01 00:00:00+00:00
[2024-05-01T12:56:18.497+0000] {processor.py:183} INFO - Processing /home/airflow/.local/lib/python3.12/site-packages/airflow/example_dags/example_branch_labels.py took 0.170 seconds
[2024-05-01T12:56:49.480+0000] {processor.py:161} INFO - Started process (PID=3321) to work on /home/airflow/.local/lib/python3.12/site-packages/airflow/example_dags/example_branch_labels.py
[2024-05-01T12:56:49.482+0000] {processor.py:830} INFO - Processing file /home/airflow/.local/lib/python3.12/site-packages/airflow/example_dags/example_branch_labels.py for tasks to queue
[2024-05-01T12:56:49.484+0000] {logging_mixin.py:188} INFO - [2024-05-01T12:56:49.484+0000] {dagbag.py:540} INFO - Filling up the DagBag from /home/airflow/.local/lib/python3.12/site-packages/airflow/example_dags/example_branch_labels.py
[2024-05-01T12:56:49.493+0000] {processor.py:840} INFO - DAG(s) 'example_branch_labels' retrieved from /home/airflow/.local/lib/python3.12/site-packages/airflow/example_dags/example_branch_labels.py
[2024-05-01T12:56:49.514+0000] {logging_mixin.py:188} INFO - [2024-05-01T12:56:49.514+0000] {dag.py:3096} INFO - Sync 1 DAGs
[2024-05-01T12:56:49.538+0000] {logging_mixin.py:188} INFO - [2024-05-01T12:56:49.538+0000] {dag.py:3954} INFO - Setting next_dagrun for example_branch_labels to 2024-04-30 00:00:00+00:00, run_after=2024-05-01 00:00:00+00:00
[2024-05-01T12:56:49.566+0000] {processor.py:183} INFO - Processing /home/airflow/.local/lib/python3.12/site-packages/airflow/example_dags/example_branch_labels.py took 0.091 seconds
[2024-05-01T12:57:19.593+0000] {processor.py:161} INFO - Started process (PID=3379) to work on /home/airflow/.local/lib/python3.12/site-packages/airflow/example_dags/example_branch_labels.py
[2024-05-01T12:57:19.595+0000] {processor.py:830} INFO - Processing file /home/airflow/.local/lib/python3.12/site-packages/airflow/example_dags/example_branch_labels.py for tasks to queue
[2024-05-01T12:57:19.598+0000] {logging_mixin.py:188} INFO - [2024-05-01T12:57:19.597+0000] {dagbag.py:540} INFO - Filling up the DagBag from /home/airflow/.local/lib/python3.12/site-packages/airflow/example_dags/example_branch_labels.py
[2024-05-01T12:57:19.608+0000] {processor.py:840} INFO - DAG(s) 'example_branch_labels' retrieved from /home/airflow/.local/lib/python3.12/site-packages/airflow/example_dags/example_branch_labels.py
[2024-05-01T12:57:19.632+0000] {logging_mixin.py:188} INFO - [2024-05-01T12:57:19.632+0000] {dag.py:3096} INFO - Sync 1 DAGs
[2024-05-01T12:57:19.659+0000] {logging_mixin.py:188} INFO - [2024-05-01T12:57:19.659+0000] {dag.py:3954} INFO - Setting next_dagrun for example_branch_labels to 2024-04-30 00:00:00+00:00, run_after=2024-05-01 00:00:00+00:00
[2024-05-01T12:57:19.685+0000] {processor.py:183} INFO - Processing /home/airflow/.local/lib/python3.12/site-packages/airflow/example_dags/example_branch_labels.py took 0.098 seconds
[2024-05-01T12:57:49.940+0000] {processor.py:161} INFO - Started process (PID=3437) to work on /home/airflow/.local/lib/python3.12/site-packages/airflow/example_dags/example_branch_labels.py
[2024-05-01T12:57:49.942+0000] {processor.py:830} INFO - Processing file /home/airflow/.local/lib/python3.12/site-packages/airflow/example_dags/example_branch_labels.py for tasks to queue
[2024-05-01T12:57:49.945+0000] {logging_mixin.py:188} INFO - [2024-05-01T12:57:49.945+0000] {dagbag.py:540} INFO - Filling up the DagBag from /home/airflow/.local/lib/python3.12/site-packages/airflow/example_dags/example_branch_labels.py
[2024-05-01T12:57:49.956+0000] {processor.py:840} INFO - DAG(s) 'example_branch_labels' retrieved from /home/airflow/.local/lib/python3.12/site-packages/airflow/example_dags/example_branch_labels.py
[2024-05-01T12:57:49.981+0000] {logging_mixin.py:188} INFO - [2024-05-01T12:57:49.981+0000] {dag.py:3096} INFO - Sync 1 DAGs
[2024-05-01T12:57:50.005+0000] {logging_mixin.py:188} INFO - [2024-05-01T12:57:50.005+0000] {dag.py:3954} INFO - Setting next_dagrun for example_branch_labels to 2024-04-30 00:00:00+00:00, run_after=2024-05-01 00:00:00+00:00
[2024-05-01T12:57:50.024+0000] {processor.py:183} INFO - Processing /home/airflow/.local/lib/python3.12/site-packages/airflow/example_dags/example_branch_labels.py took 0.093 seconds
[2024-05-01T12:58:20.119+0000] {processor.py:161} INFO - Started process (PID=3495) to work on /home/airflow/.local/lib/python3.12/site-packages/airflow/example_dags/example_branch_labels.py
[2024-05-01T12:58:20.120+0000] {processor.py:830} INFO - Processing file /home/airflow/.local/lib/python3.12/site-packages/airflow/example_dags/example_branch_labels.py for tasks to queue
[2024-05-01T12:58:20.123+0000] {logging_mixin.py:188} INFO - [2024-05-01T12:58:20.122+0000] {dagbag.py:540} INFO - Filling up the DagBag from /home/airflow/.local/lib/python3.12/site-packages/airflow/example_dags/example_branch_labels.py
[2024-05-01T12:58:20.135+0000] {processor.py:840} INFO - DAG(s) 'example_branch_labels' retrieved from /home/airflow/.local/lib/python3.12/site-packages/airflow/example_dags/example_branch_labels.py
[2024-05-01T12:58:20.159+0000] {logging_mixin.py:188} INFO - [2024-05-01T12:58:20.159+0000] {dag.py:3096} INFO - Sync 1 DAGs
[2024-05-01T12:58:20.186+0000] {logging_mixin.py:188} INFO - [2024-05-01T12:58:20.186+0000] {dag.py:3954} INFO - Setting next_dagrun for example_branch_labels to 2024-04-30 00:00:00+00:00, run_after=2024-05-01 00:00:00+00:00
[2024-05-01T12:58:20.205+0000] {processor.py:183} INFO - Processing /home/airflow/.local/lib/python3.12/site-packages/airflow/example_dags/example_branch_labels.py took 0.095 seconds
[2024-05-01T12:58:50.437+0000] {processor.py:161} INFO - Started process (PID=3553) to work on /home/airflow/.local/lib/python3.12/site-packages/airflow/example_dags/example_branch_labels.py
[2024-05-01T12:58:50.439+0000] {processor.py:830} INFO - Processing file /home/airflow/.local/lib/python3.12/site-packages/airflow/example_dags/example_branch_labels.py for tasks to queue
[2024-05-01T12:58:50.441+0000] {logging_mixin.py:188} INFO - [2024-05-01T12:58:50.440+0000] {dagbag.py:540} INFO - Filling up the DagBag from /home/airflow/.local/lib/python3.12/site-packages/airflow/example_dags/example_branch_labels.py
[2024-05-01T12:58:50.450+0000] {processor.py:840} INFO - DAG(s) 'example_branch_labels' retrieved from /home/airflow/.local/lib/python3.12/site-packages/airflow/example_dags/example_branch_labels.py
[2024-05-01T12:58:50.473+0000] {logging_mixin.py:188} INFO - [2024-05-01T12:58:50.472+0000] {dag.py:3096} INFO - Sync 1 DAGs
[2024-05-01T12:58:50.497+0000] {logging_mixin.py:188} INFO - [2024-05-01T12:58:50.496+0000] {dag.py:3954} INFO - Setting next_dagrun for example_branch_labels to 2024-04-30 00:00:00+00:00, run_after=2024-05-01 00:00:00+00:00
[2024-05-01T12:58:50.516+0000] {processor.py:183} INFO - Processing /home/airflow/.local/lib/python3.12/site-packages/airflow/example_dags/example_branch_labels.py took 0.086 seconds
[2024-05-01T12:59:20.645+0000] {processor.py:161} INFO - Started process (PID=3611) to work on /home/airflow/.local/lib/python3.12/site-packages/airflow/example_dags/example_branch_labels.py
[2024-05-01T12:59:20.646+0000] {processor.py:830} INFO - Processing file /home/airflow/.local/lib/python3.12/site-packages/airflow/example_dags/example_branch_labels.py for tasks to queue
[2024-05-01T12:59:20.649+0000] {logging_mixin.py:188} INFO - [2024-05-01T12:59:20.648+0000] {dagbag.py:540} INFO - Filling up the DagBag from /home/airflow/.local/lib/python3.12/site-packages/airflow/example_dags/example_branch_labels.py
[2024-05-01T12:59:20.658+0000] {processor.py:840} INFO - DAG(s) 'example_branch_labels' retrieved from /home/airflow/.local/lib/python3.12/site-packages/airflow/example_dags/example_branch_labels.py
[2024-05-01T12:59:20.682+0000] {logging_mixin.py:188} INFO - [2024-05-01T12:59:20.682+0000] {dag.py:3096} INFO - Sync 1 DAGs
[2024-05-01T12:59:20.704+0000] {logging_mixin.py:188} INFO - [2024-05-01T12:59:20.704+0000] {dag.py:3954} INFO - Setting next_dagrun for example_branch_labels to 2024-04-30 00:00:00+00:00, run_after=2024-05-01 00:00:00+00:00
[2024-05-01T12:59:20.730+0000] {processor.py:183} INFO - Processing /home/airflow/.local/lib/python3.12/site-packages/airflow/example_dags/example_branch_labels.py took 0.092 seconds
[2024-05-01T12:59:50.878+0000] {processor.py:161} INFO - Started process (PID=3669) to work on /home/airflow/.local/lib/python3.12/site-packages/airflow/example_dags/example_branch_labels.py
[2024-05-01T12:59:50.879+0000] {processor.py:830} INFO - Processing file /home/airflow/.local/lib/python3.12/site-packages/airflow/example_dags/example_branch_labels.py for tasks to queue
[2024-05-01T12:59:50.882+0000] {logging_mixin.py:188} INFO - [2024-05-01T12:59:50.881+0000] {dagbag.py:540} INFO - Filling up the DagBag from /home/airflow/.local/lib/python3.12/site-packages/airflow/example_dags/example_branch_labels.py
[2024-05-01T12:59:50.891+0000] {processor.py:840} INFO - DAG(s) 'example_branch_labels' retrieved from /home/airflow/.local/lib/python3.12/site-packages/airflow/example_dags/example_branch_labels.py
[2024-05-01T12:59:50.913+0000] {logging_mixin.py:188} INFO - [2024-05-01T12:59:50.913+0000] {dag.py:3096} INFO - Sync 1 DAGs
[2024-05-01T12:59:50.938+0000] {logging_mixin.py:188} INFO - [2024-05-01T12:59:50.937+0000] {dag.py:3954} INFO - Setting next_dagrun for example_branch_labels to 2024-04-30 00:00:00+00:00, run_after=2024-05-01 00:00:00+00:00
[2024-05-01T12:59:50.955+0000] {processor.py:183} INFO - Processing /home/airflow/.local/lib/python3.12/site-packages/airflow/example_dags/example_branch_labels.py took 0.085 seconds
[2024-05-01T13:00:21.158+0000] {processor.py:161} INFO - Started process (PID=3727) to work on /home/airflow/.local/lib/python3.12/site-packages/airflow/example_dags/example_branch_labels.py
[2024-05-01T13:00:21.160+0000] {processor.py:830} INFO - Processing file /home/airflow/.local/lib/python3.12/site-packages/airflow/example_dags/example_branch_labels.py for tasks to queue
[2024-05-01T13:00:21.162+0000] {logging_mixin.py:188} INFO - [2024-05-01T13:00:21.162+0000] {dagbag.py:540} INFO - Filling up the DagBag from /home/airflow/.local/lib/python3.12/site-packages/airflow/example_dags/example_branch_labels.py
[2024-05-01T13:00:21.171+0000] {processor.py:840} INFO - DAG(s) 'example_branch_labels' retrieved from /home/airflow/.local/lib/python3.12/site-packages/airflow/example_dags/example_branch_labels.py
[2024-05-01T13:00:21.192+0000] {logging_mixin.py:188} INFO - [2024-05-01T13:00:21.192+0000] {dag.py:3096} INFO - Sync 1 DAGs
[2024-05-01T13:00:21.217+0000] {logging_mixin.py:188} INFO - [2024-05-01T13:00:21.217+0000] {dag.py:3954} INFO - Setting next_dagrun for example_branch_labels to 2024-04-30 00:00:00+00:00, run_after=2024-05-01 00:00:00+00:00
[2024-05-01T13:00:21.236+0000] {processor.py:183} INFO - Processing /home/airflow/.local/lib/python3.12/site-packages/airflow/example_dags/example_branch_labels.py took 0.085 seconds
[2024-05-01T13:00:51.826+0000] {processor.py:161} INFO - Started process (PID=3785) to work on /home/airflow/.local/lib/python3.12/site-packages/airflow/example_dags/example_branch_labels.py
[2024-05-01T13:00:51.831+0000] {processor.py:830} INFO - Processing file /home/airflow/.local/lib/python3.12/site-packages/airflow/example_dags/example_branch_labels.py for tasks to queue
[2024-05-01T13:00:51.833+0000] {logging_mixin.py:188} INFO - [2024-05-01T13:00:51.833+0000] {dagbag.py:540} INFO - Filling up the DagBag from /home/airflow/.local/lib/python3.12/site-packages/airflow/example_dags/example_branch_labels.py
[2024-05-01T13:00:51.843+0000] {processor.py:840} INFO - DAG(s) 'example_branch_labels' retrieved from /home/airflow/.local/lib/python3.12/site-packages/airflow/example_dags/example_branch_labels.py
[2024-05-01T13:00:51.865+0000] {logging_mixin.py:188} INFO - [2024-05-01T13:00:51.864+0000] {dag.py:3096} INFO - Sync 1 DAGs
[2024-05-01T13:00:51.888+0000] {logging_mixin.py:188} INFO - [2024-05-01T13:00:51.888+0000] {dag.py:3954} INFO - Setting next_dagrun for example_branch_labels to 2024-04-30 00:00:00+00:00, run_after=2024-05-01 00:00:00+00:00
[2024-05-01T13:00:51.906+0000] {processor.py:183} INFO - Processing /home/airflow/.local/lib/python3.12/site-packages/airflow/example_dags/example_branch_labels.py took 0.088 seconds
[2024-05-01T13:01:21.950+0000] {processor.py:161} INFO - Started process (PID=3843) to work on /home/airflow/.local/lib/python3.12/site-packages/airflow/example_dags/example_branch_labels.py
[2024-05-01T13:01:21.953+0000] {processor.py:830} INFO - Processing file /home/airflow/.local/lib/python3.12/site-packages/airflow/example_dags/example_branch_labels.py for tasks to queue
[2024-05-01T13:01:21.956+0000] {logging_mixin.py:188} INFO - [2024-05-01T13:01:21.955+0000] {dagbag.py:540} INFO - Filling up the DagBag from /home/airflow/.local/lib/python3.12/site-packages/airflow/example_dags/example_branch_labels.py
[2024-05-01T13:01:21.965+0000] {processor.py:840} INFO - DAG(s) 'example_branch_labels' retrieved from /home/airflow/.local/lib/python3.12/site-packages/airflow/example_dags/example_branch_labels.py
[2024-05-01T13:01:21.987+0000] {logging_mixin.py:188} INFO - [2024-05-01T13:01:21.987+0000] {dag.py:3096} INFO - Sync 1 DAGs
[2024-05-01T13:01:22.011+0000] {logging_mixin.py:188} INFO - [2024-05-01T13:01:22.011+0000] {dag.py:3954} INFO - Setting next_dagrun for example_branch_labels to 2024-04-30 00:00:00+00:00, run_after=2024-05-01 00:00:00+00:00
[2024-05-01T13:01:22.029+0000] {processor.py:183} INFO - Processing /home/airflow/.local/lib/python3.12/site-packages/airflow/example_dags/example_branch_labels.py took 0.086 seconds
[2024-05-01T13:01:52.985+0000] {processor.py:161} INFO - Started process (PID=3900) to work on /home/airflow/.local/lib/python3.12/site-packages/airflow/example_dags/example_branch_labels.py
[2024-05-01T13:01:52.986+0000] {processor.py:830} INFO - Processing file /home/airflow/.local/lib/python3.12/site-packages/airflow/example_dags/example_branch_labels.py for tasks to queue
[2024-05-01T13:01:52.989+0000] {logging_mixin.py:188} INFO - [2024-05-01T13:01:52.988+0000] {dagbag.py:540} INFO - Filling up the DagBag from /home/airflow/.local/lib/python3.12/site-packages/airflow/example_dags/example_branch_labels.py
[2024-05-01T13:01:52.998+0000] {processor.py:840} INFO - DAG(s) 'example_branch_labels' retrieved from /home/airflow/.local/lib/python3.12/site-packages/airflow/example_dags/example_branch_labels.py
[2024-05-01T13:01:53.023+0000] {logging_mixin.py:188} INFO - [2024-05-01T13:01:53.022+0000] {dag.py:3096} INFO - Sync 1 DAGs
[2024-05-01T13:01:53.050+0000] {logging_mixin.py:188} INFO - [2024-05-01T13:01:53.050+0000] {dag.py:3954} INFO - Setting next_dagrun for example_branch_labels to 2024-04-30 00:00:00+00:00, run_after=2024-05-01 00:00:00+00:00
[2024-05-01T13:01:53.075+0000] {processor.py:183} INFO - Processing /home/airflow/.local/lib/python3.12/site-packages/airflow/example_dags/example_branch_labels.py took 0.097 seconds
[2024-05-01T13:02:23.262+0000] {processor.py:161} INFO - Started process (PID=3958) to work on /home/airflow/.local/lib/python3.12/site-packages/airflow/example_dags/example_branch_labels.py
[2024-05-01T13:02:23.264+0000] {processor.py:830} INFO - Processing file /home/airflow/.local/lib/python3.12/site-packages/airflow/example_dags/example_branch_labels.py for tasks to queue
[2024-05-01T13:02:23.266+0000] {logging_mixin.py:188} INFO - [2024-05-01T13:02:23.266+0000] {dagbag.py:540} INFO - Filling up the DagBag from /home/airflow/.local/lib/python3.12/site-packages/airflow/example_dags/example_branch_labels.py
[2024-05-01T13:02:23.275+0000] {processor.py:840} INFO - DAG(s) 'example_branch_labels' retrieved from /home/airflow/.local/lib/python3.12/site-packages/airflow/example_dags/example_branch_labels.py
[2024-05-01T13:02:23.297+0000] {logging_mixin.py:188} INFO - [2024-05-01T13:02:23.297+0000] {dag.py:3096} INFO - Sync 1 DAGs
[2024-05-01T13:02:23.322+0000] {logging_mixin.py:188} INFO - [2024-05-01T13:02:23.321+0000] {dag.py:3954} INFO - Setting next_dagrun for example_branch_labels to 2024-04-30 00:00:00+00:00, run_after=2024-05-01 00:00:00+00:00
[2024-05-01T13:02:23.339+0000] {processor.py:183} INFO - Processing /home/airflow/.local/lib/python3.12/site-packages/airflow/example_dags/example_branch_labels.py took 0.083 seconds
[2024-05-01T13:02:54.309+0000] {processor.py:161} INFO - Started process (PID=4016) to work on /home/airflow/.local/lib/python3.12/site-packages/airflow/example_dags/example_branch_labels.py
[2024-05-01T13:02:54.310+0000] {processor.py:830} INFO - Processing file /home/airflow/.local/lib/python3.12/site-packages/airflow/example_dags/example_branch_labels.py for tasks to queue
[2024-05-01T13:02:54.312+0000] {logging_mixin.py:188} INFO - [2024-05-01T13:02:54.312+0000] {dagbag.py:540} INFO - Filling up the DagBag from /home/airflow/.local/lib/python3.12/site-packages/airflow/example_dags/example_branch_labels.py
[2024-05-01T13:02:54.321+0000] {processor.py:840} INFO - DAG(s) 'example_branch_labels' retrieved from /home/airflow/.local/lib/python3.12/site-packages/airflow/example_dags/example_branch_labels.py
[2024-05-01T13:02:54.343+0000] {logging_mixin.py:188} INFO - [2024-05-01T13:02:54.343+0000] {dag.py:3096} INFO - Sync 1 DAGs
[2024-05-01T13:02:54.368+0000] {logging_mixin.py:188} INFO - [2024-05-01T13:02:54.367+0000] {dag.py:3954} INFO - Setting next_dagrun for example_branch_labels to 2024-04-30 00:00:00+00:00, run_after=2024-05-01 00:00:00+00:00
[2024-05-01T13:02:54.394+0000] {processor.py:183} INFO - Processing /home/airflow/.local/lib/python3.12/site-packages/airflow/example_dags/example_branch_labels.py took 0.091 seconds
[2024-05-01T13:06:44.198+0000] {processor.py:161} INFO - Started process (PID=4077) to work on /home/airflow/.local/lib/python3.12/site-packages/airflow/example_dags/example_branch_labels.py
[2024-05-01T13:06:44.200+0000] {processor.py:830} INFO - Processing file /home/airflow/.local/lib/python3.12/site-packages/airflow/example_dags/example_branch_labels.py for tasks to queue
[2024-05-01T13:06:44.204+0000] {logging_mixin.py:188} INFO - [2024-05-01T13:06:44.204+0000] {dagbag.py:540} INFO - Filling up the DagBag from /home/airflow/.local/lib/python3.12/site-packages/airflow/example_dags/example_branch_labels.py
[2024-05-01T13:06:44.231+0000] {processor.py:840} INFO - DAG(s) 'example_branch_labels' retrieved from /home/airflow/.local/lib/python3.12/site-packages/airflow/example_dags/example_branch_labels.py
[2024-05-01T13:06:44.283+0000] {logging_mixin.py:188} INFO - [2024-05-01T13:06:44.282+0000] {dag.py:3096} INFO - Sync 1 DAGs
[2024-05-01T13:06:44.340+0000] {logging_mixin.py:188} INFO - [2024-05-01T13:06:44.339+0000] {dag.py:3954} INFO - Setting next_dagrun for example_branch_labels to 2024-04-30 00:00:00+00:00, run_after=2024-05-01 00:00:00+00:00
[2024-05-01T13:06:44.380+0000] {processor.py:183} INFO - Processing /home/airflow/.local/lib/python3.12/site-packages/airflow/example_dags/example_branch_labels.py took 0.195 seconds
[2024-05-01T13:07:14.817+0000] {processor.py:161} INFO - Started process (PID=4135) to work on /home/airflow/.local/lib/python3.12/site-packages/airflow/example_dags/example_branch_labels.py
[2024-05-01T13:07:14.818+0000] {processor.py:830} INFO - Processing file /home/airflow/.local/lib/python3.12/site-packages/airflow/example_dags/example_branch_labels.py for tasks to queue
[2024-05-01T13:07:14.820+0000] {logging_mixin.py:188} INFO - [2024-05-01T13:07:14.820+0000] {dagbag.py:540} INFO - Filling up the DagBag from /home/airflow/.local/lib/python3.12/site-packages/airflow/example_dags/example_branch_labels.py
[2024-05-01T13:07:14.829+0000] {processor.py:840} INFO - DAG(s) 'example_branch_labels' retrieved from /home/airflow/.local/lib/python3.12/site-packages/airflow/example_dags/example_branch_labels.py
[2024-05-01T13:07:14.852+0000] {logging_mixin.py:188} INFO - [2024-05-01T13:07:14.851+0000] {dag.py:3096} INFO - Sync 1 DAGs
[2024-05-01T13:07:14.876+0000] {logging_mixin.py:188} INFO - [2024-05-01T13:07:14.876+0000] {dag.py:3954} INFO - Setting next_dagrun for example_branch_labels to 2024-04-30 00:00:00+00:00, run_after=2024-05-01 00:00:00+00:00
[2024-05-01T13:07:14.895+0000] {processor.py:183} INFO - Processing /home/airflow/.local/lib/python3.12/site-packages/airflow/example_dags/example_branch_labels.py took 0.085 seconds
[2024-05-01T13:07:45.204+0000] {processor.py:161} INFO - Started process (PID=4193) to work on /home/airflow/.local/lib/python3.12/site-packages/airflow/example_dags/example_branch_labels.py
[2024-05-01T13:07:45.205+0000] {processor.py:830} INFO - Processing file /home/airflow/.local/lib/python3.12/site-packages/airflow/example_dags/example_branch_labels.py for tasks to queue
[2024-05-01T13:07:45.208+0000] {logging_mixin.py:188} INFO - [2024-05-01T13:07:45.208+0000] {dagbag.py:540} INFO - Filling up the DagBag from /home/airflow/.local/lib/python3.12/site-packages/airflow/example_dags/example_branch_labels.py
[2024-05-01T13:07:45.217+0000] {processor.py:840} INFO - DAG(s) 'example_branch_labels' retrieved from /home/airflow/.local/lib/python3.12/site-packages/airflow/example_dags/example_branch_labels.py
[2024-05-01T13:07:45.240+0000] {logging_mixin.py:188} INFO - [2024-05-01T13:07:45.239+0000] {dag.py:3096} INFO - Sync 1 DAGs
[2024-05-01T13:07:45.266+0000] {logging_mixin.py:188} INFO - [2024-05-01T13:07:45.266+0000] {dag.py:3954} INFO - Setting next_dagrun for example_branch_labels to 2024-04-30 00:00:00+00:00, run_after=2024-05-01 00:00:00+00:00
[2024-05-01T13:07:45.285+0000] {processor.py:183} INFO - Processing /home/airflow/.local/lib/python3.12/site-packages/airflow/example_dags/example_branch_labels.py took 0.088 seconds
[2024-05-01T13:08:15.452+0000] {processor.py:161} INFO - Started process (PID=4251) to work on /home/airflow/.local/lib/python3.12/site-packages/airflow/example_dags/example_branch_labels.py
[2024-05-01T13:08:15.454+0000] {processor.py:830} INFO - Processing file /home/airflow/.local/lib/python3.12/site-packages/airflow/example_dags/example_branch_labels.py for tasks to queue
[2024-05-01T13:08:15.456+0000] {logging_mixin.py:188} INFO - [2024-05-01T13:08:15.456+0000] {dagbag.py:540} INFO - Filling up the DagBag from /home/airflow/.local/lib/python3.12/site-packages/airflow/example_dags/example_branch_labels.py
[2024-05-01T13:08:15.465+0000] {processor.py:840} INFO - DAG(s) 'example_branch_labels' retrieved from /home/airflow/.local/lib/python3.12/site-packages/airflow/example_dags/example_branch_labels.py
[2024-05-01T13:08:15.486+0000] {logging_mixin.py:188} INFO - [2024-05-01T13:08:15.486+0000] {dag.py:3096} INFO - Sync 1 DAGs
[2024-05-01T13:08:15.510+0000] {logging_mixin.py:188} INFO - [2024-05-01T13:08:15.510+0000] {dag.py:3954} INFO - Setting next_dagrun for example_branch_labels to 2024-04-30 00:00:00+00:00, run_after=2024-05-01 00:00:00+00:00
[2024-05-01T13:08:15.528+0000] {processor.py:183} INFO - Processing /home/airflow/.local/lib/python3.12/site-packages/airflow/example_dags/example_branch_labels.py took 0.082 seconds
[2024-05-01T13:08:45.837+0000] {processor.py:161} INFO - Started process (PID=4309) to work on /home/airflow/.local/lib/python3.12/site-packages/airflow/example_dags/example_branch_labels.py
[2024-05-01T13:08:45.839+0000] {processor.py:830} INFO - Processing file /home/airflow/.local/lib/python3.12/site-packages/airflow/example_dags/example_branch_labels.py for tasks to queue
[2024-05-01T13:08:45.842+0000] {logging_mixin.py:188} INFO - [2024-05-01T13:08:45.842+0000] {dagbag.py:540} INFO - Filling up the DagBag from /home/airflow/.local/lib/python3.12/site-packages/airflow/example_dags/example_branch_labels.py
[2024-05-01T13:08:45.852+0000] {processor.py:840} INFO - DAG(s) 'example_branch_labels' retrieved from /home/airflow/.local/lib/python3.12/site-packages/airflow/example_dags/example_branch_labels.py
[2024-05-01T13:08:45.880+0000] {logging_mixin.py:188} INFO - [2024-05-01T13:08:45.880+0000] {dag.py:3096} INFO - Sync 1 DAGs
[2024-05-01T13:08:45.910+0000] {logging_mixin.py:188} INFO - [2024-05-01T13:08:45.910+0000] {dag.py:3954} INFO - Setting next_dagrun for example_branch_labels to 2024-04-30 00:00:00+00:00, run_after=2024-05-01 00:00:00+00:00
[2024-05-01T13:08:45.931+0000] {processor.py:183} INFO - Processing /home/airflow/.local/lib/python3.12/site-packages/airflow/example_dags/example_branch_labels.py took 0.102 seconds
