[2024-05-01T12:28:14.470+0000] {processor.py:161} INFO - Started process (PID=54) to work on /home/airflow/.local/lib/python3.12/site-packages/airflow/example_dags/tutorial.py
[2024-05-01T12:28:14.472+0000] {processor.py:830} INFO - Processing file /home/airflow/.local/lib/python3.12/site-packages/airflow/example_dags/tutorial.py for tasks to queue
[2024-05-01T12:28:14.475+0000] {logging_mixin.py:188} INFO - [2024-05-01T12:28:14.474+0000] {dagbag.py:540} INFO - Filling up the DagBag from /home/airflow/.local/lib/python3.12/site-packages/airflow/example_dags/tutorial.py
[2024-05-01T12:28:14.486+0000] {processor.py:840} INFO - DAG(s) 'tutorial' retrieved from /home/airflow/.local/lib/python3.12/site-packages/airflow/example_dags/tutorial.py
[2024-05-01T12:28:14.508+0000] {logging_mixin.py:188} INFO - [2024-05-01T12:28:14.508+0000] {dag.py:3096} INFO - Sync 1 DAGs
[2024-05-01T12:28:14.558+0000] {logging_mixin.py:188} INFO - [2024-05-01T12:28:14.557+0000] {dag.py:3954} INFO - Setting next_dagrun for tutorial to 2024-04-30 00:00:00+00:00, run_after=2024-05-01 00:00:00+00:00
[2024-05-01T12:28:14.586+0000] {processor.py:183} INFO - Processing /home/airflow/.local/lib/python3.12/site-packages/airflow/example_dags/tutorial.py took 0.125 seconds
[2024-05-01T12:28:44.705+0000] {processor.py:161} INFO - Started process (PID=112) to work on /home/airflow/.local/lib/python3.12/site-packages/airflow/example_dags/tutorial.py
[2024-05-01T12:28:44.707+0000] {processor.py:830} INFO - Processing file /home/airflow/.local/lib/python3.12/site-packages/airflow/example_dags/tutorial.py for tasks to queue
[2024-05-01T12:28:44.709+0000] {logging_mixin.py:188} INFO - [2024-05-01T12:28:44.709+0000] {dagbag.py:540} INFO - Filling up the DagBag from /home/airflow/.local/lib/python3.12/site-packages/airflow/example_dags/tutorial.py
[2024-05-01T12:28:44.716+0000] {processor.py:840} INFO - DAG(s) 'tutorial' retrieved from /home/airflow/.local/lib/python3.12/site-packages/airflow/example_dags/tutorial.py
[2024-05-01T12:28:44.824+0000] {logging_mixin.py:188} INFO - [2024-05-01T12:28:44.823+0000] {dag.py:3096} INFO - Sync 1 DAGs
[2024-05-01T12:28:44.845+0000] {logging_mixin.py:188} INFO - [2024-05-01T12:28:44.845+0000] {dag.py:3954} INFO - Setting next_dagrun for tutorial to 2024-04-30 00:00:00+00:00, run_after=2024-05-01 00:00:00+00:00
[2024-05-01T12:28:44.864+0000] {processor.py:183} INFO - Processing /home/airflow/.local/lib/python3.12/site-packages/airflow/example_dags/tutorial.py took 0.165 seconds
[2024-05-01T12:29:15.537+0000] {processor.py:161} INFO - Started process (PID=170) to work on /home/airflow/.local/lib/python3.12/site-packages/airflow/example_dags/tutorial.py
[2024-05-01T12:29:15.539+0000] {processor.py:830} INFO - Processing file /home/airflow/.local/lib/python3.12/site-packages/airflow/example_dags/tutorial.py for tasks to queue
[2024-05-01T12:29:15.541+0000] {logging_mixin.py:188} INFO - [2024-05-01T12:29:15.540+0000] {dagbag.py:540} INFO - Filling up the DagBag from /home/airflow/.local/lib/python3.12/site-packages/airflow/example_dags/tutorial.py
[2024-05-01T12:29:15.547+0000] {processor.py:840} INFO - DAG(s) 'tutorial' retrieved from /home/airflow/.local/lib/python3.12/site-packages/airflow/example_dags/tutorial.py
[2024-05-01T12:29:15.567+0000] {logging_mixin.py:188} INFO - [2024-05-01T12:29:15.567+0000] {dag.py:3096} INFO - Sync 1 DAGs
[2024-05-01T12:29:15.593+0000] {logging_mixin.py:188} INFO - [2024-05-01T12:29:15.593+0000] {dag.py:3954} INFO - Setting next_dagrun for tutorial to 2024-04-30 00:00:00+00:00, run_after=2024-05-01 00:00:00+00:00
[2024-05-01T12:29:15.613+0000] {processor.py:183} INFO - Processing /home/airflow/.local/lib/python3.12/site-packages/airflow/example_dags/tutorial.py took 0.082 seconds
[2024-05-01T12:29:46.028+0000] {processor.py:161} INFO - Started process (PID=228) to work on /home/airflow/.local/lib/python3.12/site-packages/airflow/example_dags/tutorial.py
[2024-05-01T12:29:46.029+0000] {processor.py:830} INFO - Processing file /home/airflow/.local/lib/python3.12/site-packages/airflow/example_dags/tutorial.py for tasks to queue
[2024-05-01T12:29:46.032+0000] {logging_mixin.py:188} INFO - [2024-05-01T12:29:46.032+0000] {dagbag.py:540} INFO - Filling up the DagBag from /home/airflow/.local/lib/python3.12/site-packages/airflow/example_dags/tutorial.py
[2024-05-01T12:29:46.040+0000] {processor.py:840} INFO - DAG(s) 'tutorial' retrieved from /home/airflow/.local/lib/python3.12/site-packages/airflow/example_dags/tutorial.py
[2024-05-01T12:29:46.061+0000] {logging_mixin.py:188} INFO - [2024-05-01T12:29:46.061+0000] {dag.py:3096} INFO - Sync 1 DAGs
[2024-05-01T12:29:46.089+0000] {logging_mixin.py:188} INFO - [2024-05-01T12:29:46.088+0000] {dag.py:3954} INFO - Setting next_dagrun for tutorial to 2024-04-30 00:00:00+00:00, run_after=2024-05-01 00:00:00+00:00
[2024-05-01T12:29:46.113+0000] {processor.py:183} INFO - Processing /home/airflow/.local/lib/python3.12/site-packages/airflow/example_dags/tutorial.py took 0.093 seconds
[2024-05-01T12:30:16.143+0000] {processor.py:161} INFO - Started process (PID=286) to work on /home/airflow/.local/lib/python3.12/site-packages/airflow/example_dags/tutorial.py
[2024-05-01T12:30:16.144+0000] {processor.py:830} INFO - Processing file /home/airflow/.local/lib/python3.12/site-packages/airflow/example_dags/tutorial.py for tasks to queue
[2024-05-01T12:30:16.146+0000] {logging_mixin.py:188} INFO - [2024-05-01T12:30:16.146+0000] {dagbag.py:540} INFO - Filling up the DagBag from /home/airflow/.local/lib/python3.12/site-packages/airflow/example_dags/tutorial.py
[2024-05-01T12:30:16.153+0000] {processor.py:840} INFO - DAG(s) 'tutorial' retrieved from /home/airflow/.local/lib/python3.12/site-packages/airflow/example_dags/tutorial.py
[2024-05-01T12:30:16.173+0000] {logging_mixin.py:188} INFO - [2024-05-01T12:30:16.172+0000] {dag.py:3096} INFO - Sync 1 DAGs
[2024-05-01T12:30:16.197+0000] {logging_mixin.py:188} INFO - [2024-05-01T12:30:16.197+0000] {dag.py:3954} INFO - Setting next_dagrun for tutorial to 2024-04-30 00:00:00+00:00, run_after=2024-05-01 00:00:00+00:00
[2024-05-01T12:30:16.221+0000] {processor.py:183} INFO - Processing /home/airflow/.local/lib/python3.12/site-packages/airflow/example_dags/tutorial.py took 0.085 seconds
[2024-05-01T12:30:46.729+0000] {processor.py:161} INFO - Started process (PID=344) to work on /home/airflow/.local/lib/python3.12/site-packages/airflow/example_dags/tutorial.py
[2024-05-01T12:30:46.731+0000] {processor.py:830} INFO - Processing file /home/airflow/.local/lib/python3.12/site-packages/airflow/example_dags/tutorial.py for tasks to queue
[2024-05-01T12:30:46.735+0000] {logging_mixin.py:188} INFO - [2024-05-01T12:30:46.734+0000] {dagbag.py:540} INFO - Filling up the DagBag from /home/airflow/.local/lib/python3.12/site-packages/airflow/example_dags/tutorial.py
[2024-05-01T12:30:46.746+0000] {processor.py:840} INFO - DAG(s) 'tutorial' retrieved from /home/airflow/.local/lib/python3.12/site-packages/airflow/example_dags/tutorial.py
[2024-05-01T12:30:46.770+0000] {logging_mixin.py:188} INFO - [2024-05-01T12:30:46.770+0000] {dag.py:3096} INFO - Sync 1 DAGs
[2024-05-01T12:30:46.797+0000] {logging_mixin.py:188} INFO - [2024-05-01T12:30:46.796+0000] {dag.py:3954} INFO - Setting next_dagrun for tutorial to 2024-04-30 00:00:00+00:00, run_after=2024-05-01 00:00:00+00:00
[2024-05-01T12:30:46.815+0000] {processor.py:183} INFO - Processing /home/airflow/.local/lib/python3.12/site-packages/airflow/example_dags/tutorial.py took 0.093 seconds
[2024-05-01T12:31:17.255+0000] {processor.py:161} INFO - Started process (PID=402) to work on /home/airflow/.local/lib/python3.12/site-packages/airflow/example_dags/tutorial.py
[2024-05-01T12:31:17.257+0000] {processor.py:830} INFO - Processing file /home/airflow/.local/lib/python3.12/site-packages/airflow/example_dags/tutorial.py for tasks to queue
[2024-05-01T12:31:17.260+0000] {logging_mixin.py:188} INFO - [2024-05-01T12:31:17.259+0000] {dagbag.py:540} INFO - Filling up the DagBag from /home/airflow/.local/lib/python3.12/site-packages/airflow/example_dags/tutorial.py
[2024-05-01T12:31:17.266+0000] {processor.py:840} INFO - DAG(s) 'tutorial' retrieved from /home/airflow/.local/lib/python3.12/site-packages/airflow/example_dags/tutorial.py
[2024-05-01T12:31:17.287+0000] {logging_mixin.py:188} INFO - [2024-05-01T12:31:17.287+0000] {dag.py:3096} INFO - Sync 1 DAGs
[2024-05-01T12:31:17.311+0000] {logging_mixin.py:188} INFO - [2024-05-01T12:31:17.311+0000] {dag.py:3954} INFO - Setting next_dagrun for tutorial to 2024-04-30 00:00:00+00:00, run_after=2024-05-01 00:00:00+00:00
[2024-05-01T12:31:17.329+0000] {processor.py:183} INFO - Processing /home/airflow/.local/lib/python3.12/site-packages/airflow/example_dags/tutorial.py took 0.080 seconds
[2024-05-01T12:31:48.071+0000] {processor.py:161} INFO - Started process (PID=460) to work on /home/airflow/.local/lib/python3.12/site-packages/airflow/example_dags/tutorial.py
[2024-05-01T12:31:48.073+0000] {processor.py:830} INFO - Processing file /home/airflow/.local/lib/python3.12/site-packages/airflow/example_dags/tutorial.py for tasks to queue
[2024-05-01T12:31:48.075+0000] {logging_mixin.py:188} INFO - [2024-05-01T12:31:48.075+0000] {dagbag.py:540} INFO - Filling up the DagBag from /home/airflow/.local/lib/python3.12/site-packages/airflow/example_dags/tutorial.py
[2024-05-01T12:31:48.082+0000] {processor.py:840} INFO - DAG(s) 'tutorial' retrieved from /home/airflow/.local/lib/python3.12/site-packages/airflow/example_dags/tutorial.py
[2024-05-01T12:31:48.102+0000] {logging_mixin.py:188} INFO - [2024-05-01T12:31:48.102+0000] {dag.py:3096} INFO - Sync 1 DAGs
[2024-05-01T12:31:48.127+0000] {logging_mixin.py:188} INFO - [2024-05-01T12:31:48.127+0000] {dag.py:3954} INFO - Setting next_dagrun for tutorial to 2024-04-30 00:00:00+00:00, run_after=2024-05-01 00:00:00+00:00
[2024-05-01T12:31:48.148+0000] {processor.py:183} INFO - Processing /home/airflow/.local/lib/python3.12/site-packages/airflow/example_dags/tutorial.py took 0.083 seconds
[2024-05-01T12:32:18.330+0000] {processor.py:161} INFO - Started process (PID=518) to work on /home/airflow/.local/lib/python3.12/site-packages/airflow/example_dags/tutorial.py
[2024-05-01T12:32:18.331+0000] {processor.py:830} INFO - Processing file /home/airflow/.local/lib/python3.12/site-packages/airflow/example_dags/tutorial.py for tasks to queue
[2024-05-01T12:32:18.333+0000] {logging_mixin.py:188} INFO - [2024-05-01T12:32:18.333+0000] {dagbag.py:540} INFO - Filling up the DagBag from /home/airflow/.local/lib/python3.12/site-packages/airflow/example_dags/tutorial.py
[2024-05-01T12:32:18.340+0000] {processor.py:840} INFO - DAG(s) 'tutorial' retrieved from /home/airflow/.local/lib/python3.12/site-packages/airflow/example_dags/tutorial.py
[2024-05-01T12:32:18.361+0000] {logging_mixin.py:188} INFO - [2024-05-01T12:32:18.360+0000] {dag.py:3096} INFO - Sync 1 DAGs
[2024-05-01T12:32:18.387+0000] {logging_mixin.py:188} INFO - [2024-05-01T12:32:18.386+0000] {dag.py:3954} INFO - Setting next_dagrun for tutorial to 2024-04-30 00:00:00+00:00, run_after=2024-05-01 00:00:00+00:00
[2024-05-01T12:32:18.406+0000] {processor.py:183} INFO - Processing /home/airflow/.local/lib/python3.12/site-packages/airflow/example_dags/tutorial.py took 0.083 seconds
[2024-05-01T12:32:48.563+0000] {processor.py:161} INFO - Started process (PID=576) to work on /home/airflow/.local/lib/python3.12/site-packages/airflow/example_dags/tutorial.py
[2024-05-01T12:32:48.565+0000] {processor.py:830} INFO - Processing file /home/airflow/.local/lib/python3.12/site-packages/airflow/example_dags/tutorial.py for tasks to queue
[2024-05-01T12:32:48.567+0000] {logging_mixin.py:188} INFO - [2024-05-01T12:32:48.567+0000] {dagbag.py:540} INFO - Filling up the DagBag from /home/airflow/.local/lib/python3.12/site-packages/airflow/example_dags/tutorial.py
[2024-05-01T12:32:48.575+0000] {processor.py:840} INFO - DAG(s) 'tutorial' retrieved from /home/airflow/.local/lib/python3.12/site-packages/airflow/example_dags/tutorial.py
[2024-05-01T12:32:48.599+0000] {logging_mixin.py:188} INFO - [2024-05-01T12:32:48.598+0000] {dag.py:3096} INFO - Sync 1 DAGs
[2024-05-01T12:32:48.622+0000] {logging_mixin.py:188} INFO - [2024-05-01T12:32:48.622+0000] {dag.py:3954} INFO - Setting next_dagrun for tutorial to 2024-04-30 00:00:00+00:00, run_after=2024-05-01 00:00:00+00:00
[2024-05-01T12:32:48.641+0000] {processor.py:183} INFO - Processing /home/airflow/.local/lib/python3.12/site-packages/airflow/example_dags/tutorial.py took 0.085 seconds
[2024-05-01T12:33:19.369+0000] {processor.py:161} INFO - Started process (PID=634) to work on /home/airflow/.local/lib/python3.12/site-packages/airflow/example_dags/tutorial.py
[2024-05-01T12:33:19.372+0000] {processor.py:830} INFO - Processing file /home/airflow/.local/lib/python3.12/site-packages/airflow/example_dags/tutorial.py for tasks to queue
[2024-05-01T12:33:19.375+0000] {logging_mixin.py:188} INFO - [2024-05-01T12:33:19.375+0000] {dagbag.py:540} INFO - Filling up the DagBag from /home/airflow/.local/lib/python3.12/site-packages/airflow/example_dags/tutorial.py
[2024-05-01T12:33:19.388+0000] {processor.py:840} INFO - DAG(s) 'tutorial' retrieved from /home/airflow/.local/lib/python3.12/site-packages/airflow/example_dags/tutorial.py
[2024-05-01T12:33:19.434+0000] {logging_mixin.py:188} INFO - [2024-05-01T12:33:19.433+0000] {dag.py:3096} INFO - Sync 1 DAGs
[2024-05-01T12:33:19.465+0000] {logging_mixin.py:188} INFO - [2024-05-01T12:33:19.464+0000] {dag.py:3954} INFO - Setting next_dagrun for tutorial to 2024-04-30 00:00:00+00:00, run_after=2024-05-01 00:00:00+00:00
[2024-05-01T12:33:19.491+0000] {processor.py:183} INFO - Processing /home/airflow/.local/lib/python3.12/site-packages/airflow/example_dags/tutorial.py took 0.132 seconds
[2024-05-01T12:33:49.847+0000] {processor.py:161} INFO - Started process (PID=692) to work on /home/airflow/.local/lib/python3.12/site-packages/airflow/example_dags/tutorial.py
[2024-05-01T12:33:49.849+0000] {processor.py:830} INFO - Processing file /home/airflow/.local/lib/python3.12/site-packages/airflow/example_dags/tutorial.py for tasks to queue
[2024-05-01T12:33:49.851+0000] {logging_mixin.py:188} INFO - [2024-05-01T12:33:49.851+0000] {dagbag.py:540} INFO - Filling up the DagBag from /home/airflow/.local/lib/python3.12/site-packages/airflow/example_dags/tutorial.py
[2024-05-01T12:33:49.858+0000] {processor.py:840} INFO - DAG(s) 'tutorial' retrieved from /home/airflow/.local/lib/python3.12/site-packages/airflow/example_dags/tutorial.py
[2024-05-01T12:33:49.879+0000] {logging_mixin.py:188} INFO - [2024-05-01T12:33:49.879+0000] {dag.py:3096} INFO - Sync 1 DAGs
[2024-05-01T12:33:49.906+0000] {logging_mixin.py:188} INFO - [2024-05-01T12:33:49.906+0000] {dag.py:3954} INFO - Setting next_dagrun for tutorial to 2024-04-30 00:00:00+00:00, run_after=2024-05-01 00:00:00+00:00
[2024-05-01T12:33:49.925+0000] {processor.py:183} INFO - Processing /home/airflow/.local/lib/python3.12/site-packages/airflow/example_dags/tutorial.py took 0.084 seconds
[2024-05-01T12:34:20.845+0000] {processor.py:161} INFO - Started process (PID=750) to work on /home/airflow/.local/lib/python3.12/site-packages/airflow/example_dags/tutorial.py
[2024-05-01T12:34:20.847+0000] {processor.py:830} INFO - Processing file /home/airflow/.local/lib/python3.12/site-packages/airflow/example_dags/tutorial.py for tasks to queue
[2024-05-01T12:34:20.849+0000] {logging_mixin.py:188} INFO - [2024-05-01T12:34:20.849+0000] {dagbag.py:540} INFO - Filling up the DagBag from /home/airflow/.local/lib/python3.12/site-packages/airflow/example_dags/tutorial.py
[2024-05-01T12:34:20.855+0000] {processor.py:840} INFO - DAG(s) 'tutorial' retrieved from /home/airflow/.local/lib/python3.12/site-packages/airflow/example_dags/tutorial.py
[2024-05-01T12:34:20.875+0000] {logging_mixin.py:188} INFO - [2024-05-01T12:34:20.875+0000] {dag.py:3096} INFO - Sync 1 DAGs
[2024-05-01T12:34:20.899+0000] {logging_mixin.py:188} INFO - [2024-05-01T12:34:20.899+0000] {dag.py:3954} INFO - Setting next_dagrun for tutorial to 2024-04-30 00:00:00+00:00, run_after=2024-05-01 00:00:00+00:00
[2024-05-01T12:34:20.918+0000] {processor.py:183} INFO - Processing /home/airflow/.local/lib/python3.12/site-packages/airflow/example_dags/tutorial.py took 0.079 seconds
[2024-05-01T12:34:51.332+0000] {processor.py:161} INFO - Started process (PID=808) to work on /home/airflow/.local/lib/python3.12/site-packages/airflow/example_dags/tutorial.py
[2024-05-01T12:34:51.334+0000] {processor.py:830} INFO - Processing file /home/airflow/.local/lib/python3.12/site-packages/airflow/example_dags/tutorial.py for tasks to queue
[2024-05-01T12:34:51.337+0000] {logging_mixin.py:188} INFO - [2024-05-01T12:34:51.337+0000] {dagbag.py:540} INFO - Filling up the DagBag from /home/airflow/.local/lib/python3.12/site-packages/airflow/example_dags/tutorial.py
[2024-05-01T12:34:51.345+0000] {processor.py:840} INFO - DAG(s) 'tutorial' retrieved from /home/airflow/.local/lib/python3.12/site-packages/airflow/example_dags/tutorial.py
[2024-05-01T12:34:51.372+0000] {logging_mixin.py:188} INFO - [2024-05-01T12:34:51.372+0000] {dag.py:3096} INFO - Sync 1 DAGs
[2024-05-01T12:34:51.403+0000] {logging_mixin.py:188} INFO - [2024-05-01T12:34:51.402+0000] {dag.py:3954} INFO - Setting next_dagrun for tutorial to 2024-04-30 00:00:00+00:00, run_after=2024-05-01 00:00:00+00:00
[2024-05-01T12:34:51.561+0000] {processor.py:183} INFO - Processing /home/airflow/.local/lib/python3.12/site-packages/airflow/example_dags/tutorial.py took 0.237 seconds
[2024-05-01T12:35:22.360+0000] {processor.py:161} INFO - Started process (PID=866) to work on /home/airflow/.local/lib/python3.12/site-packages/airflow/example_dags/tutorial.py
[2024-05-01T12:35:22.362+0000] {processor.py:830} INFO - Processing file /home/airflow/.local/lib/python3.12/site-packages/airflow/example_dags/tutorial.py for tasks to queue
[2024-05-01T12:35:22.364+0000] {logging_mixin.py:188} INFO - [2024-05-01T12:35:22.364+0000] {dagbag.py:540} INFO - Filling up the DagBag from /home/airflow/.local/lib/python3.12/site-packages/airflow/example_dags/tutorial.py
[2024-05-01T12:35:22.371+0000] {processor.py:840} INFO - DAG(s) 'tutorial' retrieved from /home/airflow/.local/lib/python3.12/site-packages/airflow/example_dags/tutorial.py
[2024-05-01T12:35:22.399+0000] {logging_mixin.py:188} INFO - [2024-05-01T12:35:22.399+0000] {dag.py:3096} INFO - Sync 1 DAGs
[2024-05-01T12:35:22.429+0000] {logging_mixin.py:188} INFO - [2024-05-01T12:35:22.429+0000] {dag.py:3954} INFO - Setting next_dagrun for tutorial to 2024-04-30 00:00:00+00:00, run_after=2024-05-01 00:00:00+00:00
[2024-05-01T12:35:22.597+0000] {processor.py:183} INFO - Processing /home/airflow/.local/lib/python3.12/site-packages/airflow/example_dags/tutorial.py took 0.243 seconds
[2024-05-01T12:35:52.678+0000] {processor.py:161} INFO - Started process (PID=924) to work on /home/airflow/.local/lib/python3.12/site-packages/airflow/example_dags/tutorial.py
[2024-05-01T12:35:52.679+0000] {processor.py:830} INFO - Processing file /home/airflow/.local/lib/python3.12/site-packages/airflow/example_dags/tutorial.py for tasks to queue
[2024-05-01T12:35:52.681+0000] {logging_mixin.py:188} INFO - [2024-05-01T12:35:52.681+0000] {dagbag.py:540} INFO - Filling up the DagBag from /home/airflow/.local/lib/python3.12/site-packages/airflow/example_dags/tutorial.py
[2024-05-01T12:35:52.688+0000] {processor.py:840} INFO - DAG(s) 'tutorial' retrieved from /home/airflow/.local/lib/python3.12/site-packages/airflow/example_dags/tutorial.py
[2024-05-01T12:35:52.711+0000] {logging_mixin.py:188} INFO - [2024-05-01T12:35:52.710+0000] {dag.py:3096} INFO - Sync 1 DAGs
[2024-05-01T12:35:52.735+0000] {logging_mixin.py:188} INFO - [2024-05-01T12:35:52.735+0000] {dag.py:3954} INFO - Setting next_dagrun for tutorial to 2024-04-30 00:00:00+00:00, run_after=2024-05-01 00:00:00+00:00
[2024-05-01T12:35:52.758+0000] {processor.py:183} INFO - Processing /home/airflow/.local/lib/python3.12/site-packages/airflow/example_dags/tutorial.py took 0.087 seconds
[2024-05-01T12:36:23.583+0000] {processor.py:161} INFO - Started process (PID=982) to work on /home/airflow/.local/lib/python3.12/site-packages/airflow/example_dags/tutorial.py
[2024-05-01T12:36:23.585+0000] {processor.py:830} INFO - Processing file /home/airflow/.local/lib/python3.12/site-packages/airflow/example_dags/tutorial.py for tasks to queue
[2024-05-01T12:36:23.587+0000] {logging_mixin.py:188} INFO - [2024-05-01T12:36:23.587+0000] {dagbag.py:540} INFO - Filling up the DagBag from /home/airflow/.local/lib/python3.12/site-packages/airflow/example_dags/tutorial.py
[2024-05-01T12:36:23.594+0000] {processor.py:840} INFO - DAG(s) 'tutorial' retrieved from /home/airflow/.local/lib/python3.12/site-packages/airflow/example_dags/tutorial.py
[2024-05-01T12:36:23.615+0000] {logging_mixin.py:188} INFO - [2024-05-01T12:36:23.615+0000] {dag.py:3096} INFO - Sync 1 DAGs
[2024-05-01T12:36:23.639+0000] {logging_mixin.py:188} INFO - [2024-05-01T12:36:23.638+0000] {dag.py:3954} INFO - Setting next_dagrun for tutorial to 2024-04-30 00:00:00+00:00, run_after=2024-05-01 00:00:00+00:00
[2024-05-01T12:36:23.656+0000] {processor.py:183} INFO - Processing /home/airflow/.local/lib/python3.12/site-packages/airflow/example_dags/tutorial.py took 0.079 seconds
[2024-05-01T12:36:53.992+0000] {processor.py:161} INFO - Started process (PID=1040) to work on /home/airflow/.local/lib/python3.12/site-packages/airflow/example_dags/tutorial.py
[2024-05-01T12:36:53.994+0000] {processor.py:830} INFO - Processing file /home/airflow/.local/lib/python3.12/site-packages/airflow/example_dags/tutorial.py for tasks to queue
[2024-05-01T12:36:53.997+0000] {logging_mixin.py:188} INFO - [2024-05-01T12:36:53.996+0000] {dagbag.py:540} INFO - Filling up the DagBag from /home/airflow/.local/lib/python3.12/site-packages/airflow/example_dags/tutorial.py
[2024-05-01T12:36:54.003+0000] {processor.py:840} INFO - DAG(s) 'tutorial' retrieved from /home/airflow/.local/lib/python3.12/site-packages/airflow/example_dags/tutorial.py
[2024-05-01T12:36:54.025+0000] {logging_mixin.py:188} INFO - [2024-05-01T12:36:54.025+0000] {dag.py:3096} INFO - Sync 1 DAGs
[2024-05-01T12:36:54.049+0000] {logging_mixin.py:188} INFO - [2024-05-01T12:36:54.049+0000] {dag.py:3954} INFO - Setting next_dagrun for tutorial to 2024-04-30 00:00:00+00:00, run_after=2024-05-01 00:00:00+00:00
[2024-05-01T12:36:54.070+0000] {processor.py:183} INFO - Processing /home/airflow/.local/lib/python3.12/site-packages/airflow/example_dags/tutorial.py took 0.084 seconds
[2024-05-01T12:37:25.058+0000] {processor.py:161} INFO - Started process (PID=1104) to work on /home/airflow/.local/lib/python3.12/site-packages/airflow/example_dags/tutorial.py
[2024-05-01T12:37:25.060+0000] {processor.py:830} INFO - Processing file /home/airflow/.local/lib/python3.12/site-packages/airflow/example_dags/tutorial.py for tasks to queue
[2024-05-01T12:37:25.062+0000] {logging_mixin.py:188} INFO - [2024-05-01T12:37:25.062+0000] {dagbag.py:540} INFO - Filling up the DagBag from /home/airflow/.local/lib/python3.12/site-packages/airflow/example_dags/tutorial.py
[2024-05-01T12:37:25.069+0000] {processor.py:840} INFO - DAG(s) 'tutorial' retrieved from /home/airflow/.local/lib/python3.12/site-packages/airflow/example_dags/tutorial.py
[2024-05-01T12:37:25.091+0000] {logging_mixin.py:188} INFO - [2024-05-01T12:37:25.090+0000] {dag.py:3096} INFO - Sync 1 DAGs
[2024-05-01T12:37:25.115+0000] {logging_mixin.py:188} INFO - [2024-05-01T12:37:25.115+0000] {dag.py:3954} INFO - Setting next_dagrun for tutorial to 2024-04-30 00:00:00+00:00, run_after=2024-05-01 00:00:00+00:00
[2024-05-01T12:37:25.134+0000] {processor.py:183} INFO - Processing /home/airflow/.local/lib/python3.12/site-packages/airflow/example_dags/tutorial.py took 0.082 seconds
[2024-05-01T12:37:55.895+0000] {processor.py:161} INFO - Started process (PID=1162) to work on /home/airflow/.local/lib/python3.12/site-packages/airflow/example_dags/tutorial.py
[2024-05-01T12:37:55.898+0000] {processor.py:830} INFO - Processing file /home/airflow/.local/lib/python3.12/site-packages/airflow/example_dags/tutorial.py for tasks to queue
[2024-05-01T12:37:55.901+0000] {logging_mixin.py:188} INFO - [2024-05-01T12:37:55.900+0000] {dagbag.py:540} INFO - Filling up the DagBag from /home/airflow/.local/lib/python3.12/site-packages/airflow/example_dags/tutorial.py
[2024-05-01T12:37:55.909+0000] {processor.py:840} INFO - DAG(s) 'tutorial' retrieved from /home/airflow/.local/lib/python3.12/site-packages/airflow/example_dags/tutorial.py
[2024-05-01T12:37:55.933+0000] {logging_mixin.py:188} INFO - [2024-05-01T12:37:55.932+0000] {dag.py:3096} INFO - Sync 1 DAGs
[2024-05-01T12:37:55.964+0000] {logging_mixin.py:188} INFO - [2024-05-01T12:37:55.964+0000] {dag.py:3954} INFO - Setting next_dagrun for tutorial to 2024-04-30 00:00:00+00:00, run_after=2024-05-01 00:00:00+00:00
[2024-05-01T12:37:55.988+0000] {processor.py:183} INFO - Processing /home/airflow/.local/lib/python3.12/site-packages/airflow/example_dags/tutorial.py took 0.101 seconds
[2024-05-01T12:38:26.113+0000] {processor.py:161} INFO - Started process (PID=1220) to work on /home/airflow/.local/lib/python3.12/site-packages/airflow/example_dags/tutorial.py
[2024-05-01T12:38:26.117+0000] {processor.py:830} INFO - Processing file /home/airflow/.local/lib/python3.12/site-packages/airflow/example_dags/tutorial.py for tasks to queue
[2024-05-01T12:38:26.119+0000] {logging_mixin.py:188} INFO - [2024-05-01T12:38:26.119+0000] {dagbag.py:540} INFO - Filling up the DagBag from /home/airflow/.local/lib/python3.12/site-packages/airflow/example_dags/tutorial.py
[2024-05-01T12:38:26.127+0000] {processor.py:840} INFO - DAG(s) 'tutorial' retrieved from /home/airflow/.local/lib/python3.12/site-packages/airflow/example_dags/tutorial.py
[2024-05-01T12:38:26.150+0000] {logging_mixin.py:188} INFO - [2024-05-01T12:38:26.150+0000] {dag.py:3096} INFO - Sync 1 DAGs
[2024-05-01T12:38:26.180+0000] {logging_mixin.py:188} INFO - [2024-05-01T12:38:26.180+0000] {dag.py:3954} INFO - Setting next_dagrun for tutorial to 2024-04-30 00:00:00+00:00, run_after=2024-05-01 00:00:00+00:00
[2024-05-01T12:38:26.203+0000] {processor.py:183} INFO - Processing /home/airflow/.local/lib/python3.12/site-packages/airflow/example_dags/tutorial.py took 0.098 seconds
[2024-05-01T12:38:56.663+0000] {processor.py:161} INFO - Started process (PID=1278) to work on /home/airflow/.local/lib/python3.12/site-packages/airflow/example_dags/tutorial.py
[2024-05-01T12:38:56.665+0000] {processor.py:830} INFO - Processing file /home/airflow/.local/lib/python3.12/site-packages/airflow/example_dags/tutorial.py for tasks to queue
[2024-05-01T12:38:56.667+0000] {logging_mixin.py:188} INFO - [2024-05-01T12:38:56.667+0000] {dagbag.py:540} INFO - Filling up the DagBag from /home/airflow/.local/lib/python3.12/site-packages/airflow/example_dags/tutorial.py
[2024-05-01T12:38:56.673+0000] {processor.py:840} INFO - DAG(s) 'tutorial' retrieved from /home/airflow/.local/lib/python3.12/site-packages/airflow/example_dags/tutorial.py
[2024-05-01T12:38:56.694+0000] {logging_mixin.py:188} INFO - [2024-05-01T12:38:56.694+0000] {dag.py:3096} INFO - Sync 1 DAGs
[2024-05-01T12:38:56.718+0000] {logging_mixin.py:188} INFO - [2024-05-01T12:38:56.718+0000] {dag.py:3954} INFO - Setting next_dagrun for tutorial to 2024-04-30 00:00:00+00:00, run_after=2024-05-01 00:00:00+00:00
[2024-05-01T12:38:56.736+0000] {processor.py:183} INFO - Processing /home/airflow/.local/lib/python3.12/site-packages/airflow/example_dags/tutorial.py took 0.080 seconds
[2024-05-01T12:39:26.954+0000] {processor.py:161} INFO - Started process (PID=1335) to work on /home/airflow/.local/lib/python3.12/site-packages/airflow/example_dags/tutorial.py
[2024-05-01T12:39:26.956+0000] {processor.py:830} INFO - Processing file /home/airflow/.local/lib/python3.12/site-packages/airflow/example_dags/tutorial.py for tasks to queue
[2024-05-01T12:39:26.958+0000] {logging_mixin.py:188} INFO - [2024-05-01T12:39:26.958+0000] {dagbag.py:540} INFO - Filling up the DagBag from /home/airflow/.local/lib/python3.12/site-packages/airflow/example_dags/tutorial.py
[2024-05-01T12:39:26.967+0000] {processor.py:840} INFO - DAG(s) 'tutorial' retrieved from /home/airflow/.local/lib/python3.12/site-packages/airflow/example_dags/tutorial.py
[2024-05-01T12:39:26.988+0000] {logging_mixin.py:188} INFO - [2024-05-01T12:39:26.988+0000] {dag.py:3096} INFO - Sync 1 DAGs
[2024-05-01T12:39:27.012+0000] {logging_mixin.py:188} INFO - [2024-05-01T12:39:27.012+0000] {dag.py:3954} INFO - Setting next_dagrun for tutorial to 2024-04-30 00:00:00+00:00, run_after=2024-05-01 00:00:00+00:00
[2024-05-01T12:39:27.032+0000] {processor.py:183} INFO - Processing /home/airflow/.local/lib/python3.12/site-packages/airflow/example_dags/tutorial.py took 0.084 seconds
[2024-05-01T12:39:57.404+0000] {processor.py:161} INFO - Started process (PID=1393) to work on /home/airflow/.local/lib/python3.12/site-packages/airflow/example_dags/tutorial.py
[2024-05-01T12:39:57.430+0000] {processor.py:830} INFO - Processing file /home/airflow/.local/lib/python3.12/site-packages/airflow/example_dags/tutorial.py for tasks to queue
[2024-05-01T12:39:57.433+0000] {logging_mixin.py:188} INFO - [2024-05-01T12:39:57.432+0000] {dagbag.py:540} INFO - Filling up the DagBag from /home/airflow/.local/lib/python3.12/site-packages/airflow/example_dags/tutorial.py
[2024-05-01T12:39:57.440+0000] {processor.py:840} INFO - DAG(s) 'tutorial' retrieved from /home/airflow/.local/lib/python3.12/site-packages/airflow/example_dags/tutorial.py
[2024-05-01T12:39:57.464+0000] {logging_mixin.py:188} INFO - [2024-05-01T12:39:57.463+0000] {dag.py:3096} INFO - Sync 1 DAGs
[2024-05-01T12:39:57.489+0000] {logging_mixin.py:188} INFO - [2024-05-01T12:39:57.489+0000] {dag.py:3954} INFO - Setting next_dagrun for tutorial to 2024-04-30 00:00:00+00:00, run_after=2024-05-01 00:00:00+00:00
[2024-05-01T12:39:57.513+0000] {processor.py:183} INFO - Processing /home/airflow/.local/lib/python3.12/site-packages/airflow/example_dags/tutorial.py took 0.117 seconds
[2024-05-01T12:40:27.736+0000] {processor.py:161} INFO - Started process (PID=1451) to work on /home/airflow/.local/lib/python3.12/site-packages/airflow/example_dags/tutorial.py
[2024-05-01T12:40:27.738+0000] {processor.py:830} INFO - Processing file /home/airflow/.local/lib/python3.12/site-packages/airflow/example_dags/tutorial.py for tasks to queue
[2024-05-01T12:40:27.740+0000] {logging_mixin.py:188} INFO - [2024-05-01T12:40:27.740+0000] {dagbag.py:540} INFO - Filling up the DagBag from /home/airflow/.local/lib/python3.12/site-packages/airflow/example_dags/tutorial.py
[2024-05-01T12:40:27.747+0000] {processor.py:840} INFO - DAG(s) 'tutorial' retrieved from /home/airflow/.local/lib/python3.12/site-packages/airflow/example_dags/tutorial.py
[2024-05-01T12:40:27.767+0000] {logging_mixin.py:188} INFO - [2024-05-01T12:40:27.767+0000] {dag.py:3096} INFO - Sync 1 DAGs
[2024-05-01T12:40:27.791+0000] {logging_mixin.py:188} INFO - [2024-05-01T12:40:27.791+0000] {dag.py:3954} INFO - Setting next_dagrun for tutorial to 2024-04-30 00:00:00+00:00, run_after=2024-05-01 00:00:00+00:00
[2024-05-01T12:40:27.810+0000] {processor.py:183} INFO - Processing /home/airflow/.local/lib/python3.12/site-packages/airflow/example_dags/tutorial.py took 0.080 seconds
[2024-05-01T12:40:58.035+0000] {processor.py:161} INFO - Started process (PID=1509) to work on /home/airflow/.local/lib/python3.12/site-packages/airflow/example_dags/tutorial.py
[2024-05-01T12:40:58.036+0000] {processor.py:830} INFO - Processing file /home/airflow/.local/lib/python3.12/site-packages/airflow/example_dags/tutorial.py for tasks to queue
[2024-05-01T12:40:58.039+0000] {logging_mixin.py:188} INFO - [2024-05-01T12:40:58.039+0000] {dagbag.py:540} INFO - Filling up the DagBag from /home/airflow/.local/lib/python3.12/site-packages/airflow/example_dags/tutorial.py
[2024-05-01T12:40:58.046+0000] {processor.py:840} INFO - DAG(s) 'tutorial' retrieved from /home/airflow/.local/lib/python3.12/site-packages/airflow/example_dags/tutorial.py
[2024-05-01T12:40:58.067+0000] {logging_mixin.py:188} INFO - [2024-05-01T12:40:58.067+0000] {dag.py:3096} INFO - Sync 1 DAGs
[2024-05-01T12:40:58.093+0000] {logging_mixin.py:188} INFO - [2024-05-01T12:40:58.093+0000] {dag.py:3954} INFO - Setting next_dagrun for tutorial to 2024-04-30 00:00:00+00:00, run_after=2024-05-01 00:00:00+00:00
[2024-05-01T12:40:58.113+0000] {processor.py:183} INFO - Processing /home/airflow/.local/lib/python3.12/site-packages/airflow/example_dags/tutorial.py took 0.085 seconds
[2024-05-01T12:41:28.205+0000] {processor.py:161} INFO - Started process (PID=1567) to work on /home/airflow/.local/lib/python3.12/site-packages/airflow/example_dags/tutorial.py
[2024-05-01T12:41:28.207+0000] {processor.py:830} INFO - Processing file /home/airflow/.local/lib/python3.12/site-packages/airflow/example_dags/tutorial.py for tasks to queue
[2024-05-01T12:41:28.209+0000] {logging_mixin.py:188} INFO - [2024-05-01T12:41:28.209+0000] {dagbag.py:540} INFO - Filling up the DagBag from /home/airflow/.local/lib/python3.12/site-packages/airflow/example_dags/tutorial.py
[2024-05-01T12:41:28.216+0000] {processor.py:840} INFO - DAG(s) 'tutorial' retrieved from /home/airflow/.local/lib/python3.12/site-packages/airflow/example_dags/tutorial.py
[2024-05-01T12:41:28.240+0000] {logging_mixin.py:188} INFO - [2024-05-01T12:41:28.240+0000] {dag.py:3096} INFO - Sync 1 DAGs
[2024-05-01T12:41:28.266+0000] {logging_mixin.py:188} INFO - [2024-05-01T12:41:28.266+0000] {dag.py:3954} INFO - Setting next_dagrun for tutorial to 2024-04-30 00:00:00+00:00, run_after=2024-05-01 00:00:00+00:00
[2024-05-01T12:41:28.289+0000] {processor.py:183} INFO - Processing /home/airflow/.local/lib/python3.12/site-packages/airflow/example_dags/tutorial.py took 0.090 seconds
[2024-05-01T12:41:58.809+0000] {processor.py:161} INFO - Started process (PID=1625) to work on /home/airflow/.local/lib/python3.12/site-packages/airflow/example_dags/tutorial.py
[2024-05-01T12:41:58.811+0000] {processor.py:830} INFO - Processing file /home/airflow/.local/lib/python3.12/site-packages/airflow/example_dags/tutorial.py for tasks to queue
[2024-05-01T12:41:58.813+0000] {logging_mixin.py:188} INFO - [2024-05-01T12:41:58.813+0000] {dagbag.py:540} INFO - Filling up the DagBag from /home/airflow/.local/lib/python3.12/site-packages/airflow/example_dags/tutorial.py
[2024-05-01T12:41:58.820+0000] {processor.py:840} INFO - DAG(s) 'tutorial' retrieved from /home/airflow/.local/lib/python3.12/site-packages/airflow/example_dags/tutorial.py
[2024-05-01T12:41:58.840+0000] {logging_mixin.py:188} INFO - [2024-05-01T12:41:58.840+0000] {dag.py:3096} INFO - Sync 1 DAGs
[2024-05-01T12:41:58.865+0000] {logging_mixin.py:188} INFO - [2024-05-01T12:41:58.865+0000] {dag.py:3954} INFO - Setting next_dagrun for tutorial to 2024-04-30 00:00:00+00:00, run_after=2024-05-01 00:00:00+00:00
[2024-05-01T12:41:58.883+0000] {processor.py:183} INFO - Processing /home/airflow/.local/lib/python3.12/site-packages/airflow/example_dags/tutorial.py took 0.081 seconds
[2024-05-01T12:42:29.117+0000] {processor.py:161} INFO - Started process (PID=1683) to work on /home/airflow/.local/lib/python3.12/site-packages/airflow/example_dags/tutorial.py
[2024-05-01T12:42:29.119+0000] {processor.py:830} INFO - Processing file /home/airflow/.local/lib/python3.12/site-packages/airflow/example_dags/tutorial.py for tasks to queue
[2024-05-01T12:42:29.122+0000] {logging_mixin.py:188} INFO - [2024-05-01T12:42:29.121+0000] {dagbag.py:540} INFO - Filling up the DagBag from /home/airflow/.local/lib/python3.12/site-packages/airflow/example_dags/tutorial.py
[2024-05-01T12:42:29.129+0000] {processor.py:840} INFO - DAG(s) 'tutorial' retrieved from /home/airflow/.local/lib/python3.12/site-packages/airflow/example_dags/tutorial.py
[2024-05-01T12:42:29.155+0000] {logging_mixin.py:188} INFO - [2024-05-01T12:42:29.154+0000] {dag.py:3096} INFO - Sync 1 DAGs
[2024-05-01T12:42:29.182+0000] {logging_mixin.py:188} INFO - [2024-05-01T12:42:29.182+0000] {dag.py:3954} INFO - Setting next_dagrun for tutorial to 2024-04-30 00:00:00+00:00, run_after=2024-05-01 00:00:00+00:00
[2024-05-01T12:42:29.205+0000] {processor.py:183} INFO - Processing /home/airflow/.local/lib/python3.12/site-packages/airflow/example_dags/tutorial.py took 0.096 seconds
[2024-05-01T12:42:59.297+0000] {processor.py:161} INFO - Started process (PID=1741) to work on /home/airflow/.local/lib/python3.12/site-packages/airflow/example_dags/tutorial.py
[2024-05-01T12:42:59.299+0000] {processor.py:830} INFO - Processing file /home/airflow/.local/lib/python3.12/site-packages/airflow/example_dags/tutorial.py for tasks to queue
[2024-05-01T12:42:59.301+0000] {logging_mixin.py:188} INFO - [2024-05-01T12:42:59.301+0000] {dagbag.py:540} INFO - Filling up the DagBag from /home/airflow/.local/lib/python3.12/site-packages/airflow/example_dags/tutorial.py
[2024-05-01T12:42:59.308+0000] {processor.py:840} INFO - DAG(s) 'tutorial' retrieved from /home/airflow/.local/lib/python3.12/site-packages/airflow/example_dags/tutorial.py
[2024-05-01T12:42:59.329+0000] {logging_mixin.py:188} INFO - [2024-05-01T12:42:59.329+0000] {dag.py:3096} INFO - Sync 1 DAGs
[2024-05-01T12:42:59.353+0000] {logging_mixin.py:188} INFO - [2024-05-01T12:42:59.353+0000] {dag.py:3954} INFO - Setting next_dagrun for tutorial to 2024-04-30 00:00:00+00:00, run_after=2024-05-01 00:00:00+00:00
[2024-05-01T12:42:59.373+0000] {processor.py:183} INFO - Processing /home/airflow/.local/lib/python3.12/site-packages/airflow/example_dags/tutorial.py took 0.082 seconds
[2024-05-01T12:43:29.695+0000] {processor.py:161} INFO - Started process (PID=1799) to work on /home/airflow/.local/lib/python3.12/site-packages/airflow/example_dags/tutorial.py
[2024-05-01T12:43:29.696+0000] {processor.py:830} INFO - Processing file /home/airflow/.local/lib/python3.12/site-packages/airflow/example_dags/tutorial.py for tasks to queue
[2024-05-01T12:43:29.698+0000] {logging_mixin.py:188} INFO - [2024-05-01T12:43:29.698+0000] {dagbag.py:540} INFO - Filling up the DagBag from /home/airflow/.local/lib/python3.12/site-packages/airflow/example_dags/tutorial.py
[2024-05-01T12:43:29.705+0000] {processor.py:840} INFO - DAG(s) 'tutorial' retrieved from /home/airflow/.local/lib/python3.12/site-packages/airflow/example_dags/tutorial.py
[2024-05-01T12:43:29.726+0000] {logging_mixin.py:188} INFO - [2024-05-01T12:43:29.726+0000] {dag.py:3096} INFO - Sync 1 DAGs
[2024-05-01T12:43:29.750+0000] {logging_mixin.py:188} INFO - [2024-05-01T12:43:29.750+0000] {dag.py:3954} INFO - Setting next_dagrun for tutorial to 2024-04-30 00:00:00+00:00, run_after=2024-05-01 00:00:00+00:00
[2024-05-01T12:43:29.769+0000] {processor.py:183} INFO - Processing /home/airflow/.local/lib/python3.12/site-packages/airflow/example_dags/tutorial.py took 0.080 seconds
[2024-05-01T12:44:00.000+0000] {processor.py:161} INFO - Started process (PID=1857) to work on /home/airflow/.local/lib/python3.12/site-packages/airflow/example_dags/tutorial.py
[2024-05-01T12:44:00.001+0000] {processor.py:830} INFO - Processing file /home/airflow/.local/lib/python3.12/site-packages/airflow/example_dags/tutorial.py for tasks to queue
[2024-05-01T12:44:00.003+0000] {logging_mixin.py:188} INFO - [2024-05-01T12:44:00.003+0000] {dagbag.py:540} INFO - Filling up the DagBag from /home/airflow/.local/lib/python3.12/site-packages/airflow/example_dags/tutorial.py
[2024-05-01T12:44:00.010+0000] {processor.py:840} INFO - DAG(s) 'tutorial' retrieved from /home/airflow/.local/lib/python3.12/site-packages/airflow/example_dags/tutorial.py
[2024-05-01T12:44:00.032+0000] {logging_mixin.py:188} INFO - [2024-05-01T12:44:00.031+0000] {dag.py:3096} INFO - Sync 1 DAGs
[2024-05-01T12:44:00.056+0000] {logging_mixin.py:188} INFO - [2024-05-01T12:44:00.055+0000] {dag.py:3954} INFO - Setting next_dagrun for tutorial to 2024-04-30 00:00:00+00:00, run_after=2024-05-01 00:00:00+00:00
[2024-05-01T12:44:00.075+0000] {processor.py:183} INFO - Processing /home/airflow/.local/lib/python3.12/site-packages/airflow/example_dags/tutorial.py took 0.082 seconds
[2024-05-01T12:44:30.336+0000] {processor.py:161} INFO - Started process (PID=1915) to work on /home/airflow/.local/lib/python3.12/site-packages/airflow/example_dags/tutorial.py
[2024-05-01T12:44:30.337+0000] {processor.py:830} INFO - Processing file /home/airflow/.local/lib/python3.12/site-packages/airflow/example_dags/tutorial.py for tasks to queue
[2024-05-01T12:44:30.340+0000] {logging_mixin.py:188} INFO - [2024-05-01T12:44:30.339+0000] {dagbag.py:540} INFO - Filling up the DagBag from /home/airflow/.local/lib/python3.12/site-packages/airflow/example_dags/tutorial.py
[2024-05-01T12:44:30.346+0000] {processor.py:840} INFO - DAG(s) 'tutorial' retrieved from /home/airflow/.local/lib/python3.12/site-packages/airflow/example_dags/tutorial.py
[2024-05-01T12:44:30.369+0000] {logging_mixin.py:188} INFO - [2024-05-01T12:44:30.369+0000] {dag.py:3096} INFO - Sync 1 DAGs
[2024-05-01T12:44:30.393+0000] {logging_mixin.py:188} INFO - [2024-05-01T12:44:30.393+0000] {dag.py:3954} INFO - Setting next_dagrun for tutorial to 2024-04-30 00:00:00+00:00, run_after=2024-05-01 00:00:00+00:00
[2024-05-01T12:44:30.413+0000] {processor.py:183} INFO - Processing /home/airflow/.local/lib/python3.12/site-packages/airflow/example_dags/tutorial.py took 0.084 seconds
[2024-05-01T12:45:02.105+0000] {processor.py:161} INFO - Started process (PID=1973) to work on /home/airflow/.local/lib/python3.12/site-packages/airflow/example_dags/tutorial.py
[2024-05-01T12:45:02.107+0000] {processor.py:830} INFO - Processing file /home/airflow/.local/lib/python3.12/site-packages/airflow/example_dags/tutorial.py for tasks to queue
[2024-05-01T12:45:02.110+0000] {logging_mixin.py:188} INFO - [2024-05-01T12:45:02.110+0000] {dagbag.py:540} INFO - Filling up the DagBag from /home/airflow/.local/lib/python3.12/site-packages/airflow/example_dags/tutorial.py
[2024-05-01T12:45:02.118+0000] {processor.py:840} INFO - DAG(s) 'tutorial' retrieved from /home/airflow/.local/lib/python3.12/site-packages/airflow/example_dags/tutorial.py
[2024-05-01T12:45:02.144+0000] {logging_mixin.py:188} INFO - [2024-05-01T12:45:02.144+0000] {dag.py:3096} INFO - Sync 1 DAGs
[2024-05-01T12:45:02.170+0000] {logging_mixin.py:188} INFO - [2024-05-01T12:45:02.170+0000] {dag.py:3954} INFO - Setting next_dagrun for tutorial to 2024-04-30 00:00:00+00:00, run_after=2024-05-01 00:00:00+00:00
[2024-05-01T12:45:02.189+0000] {processor.py:183} INFO - Processing /home/airflow/.local/lib/python3.12/site-packages/airflow/example_dags/tutorial.py took 0.091 seconds
[2024-05-01T12:45:32.579+0000] {processor.py:161} INFO - Started process (PID=2031) to work on /home/airflow/.local/lib/python3.12/site-packages/airflow/example_dags/tutorial.py
[2024-05-01T12:45:32.581+0000] {processor.py:830} INFO - Processing file /home/airflow/.local/lib/python3.12/site-packages/airflow/example_dags/tutorial.py for tasks to queue
[2024-05-01T12:45:32.583+0000] {logging_mixin.py:188} INFO - [2024-05-01T12:45:32.583+0000] {dagbag.py:540} INFO - Filling up the DagBag from /home/airflow/.local/lib/python3.12/site-packages/airflow/example_dags/tutorial.py
[2024-05-01T12:45:32.590+0000] {processor.py:840} INFO - DAG(s) 'tutorial' retrieved from /home/airflow/.local/lib/python3.12/site-packages/airflow/example_dags/tutorial.py
[2024-05-01T12:45:32.612+0000] {logging_mixin.py:188} INFO - [2024-05-01T12:45:32.611+0000] {dag.py:3096} INFO - Sync 1 DAGs
[2024-05-01T12:45:32.635+0000] {logging_mixin.py:188} INFO - [2024-05-01T12:45:32.635+0000] {dag.py:3954} INFO - Setting next_dagrun for tutorial to 2024-04-30 00:00:00+00:00, run_after=2024-05-01 00:00:00+00:00
[2024-05-01T12:45:32.654+0000] {processor.py:183} INFO - Processing /home/airflow/.local/lib/python3.12/site-packages/airflow/example_dags/tutorial.py took 0.081 seconds
[2024-05-01T12:46:02.919+0000] {processor.py:161} INFO - Started process (PID=2089) to work on /home/airflow/.local/lib/python3.12/site-packages/airflow/example_dags/tutorial.py
[2024-05-01T12:46:02.921+0000] {processor.py:830} INFO - Processing file /home/airflow/.local/lib/python3.12/site-packages/airflow/example_dags/tutorial.py for tasks to queue
[2024-05-01T12:46:02.924+0000] {logging_mixin.py:188} INFO - [2024-05-01T12:46:02.924+0000] {dagbag.py:540} INFO - Filling up the DagBag from /home/airflow/.local/lib/python3.12/site-packages/airflow/example_dags/tutorial.py
[2024-05-01T12:46:02.930+0000] {processor.py:840} INFO - DAG(s) 'tutorial' retrieved from /home/airflow/.local/lib/python3.12/site-packages/airflow/example_dags/tutorial.py
[2024-05-01T12:46:02.952+0000] {logging_mixin.py:188} INFO - [2024-05-01T12:46:02.952+0000] {dag.py:3096} INFO - Sync 1 DAGs
[2024-05-01T12:46:02.978+0000] {logging_mixin.py:188} INFO - [2024-05-01T12:46:02.977+0000] {dag.py:3954} INFO - Setting next_dagrun for tutorial to 2024-04-30 00:00:00+00:00, run_after=2024-05-01 00:00:00+00:00
[2024-05-01T12:46:02.997+0000] {processor.py:183} INFO - Processing /home/airflow/.local/lib/python3.12/site-packages/airflow/example_dags/tutorial.py took 0.088 seconds
[2024-05-01T12:46:33.051+0000] {processor.py:161} INFO - Started process (PID=2147) to work on /home/airflow/.local/lib/python3.12/site-packages/airflow/example_dags/tutorial.py
[2024-05-01T12:46:33.053+0000] {processor.py:830} INFO - Processing file /home/airflow/.local/lib/python3.12/site-packages/airflow/example_dags/tutorial.py for tasks to queue
[2024-05-01T12:46:33.055+0000] {logging_mixin.py:188} INFO - [2024-05-01T12:46:33.055+0000] {dagbag.py:540} INFO - Filling up the DagBag from /home/airflow/.local/lib/python3.12/site-packages/airflow/example_dags/tutorial.py
[2024-05-01T12:46:33.062+0000] {processor.py:840} INFO - DAG(s) 'tutorial' retrieved from /home/airflow/.local/lib/python3.12/site-packages/airflow/example_dags/tutorial.py
[2024-05-01T12:46:33.084+0000] {logging_mixin.py:188} INFO - [2024-05-01T12:46:33.084+0000] {dag.py:3096} INFO - Sync 1 DAGs
[2024-05-01T12:46:33.110+0000] {logging_mixin.py:188} INFO - [2024-05-01T12:46:33.110+0000] {dag.py:3954} INFO - Setting next_dagrun for tutorial to 2024-04-30 00:00:00+00:00, run_after=2024-05-01 00:00:00+00:00
[2024-05-01T12:46:33.130+0000] {processor.py:183} INFO - Processing /home/airflow/.local/lib/python3.12/site-packages/airflow/example_dags/tutorial.py took 0.086 seconds
[2024-05-01T12:47:03.632+0000] {processor.py:161} INFO - Started process (PID=2205) to work on /home/airflow/.local/lib/python3.12/site-packages/airflow/example_dags/tutorial.py
[2024-05-01T12:47:03.635+0000] {processor.py:830} INFO - Processing file /home/airflow/.local/lib/python3.12/site-packages/airflow/example_dags/tutorial.py for tasks to queue
[2024-05-01T12:47:03.637+0000] {logging_mixin.py:188} INFO - [2024-05-01T12:47:03.636+0000] {dagbag.py:540} INFO - Filling up the DagBag from /home/airflow/.local/lib/python3.12/site-packages/airflow/example_dags/tutorial.py
[2024-05-01T12:47:03.643+0000] {processor.py:840} INFO - DAG(s) 'tutorial' retrieved from /home/airflow/.local/lib/python3.12/site-packages/airflow/example_dags/tutorial.py
[2024-05-01T12:47:03.665+0000] {logging_mixin.py:188} INFO - [2024-05-01T12:47:03.665+0000] {dag.py:3096} INFO - Sync 1 DAGs
[2024-05-01T12:47:03.690+0000] {logging_mixin.py:188} INFO - [2024-05-01T12:47:03.689+0000] {dag.py:3954} INFO - Setting next_dagrun for tutorial to 2024-04-30 00:00:00+00:00, run_after=2024-05-01 00:00:00+00:00
[2024-05-01T12:47:03.709+0000] {processor.py:183} INFO - Processing /home/airflow/.local/lib/python3.12/site-packages/airflow/example_dags/tutorial.py took 0.083 seconds
[2024-05-01T12:47:33.881+0000] {processor.py:161} INFO - Started process (PID=2263) to work on /home/airflow/.local/lib/python3.12/site-packages/airflow/example_dags/tutorial.py
[2024-05-01T12:47:33.883+0000] {processor.py:830} INFO - Processing file /home/airflow/.local/lib/python3.12/site-packages/airflow/example_dags/tutorial.py for tasks to queue
[2024-05-01T12:47:33.886+0000] {logging_mixin.py:188} INFO - [2024-05-01T12:47:33.886+0000] {dagbag.py:540} INFO - Filling up the DagBag from /home/airflow/.local/lib/python3.12/site-packages/airflow/example_dags/tutorial.py
[2024-05-01T12:47:33.893+0000] {processor.py:840} INFO - DAG(s) 'tutorial' retrieved from /home/airflow/.local/lib/python3.12/site-packages/airflow/example_dags/tutorial.py
[2024-05-01T12:47:33.914+0000] {logging_mixin.py:188} INFO - [2024-05-01T12:47:33.914+0000] {dag.py:3096} INFO - Sync 1 DAGs
[2024-05-01T12:47:33.939+0000] {logging_mixin.py:188} INFO - [2024-05-01T12:47:33.939+0000] {dag.py:3954} INFO - Setting next_dagrun for tutorial to 2024-04-30 00:00:00+00:00, run_after=2024-05-01 00:00:00+00:00
[2024-05-01T12:47:33.958+0000] {processor.py:183} INFO - Processing /home/airflow/.local/lib/python3.12/site-packages/airflow/example_dags/tutorial.py took 0.083 seconds
[2024-05-01T12:48:04.800+0000] {processor.py:161} INFO - Started process (PID=2321) to work on /home/airflow/.local/lib/python3.12/site-packages/airflow/example_dags/tutorial.py
[2024-05-01T12:48:04.802+0000] {processor.py:830} INFO - Processing file /home/airflow/.local/lib/python3.12/site-packages/airflow/example_dags/tutorial.py for tasks to queue
[2024-05-01T12:48:04.805+0000] {logging_mixin.py:188} INFO - [2024-05-01T12:48:04.804+0000] {dagbag.py:540} INFO - Filling up the DagBag from /home/airflow/.local/lib/python3.12/site-packages/airflow/example_dags/tutorial.py
[2024-05-01T12:48:04.813+0000] {processor.py:840} INFO - DAG(s) 'tutorial' retrieved from /home/airflow/.local/lib/python3.12/site-packages/airflow/example_dags/tutorial.py
[2024-05-01T12:48:04.837+0000] {logging_mixin.py:188} INFO - [2024-05-01T12:48:04.837+0000] {dag.py:3096} INFO - Sync 1 DAGs
[2024-05-01T12:48:04.862+0000] {logging_mixin.py:188} INFO - [2024-05-01T12:48:04.862+0000] {dag.py:3954} INFO - Setting next_dagrun for tutorial to 2024-04-30 00:00:00+00:00, run_after=2024-05-01 00:00:00+00:00
[2024-05-01T12:48:04.883+0000] {processor.py:183} INFO - Processing /home/airflow/.local/lib/python3.12/site-packages/airflow/example_dags/tutorial.py took 0.090 seconds
[2024-05-01T12:48:35.570+0000] {processor.py:161} INFO - Started process (PID=2379) to work on /home/airflow/.local/lib/python3.12/site-packages/airflow/example_dags/tutorial.py
[2024-05-01T12:48:35.571+0000] {processor.py:830} INFO - Processing file /home/airflow/.local/lib/python3.12/site-packages/airflow/example_dags/tutorial.py for tasks to queue
[2024-05-01T12:48:35.574+0000] {logging_mixin.py:188} INFO - [2024-05-01T12:48:35.573+0000] {dagbag.py:540} INFO - Filling up the DagBag from /home/airflow/.local/lib/python3.12/site-packages/airflow/example_dags/tutorial.py
[2024-05-01T12:48:35.580+0000] {processor.py:840} INFO - DAG(s) 'tutorial' retrieved from /home/airflow/.local/lib/python3.12/site-packages/airflow/example_dags/tutorial.py
[2024-05-01T12:48:35.599+0000] {logging_mixin.py:188} INFO - [2024-05-01T12:48:35.599+0000] {dag.py:3096} INFO - Sync 1 DAGs
[2024-05-01T12:48:35.623+0000] {logging_mixin.py:188} INFO - [2024-05-01T12:48:35.623+0000] {dag.py:3954} INFO - Setting next_dagrun for tutorial to 2024-04-30 00:00:00+00:00, run_after=2024-05-01 00:00:00+00:00
[2024-05-01T12:48:35.641+0000] {processor.py:183} INFO - Processing /home/airflow/.local/lib/python3.12/site-packages/airflow/example_dags/tutorial.py took 0.077 seconds
[2024-05-01T12:49:05.812+0000] {processor.py:161} INFO - Started process (PID=2437) to work on /home/airflow/.local/lib/python3.12/site-packages/airflow/example_dags/tutorial.py
[2024-05-01T12:49:05.813+0000] {processor.py:830} INFO - Processing file /home/airflow/.local/lib/python3.12/site-packages/airflow/example_dags/tutorial.py for tasks to queue
[2024-05-01T12:49:05.815+0000] {logging_mixin.py:188} INFO - [2024-05-01T12:49:05.815+0000] {dagbag.py:540} INFO - Filling up the DagBag from /home/airflow/.local/lib/python3.12/site-packages/airflow/example_dags/tutorial.py
[2024-05-01T12:49:05.822+0000] {processor.py:840} INFO - DAG(s) 'tutorial' retrieved from /home/airflow/.local/lib/python3.12/site-packages/airflow/example_dags/tutorial.py
[2024-05-01T12:49:05.842+0000] {logging_mixin.py:188} INFO - [2024-05-01T12:49:05.842+0000] {dag.py:3096} INFO - Sync 1 DAGs
[2024-05-01T12:49:05.864+0000] {logging_mixin.py:188} INFO - [2024-05-01T12:49:05.864+0000] {dag.py:3954} INFO - Setting next_dagrun for tutorial to 2024-04-30 00:00:00+00:00, run_after=2024-05-01 00:00:00+00:00
[2024-05-01T12:49:05.882+0000] {processor.py:183} INFO - Processing /home/airflow/.local/lib/python3.12/site-packages/airflow/example_dags/tutorial.py took 0.076 seconds
[2024-05-01T12:49:36.216+0000] {processor.py:161} INFO - Started process (PID=2495) to work on /home/airflow/.local/lib/python3.12/site-packages/airflow/example_dags/tutorial.py
[2024-05-01T12:49:36.218+0000] {processor.py:830} INFO - Processing file /home/airflow/.local/lib/python3.12/site-packages/airflow/example_dags/tutorial.py for tasks to queue
[2024-05-01T12:49:36.220+0000] {logging_mixin.py:188} INFO - [2024-05-01T12:49:36.220+0000] {dagbag.py:540} INFO - Filling up the DagBag from /home/airflow/.local/lib/python3.12/site-packages/airflow/example_dags/tutorial.py
[2024-05-01T12:49:36.228+0000] {processor.py:840} INFO - DAG(s) 'tutorial' retrieved from /home/airflow/.local/lib/python3.12/site-packages/airflow/example_dags/tutorial.py
[2024-05-01T12:49:36.251+0000] {logging_mixin.py:188} INFO - [2024-05-01T12:49:36.251+0000] {dag.py:3096} INFO - Sync 1 DAGs
[2024-05-01T12:49:36.282+0000] {logging_mixin.py:188} INFO - [2024-05-01T12:49:36.281+0000] {dag.py:3954} INFO - Setting next_dagrun for tutorial to 2024-04-30 00:00:00+00:00, run_after=2024-05-01 00:00:00+00:00
[2024-05-01T12:49:36.303+0000] {processor.py:183} INFO - Processing /home/airflow/.local/lib/python3.12/site-packages/airflow/example_dags/tutorial.py took 0.096 seconds
[2024-05-01T12:50:06.556+0000] {processor.py:161} INFO - Started process (PID=2553) to work on /home/airflow/.local/lib/python3.12/site-packages/airflow/example_dags/tutorial.py
[2024-05-01T12:50:06.558+0000] {processor.py:830} INFO - Processing file /home/airflow/.local/lib/python3.12/site-packages/airflow/example_dags/tutorial.py for tasks to queue
[2024-05-01T12:50:06.560+0000] {logging_mixin.py:188} INFO - [2024-05-01T12:50:06.560+0000] {dagbag.py:540} INFO - Filling up the DagBag from /home/airflow/.local/lib/python3.12/site-packages/airflow/example_dags/tutorial.py
[2024-05-01T12:50:06.567+0000] {processor.py:840} INFO - DAG(s) 'tutorial' retrieved from /home/airflow/.local/lib/python3.12/site-packages/airflow/example_dags/tutorial.py
[2024-05-01T12:50:06.591+0000] {logging_mixin.py:188} INFO - [2024-05-01T12:50:06.590+0000] {dag.py:3096} INFO - Sync 1 DAGs
[2024-05-01T12:50:06.616+0000] {logging_mixin.py:188} INFO - [2024-05-01T12:50:06.616+0000] {dag.py:3954} INFO - Setting next_dagrun for tutorial to 2024-04-30 00:00:00+00:00, run_after=2024-05-01 00:00:00+00:00
[2024-05-01T12:50:06.637+0000] {processor.py:183} INFO - Processing /home/airflow/.local/lib/python3.12/site-packages/airflow/example_dags/tutorial.py took 0.087 seconds
[2024-05-01T12:50:36.743+0000] {processor.py:161} INFO - Started process (PID=2610) to work on /home/airflow/.local/lib/python3.12/site-packages/airflow/example_dags/tutorial.py
[2024-05-01T12:50:36.745+0000] {processor.py:830} INFO - Processing file /home/airflow/.local/lib/python3.12/site-packages/airflow/example_dags/tutorial.py for tasks to queue
[2024-05-01T12:50:36.748+0000] {logging_mixin.py:188} INFO - [2024-05-01T12:50:36.748+0000] {dagbag.py:540} INFO - Filling up the DagBag from /home/airflow/.local/lib/python3.12/site-packages/airflow/example_dags/tutorial.py
[2024-05-01T12:50:36.756+0000] {processor.py:840} INFO - DAG(s) 'tutorial' retrieved from /home/airflow/.local/lib/python3.12/site-packages/airflow/example_dags/tutorial.py
[2024-05-01T12:50:36.778+0000] {logging_mixin.py:188} INFO - [2024-05-01T12:50:36.778+0000] {dag.py:3096} INFO - Sync 1 DAGs
[2024-05-01T12:50:36.801+0000] {logging_mixin.py:188} INFO - [2024-05-01T12:50:36.801+0000] {dag.py:3954} INFO - Setting next_dagrun for tutorial to 2024-04-30 00:00:00+00:00, run_after=2024-05-01 00:00:00+00:00
[2024-05-01T12:50:36.823+0000] {processor.py:183} INFO - Processing /home/airflow/.local/lib/python3.12/site-packages/airflow/example_dags/tutorial.py took 0.086 seconds
[2024-05-01T12:51:07.318+0000] {processor.py:161} INFO - Started process (PID=2668) to work on /home/airflow/.local/lib/python3.12/site-packages/airflow/example_dags/tutorial.py
[2024-05-01T12:51:07.319+0000] {processor.py:830} INFO - Processing file /home/airflow/.local/lib/python3.12/site-packages/airflow/example_dags/tutorial.py for tasks to queue
[2024-05-01T12:51:07.322+0000] {logging_mixin.py:188} INFO - [2024-05-01T12:51:07.321+0000] {dagbag.py:540} INFO - Filling up the DagBag from /home/airflow/.local/lib/python3.12/site-packages/airflow/example_dags/tutorial.py
[2024-05-01T12:51:07.328+0000] {processor.py:840} INFO - DAG(s) 'tutorial' retrieved from /home/airflow/.local/lib/python3.12/site-packages/airflow/example_dags/tutorial.py
[2024-05-01T12:51:07.349+0000] {logging_mixin.py:188} INFO - [2024-05-01T12:51:07.349+0000] {dag.py:3096} INFO - Sync 1 DAGs
[2024-05-01T12:51:07.373+0000] {logging_mixin.py:188} INFO - [2024-05-01T12:51:07.373+0000] {dag.py:3954} INFO - Setting next_dagrun for tutorial to 2024-04-30 00:00:00+00:00, run_after=2024-05-01 00:00:00+00:00
[2024-05-01T12:51:07.392+0000] {processor.py:183} INFO - Processing /home/airflow/.local/lib/python3.12/site-packages/airflow/example_dags/tutorial.py took 0.080 seconds
[2024-05-01T12:51:37.680+0000] {processor.py:161} INFO - Started process (PID=2726) to work on /home/airflow/.local/lib/python3.12/site-packages/airflow/example_dags/tutorial.py
[2024-05-01T12:51:37.682+0000] {processor.py:830} INFO - Processing file /home/airflow/.local/lib/python3.12/site-packages/airflow/example_dags/tutorial.py for tasks to queue
[2024-05-01T12:51:37.684+0000] {logging_mixin.py:188} INFO - [2024-05-01T12:51:37.684+0000] {dagbag.py:540} INFO - Filling up the DagBag from /home/airflow/.local/lib/python3.12/site-packages/airflow/example_dags/tutorial.py
[2024-05-01T12:51:37.691+0000] {processor.py:840} INFO - DAG(s) 'tutorial' retrieved from /home/airflow/.local/lib/python3.12/site-packages/airflow/example_dags/tutorial.py
[2024-05-01T12:51:37.711+0000] {logging_mixin.py:188} INFO - [2024-05-01T12:51:37.711+0000] {dag.py:3096} INFO - Sync 1 DAGs
[2024-05-01T12:51:37.733+0000] {logging_mixin.py:188} INFO - [2024-05-01T12:51:37.732+0000] {dag.py:3954} INFO - Setting next_dagrun for tutorial to 2024-04-30 00:00:00+00:00, run_after=2024-05-01 00:00:00+00:00
[2024-05-01T12:51:37.750+0000] {processor.py:183} INFO - Processing /home/airflow/.local/lib/python3.12/site-packages/airflow/example_dags/tutorial.py took 0.076 seconds
[2024-05-01T12:52:08.586+0000] {processor.py:161} INFO - Started process (PID=2784) to work on /home/airflow/.local/lib/python3.12/site-packages/airflow/example_dags/tutorial.py
[2024-05-01T12:52:08.588+0000] {processor.py:830} INFO - Processing file /home/airflow/.local/lib/python3.12/site-packages/airflow/example_dags/tutorial.py for tasks to queue
[2024-05-01T12:52:08.590+0000] {logging_mixin.py:188} INFO - [2024-05-01T12:52:08.589+0000] {dagbag.py:540} INFO - Filling up the DagBag from /home/airflow/.local/lib/python3.12/site-packages/airflow/example_dags/tutorial.py
[2024-05-01T12:52:08.596+0000] {processor.py:840} INFO - DAG(s) 'tutorial' retrieved from /home/airflow/.local/lib/python3.12/site-packages/airflow/example_dags/tutorial.py
[2024-05-01T12:52:08.616+0000] {logging_mixin.py:188} INFO - [2024-05-01T12:52:08.616+0000] {dag.py:3096} INFO - Sync 1 DAGs
[2024-05-01T12:52:08.641+0000] {logging_mixin.py:188} INFO - [2024-05-01T12:52:08.640+0000] {dag.py:3954} INFO - Setting next_dagrun for tutorial to 2024-04-30 00:00:00+00:00, run_after=2024-05-01 00:00:00+00:00
[2024-05-01T12:52:08.658+0000] {processor.py:183} INFO - Processing /home/airflow/.local/lib/python3.12/site-packages/airflow/example_dags/tutorial.py took 0.078 seconds
[2024-05-01T12:52:39.548+0000] {processor.py:161} INFO - Started process (PID=2842) to work on /home/airflow/.local/lib/python3.12/site-packages/airflow/example_dags/tutorial.py
[2024-05-01T12:52:39.549+0000] {processor.py:830} INFO - Processing file /home/airflow/.local/lib/python3.12/site-packages/airflow/example_dags/tutorial.py for tasks to queue
[2024-05-01T12:52:39.552+0000] {logging_mixin.py:188} INFO - [2024-05-01T12:52:39.551+0000] {dagbag.py:540} INFO - Filling up the DagBag from /home/airflow/.local/lib/python3.12/site-packages/airflow/example_dags/tutorial.py
[2024-05-01T12:52:39.558+0000] {processor.py:840} INFO - DAG(s) 'tutorial' retrieved from /home/airflow/.local/lib/python3.12/site-packages/airflow/example_dags/tutorial.py
[2024-05-01T12:52:39.579+0000] {logging_mixin.py:188} INFO - [2024-05-01T12:52:39.579+0000] {dag.py:3096} INFO - Sync 1 DAGs
[2024-05-01T12:52:39.602+0000] {logging_mixin.py:188} INFO - [2024-05-01T12:52:39.602+0000] {dag.py:3954} INFO - Setting next_dagrun for tutorial to 2024-04-30 00:00:00+00:00, run_after=2024-05-01 00:00:00+00:00
[2024-05-01T12:52:39.619+0000] {processor.py:183} INFO - Processing /home/airflow/.local/lib/python3.12/site-packages/airflow/example_dags/tutorial.py took 0.077 seconds
[2024-05-01T12:53:10.538+0000] {processor.py:161} INFO - Started process (PID=2900) to work on /home/airflow/.local/lib/python3.12/site-packages/airflow/example_dags/tutorial.py
[2024-05-01T12:53:10.539+0000] {processor.py:830} INFO - Processing file /home/airflow/.local/lib/python3.12/site-packages/airflow/example_dags/tutorial.py for tasks to queue
[2024-05-01T12:53:10.542+0000] {logging_mixin.py:188} INFO - [2024-05-01T12:53:10.541+0000] {dagbag.py:540} INFO - Filling up the DagBag from /home/airflow/.local/lib/python3.12/site-packages/airflow/example_dags/tutorial.py
[2024-05-01T12:53:10.548+0000] {processor.py:840} INFO - DAG(s) 'tutorial' retrieved from /home/airflow/.local/lib/python3.12/site-packages/airflow/example_dags/tutorial.py
[2024-05-01T12:53:10.570+0000] {logging_mixin.py:188} INFO - [2024-05-01T12:53:10.569+0000] {dag.py:3096} INFO - Sync 1 DAGs
[2024-05-01T12:53:10.594+0000] {logging_mixin.py:188} INFO - [2024-05-01T12:53:10.594+0000] {dag.py:3954} INFO - Setting next_dagrun for tutorial to 2024-04-30 00:00:00+00:00, run_after=2024-05-01 00:00:00+00:00
[2024-05-01T12:53:10.612+0000] {processor.py:183} INFO - Processing /home/airflow/.local/lib/python3.12/site-packages/airflow/example_dags/tutorial.py took 0.080 seconds
[2024-05-01T12:53:40.719+0000] {processor.py:161} INFO - Started process (PID=2958) to work on /home/airflow/.local/lib/python3.12/site-packages/airflow/example_dags/tutorial.py
[2024-05-01T12:53:40.720+0000] {processor.py:830} INFO - Processing file /home/airflow/.local/lib/python3.12/site-packages/airflow/example_dags/tutorial.py for tasks to queue
[2024-05-01T12:53:40.722+0000] {logging_mixin.py:188} INFO - [2024-05-01T12:53:40.722+0000] {dagbag.py:540} INFO - Filling up the DagBag from /home/airflow/.local/lib/python3.12/site-packages/airflow/example_dags/tutorial.py
[2024-05-01T12:53:40.728+0000] {processor.py:840} INFO - DAG(s) 'tutorial' retrieved from /home/airflow/.local/lib/python3.12/site-packages/airflow/example_dags/tutorial.py
[2024-05-01T12:53:40.748+0000] {logging_mixin.py:188} INFO - [2024-05-01T12:53:40.748+0000] {dag.py:3096} INFO - Sync 1 DAGs
[2024-05-01T12:53:40.770+0000] {logging_mixin.py:188} INFO - [2024-05-01T12:53:40.770+0000] {dag.py:3954} INFO - Setting next_dagrun for tutorial to 2024-04-30 00:00:00+00:00, run_after=2024-05-01 00:00:00+00:00
[2024-05-01T12:53:40.786+0000] {processor.py:183} INFO - Processing /home/airflow/.local/lib/python3.12/site-packages/airflow/example_dags/tutorial.py took 0.073 seconds
[2024-05-01T12:54:11.644+0000] {processor.py:161} INFO - Started process (PID=3016) to work on /home/airflow/.local/lib/python3.12/site-packages/airflow/example_dags/tutorial.py
[2024-05-01T12:54:11.645+0000] {processor.py:830} INFO - Processing file /home/airflow/.local/lib/python3.12/site-packages/airflow/example_dags/tutorial.py for tasks to queue
[2024-05-01T12:54:11.647+0000] {logging_mixin.py:188} INFO - [2024-05-01T12:54:11.647+0000] {dagbag.py:540} INFO - Filling up the DagBag from /home/airflow/.local/lib/python3.12/site-packages/airflow/example_dags/tutorial.py
[2024-05-01T12:54:11.654+0000] {processor.py:840} INFO - DAG(s) 'tutorial' retrieved from /home/airflow/.local/lib/python3.12/site-packages/airflow/example_dags/tutorial.py
[2024-05-01T12:54:11.675+0000] {logging_mixin.py:188} INFO - [2024-05-01T12:54:11.675+0000] {dag.py:3096} INFO - Sync 1 DAGs
[2024-05-01T12:54:11.698+0000] {logging_mixin.py:188} INFO - [2024-05-01T12:54:11.698+0000] {dag.py:3954} INFO - Setting next_dagrun for tutorial to 2024-04-30 00:00:00+00:00, run_after=2024-05-01 00:00:00+00:00
[2024-05-01T12:54:11.718+0000] {processor.py:183} INFO - Processing /home/airflow/.local/lib/python3.12/site-packages/airflow/example_dags/tutorial.py took 0.080 seconds
[2024-05-01T12:54:42.662+0000] {processor.py:161} INFO - Started process (PID=3074) to work on /home/airflow/.local/lib/python3.12/site-packages/airflow/example_dags/tutorial.py
[2024-05-01T12:54:42.664+0000] {processor.py:830} INFO - Processing file /home/airflow/.local/lib/python3.12/site-packages/airflow/example_dags/tutorial.py for tasks to queue
[2024-05-01T12:54:42.666+0000] {logging_mixin.py:188} INFO - [2024-05-01T12:54:42.665+0000] {dagbag.py:540} INFO - Filling up the DagBag from /home/airflow/.local/lib/python3.12/site-packages/airflow/example_dags/tutorial.py
[2024-05-01T12:54:42.672+0000] {processor.py:840} INFO - DAG(s) 'tutorial' retrieved from /home/airflow/.local/lib/python3.12/site-packages/airflow/example_dags/tutorial.py
[2024-05-01T12:54:42.692+0000] {logging_mixin.py:188} INFO - [2024-05-01T12:54:42.692+0000] {dag.py:3096} INFO - Sync 1 DAGs
[2024-05-01T12:54:42.714+0000] {logging_mixin.py:188} INFO - [2024-05-01T12:54:42.714+0000] {dag.py:3954} INFO - Setting next_dagrun for tutorial to 2024-04-30 00:00:00+00:00, run_after=2024-05-01 00:00:00+00:00
[2024-05-01T12:54:42.730+0000] {processor.py:183} INFO - Processing /home/airflow/.local/lib/python3.12/site-packages/airflow/example_dags/tutorial.py took 0.075 seconds
[2024-05-01T12:55:13.507+0000] {processor.py:161} INFO - Started process (PID=3132) to work on /home/airflow/.local/lib/python3.12/site-packages/airflow/example_dags/tutorial.py
[2024-05-01T12:55:13.508+0000] {processor.py:830} INFO - Processing file /home/airflow/.local/lib/python3.12/site-packages/airflow/example_dags/tutorial.py for tasks to queue
[2024-05-01T12:55:13.510+0000] {logging_mixin.py:188} INFO - [2024-05-01T12:55:13.510+0000] {dagbag.py:540} INFO - Filling up the DagBag from /home/airflow/.local/lib/python3.12/site-packages/airflow/example_dags/tutorial.py
[2024-05-01T12:55:13.517+0000] {processor.py:840} INFO - DAG(s) 'tutorial' retrieved from /home/airflow/.local/lib/python3.12/site-packages/airflow/example_dags/tutorial.py
[2024-05-01T12:55:13.540+0000] {logging_mixin.py:188} INFO - [2024-05-01T12:55:13.539+0000] {dag.py:3096} INFO - Sync 1 DAGs
[2024-05-01T12:55:13.565+0000] {logging_mixin.py:188} INFO - [2024-05-01T12:55:13.564+0000] {dag.py:3954} INFO - Setting next_dagrun for tutorial to 2024-04-30 00:00:00+00:00, run_after=2024-05-01 00:00:00+00:00
[2024-05-01T12:55:13.586+0000] {processor.py:183} INFO - Processing /home/airflow/.local/lib/python3.12/site-packages/airflow/example_dags/tutorial.py took 0.085 seconds
[2024-05-01T12:55:44.486+0000] {processor.py:161} INFO - Started process (PID=3190) to work on /home/airflow/.local/lib/python3.12/site-packages/airflow/example_dags/tutorial.py
[2024-05-01T12:55:44.487+0000] {processor.py:830} INFO - Processing file /home/airflow/.local/lib/python3.12/site-packages/airflow/example_dags/tutorial.py for tasks to queue
[2024-05-01T12:55:44.490+0000] {logging_mixin.py:188} INFO - [2024-05-01T12:55:44.489+0000] {dagbag.py:540} INFO - Filling up the DagBag from /home/airflow/.local/lib/python3.12/site-packages/airflow/example_dags/tutorial.py
[2024-05-01T12:55:44.495+0000] {processor.py:840} INFO - DAG(s) 'tutorial' retrieved from /home/airflow/.local/lib/python3.12/site-packages/airflow/example_dags/tutorial.py
[2024-05-01T12:55:44.514+0000] {logging_mixin.py:188} INFO - [2024-05-01T12:55:44.514+0000] {dag.py:3096} INFO - Sync 1 DAGs
[2024-05-01T12:55:44.535+0000] {logging_mixin.py:188} INFO - [2024-05-01T12:55:44.535+0000] {dag.py:3954} INFO - Setting next_dagrun for tutorial to 2024-04-30 00:00:00+00:00, run_after=2024-05-01 00:00:00+00:00
[2024-05-01T12:55:44.554+0000] {processor.py:183} INFO - Processing /home/airflow/.local/lib/python3.12/site-packages/airflow/example_dags/tutorial.py took 0.074 seconds
[2024-05-01T12:56:15.432+0000] {processor.py:161} INFO - Started process (PID=3248) to work on /home/airflow/.local/lib/python3.12/site-packages/airflow/example_dags/tutorial.py
[2024-05-01T12:56:15.434+0000] {processor.py:830} INFO - Processing file /home/airflow/.local/lib/python3.12/site-packages/airflow/example_dags/tutorial.py for tasks to queue
[2024-05-01T12:56:15.436+0000] {logging_mixin.py:188} INFO - [2024-05-01T12:56:15.436+0000] {dagbag.py:540} INFO - Filling up the DagBag from /home/airflow/.local/lib/python3.12/site-packages/airflow/example_dags/tutorial.py
[2024-05-01T12:56:15.443+0000] {processor.py:840} INFO - DAG(s) 'tutorial' retrieved from /home/airflow/.local/lib/python3.12/site-packages/airflow/example_dags/tutorial.py
[2024-05-01T12:56:15.466+0000] {logging_mixin.py:188} INFO - [2024-05-01T12:56:15.466+0000] {dag.py:3096} INFO - Sync 1 DAGs
[2024-05-01T12:56:15.488+0000] {logging_mixin.py:188} INFO - [2024-05-01T12:56:15.488+0000] {dag.py:3954} INFO - Setting next_dagrun for tutorial to 2024-04-30 00:00:00+00:00, run_after=2024-05-01 00:00:00+00:00
[2024-05-01T12:56:15.506+0000] {processor.py:183} INFO - Processing /home/airflow/.local/lib/python3.12/site-packages/airflow/example_dags/tutorial.py took 0.080 seconds
[2024-05-01T12:56:45.612+0000] {processor.py:161} INFO - Started process (PID=3306) to work on /home/airflow/.local/lib/python3.12/site-packages/airflow/example_dags/tutorial.py
[2024-05-01T12:56:45.613+0000] {processor.py:830} INFO - Processing file /home/airflow/.local/lib/python3.12/site-packages/airflow/example_dags/tutorial.py for tasks to queue
[2024-05-01T12:56:45.615+0000] {logging_mixin.py:188} INFO - [2024-05-01T12:56:45.615+0000] {dagbag.py:540} INFO - Filling up the DagBag from /home/airflow/.local/lib/python3.12/site-packages/airflow/example_dags/tutorial.py
[2024-05-01T12:56:45.622+0000] {processor.py:840} INFO - DAG(s) 'tutorial' retrieved from /home/airflow/.local/lib/python3.12/site-packages/airflow/example_dags/tutorial.py
[2024-05-01T12:56:45.643+0000] {logging_mixin.py:188} INFO - [2024-05-01T12:56:45.642+0000] {dag.py:3096} INFO - Sync 1 DAGs
[2024-05-01T12:56:45.667+0000] {logging_mixin.py:188} INFO - [2024-05-01T12:56:45.666+0000] {dag.py:3954} INFO - Setting next_dagrun for tutorial to 2024-04-30 00:00:00+00:00, run_after=2024-05-01 00:00:00+00:00
[2024-05-01T12:56:45.685+0000] {processor.py:183} INFO - Processing /home/airflow/.local/lib/python3.12/site-packages/airflow/example_dags/tutorial.py took 0.080 seconds
[2024-05-01T12:57:16.654+0000] {processor.py:161} INFO - Started process (PID=3364) to work on /home/airflow/.local/lib/python3.12/site-packages/airflow/example_dags/tutorial.py
[2024-05-01T12:57:16.656+0000] {processor.py:830} INFO - Processing file /home/airflow/.local/lib/python3.12/site-packages/airflow/example_dags/tutorial.py for tasks to queue
[2024-05-01T12:57:16.659+0000] {logging_mixin.py:188} INFO - [2024-05-01T12:57:16.658+0000] {dagbag.py:540} INFO - Filling up the DagBag from /home/airflow/.local/lib/python3.12/site-packages/airflow/example_dags/tutorial.py
[2024-05-01T12:57:16.667+0000] {processor.py:840} INFO - DAG(s) 'tutorial' retrieved from /home/airflow/.local/lib/python3.12/site-packages/airflow/example_dags/tutorial.py
[2024-05-01T12:57:16.691+0000] {logging_mixin.py:188} INFO - [2024-05-01T12:57:16.691+0000] {dag.py:3096} INFO - Sync 1 DAGs
[2024-05-01T12:57:16.716+0000] {logging_mixin.py:188} INFO - [2024-05-01T12:57:16.715+0000] {dag.py:3954} INFO - Setting next_dagrun for tutorial to 2024-04-30 00:00:00+00:00, run_after=2024-05-01 00:00:00+00:00
[2024-05-01T12:57:16.735+0000] {processor.py:183} INFO - Processing /home/airflow/.local/lib/python3.12/site-packages/airflow/example_dags/tutorial.py took 0.089 seconds
[2024-05-01T12:57:46.909+0000] {processor.py:161} INFO - Started process (PID=3422) to work on /home/airflow/.local/lib/python3.12/site-packages/airflow/example_dags/tutorial.py
[2024-05-01T12:57:46.911+0000] {processor.py:830} INFO - Processing file /home/airflow/.local/lib/python3.12/site-packages/airflow/example_dags/tutorial.py for tasks to queue
[2024-05-01T12:57:46.913+0000] {logging_mixin.py:188} INFO - [2024-05-01T12:57:46.913+0000] {dagbag.py:540} INFO - Filling up the DagBag from /home/airflow/.local/lib/python3.12/site-packages/airflow/example_dags/tutorial.py
[2024-05-01T12:57:46.919+0000] {processor.py:840} INFO - DAG(s) 'tutorial' retrieved from /home/airflow/.local/lib/python3.12/site-packages/airflow/example_dags/tutorial.py
[2024-05-01T12:57:46.940+0000] {logging_mixin.py:188} INFO - [2024-05-01T12:57:46.939+0000] {dag.py:3096} INFO - Sync 1 DAGs
[2024-05-01T12:57:46.962+0000] {logging_mixin.py:188} INFO - [2024-05-01T12:57:46.962+0000] {dag.py:3954} INFO - Setting next_dagrun for tutorial to 2024-04-30 00:00:00+00:00, run_after=2024-05-01 00:00:00+00:00
[2024-05-01T12:57:46.979+0000] {processor.py:183} INFO - Processing /home/airflow/.local/lib/python3.12/site-packages/airflow/example_dags/tutorial.py took 0.077 seconds
[2024-05-01T12:58:17.221+0000] {processor.py:161} INFO - Started process (PID=3480) to work on /home/airflow/.local/lib/python3.12/site-packages/airflow/example_dags/tutorial.py
[2024-05-01T12:58:17.223+0000] {processor.py:830} INFO - Processing file /home/airflow/.local/lib/python3.12/site-packages/airflow/example_dags/tutorial.py for tasks to queue
[2024-05-01T12:58:17.225+0000] {logging_mixin.py:188} INFO - [2024-05-01T12:58:17.225+0000] {dagbag.py:540} INFO - Filling up the DagBag from /home/airflow/.local/lib/python3.12/site-packages/airflow/example_dags/tutorial.py
[2024-05-01T12:58:17.233+0000] {processor.py:840} INFO - DAG(s) 'tutorial' retrieved from /home/airflow/.local/lib/python3.12/site-packages/airflow/example_dags/tutorial.py
[2024-05-01T12:58:17.258+0000] {logging_mixin.py:188} INFO - [2024-05-01T12:58:17.258+0000] {dag.py:3096} INFO - Sync 1 DAGs
[2024-05-01T12:58:17.285+0000] {logging_mixin.py:188} INFO - [2024-05-01T12:58:17.284+0000] {dag.py:3954} INFO - Setting next_dagrun for tutorial to 2024-04-30 00:00:00+00:00, run_after=2024-05-01 00:00:00+00:00
[2024-05-01T12:58:17.302+0000] {processor.py:183} INFO - Processing /home/airflow/.local/lib/python3.12/site-packages/airflow/example_dags/tutorial.py took 0.088 seconds
[2024-05-01T12:58:47.493+0000] {processor.py:161} INFO - Started process (PID=3538) to work on /home/airflow/.local/lib/python3.12/site-packages/airflow/example_dags/tutorial.py
[2024-05-01T12:58:47.495+0000] {processor.py:830} INFO - Processing file /home/airflow/.local/lib/python3.12/site-packages/airflow/example_dags/tutorial.py for tasks to queue
[2024-05-01T12:58:47.497+0000] {logging_mixin.py:188} INFO - [2024-05-01T12:58:47.497+0000] {dagbag.py:540} INFO - Filling up the DagBag from /home/airflow/.local/lib/python3.12/site-packages/airflow/example_dags/tutorial.py
[2024-05-01T12:58:47.503+0000] {processor.py:840} INFO - DAG(s) 'tutorial' retrieved from /home/airflow/.local/lib/python3.12/site-packages/airflow/example_dags/tutorial.py
[2024-05-01T12:58:47.523+0000] {logging_mixin.py:188} INFO - [2024-05-01T12:58:47.523+0000] {dag.py:3096} INFO - Sync 1 DAGs
[2024-05-01T12:58:47.546+0000] {logging_mixin.py:188} INFO - [2024-05-01T12:58:47.546+0000] {dag.py:3954} INFO - Setting next_dagrun for tutorial to 2024-04-30 00:00:00+00:00, run_after=2024-05-01 00:00:00+00:00
[2024-05-01T12:58:47.563+0000] {processor.py:183} INFO - Processing /home/airflow/.local/lib/python3.12/site-packages/airflow/example_dags/tutorial.py took 0.076 seconds
[2024-05-01T12:59:17.705+0000] {processor.py:161} INFO - Started process (PID=3596) to work on /home/airflow/.local/lib/python3.12/site-packages/airflow/example_dags/tutorial.py
[2024-05-01T12:59:17.706+0000] {processor.py:830} INFO - Processing file /home/airflow/.local/lib/python3.12/site-packages/airflow/example_dags/tutorial.py for tasks to queue
[2024-05-01T12:59:17.708+0000] {logging_mixin.py:188} INFO - [2024-05-01T12:59:17.708+0000] {dagbag.py:540} INFO - Filling up the DagBag from /home/airflow/.local/lib/python3.12/site-packages/airflow/example_dags/tutorial.py
[2024-05-01T12:59:17.715+0000] {processor.py:840} INFO - DAG(s) 'tutorial' retrieved from /home/airflow/.local/lib/python3.12/site-packages/airflow/example_dags/tutorial.py
[2024-05-01T12:59:17.735+0000] {logging_mixin.py:188} INFO - [2024-05-01T12:59:17.735+0000] {dag.py:3096} INFO - Sync 1 DAGs
[2024-05-01T12:59:17.758+0000] {logging_mixin.py:188} INFO - [2024-05-01T12:59:17.758+0000] {dag.py:3954} INFO - Setting next_dagrun for tutorial to 2024-04-30 00:00:00+00:00, run_after=2024-05-01 00:00:00+00:00
[2024-05-01T12:59:17.776+0000] {processor.py:183} INFO - Processing /home/airflow/.local/lib/python3.12/site-packages/airflow/example_dags/tutorial.py took 0.078 seconds
[2024-05-01T12:59:47.938+0000] {processor.py:161} INFO - Started process (PID=3654) to work on /home/airflow/.local/lib/python3.12/site-packages/airflow/example_dags/tutorial.py
[2024-05-01T12:59:47.940+0000] {processor.py:830} INFO - Processing file /home/airflow/.local/lib/python3.12/site-packages/airflow/example_dags/tutorial.py for tasks to queue
[2024-05-01T12:59:47.942+0000] {logging_mixin.py:188} INFO - [2024-05-01T12:59:47.941+0000] {dagbag.py:540} INFO - Filling up the DagBag from /home/airflow/.local/lib/python3.12/site-packages/airflow/example_dags/tutorial.py
[2024-05-01T12:59:47.948+0000] {processor.py:840} INFO - DAG(s) 'tutorial' retrieved from /home/airflow/.local/lib/python3.12/site-packages/airflow/example_dags/tutorial.py
[2024-05-01T12:59:47.970+0000] {logging_mixin.py:188} INFO - [2024-05-01T12:59:47.969+0000] {dag.py:3096} INFO - Sync 1 DAGs
[2024-05-01T12:59:47.993+0000] {logging_mixin.py:188} INFO - [2024-05-01T12:59:47.992+0000] {dag.py:3954} INFO - Setting next_dagrun for tutorial to 2024-04-30 00:00:00+00:00, run_after=2024-05-01 00:00:00+00:00
[2024-05-01T12:59:48.009+0000] {processor.py:183} INFO - Processing /home/airflow/.local/lib/python3.12/site-packages/airflow/example_dags/tutorial.py took 0.077 seconds
[2024-05-01T13:00:18.220+0000] {processor.py:161} INFO - Started process (PID=3712) to work on /home/airflow/.local/lib/python3.12/site-packages/airflow/example_dags/tutorial.py
[2024-05-01T13:00:18.221+0000] {processor.py:830} INFO - Processing file /home/airflow/.local/lib/python3.12/site-packages/airflow/example_dags/tutorial.py for tasks to queue
[2024-05-01T13:00:18.224+0000] {logging_mixin.py:188} INFO - [2024-05-01T13:00:18.223+0000] {dagbag.py:540} INFO - Filling up the DagBag from /home/airflow/.local/lib/python3.12/site-packages/airflow/example_dags/tutorial.py
[2024-05-01T13:00:18.230+0000] {processor.py:840} INFO - DAG(s) 'tutorial' retrieved from /home/airflow/.local/lib/python3.12/site-packages/airflow/example_dags/tutorial.py
[2024-05-01T13:00:18.250+0000] {logging_mixin.py:188} INFO - [2024-05-01T13:00:18.250+0000] {dag.py:3096} INFO - Sync 1 DAGs
[2024-05-01T13:00:18.273+0000] {logging_mixin.py:188} INFO - [2024-05-01T13:00:18.273+0000] {dag.py:3954} INFO - Setting next_dagrun for tutorial to 2024-04-30 00:00:00+00:00, run_after=2024-05-01 00:00:00+00:00
[2024-05-01T13:00:18.292+0000] {processor.py:183} INFO - Processing /home/airflow/.local/lib/python3.12/site-packages/airflow/example_dags/tutorial.py took 0.078 seconds
[2024-05-01T13:00:48.870+0000] {processor.py:161} INFO - Started process (PID=3770) to work on /home/airflow/.local/lib/python3.12/site-packages/airflow/example_dags/tutorial.py
[2024-05-01T13:00:48.871+0000] {processor.py:830} INFO - Processing file /home/airflow/.local/lib/python3.12/site-packages/airflow/example_dags/tutorial.py for tasks to queue
[2024-05-01T13:00:48.874+0000] {logging_mixin.py:188} INFO - [2024-05-01T13:00:48.873+0000] {dagbag.py:540} INFO - Filling up the DagBag from /home/airflow/.local/lib/python3.12/site-packages/airflow/example_dags/tutorial.py
[2024-05-01T13:00:48.880+0000] {processor.py:840} INFO - DAG(s) 'tutorial' retrieved from /home/airflow/.local/lib/python3.12/site-packages/airflow/example_dags/tutorial.py
[2024-05-01T13:00:48.901+0000] {logging_mixin.py:188} INFO - [2024-05-01T13:00:48.901+0000] {dag.py:3096} INFO - Sync 1 DAGs
[2024-05-01T13:00:48.924+0000] {logging_mixin.py:188} INFO - [2024-05-01T13:00:48.924+0000] {dag.py:3954} INFO - Setting next_dagrun for tutorial to 2024-04-30 00:00:00+00:00, run_after=2024-05-01 00:00:00+00:00
[2024-05-01T13:00:48.941+0000] {processor.py:183} INFO - Processing /home/airflow/.local/lib/python3.12/site-packages/airflow/example_dags/tutorial.py took 0.077 seconds
[2024-05-01T13:01:19.011+0000] {processor.py:161} INFO - Started process (PID=3828) to work on /home/airflow/.local/lib/python3.12/site-packages/airflow/example_dags/tutorial.py
[2024-05-01T13:01:19.012+0000] {processor.py:830} INFO - Processing file /home/airflow/.local/lib/python3.12/site-packages/airflow/example_dags/tutorial.py for tasks to queue
[2024-05-01T13:01:19.015+0000] {logging_mixin.py:188} INFO - [2024-05-01T13:01:19.015+0000] {dagbag.py:540} INFO - Filling up the DagBag from /home/airflow/.local/lib/python3.12/site-packages/airflow/example_dags/tutorial.py
[2024-05-01T13:01:19.022+0000] {processor.py:840} INFO - DAG(s) 'tutorial' retrieved from /home/airflow/.local/lib/python3.12/site-packages/airflow/example_dags/tutorial.py
[2024-05-01T13:01:19.043+0000] {logging_mixin.py:188} INFO - [2024-05-01T13:01:19.043+0000] {dag.py:3096} INFO - Sync 1 DAGs
[2024-05-01T13:01:19.067+0000] {logging_mixin.py:188} INFO - [2024-05-01T13:01:19.067+0000] {dag.py:3954} INFO - Setting next_dagrun for tutorial to 2024-04-30 00:00:00+00:00, run_after=2024-05-01 00:00:00+00:00
[2024-05-01T13:01:19.087+0000] {processor.py:183} INFO - Processing /home/airflow/.local/lib/python3.12/site-packages/airflow/example_dags/tutorial.py took 0.083 seconds
[2024-05-01T13:01:49.843+0000] {processor.py:161} INFO - Started process (PID=3885) to work on /home/airflow/.local/lib/python3.12/site-packages/airflow/example_dags/tutorial.py
[2024-05-01T13:01:49.849+0000] {processor.py:830} INFO - Processing file /home/airflow/.local/lib/python3.12/site-packages/airflow/example_dags/tutorial.py for tasks to queue
[2024-05-01T13:01:49.852+0000] {logging_mixin.py:188} INFO - [2024-05-01T13:01:49.852+0000] {dagbag.py:540} INFO - Filling up the DagBag from /home/airflow/.local/lib/python3.12/site-packages/airflow/example_dags/tutorial.py
[2024-05-01T13:01:49.872+0000] {processor.py:840} INFO - DAG(s) 'tutorial' retrieved from /home/airflow/.local/lib/python3.12/site-packages/airflow/example_dags/tutorial.py
[2024-05-01T13:01:49.915+0000] {logging_mixin.py:188} INFO - [2024-05-01T13:01:49.915+0000] {dag.py:3096} INFO - Sync 1 DAGs
[2024-05-01T13:01:49.979+0000] {logging_mixin.py:188} INFO - [2024-05-01T13:01:49.979+0000] {dag.py:3954} INFO - Setting next_dagrun for tutorial to 2024-04-30 00:00:00+00:00, run_after=2024-05-01 00:00:00+00:00
[2024-05-01T13:01:50.048+0000] {processor.py:183} INFO - Processing /home/airflow/.local/lib/python3.12/site-packages/airflow/example_dags/tutorial.py took 0.215 seconds
[2024-05-01T13:02:20.289+0000] {processor.py:161} INFO - Started process (PID=3943) to work on /home/airflow/.local/lib/python3.12/site-packages/airflow/example_dags/tutorial.py
[2024-05-01T13:02:20.290+0000] {processor.py:830} INFO - Processing file /home/airflow/.local/lib/python3.12/site-packages/airflow/example_dags/tutorial.py for tasks to queue
[2024-05-01T13:02:20.292+0000] {logging_mixin.py:188} INFO - [2024-05-01T13:02:20.292+0000] {dagbag.py:540} INFO - Filling up the DagBag from /home/airflow/.local/lib/python3.12/site-packages/airflow/example_dags/tutorial.py
[2024-05-01T13:02:20.299+0000] {processor.py:840} INFO - DAG(s) 'tutorial' retrieved from /home/airflow/.local/lib/python3.12/site-packages/airflow/example_dags/tutorial.py
[2024-05-01T13:02:20.319+0000] {logging_mixin.py:188} INFO - [2024-05-01T13:02:20.319+0000] {dag.py:3096} INFO - Sync 1 DAGs
[2024-05-01T13:02:20.343+0000] {logging_mixin.py:188} INFO - [2024-05-01T13:02:20.343+0000] {dag.py:3954} INFO - Setting next_dagrun for tutorial to 2024-04-30 00:00:00+00:00, run_after=2024-05-01 00:00:00+00:00
[2024-05-01T13:02:20.363+0000] {processor.py:183} INFO - Processing /home/airflow/.local/lib/python3.12/site-packages/airflow/example_dags/tutorial.py took 0.081 seconds
[2024-05-01T13:02:50.459+0000] {processor.py:161} INFO - Started process (PID=4001) to work on /home/airflow/.local/lib/python3.12/site-packages/airflow/example_dags/tutorial.py
[2024-05-01T13:02:50.461+0000] {processor.py:830} INFO - Processing file /home/airflow/.local/lib/python3.12/site-packages/airflow/example_dags/tutorial.py for tasks to queue
[2024-05-01T13:02:50.463+0000] {logging_mixin.py:188} INFO - [2024-05-01T13:02:50.463+0000] {dagbag.py:540} INFO - Filling up the DagBag from /home/airflow/.local/lib/python3.12/site-packages/airflow/example_dags/tutorial.py
[2024-05-01T13:02:50.471+0000] {processor.py:840} INFO - DAG(s) 'tutorial' retrieved from /home/airflow/.local/lib/python3.12/site-packages/airflow/example_dags/tutorial.py
[2024-05-01T13:02:50.495+0000] {logging_mixin.py:188} INFO - [2024-05-01T13:02:50.494+0000] {dag.py:3096} INFO - Sync 1 DAGs
[2024-05-01T13:02:50.523+0000] {logging_mixin.py:188} INFO - [2024-05-01T13:02:50.523+0000] {dag.py:3954} INFO - Setting next_dagrun for tutorial to 2024-04-30 00:00:00+00:00, run_after=2024-05-01 00:00:00+00:00
[2024-05-01T13:02:50.544+0000] {processor.py:183} INFO - Processing /home/airflow/.local/lib/python3.12/site-packages/airflow/example_dags/tutorial.py took 0.092 seconds
[2024-05-01T13:06:41.655+0000] {processor.py:161} INFO - Started process (PID=4062) to work on /home/airflow/.local/lib/python3.12/site-packages/airflow/example_dags/tutorial.py
[2024-05-01T13:06:41.659+0000] {processor.py:830} INFO - Processing file /home/airflow/.local/lib/python3.12/site-packages/airflow/example_dags/tutorial.py for tasks to queue
[2024-05-01T13:06:41.663+0000] {logging_mixin.py:188} INFO - [2024-05-01T13:06:41.662+0000] {dagbag.py:540} INFO - Filling up the DagBag from /home/airflow/.local/lib/python3.12/site-packages/airflow/example_dags/tutorial.py
[2024-05-01T13:06:41.676+0000] {processor.py:840} INFO - DAG(s) 'tutorial' retrieved from /home/airflow/.local/lib/python3.12/site-packages/airflow/example_dags/tutorial.py
[2024-05-01T13:06:41.729+0000] {logging_mixin.py:188} INFO - [2024-05-01T13:06:41.728+0000] {dag.py:3096} INFO - Sync 1 DAGs
[2024-05-01T13:06:41.794+0000] {logging_mixin.py:188} INFO - [2024-05-01T13:06:41.793+0000] {dag.py:3954} INFO - Setting next_dagrun for tutorial to 2024-04-30 00:00:00+00:00, run_after=2024-05-01 00:00:00+00:00
[2024-05-01T13:06:41.883+0000] {processor.py:183} INFO - Processing /home/airflow/.local/lib/python3.12/site-packages/airflow/example_dags/tutorial.py took 0.241 seconds
[2024-05-01T13:07:12.726+0000] {processor.py:161} INFO - Started process (PID=4120) to work on /home/airflow/.local/lib/python3.12/site-packages/airflow/example_dags/tutorial.py
[2024-05-01T13:07:12.728+0000] {processor.py:830} INFO - Processing file /home/airflow/.local/lib/python3.12/site-packages/airflow/example_dags/tutorial.py for tasks to queue
[2024-05-01T13:07:12.732+0000] {logging_mixin.py:188} INFO - [2024-05-01T13:07:12.731+0000] {dagbag.py:540} INFO - Filling up the DagBag from /home/airflow/.local/lib/python3.12/site-packages/airflow/example_dags/tutorial.py
[2024-05-01T13:07:12.739+0000] {processor.py:840} INFO - DAG(s) 'tutorial' retrieved from /home/airflow/.local/lib/python3.12/site-packages/airflow/example_dags/tutorial.py
[2024-05-01T13:07:12.763+0000] {logging_mixin.py:188} INFO - [2024-05-01T13:07:12.763+0000] {dag.py:3096} INFO - Sync 1 DAGs
[2024-05-01T13:07:12.788+0000] {logging_mixin.py:188} INFO - [2024-05-01T13:07:12.788+0000] {dag.py:3954} INFO - Setting next_dagrun for tutorial to 2024-04-30 00:00:00+00:00, run_after=2024-05-01 00:00:00+00:00
[2024-05-01T13:07:12.807+0000] {processor.py:183} INFO - Processing /home/airflow/.local/lib/python3.12/site-packages/airflow/example_dags/tutorial.py took 0.088 seconds
[2024-05-01T13:07:43.262+0000] {processor.py:161} INFO - Started process (PID=4178) to work on /home/airflow/.local/lib/python3.12/site-packages/airflow/example_dags/tutorial.py
[2024-05-01T13:07:43.264+0000] {processor.py:830} INFO - Processing file /home/airflow/.local/lib/python3.12/site-packages/airflow/example_dags/tutorial.py for tasks to queue
[2024-05-01T13:07:43.267+0000] {logging_mixin.py:188} INFO - [2024-05-01T13:07:43.266+0000] {dagbag.py:540} INFO - Filling up the DagBag from /home/airflow/.local/lib/python3.12/site-packages/airflow/example_dags/tutorial.py
[2024-05-01T13:07:43.275+0000] {processor.py:840} INFO - DAG(s) 'tutorial' retrieved from /home/airflow/.local/lib/python3.12/site-packages/airflow/example_dags/tutorial.py
[2024-05-01T13:07:43.300+0000] {logging_mixin.py:188} INFO - [2024-05-01T13:07:43.299+0000] {dag.py:3096} INFO - Sync 1 DAGs
[2024-05-01T13:07:43.325+0000] {logging_mixin.py:188} INFO - [2024-05-01T13:07:43.325+0000] {dag.py:3954} INFO - Setting next_dagrun for tutorial to 2024-04-30 00:00:00+00:00, run_after=2024-05-01 00:00:00+00:00
[2024-05-01T13:07:43.377+0000] {processor.py:183} INFO - Processing /home/airflow/.local/lib/python3.12/site-packages/airflow/example_dags/tutorial.py took 0.124 seconds
[2024-05-01T13:08:13.492+0000] {processor.py:161} INFO - Started process (PID=4236) to work on /home/airflow/.local/lib/python3.12/site-packages/airflow/example_dags/tutorial.py
[2024-05-01T13:08:13.494+0000] {processor.py:830} INFO - Processing file /home/airflow/.local/lib/python3.12/site-packages/airflow/example_dags/tutorial.py for tasks to queue
[2024-05-01T13:08:13.496+0000] {logging_mixin.py:188} INFO - [2024-05-01T13:08:13.496+0000] {dagbag.py:540} INFO - Filling up the DagBag from /home/airflow/.local/lib/python3.12/site-packages/airflow/example_dags/tutorial.py
[2024-05-01T13:08:13.503+0000] {processor.py:840} INFO - DAG(s) 'tutorial' retrieved from /home/airflow/.local/lib/python3.12/site-packages/airflow/example_dags/tutorial.py
[2024-05-01T13:08:13.525+0000] {logging_mixin.py:188} INFO - [2024-05-01T13:08:13.525+0000] {dag.py:3096} INFO - Sync 1 DAGs
[2024-05-01T13:08:13.552+0000] {logging_mixin.py:188} INFO - [2024-05-01T13:08:13.551+0000] {dag.py:3954} INFO - Setting next_dagrun for tutorial to 2024-04-30 00:00:00+00:00, run_after=2024-05-01 00:00:00+00:00
[2024-05-01T13:08:13.572+0000] {processor.py:183} INFO - Processing /home/airflow/.local/lib/python3.12/site-packages/airflow/example_dags/tutorial.py took 0.086 seconds
[2024-05-01T13:08:43.850+0000] {processor.py:161} INFO - Started process (PID=4294) to work on /home/airflow/.local/lib/python3.12/site-packages/airflow/example_dags/tutorial.py
[2024-05-01T13:08:43.852+0000] {processor.py:830} INFO - Processing file /home/airflow/.local/lib/python3.12/site-packages/airflow/example_dags/tutorial.py for tasks to queue
[2024-05-01T13:08:43.855+0000] {logging_mixin.py:188} INFO - [2024-05-01T13:08:43.854+0000] {dagbag.py:540} INFO - Filling up the DagBag from /home/airflow/.local/lib/python3.12/site-packages/airflow/example_dags/tutorial.py
[2024-05-01T13:08:43.863+0000] {processor.py:840} INFO - DAG(s) 'tutorial' retrieved from /home/airflow/.local/lib/python3.12/site-packages/airflow/example_dags/tutorial.py
[2024-05-01T13:08:43.890+0000] {logging_mixin.py:188} INFO - [2024-05-01T13:08:43.889+0000] {dag.py:3096} INFO - Sync 1 DAGs
[2024-05-01T13:08:43.918+0000] {logging_mixin.py:188} INFO - [2024-05-01T13:08:43.917+0000] {dag.py:3954} INFO - Setting next_dagrun for tutorial to 2024-04-30 00:00:00+00:00, run_after=2024-05-01 00:00:00+00:00
[2024-05-01T13:08:43.942+0000] {processor.py:183} INFO - Processing /home/airflow/.local/lib/python3.12/site-packages/airflow/example_dags/tutorial.py took 0.101 seconds
