[0m16:23:10.161788 [debug] [MainThread]: Sending event: {'category': 'dbt', 'action': 'invocation', 'label': 'start', 'context': [<snowplow_tracker.self_describing_json.SelfDescribingJson object at 0x1118d70d0>, <snowplow_tracker.self_describing_json.SelfDescribingJson object at 0x1118fcad0>, <snowplow_tracker.self_describing_json.SelfDescribingJson object at 0x1118fd110>]}


============================== 16:23:10.171069 | 4d71f74b-dd7c-44fd-8e75-5a79c770667a ==============================
[0m16:23:10.171069 [info ] [MainThread]: Running with dbt=1.7.13
[0m16:23:10.171940 [debug] [MainThread]: running dbt with arguments {'printer_width': '80', 'indirect_selection': 'eager', 'log_cache_events': 'False', 'write_json': 'True', 'partial_parse': 'True', 'cache_selected_only': 'False', 'profiles_dir': '/Users/expert/.dbt', 'version_check': 'True', 'fail_fast': 'False', 'log_path': 'logs', 'warn_error': 'None', 'debug': 'False', 'use_colors': 'True', 'use_experimental_parser': 'False', 'no_print': 'None', 'quiet': 'False', 'log_format': 'default', 'invocation_command': 'dbt init sensor_dbt', 'warn_error_options': 'WarnErrorOptions(include=[], exclude=[])', 'introspect': 'True', 'target_path': 'None', 'static_parser': 'True', 'send_anonymous_usage_stats': 'True'}
[0m16:23:10.173335 [debug] [MainThread]: Starter project path: /Users/expert/Desktop/10-Academy/week-2/sensor-data-project/sensor_dbt/dbt_env/lib/python3.11/site-packages/dbt/include/starter_project
[0m16:23:10.181795 [info ] [MainThread]: 
Your new dbt project "sensor_dbt" was created!

For more information on how to configure the profiles.yml file,
please consult the dbt documentation here:

  https://docs.getdbt.com/docs/configure-your-profile

One more thing:

Need help? Don't hesitate to reach out to us via GitHub issues or on Slack:

  https://community.getdbt.com/

Happy modeling!

[0m16:23:10.182373 [info ] [MainThread]: Setting up your profile.
[0m16:31:03.054728 [info ] [MainThread]: Profile sensor_dbt written to /Users/expert/.dbt/profiles.yml using target's profile_template.yml and your supplied values. Run 'dbt debug' to validate the connection.
[0m16:31:03.095529 [debug] [MainThread]: Resource report: {"command_name": "init", "command_success": true, "command_wall_clock_time": 472.98303, "process_user_time": 1.838403, "process_kernel_time": 0.258968, "process_mem_max_rss": "102830080", "process_in_blocks": "0", "process_out_blocks": "0"}
[0m16:31:03.100669 [debug] [MainThread]: Command `dbt init` succeeded at 16:31:03.099607 after 472.99 seconds
[0m16:31:03.102843 [debug] [MainThread]: Sending event: {'category': 'dbt', 'action': 'invocation', 'label': 'end', 'context': [<snowplow_tracker.self_describing_json.SelfDescribingJson object at 0x111906950>, <snowplow_tracker.self_describing_json.SelfDescribingJson object at 0x111907a10>, <snowplow_tracker.self_describing_json.SelfDescribingJson object at 0x10dc9fb50>]}
[0m16:31:03.104825 [debug] [MainThread]: Flushing usage events
[0m16:31:23.229492 [debug] [MainThread]: Sending event: {'category': 'dbt', 'action': 'invocation', 'label': 'start', 'context': [<snowplow_tracker.self_describing_json.SelfDescribingJson object at 0x104fd2710>, <snowplow_tracker.self_describing_json.SelfDescribingJson object at 0x104ffee50>, <snowplow_tracker.self_describing_json.SelfDescribingJson object at 0x105011410>]}


============================== 16:31:23.236569 | 83438740-9d31-464c-b2d6-70d335eafc4f ==============================
[0m16:31:23.236569 [info ] [MainThread]: Running with dbt=1.7.13
[0m16:31:23.237466 [debug] [MainThread]: running dbt with arguments {'printer_width': '80', 'indirect_selection': 'eager', 'write_json': 'True', 'log_cache_events': 'False', 'partial_parse': 'True', 'cache_selected_only': 'False', 'profiles_dir': '/Users/expert/.dbt', 'debug': 'False', 'fail_fast': 'False', 'log_path': 'logs', 'warn_error': 'None', 'version_check': 'True', 'use_colors': 'True', 'use_experimental_parser': 'False', 'no_print': 'None', 'quiet': 'False', 'log_format': 'default', 'static_parser': 'True', 'invocation_command': 'dbt debug', 'introspect': 'True', 'target_path': 'None', 'warn_error_options': 'WarnErrorOptions(include=[], exclude=[])', 'send_anonymous_usage_stats': 'True'}
[0m16:31:23.238226 [info ] [MainThread]: dbt version: 1.7.13
[0m16:31:23.238670 [info ] [MainThread]: python version: 3.11.5
[0m16:31:23.239098 [info ] [MainThread]: python path: /Users/expert/Desktop/10-Academy/week-2/sensor-data-project/sensor_dbt/dbt_env/bin/python
[0m16:31:23.239494 [info ] [MainThread]: os info: macOS-10.16-x86_64-i386-64bit
[0m16:31:23.342367 [info ] [MainThread]: Using profiles dir at /Users/expert/.dbt
[0m16:31:23.342991 [info ] [MainThread]: Using profiles.yml file at /Users/expert/.dbt/profiles.yml
[0m16:31:23.343387 [info ] [MainThread]: Using dbt_project.yml file at /Users/expert/Desktop/10-Academy/week-2/sensor-data-project/sensor_dbt/dbt_project.yml
[0m16:31:23.344178 [info ] [MainThread]: adapter type: postgres
[0m16:31:23.344571 [info ] [MainThread]: adapter version: 1.7.13
[0m16:31:23.344996 [info ] [MainThread]: Configuration:
[0m16:31:23.345387 [info ] [MainThread]:   profiles.yml file [[32mOK found and valid[0m]
[0m16:31:23.345861 [info ] [MainThread]:   dbt_project.yml file [[31mERROR not found[0m]
[0m16:31:23.346235 [info ] [MainThread]: Required dependencies:
[0m16:31:23.346654 [debug] [MainThread]: Executing "git --help"
[0m16:31:23.371356 [debug] [MainThread]: STDOUT: "b"usage: git [-v | --version] [-h | --help] [-C <path>] [-c <name>=<value>]\n           [--exec-path[=<path>]] [--html-path] [--man-path] [--info-path]\n           [-p | --paginate | -P | --no-pager] [--no-replace-objects] [--bare]\n           [--git-dir=<path>] [--work-tree=<path>] [--namespace=<name>]\n           [--config-env=<name>=<envvar>] <command> [<args>]\n\nThese are common Git commands used in various situations:\n\nstart a working area (see also: git help tutorial)\n   clone     Clone a repository into a new directory\n   init      Create an empty Git repository or reinitialize an existing one\n\nwork on the current change (see also: git help everyday)\n   add       Add file contents to the index\n   mv        Move or rename a file, a directory, or a symlink\n   restore   Restore working tree files\n   rm        Remove files from the working tree and from the index\n\nexamine the history and state (see also: git help revisions)\n   bisect    Use binary search to find the commit that introduced a bug\n   diff      Show changes between commits, commit and working tree, etc\n   grep      Print lines matching a pattern\n   log       Show commit logs\n   show      Show various types of objects\n   status    Show the working tree status\n\ngrow, mark and tweak your common history\n   branch    List, create, or delete branches\n   commit    Record changes to the repository\n   merge     Join two or more development histories together\n   rebase    Reapply commits on top of another base tip\n   reset     Reset current HEAD to the specified state\n   switch    Switch branches\n   tag       Create, list, delete or verify a tag object signed with GPG\n\ncollaborate (see also: git help workflows)\n   fetch     Download objects and refs from another repository\n   pull      Fetch from and integrate with another repository or a local branch\n   push      Update remote refs along with associated objects\n\n'git help -a' and 'git help -g' list available subcommands and some\nconcept guides. See 'git help <command>' or 'git help <concept>'\nto read about a specific subcommand or concept.\nSee 'git help git' for an overview of the system.\n""
[0m16:31:23.372746 [debug] [MainThread]: STDERR: "b''"
[0m16:31:23.373340 [info ] [MainThread]:  - git [[32mOK found[0m]

[0m16:31:23.373828 [info ] [MainThread]: Connection:
[0m16:31:23.374320 [info ] [MainThread]:   host: localhost
[0m16:31:23.374703 [info ] [MainThread]:   port: 5432
[0m16:31:23.375078 [info ] [MainThread]:   user: postgres
[0m16:31:23.375451 [info ] [MainThread]:   database: sensor_data
[0m16:31:23.375824 [info ] [MainThread]:   schema: public
[0m16:31:23.376194 [info ] [MainThread]:   connect_timeout: 10
[0m16:31:23.376585 [info ] [MainThread]:   role: None
[0m16:31:23.376965 [info ] [MainThread]:   search_path: None
[0m16:31:23.377336 [info ] [MainThread]:   keepalives_idle: 0
[0m16:31:23.377705 [info ] [MainThread]:   sslmode: None
[0m16:31:23.378077 [info ] [MainThread]:   sslcert: None
[0m16:31:23.378448 [info ] [MainThread]:   sslkey: None
[0m16:31:23.378822 [info ] [MainThread]:   sslrootcert: None
[0m16:31:23.379196 [info ] [MainThread]:   application_name: dbt
[0m16:31:23.379573 [info ] [MainThread]:   retries: 1
[0m16:31:23.380155 [info ] [MainThread]: Registered adapter: postgres=1.7.13
[0m16:31:23.385847 [debug] [MainThread]: Acquiring new postgres connection 'debug'
[0m16:31:23.387359 [debug] [MainThread]: Using postgres connection "debug"
[0m16:31:23.387882 [debug] [MainThread]: On debug: select 1 as id
[0m16:31:23.388281 [debug] [MainThread]: Opening a new connection, currently in state init
[0m16:31:23.490133 [debug] [MainThread]: SQL status: SELECT 1 in 0.0 seconds
[0m16:31:23.492450 [debug] [MainThread]: On debug: Close
[0m16:31:23.493102 [info ] [MainThread]:   Connection test: [[32mOK connection ok[0m]

[0m16:31:23.493738 [info ] [MainThread]: [31m1 check failed:[0m
[0m16:31:23.494302 [info ] [MainThread]: Project loading failed for the following reason:
 project path </Users/expert/Desktop/10-Academy/week-2/sensor-data-project/sensor_dbt/dbt_project.yml> not found

[0m16:31:23.497314 [debug] [MainThread]: Resource report: {"command_name": "debug", "command_wall_clock_time": 0.3316969, "process_user_time": 1.832635, "process_kernel_time": 0.252053, "process_mem_max_rss": "105369600", "command_success": false, "process_in_blocks": "0", "process_out_blocks": "0"}
[0m16:31:23.498458 [debug] [MainThread]: Command `dbt debug` failed at 16:31:23.498182 after 0.33 seconds
[0m16:31:23.499141 [debug] [MainThread]: Connection 'debug' was properly closed.
[0m16:31:23.499814 [debug] [MainThread]: Sending event: {'category': 'dbt', 'action': 'invocation', 'label': 'end', 'context': [<snowplow_tracker.self_describing_json.SelfDescribingJson object at 0x103c865d0>, <snowplow_tracker.self_describing_json.SelfDescribingJson object at 0x105013110>, <snowplow_tracker.self_describing_json.SelfDescribingJson object at 0x105149210>]}
[0m16:31:23.500608 [debug] [MainThread]: Flushing usage events
